3685
146 0 146 7
36 241 36 249
50 21 50 31
195 109 198 110
27 35 28 39
73 91 75 93
197 165 197 176
71 244 72 248
180 162 182 165
196 214 198 216
97 192 98 197
118 78 128 78
64 218 68 219
177 20 178 25
16 187 20 188
171 232 175 233
106 175 106 185
8 143 8 154
104 206 105 211
23 16 31 16
163 128 174 128
57 63 59 66
185 85 195 85
181 124 181 135
154 143 163 143
98 119 100 122
47 135 48 140
104 63 105 68
92 87 101 87
108 1 110 3
17 143 25 143
61 194 61 205
92 79 93 83
162 4 166 5
60 101 70 101
135 155 138 157
157 236 162 237
108 35 108 46
130 140 135 141
114 152 125 152
96 76 104 76
147 167 147 178
176 191 186 191
125 13 125 24
126 148 126 157
166 163 167 166
178 97 178 105
177 38 186 38
137 175 141 176
66 241 68 244
78 238 78 247
63 162 74 162
47 184 47 194
111 113 116 114
5 40 5 47
32 96 33 100
85 233 93 233
11 67 13 70
29 87 37 87
51 163 51 174
146 30 146 38
117 164 117 171
70 38 73 40
71 98 81 98
71 51 72 55
110 121 110 131
178 192 181 194
151 81 156 82
38 217 38 228
43 16 44 21
1 108 1 117
53 148 53 159
157 92 166 92
69 199 71 201
191 44 192 49
148 212 157 212
78 188 78 196
45 146 47 149
34 174 38 175
4 87 11 87
7 242 15 242
113 227 124 227
8 162 8 171
50 76 51 79
141 118 151 118
19 192 30 192
29 112 29 121
106 83 111 84
12 104 23 104
62 124 65 126
177 43 185 43
30 104 31 109
21 194 29 194
185 51 188 53
168 209 178 209
73 222 83 222
43 233 43 243
77 34 79 37
164 133 166 136
51 204 55 205
116 61 116 72
86 227 95 227
186 232 186 239
164 111 168 112
125 232 129 233
54 217 61 217
174 35 179 36
175 179 177 181
157 98 162 99
35 207 35 214
88 175 88 184
170 144 173 146
114 148 118 149
63 65 66 67
173 80 176 82
136 134 139 136
58 37 58 48
145 196 155 196
11 62 15 63
175 89 178 90
43 127 44 130
159 22 160 26
58 143 60 146
176 123 176 133
146 130 154 130
47 54 47 64
194 12 196 14
51 111 51 122
61 153 70 153
77 15 77 23
7 113 10 114
24 6 26 8
173 116 178 117
119 205 120 208
1 181 8 181
36 156 39 157
21 147 26 148
149 198 149 209
158 51 159 55
146 187 155 187
96 10 104 10
79 111 81 114
66 28 76 28
191 181 194 182
125 65 126 68
99 189 102 191
103 102 106 104
170 190 170 198
152 148 154 150
76 42 79 44
111 66 112 71
0 236 0 246
134 195 136 198
131 200 131 209
185 27 185 37
31 239 35 240
12 22 12 29
37 105 37 113
62 103 62 112
122 188 133 188
33 194 35 196
31 37 31 44
110 202 120 202
70 17 73 18
35 28 36 32
58 162 62 163
189 47 189 57
128 223 130 225
102 118 102 128
168 122 172 123
175 10 176 14
51 221 61 221
5 112 5 119
121 84 121 94
96 140 103 140
165 84 176 84
174 171 182 171
149 9 150 14
133 171 133 181
147 193 154 193
159 219 161 221
66 122 69 124
137 214 137 222
33 140 36 142
87 133 92 134
10 116 10 127
5 178 8 180
109 85 110 89
24 93 34 93
38 71 49 71
132 87 133 90
111 98 113 100
177 196 178 199
61 232 66 233
116 195 118 198
187 29 188 33
110 162 115 163
89 58 94 59
30 34 41 34
60 51 60 62
24 183 27 184
186 0 188 3
24 72 25 77
158 172 163 173
58 239 68 239
103 215 111 215
182 239 183 244
168 186 168 194
117 40 120 42
139 106 144 107
157 199 157 208
163 190 163 201
11 46 14 48
156 66 157 70
85 92 90 93
152 158 157 159
94 182 94 191
146 206 146 217
146 142 149 144
119 106 119 115
170 70 172 73
25 62 30 63
133 159 133 170
19 14 21 17
119 10 123 11
178 10 179 14
14 72 18 73
6 64 15 64
168 53 178 53
116 16 118 19
198 227 198 237
196 119 198 122
142 136 142 146
85 117 86 121
82 155 83 160
106 233 108 235
138 204 138 215
8 195 9 199
104 128 109 129
53 196 54 199
75 131 86 131
152 116 152 125
188 187 188 195
85 240 88 242
173 50 184 50
43 166 44 169
165 187 165 194
52 169 53 173
142 83 151 83
108 94 116 94
23 223 24 226
100 31 100 42
132 206 137 207
95 112 96 116
90 109 90 119
0 90 2 92
82 103 87 104
177 164 178 169
52 87 52 96
65 25 75 25
20 205 20 215
2 187 12 187
107 229 115 229
148 16 151 18
38 216 47 216
102 226 113 226
188 128 192 129
121 120 122 123
95 11 98 13
134 14 134 23
73 132 73 142
41 37 49 37
104 144 107 146
199 3 199 13
9 30 16 30
120 69 123 71
182 81 182 89
151 42 160 42
74 145 84 145
115 101 117 104
11 34 12 39
118 192 121 194
82 34 87 35
93 194 95 197
65 31 65 42
38 37 39 41
124 165 131 165
113 191 121 191
5 70 5 80
168 56 171 58
74 235 74 245
39 117 39 127
157 148 157 157
175 67 178 69
12 84 14 87
87 105 95 105
32 204 42 204
188 173 191 175
136 104 147 104
40 220 41 224
5 226 7 229
156 10 156 19
18 43 20 46
113 187 121 187
118 66 118 77
111 244 115 245
126 95 127 100
179 214 180 217
51 222 51 233
173 220 177 221
158 213 159 217
51 50 54 52
64 4 72 4
178 235 180 237
25 45 30 46
81 16 92 16
189 214 191 216
39 194 39 203
37 50 40 52
161 199 161 209
144 73 146 75
144 128 144 137
42 86 52 86
47 96 49 99
123 43 123 53
86 167 89 169
70 194 77 194
38 5 43 6
7 94 8 97
183 118 183 126
128 38 129 43
107 219 109 222
187 130 187 141
187 225 196 225
18 119 22 120
1 66 11 66
166 209 166 217
159 58 167 58
31 119 35 120
114 182 125 182
8 91 13 92
113 20 118 21
6 53 6 63
70 41 71 46
142 158 143 161
99 98 99 109
138 76 138 87
113 136 118 137
84 106 89 107
60 80 63 82
119 72 130 72
151 161 152 165
153 32 155 35
47 142 52 143
1 145 1 155
195 49 197 51
48 213 51 215
83 143 88 144
99 54 99 65
112 29 121 29
76 151 76 161
135 210 137 213
39 128 40 132
102 57 103 61
78 51 79 55
72 179 73 183
53 179 61 179
192 190 193 195
148 0 148 10
80 147 83 149
61 135 72 135
161 117 163 119
79 177 82 179
45 82 49 83
64 241 65 245
168 157 168 168
162 14 163 19
147 225 157 225
127 126 128 131
169 3 178 3
31 56 31 67
98 203 98 214
134 125 136 128
91 157 98 157
169 134 171 137
131 41 131 51
101 212 106 213
161 113 172 113
116 180 125 180
155 189 156 193
9 212 16 212
67 83 76 83
111 5 112 10
170 74 172 77
99 233 100 238
128 191 130 194
188 180 195 180
32 230 37 231
51 102 52 105
0 52 2 55
30 53 35 54
68 46 68 57
111 27 119 27
183 203 194 203
150 218 159 218
193 240 193 247
29 233 37 233
162 202 162 213
157 146 161 147
90 38 93 40
129 112 131 115
120 95 120 105
108 204 109 207
193 36 193 45
160 199 160 207
108 103 108 111
73 102 81 102
179 109 189 109
11 73 12 76
128 241 129 244
6 101 9 103
157 94 162 95
45 178 45 188
124 93 124 103
8 205 10 208
17 32 18 36
30 205 41 205
76 27 85 27
70 123 80 123
167 4 178 4
188 138 188 146
143 186 145 189
13 155 14 160
93 177 101 177
81 57 84 59
70 174 80 174
87 219 94 219
21 161 21 170
59 26 64 27
74 224 78 225
5 196 5 206
136 7 137 12
178 93 180 96
109 120 120 120
91 161 96 162
179 73 187 73
165 114 165 124
11 112 19 112
76 206 78 209
69 167 78 167
60 164 64 165
166 96 166 105
181 18 184 20
115 83 115 91
52 194 56 195
160 240 161 244
58 11 68 11
181 76 181 86
87 150 87 160
74 125 83 125
115 141 126 141
197 223 197 231
77 46 77 55
100 129 100 138
175 219 183 219
0 190 1 194
22 145 32 145
45 52 46 57
69 224 69 234
152 204 153 209
147 44 148 49
0 213 0 224
155 112 158 114
132 1 135 3
181 26 189 26
23 39 23 47
157 246 165 246
168 202 169 205
62 178 73 178
24 227 24 237
195 172 196 176
51 9 54 10
132 242 142 242
167 44 168 49
26 232 26 243
152 22 153 26
85 21 88 23
142 119 145 121
7 151 7 161
179 146 179 157
73 6 81 6
139 57 150 57
190 104 191 109
27 68 34 68
138 52 146 52
117 47 117 58
55 36 57 39
2 237 13 237
162 152 165 154
113 5 115 7
180 177 181 182
111 2 118 2
6 138 13 138
13 191 21 191
65 180 68 182
58 152 69 152
54 124 56 127
153 139 156 141
190 205 197 205
197 98 199 101
146 138 149 140
162 125 162 134
103 126 108 127
127 101 128 104
171 147 173 149
169 149 169 159
19 26 23 27
152 178 155 180
15 108 25 108
133 72 143 72
123 160 126 162
176 140 176 151
100 89 100 96
76 14 76 23
34 237 38 238
9 171 9 182
165 176 170 177
127 234 127 241
40 3 45 4
155 77 166 77
95 205 96 210
174 205 185 205
73 71 76 72
142 127 142 134
67 236 71 237
124 49 129 50
191 88 193 90
166 10 166 19
2 135 3 140
13 99 16 101
85 189 86 194
30 113 33 115
112 159 116 160
58 193 67 193
188 97 191 99
107 173 107 184
24 153 35 153
73 11 76 13
71 70 72 73
137 165 141 166
43 92 43 101
31 244 33 246
97 229 98 233
90 42 90 53
180 6 180 16
106 166 116 166
49 232 49 243
23 32 34 32
22 222 33 222
19 150 23 151
26 21 29 23
130 100 140 100
11 225 11 235
61 116 64 118
136 53 136 64
72 228 77 229
142 92 142 100
173 15 174 20
81 86 84 88
63 190 73 190
125 137 128 139
146 245 156 245
153 47 162 47
157 20 161 21
62 39 62 48
21 207 32 207
64 144 69 145
185 152 193 152
161 55 169 55
194 75 196 78
55 158 65 158
48 119 50 121
8 192 16 192
2 107 6 108
94 160 104 160
121 100 122 105
103 64 103 75
30 137 37 137
131 243 141 243
12 122 23 122
39 145 44 146
90 176 92 178
48 16 52 17
52 224 62 224
65 202 65 213
164 127 174 127
183 169 183 180
135 104 135 111
102 165 111 165
126 81 130 82
69 188 73 189
166 20 166 29
81 140 86 141
164 9 164 19
27 0 35 0
137 144 137 153
146 119 147 123
31 209 34 211
1 232 6 233
136 180 147 180
3 122 4 127
33 215 44 215
79 182 81 184
9 21 10 26
95 240 96 245
54 206 55 210
71 84 71 95
25 193 35 193
92 0 92 11
146 59 154 59
189 41 190 44
192 172 194 174
89 181 89 190
186 16 190 17
122 13 122 22
21 4 26 5
108 23 109 27
172 230 177 231
105 147 114 147
116 59 121 60
172 115 182 115
72 85 80 85
114 31 115 35
33 177 34 181
132 223 136 224
15 2 25 2
52 131 55 133
169 139 179 139
194 127 196 129
85 36 90 37
20 233 21 238
49 33 52 35
33 107 36 109
86 51 89 53
50 124 51 129
41 52 42 56
55 14 59 15
83 12 88 13
63 69 72 69
169 65 172 67
199 174 199 184
50 154 50 163
9 9 10 12
8 54 16 54
143 181 145 183
135 119 140 120
158 149 161 151
112 39 112 47
151 111 162 111
123 63 132 63
162 176 163 180
138 220 148 220
41 12 41 22
76 40 84 40
4 146 4 154
14 115 16 118
20 21 24 22
12 148 12 156
134 113 135 118
39 111 49 111
24 118 24 128
110 220 111 224
23 198 25 201
17 160 25 160
103 14 114 14
116 158 127 158
24 102 31 102
29 188 37 188
83 234 83 243
59 155 70 155
179 79 179 89
114 69 114 80
191 61 191 70
113 206 115 209
83 171 83 182
118 14 121 15
109 140 117 140
153 114 153 123
114 144 124 144
51 160 62 160
25 49 35 49
129 5 139 5
76 203 80 204
87 181 87 191
146 88 146 99
66 24 76 24
79 208 79 215
81 203 90 203
134 246 139 247
93 217 102 217
85 205 85 214
174 153 176 156
167 179 167 189
189 27 192 29
49 145 49 152
164 178 164 186
41 160 44 162
40 87 42 90
110 34 110 43
188 157 189 161
178 238 180 241
193 115 193 122
146 151 146 162
128 25 128 35
157 222 166 222
12 157 12 168
75 115 78 117
44 68 47 69
195 38 195 46
6 2 6 10
180 47 183 49
150 90 151 94
61 249 71 249
129 140 129 151
142 223 142 233
37 98 40 100
89 69 94 70
152 12 154 14
20 81 21 84
95 86 106 86
5 35 6 38
151 67 152 71
150 131 150 141
106 228 114 228
137 37 137 48
161 37 163 40
103 43 106 45
67 16 69 19
140 56 150 56
126 124 131 125
192 22 194 24
0 24 8 24
79 18 84 19
91 89 92 92
81 216 84 218
101 23 104 25
55 231 58 233
52 182 56 183
38 28 39 32
22 177 22 186
191 147 199 147
110 58 112 61
48 190 49 194
117 209 117 220
55 168 58 170
134 148 134 159
138 21 138 30
76 57 77 62
45 46 48 48
153 93 155 96
32 81 33 84
183 152 183 162
148 20 152 21
44 222 45 226
123 123 125 126
93 4 101 4
131 71 132 75
2 161 4 163
22 89 33 89
147 100 156 100
57 134 59 137
89 240 91 243
140 110 141 113
6 202 6 211
152 28 152 35
109 108 109 118
149 88 156 88
160 158 161 163
100 166 102 169
116 184 119 185
18 166 18 177
58 195 60 198
69 212 69 222
133 226 136 228
87 228 96 228
50 80 57 80
140 237 142 240
107 89 107 98
34 198 36 201
88 94 90 97
52 64 55 65
176 6 178 9
38 230 46 230
129 137 131 139
3 3 4 8
84 79 86 82
198 158 199 161
22 138 24 141
197 60 198 63
142 167 145 169
7 247 15 247
125 36 125 47
18 115 22 116
140 54 145 55
142 112 143 117
58 91 66 91
192 80 194 83
0 185 8 185
163 167 166 169
11 217 14 219
45 209 46 212
38 8 38 18
68 138 70 140
71 7 72 10
62 142 62 150
127 169 130 170
161 218 172 218
48 184 49 189
94 73 95 78
66 175 69 176
149 226 153 227
128 64 131 66
7 128 8 133
17 225 18 230
21 52 26 53
67 30 69 33
12 3 22 3
183 9 185 11
94 198 103 198
143 146 143 157
94 92 98 93
127 115 128 119
141 26 141 37
183 136 184 139
35 189 40 190
190 5 191 9
178 227 179 231
179 20 180 24
155 8 155 18
85 196 87 198
120 239 121 244
154 160 154 168
42 134 43 139
148 62 149 67
26 106 27 111
130 27 135 28
195 236 195 245
20 57 24 58
78 25 87 25
197 19 197 30
16 50 19 52
117 174 120 176
28 156 28 164
166 41 169 42
97 201 100 202
115 151 123 151
54 83 58 84
187 230 187 239
171 31 174 32
104 170 111 170
194 183 195 187
178 222 189 222
53 212 61 212
142 73 143 78
107 48 108 53
18 178 19 183
71 205 80 205
110 21 110 29
76 68 83 68
44 26 48 27
136 159 139 161
196 207 199 208
190 191 190 202
166 62 175 62
165 62 165 71
3 214 10 214
51 3 52 7
38 64 43 65
185 160 187 163
116 116 120 117
50 197 50 208
29 238 29 246
16 156 27 156
42 154 45 156
125 198 125 208
53 115 64 115
95 36 98 38
23 13 27 14
167 204 167 214
152 229 163 229
96 27 106 27
142 15 143 19
190 142 193 144
132 32 132 39
79 45 84 46
135 53 135 63
186 75 187 79
163 232 165 235
144 184 154 184
58 244 61 245
62 184 63 188
151 38 160 38
97 47 97 58
7 210 18 210
110 168 115 169
47 74 58 74
49 14 54 15
90 25 95 26
81 236 82 240
58 159 69 159
63 50 63 60
190 137 192 140
188 167 191 169
1 186 12 186
144 147 151 147
144 91 144 102
3 192 6 194
155 182 156 186
30 121 32 124
89 136 89 144
156 87 165 87
90 152 90 162
18 196 18 207
50 237 50 246
47 130 58 130
170 223 175 224
70 50 70 61
60 89 64 90
20 133 31 133
18 47 22 48
184 62 187 64
70 223 71 228
39 107 48 107
156 234 160 235
105 179 105 186
20 54 23 55
115 39 116 44
16 194 16 202
35 163 36 168
103 0 105 3
189 114 189 125
183 216 186 218
16 58 16 69
160 102 162 104
171 95 171 106
167 76 168 79
81 132 92 132
52 112 57 113
169 91 171 93
15 98 25 98
113 174 113 184
160 185 160 196
148 106 150 108
192 233 193 237
2 208 2 215
94 107 98 108
44 49 48 50
172 172 174 175
95 53 95 60
175 103 175 113
1 216 3 219
119 49 119 56
105 148 107 151
162 109 173 109
167 239 167 249
94 12 94 23
44 33 48 34
47 155 48 158
131 56 132 61
30 77 39 77
128 174 129 178
170 118 180 118
20 149 29 149
168 222 168 232
45 170 47 172
182 1 183 5
147 162 150 163
58 56 59 59
8 16 10 19
129 236 138 236
141 196 142 201
10 135 15 136
93 213 96 215
176 210 187 210
127 11 129 13
0 7 1 12
138 244 147 244
21 216 21 225
18 132 26 132
160 30 162 32
176 55 178 57
79 121 84 122
59 3 61 6
95 134 97 137
144 15 152 15
75 127 83 127
104 113 107 115
147 97 150 99
123 214 134 214
183 212 188 213
113 58 113 68
54 109 58 110
85 134 86 139
158 137 161 138
111 33 111 42
182 102 190 102
196 32 196 42
35 17 35 26
93 151 95 153
12 88 23 88
93 122 96 123
13 11 15 14
147 202 147 212
103 99 108 100
171 37 171 46
3 89 7 90
108 150 110 153
169 59 180 59
80 50 80 61
52 25 61 25
12 121 22 121
56 17 60 18
135 90 145 90
59 38 60 41
156 107 160 108
96 52 96 59
159 175 159 186
31 29 34 31
170 156 171 161
192 164 193 168
11 182 16 183
64 196 73 196
191 110 193 113
29 9 30 14
137 203 146 203
105 236 107 238
1 125 2 130
54 0 54 8
26 116 28 118
185 106 188 108
109 38 109 46
114 36 114 46
24 167 27 169
92 166 96 167
164 145 167 147
16 161 16 168
15 23 24 23
6 49 15 49
130 216 132 219
1 101 4 103
152 224 160 224
54 227 54 238
19 172 30 172
101 223 106 224
149 170 151 172
54 76 56 78
145 227 146 231
40 182 42 185
99 67 101 70
123 231 123 242
172 162 174 164
70 1 79 1
99 245 102 247
87 74 92 75
106 203 117 203
114 8 118 9
118 82 118 92
37 42 38 47
101 19 106 20
132 190 132 199
99 81 100 85
26 226 28 229
90 124 92 127
54 122 64 122
177 58 187 58
67 172 72 173
162 247 165 249
23 158 26 159
117 247 120 248
173 200 176 201
141 249 152 249
6 76 6 86
150 7 158 7
103 217 104 221
105 101 114 101
2 246 3 249
50 54 52 56
100 231 110 231
73 10 84 10
9 156 10 159
162 100 165 101
56 68 63 68
185 186 193 186
104 87 104 97
75 211 77 213
51 134 56 135
39 141 48 141
152 195 159 195
111 182 111 191
130 232 135 233
199 226 199 237
176 29 177 34
154 175 158 176
5 217 8 219
171 124 175 125
82 228 83 231
134 67 139 68
158 225 162 226
192 217 194 219
41 118 42 122
6 150 6 159
44 44 49 45
112 89 114 92
65 77 66 82
139 125 149 125
185 140 186 143
143 239 148 240
95 5 106 5
127 163 130 164
3 16 7 17
123 88 131 88
180 220 185 221
119 79 122 81
127 1 128 4
13 24 22 24
144 22 146 25
1 28 3 31
90 188 90 196
24 209 24 217
63 246 68 247
113 240 116 242
18 217 18 224
29 138 30 143
87 137 88 141
53 46 56 48
70 66 74 67
75 31 78 32
102 34 105 36
179 51 180 56
74 179 74 187
164 116 164 126
57 202 60 204
187 91 190 93
24 87 28 88
57 29 66 29
0 80 0 89
117 68 117 78
0 142 5 143
52 225 53 230
15 71 26 71
79 188 80 191
112 119 123 119
151 49 154 51
139 213 141 216
68 59 69 63
133 193 133 203
138 144 140 147
84 173 85 177
15 123 17 125
159 127 159 135
25 82 30 83
82 17 93 17
48 228 48 236
35 58 35 66
130 79 134 80
23 17 34 17
119 216 120 221
116 213 116 222
192 133 196 134
138 129 141 131
18 247 28 247
103 200 106 202
27 197 32 198
36 128 36 135
123 187 132 187
81 91 88 91
97 227 106 227
158 160 158 169
1 15 2 19
194 141 199 142
167 64 177 64
58 157 67 157
188 22 190 24
12 229 14 232
131 77 136 78
129 4 138 4
139 87 150 87
96 178 101 179
70 230 73 231
21 196 22 200
4 170 6 173
0 70 0 79
67 89 67 99
133 29 137 30
32 35 35 37
175 212 176 215
177 144 186 144
55 140 55 151
142 26 142 34
35 76 44 76
70 111 75 112
74 99 77 101
39 91 48 91
43 39 54 39
57 23 68 23
84 225 93 225
14 40 16 42
41 109 44 110
97 161 107 161
186 113 186 123
94 145 103 145
139 105 148 105
164 66 164 75
33 13 35 16
155 165 155 172
189 5 189 12
71 103 74 105
36 79 38 81
129 103 132 105
20 67 30 67
45 200 49 201
41 61 46 62
108 178 109 183
59 189 68 189
153 68 154 73
113 10 118 11
167 150 167 161
104 70 105 75
123 121 128 122
60 139 65 140
101 152 102 157
70 78 73 80
77 73 78 76
118 131 122 132
178 26 178 33
106 71 109 73
143 79 144 82
6 238 6 248
19 29 19 37
141 153 141 162
109 193 113 194
161 127 161 134
125 106 127 109
1 173 3 176
120 124 122 127
88 208 89 212
167 29 170 31
155 144 166 144
20 111 21 114
168 23 170 25
47 160 47 167
13 168 13 179
47 211 51 212
135 158 135 168
177 96 177 106
126 133 137 133
147 95 151 96
38 249 48 249
168 17 169 21
140 181 140 191
81 7 89 7
28 106 29 110
84 154 84 163
47 4 49 7
33 33 41 33
35 85 40 86
102 56 110 56
167 216 177 216
42 218 42 229
124 34 124 45
53 12 63 12
89 108 89 119
17 95 26 95
85 148 90 149
10 51 13 53
184 112 185 115
96 6 99 8
81 72 92 72
114 130 124 130
190 52 194 53
187 209 196 209
19 224 19 235
80 246 84 247
9 122 9 131
39 112 43 113
15 77 15 84
126 226 127 230
84 60 88 61
17 145 19 147
93 131 97 132
152 154 156 155
143 20 143 28
27 208 29 210
39 42 48 42
35 97 36 101
181 61 181 72
151 197 151 207
86 39 86 50
189 60 190 65
147 90 149 93
51 20 52 24
38 73 48 73
187 166 187 176
156 101 157 106
90 139 92 141
54 239 56 242
110 204 120 204
161 7 170 7
195 113 196 118
125 190 127 193
91 234 96 235
86 235 88 237
146 39 156 39
10 223 10 234
145 77 147 80
64 76 73 76
51 185 51 194
151 28 151 37
173 26 175 29
5 123 5 132
82 166 84 168
118 165 119 170
135 31 137 34
4 74 4 82
4 240 5 245
15 200 15 209
126 234 126 243
49 102 50 106
35 38 35 47
76 150 83 150
58 71 63 72
83 112 83 119
89 237 94 238
24 39 25 42
114 194 115 199
26 189 29 190
197 112 199 114
62 207 64 210
73 61 74 65
123 92 132 92
72 152 75 154
132 147 133 152
169 63 179 63
53 176 60 176
31 72 33 75
3 190 12 190
7 76 7 86
111 107 114 109
10 220 13 222
154 118 155 122
95 15 100 16
119 211 122 213
32 229 40 229
176 233 177 237
165 88 168 90
172 10 174 13
92 96 97 97
31 149 36 150
103 28 105 31
195 106 198 107
13 193 14 198
121 134 131 134
110 143 117 143
81 2 84 4
107 209 108 213
81 31 90 31
91 200 94 202
80 223 82 226
41 148 41 156
105 88 105 97
153 57 163 57
171 1 180 1
8 249 18 249
84 220 87 222
137 182 139 184
32 58 33 62
80 152 84 153
40 235 41 239
10 67 10 77
169 103 170 107
2 200 3 205
177 224 182 225
184 234 185 239
26 85 34 85
7 5 11 6
97 46 106 46
127 152 130 154
46 154 46 164
175 176 178 177
83 73 84 78
122 135 132 135
37 54 38 57
46 12 47 17
174 240 174 248
69 147 70 151
11 107 13 110
162 138 167 139
31 19 33 22
10 137 20 137
195 19 195 30
1 43 2 47
63 215 65 217
40 17 40 26
77 105 79 108
0 188 4 189
76 75 76 82
42 102 46 103
196 177 197 182
59 86 64 87
11 170 11 179
131 144 135 145
123 183 126 184
41 177 43 179
10 80 11 85
151 134 151 145
56 19 61 20
5 140 16 140
85 0 87 3
140 38 140 47
189 190 189 199
25 94 36 94
133 217 135 220
95 159 106 159
1 156 1 165
152 131 156 132
76 180 78 182
182 90 183 94
128 234 139 234
60 125 60 135
33 158 35 161
136 19 139 20
162 238 165 240
28 200 33 201
122 170 122 178
61 53 62 58
161 185 161 194
89 81 90 86
186 207 191 208
117 232 118 237
108 238 108 249
188 36 188 46
14 91 25 91
34 1 39 2
122 59 127 60
78 162 81 164
187 221 198 221
199 14 199 22
47 224 47 235
67 105 68 110
183 249 194 249
20 220 20 229
25 123 27 126
61 166 61 176
75 185 76 190
15 240 24 240
77 153 77 163
159 60 169 60
160 114 163 116
97 219 97 226
116 146 121 147
1 183 5 184
110 173 110 183
9 163 10 168
188 154 191 156
72 199 76 200
176 44 177 49
183 182 183 190
179 245 190 245
125 70 130 71
190 230 191 233
101 22 109 22
32 11 36 12
120 7 125 8
176 246 178 248
193 135 194 139
100 78 103 79
92 187 92 198
66 33 66 42
68 120 78 120
84 171 94 171
150 44 150 54
127 183 132 184
83 199 90 199
169 140 171 143
91 21 93 24
37 207 47 207
80 36 81 39
83 99 86 100
147 226 148 230
185 19 186 23
160 78 165 79
72 106 74 109
66 128 67 132
193 54 198 55
146 86 156 86
167 94 169 96
187 148 189 151
64 55 65 60
100 170 102 173
165 225 166 229
0 59 1 64
171 178 171 186
199 198 199 206
151 103 154 105
36 59 36 68
173 185 175 187
9 245 20 245
145 41 153 41
114 223 121 223
20 76 22 79
38 159 38 168
59 161 70 161
159 9 159 19
100 77 109 77
76 217 78 220
125 29 126 34
80 63 90 63
182 195 185 197
135 49 140 50
40 147 40 154
101 130 106 131
129 159 132 161
79 94 81 97
184 153 195 153
34 125 38 126
160 119 160 128
89 71 99 71
30 70 34 71
41 1 52 1
160 4 160 15
7 52 7 61
132 112 132 123
110 105 114 106
177 119 179 122
169 162 169 171
152 46 161 46
197 236 197 246
88 129 93 130
114 122 119 123
141 10 146 11
11 202 12 207
42 11 52 11
8 33 9 37
144 154 144 165
122 25 123 30
176 77 180 78
21 59 25 60
132 85 136 86
138 63 140 66
175 15 177 17
122 219 127 220
195 247 198 249
113 132 116 134
128 209 130 211
62 18 66 19
111 72 111 80
20 28 21 32
62 92 62 99
171 78 172 83
103 197 111 197
75 45 76 48
100 106 103 108
186 240 191 241
184 15 193 15
153 248 156 249
156 83 167 83
12 9 22 9
111 50 112 55
84 244 89 245
47 40 51 41
197 44 198 48
123 168 123 177
153 236 156 238
145 242 149 243
13 35 13 44
75 165 80 166
193 101 196 103
162 110 171 110
40 69 43 70
86 165 95 165
139 25 140 30
188 78 189 82
133 46 134 51
83 191 84 196
29 130 32 132
152 231 156 232
56 93 56 103
198 28 198 39
80 8 90 8
156 78 159 80
184 67 188 68
0 155 0 165
194 156 198 157
103 168 108 169
82 22 84 24
98 166 98 175
147 131 148 136
173 46 175 48
53 41 55 44
89 156 89 163
193 59 193 69
32 102 32 110
172 185 172 196
139 91 140 96
97 100 98 103
112 149 112 158
174 208 183 208
184 83 188 84
96 186 96 195
136 169 138 172
32 224 34 226
55 2 56 7
138 59 142 60
41 163 42 167
194 212 199 213
192 57 192 66
62 20 69 20
44 35 48 36
193 170 196 171
122 192 122 202
52 200 55 202
91 31 95 32
19 10 24 11
109 139 117 139
114 118 122 118
85 65 93 65
101 11 106 12
77 128 87 128
27 174 31 175
91 66 99 66
144 63 146 66
196 7 198 9
100 58 101 63
124 195 129 196
28 51 28 60
31 216 34 217
76 232 87 232
118 238 118 245
118 32 120 35
139 77 140 82
16 215 17 218
189 32 194 33
57 205 59 208
47 22 49 24
88 14 93 15
132 47 132 55
29 170 40 170
122 75 129 75
67 202 69 204
166 151 166 160
11 95 13 97
65 116 68 118
44 70 54 70
9 40 10 45
38 104 40 106
93 139 103 139
92 248 100 248
66 163 69 164
64 102 69 103
153 164 153 173
41 132 46 133
87 44 89 47
84 235 85 239
7 166 7 176
41 28 43 31
191 75 192 78
130 31 130 42
173 197 175 199
9 185 17 185
58 113 69 113
52 215 61 215
60 15 71 15
26 212 31 213
51 88 51 98
92 154 96 155
97 147 100 149
15 5 18 7
197 69 197 80
67 71 69 73
98 236 98 244
146 110 149 112
105 81 110 82
162 21 164 23
14 148 15 153
21 96 26 97
90 209 92 211
59 47 59 54
166 114 167 117
146 168 146 177
139 85 147 85
35 5 36 9
183 32 184 37
25 65 30 66
150 214 152 217
63 74 71 74
50 150 52 153
77 86 78 91
191 1 193 4
22 68 25 70
86 178 86 186
47 180 50 181
71 213 72 218
177 110 187 110
91 42 91 49
25 186 35 186
167 131 171 132
39 144 48 144
78 69 88 69
94 129 97 130
26 27 27 31
195 188 199 189
75 130 82 130
136 232 141 233
35 171 38 173
113 0 117 1
85 216 86 219
78 20 79 24
84 29 88 30
147 33 149 36
65 12 68 13
85 64 95 64
122 185 130 185
54 177 65 177
80 133 83 135
139 205 142 207
126 209 127 213
114 153 123 153
142 70 147 71
159 154 159 162
97 143 107 143
88 109 88 118
58 93 58 101
34 82 36 84
88 78 91 79
166 81 170 82
39 171 41 174
4 55 5 60
109 213 113 214
102 91 102 102
152 142 162 142
88 122 89 127
101 13 110 13
141 62 141 70
140 149 142 151
81 207 83 210
162 6 171 6
82 187 82 197
28 165 31 166
178 206 189 206
14 171 14 180
183 62 183 70
24 19 28 20
166 198 169 200
24 25 25 28
19 127 22 129
42 234 42 242
123 198 123 208
0 122 0 130
14 123 14 134
31 225 31 232
61 16 65 17
34 176 42 176
25 128 33 128
34 128 35 133
68 133 72 134
103 239 106 241
189 146 199 146
152 89 163 89
71 143 71 152
187 9 188 13
135 175 135 186
151 110 159 110
50 216 61 216
121 46 122 51
179 168 182 170
67 84 69 87
141 139 141 146
23 3 33 3
125 189 135 189
134 103 142 103
185 5 188 7
50 221 50 229
33 202 38 203
47 100 52 101
77 233 77 244
46 178 46 189
124 83 133 83
19 0 23 1
138 123 145 123
153 74 158 75
82 47 83 52
123 221 127 222
115 126 118 127
112 210 115 212
60 248 68 248
164 202 165 205
2 111 2 120
166 119 171 120
4 37 4 48
79 170 90 170
50 107 53 109
56 0 67 0
5 152 5 162
88 101 90 104
136 92 136 99
3 98 14 98
91 221 93 223
173 75 175 78
25 171 34 171
119 2 123 3
146 219 156 219
159 84 164 85
71 202 81 202
10 238 19 238
115 54 115 62
97 17 99 20
91 112 91 122
28 221 35 221
9 104 9 111
131 11 134 13
41 43 52 43
141 192 151 192
48 62 56 62
119 154 122 155
143 43 144 47
196 0 198 3
166 171 167 175
56 185 61 186
48 171 50 174
172 101 175 102
127 22 127 31
142 221 149 221
11 142 12 147
37 143 38 146
82 110 87 111
120 55 125 56
154 1 156 3
170 228 170 238
70 168 77 168
56 154 67 154
184 246 187 247
72 113 74 116
22 32 22 40
55 67 62 67
118 229 123 230
18 158 22 159
15 158 15 168
76 5 84 5
191 149 193 151
0 131 0 140
115 45 120 46
181 231 182 236
134 161 134 171
98 188 107 188
118 249 129 249
58 8 61 9
174 60 183 60
36 213 41 214
169 184 169 193
98 218 101 219
193 226 194 229
158 180 158 189
17 167 17 177
0 167 1 171
182 136 182 143
153 77 154 80
176 18 179 19
44 238 47 240
44 31 48 32
79 58 79 67
90 54 94 55
196 150 197 153
111 129 112 133
133 41 134 44
14 56 24 56
117 61 122 62
164 27 164 35
184 128 185 132
41 96 41 106
13 143 15 146
139 108 139 115
158 8 158 19
125 168 126 173
108 59 108 69
65 114 68 115
0 3 2 6
45 242 46 246
77 92 81 93
128 237 131 239
81 73 81 84
192 6 192 13
73 146 83 146
52 59 56 60
143 29 143 40
32 173 32 183
64 44 64 53
183 227 183 236
114 171 114 181
92 114 93 117
137 187 137 197
117 159 128 159
74 175 79 176
61 156 70 156
92 45 96 46
183 71 188 72
129 106 134 107
165 129 169 130
118 199 121 200
107 192 117 192
9 239 12 240
11 7 11 16
40 194 42 197
78 139 80 142
44 124 47 126
97 118 97 126
72 20 74 22
194 167 196 169
54 33 63 33
161 174 161 184
80 155 81 160
104 162 107 163
157 49 162 50
181 27 183 29
111 124 113 126
136 139 138 142
137 17 141 18
83 202 90 202
52 243 55 245
6 222 9 223
23 72 23 82
125 175 126 178
142 4 143 9
107 24 107 35
109 134 111 137
100 195 110 195
93 28 96 30
106 137 107 141
57 116 58 121
118 104 118 115
120 224 124 225
178 182 179 187
52 73 63 73
3 25 8 26
27 76 28 81
77 172 81 173
168 114 170 117
161 167 162 171
66 169 73 169
23 206 31 206
177 42 187 42
184 184 191 184
64 108 66 111
164 49 165 54
148 165 148 175
169 70 169 77
142 216 145 218
50 136 54 137
193 197 194 202
127 6 128 10
178 200 189 200
109 237 109 245
104 176 104 186
29 4 32 6
175 65 180 66
14 233 18 234
106 105 107 109
159 96 162 97
106 15 108 18
51 195 51 202
138 42 139 46
69 9 70 13
87 246 90 248
63 146 66 147
64 149 66 151
105 48 106 53
21 248 30 248
10 195 11 198
1 235 1 243
13 20 22 20
18 80 19 84
106 152 107 157
124 132 135 132
161 62 161 72
188 233 189 238
136 13 146 13
169 224 169 234
104 57 108 58
89 213 91 216
144 108 147 109
117 93 119 96
53 223 64 223
53 34 58 35
72 155 74 158
101 201 101 211
53 116 56 118
110 109 110 118
199 56 199 66
37 116 47 116
16 154 19 155
60 229 64 230
127 56 130 58
68 193 77 193
86 205 94 205
28 176 31 178
30 235 35 236
137 76 137 83
24 176 25 180
192 93 193 97
167 99 167 108
116 30 116 37
148 76 152 77
71 126 72 129
191 148 199 148
99 184 102 185
170 87 174 88
105 54 109 55
26 138 28 140
62 197 65 199
138 51 148 51
27 69 28 72
65 43 65 51
133 135 135 137
90 229 95 230
68 127 69 131
20 249 31 249
52 163 53 167
32 166 34 168
102 7 105 9
158 118 158 127
78 152 79 156
65 163 65 172
186 95 187 100
172 23 175 24
69 181 71 184
39 66 43 67
153 45 164 45
126 6 126 14
95 220 96 225
9 94 10 97
40 77 42 80
5 2 5 11
2 74 3 78
2 32 13 32
157 41 165 41
45 159 45 169
182 149 182 158
37 133 39 136
121 109 122 112
101 235 103 237
25 227 25 235
23 163 25 165
8 76 9 81
101 196 111 196
173 67 174 71
133 58 134 62
64 183 67 185
65 195 75 195
184 192 187 193
167 14 167 25
6 201 14 201
16 38 19 39
15 221 16 224
97 116 108 116
36 15 36 23
164 158 165 161
22 208 22 219
196 197 198 200
168 97 168 107
101 158 111 158
60 45 61 50
32 234 40 234
31 25 33 28
139 137 140 141
93 0 96 2
79 101 87 101
163 157 163 165
168 237 168 248
76 109 78 111
31 154 33 157
152 0 163 0
104 134 105 138
82 76 82 85
129 53 131 55
196 80 196 91
17 109 21 110
149 230 149 240
87 9 91 10
155 25 156 30
40 114 45 115
113 25 118 26
177 211 181 212
94 102 96 104
34 89 37 91
153 125 155 128
112 82 114 84
122 215 124 218
124 231 135 231
195 66 198 67
198 69 199 73
5 164 6 168
131 95 135 96
91 244 93 246
185 39 187 41
196 232 196 243
167 219 172 220
1 221 4 223
141 194 151 194
191 160 194 162
110 17 115 18
131 147 131 158
27 41 30 42
117 97 118 100
45 176 50 177
114 50 114 60
1 73 1 83
0 197 0 207
187 111 187 121
111 110 116 111
75 52 75 63
149 152 151 155
74 37 75 42
0 110 0 119
152 189 154 192
29 50 33 51
169 222 176 222
116 22 119 24
128 197 129 201
49 158 49 168
177 155 178 159
98 151 99 155
180 30 182 33
157 134 157 141
66 206 70 207
168 26 170 28
164 243 166 245
101 232 104 233
9 243 19 243
0 99 0 107
104 225 114 225
60 77 62 79
40 7 41 11
0 20 9 20
69 35 74 36
163 93 165 95
148 23 151 24
141 241 152 241
85 161 87 163
59 191 68 191
133 122 142 122
120 167 128 167
87 207 87 215
180 101 187 101
84 229 88 230
64 92 66 95
102 228 105 230
183 78 185 80
175 143 175 151
19 59 20 64
137 2 141 3
95 199 96 202
85 5 89 6
17 161 19 164
162 155 162 166
91 148 96 149
13 204 14 207
96 33 98 35
23 241 25 243
129 93 134 94
52 31 56 32
51 69 61 69
190 176 193 178
170 249 178 249
78 79 80 82
172 211 174 214
157 23 157 33
28 92 35 92
39 244 44 245
83 67 93 67
57 91 57 101
44 192 44 200
122 89 122 97
45 119 47 122
111 233 112 238
70 163 72 166
194 86 194 97
156 162 156 173
196 193 198 195
175 172 177 175
148 149 148 160
108 230 117 230
112 145 121 145
41 206 48 206
92 135 94 138
144 28 145 33
60 226 62 228
198 172 198 182
180 35 182 37
54 139 54 148
136 116 141 117
198 125 199 129
184 117 184 124
54 181 63 181
18 101 28 101
49 217 52 219
69 104 70 108
112 188 115 190
94 164 102 164
179 173 182 175
67 58 67 67
155 197 155 208
122 240 122 247
126 179 131 180
124 243 125 248
46 75 55 75
103 123 108 124
19 65 22 66
115 228 124 228
79 223 79 230
92 43 97 44
85 178 85 187
151 61 156 62
84 51 85 56
174 140 174 148
126 39 127 43
44 51 44 59
6 125 6 136
61 119 66 120
52 206 53 210
44 84 52 84
44 220 54 220
2 61 5 63
191 222 195 223
123 120 131 120
138 226 140 228
170 163 171 168
166 33 170 34
101 192 103 194
199 24 199 35
113 128 118 129
17 77 17 86
127 14 132 15
99 125 99 136
167 51 177 51
181 201 186 202
139 169 141 172
91 1 91 8
85 85 86 90
32 40 33 43
116 84 117 89
103 174 103 185
164 196 165 201
4 92 7 93
95 90 98 91
154 36 159 37
53 185 54 189
152 246 156 247
176 61 179 62
54 161 56 163
53 81 53 92
56 213 64 213
135 87 137 89
20 106 24 107
41 128 42 131
182 25 192 25
149 119 151 121
22 195 32 195
4 234 7 235
36 42 36 53
63 234 66 236
4 129 4 139
18 10 18 17
151 109 159 109
190 73 195 74
89 180 97 180
160 81 165 82
82 28 90 28
56 150 61 151
138 61 148 61
26 220 34 220
131 17 131 25
59 106 60 110
185 179 195 179
163 207 163 215
1 100 12 100
30 187 37 187
66 47 67 52
19 198 19 208
150 122 150 129
14 239 22 239
106 6 109 8
22 205 29 205
193 123 193 131
168 138 179 138
168 206 171 207
6 189 16 189
37 193 38 196
174 114 183 114
177 125 180 127
26 173 26 181
178 128 178 137
76 124 85 124
2 241 3 245
95 182 98 184
123 61 127 62
107 167 115 167
2 68 4 71
75 64 78 66
184 161 184 168
185 145 186 148
103 39 106 41
89 99 94 100
194 40 194 51
129 21 129 32
155 48 165 48
53 21 60 21
64 8 67 10
163 86 174 86
184 169 184 178
53 218 57 219
180 84 180 92
43 40 46 41
117 160 120 162
150 113 151 116
13 119 16 120
60 2 69 2
165 39 168 40
180 105 183 107
120 85 120 94
185 164 186 169
84 226 94 226
39 158 40 163
44 232 45 236
21 100 31 100
53 22 63 22
190 111 190 122
49 90 50 94
8 248 17 248
55 53 58 54
34 57 34 65
109 59 109 70
97 166 97 173
46 65 48 67
49 52 49 61
74 135 74 143
60 121 71 121
71 57 73 60
185 187 187 189
125 110 126 115
1 0 5 1
104 148 104 156
57 238 68 238
23 48 32 48
13 105 24 105
37 241 39 243
139 248 146 248
122 87 131 87
8 56 13 57
27 231 30 232
26 219 36 219
193 16 197 17
166 185 166 196
50 57 57 57
194 114 194 124
119 4 122 6
34 39 34 48
69 241 70 246
122 64 124 67
58 226 59 229
123 79 125 82
10 131 12 133
35 71 37 73
135 79 136 84
5 27 6 31
39 92 42 94
143 138 145 140
15 31 15 39
77 133 77 143
188 163 196 163
11 141 18 141
150 210 155 211
3 113 3 121
0 228 2 231
17 128 17 136
134 32 134 40
73 126 84 126
87 88 89 90
144 211 145 215
15 89 19 90
165 73 168 75
59 182 63 183
131 0 140 0
115 157 125 157
19 123 23 124
2 191 12 191
139 194 139 202
2 152 3 156
63 174 65 176
152 198 153 203
81 70 86 71
23 191 32 191
57 187 57 196
41 248 49 248
184 180 186 182
70 2 75 3
38 58 42 59
54 155 56 157
102 205 103 210
90 163 98 163
104 121 108 122
126 16 133 16
122 115 124 117
41 23 43 26
62 5 64 7
123 98 123 109
99 241 101 244
70 171 81 171
10 55 18 55
35 177 36 181
199 162 199 173
78 201 86 201
181 8 181 16
130 197 130 205
138 222 141 224
57 2 58 7
149 43 157 43
99 111 107 111
37 208 47 208
22 130 27 131
143 172 144 177
36 138 40 139
90 172 92 174
185 226 187 228
112 231 122 231
169 244 170 248
1 99 9 99
3 41 3 51
181 145 183 147
140 153 140 160
199 215 199 223
101 92 101 100
50 248 55 249
138 6 140 9
98 54 98 62
161 121 163 124
7 211 16 211
19 18 26 18
58 172 59 175
54 90 56 92
177 145 178 149
123 76 133 76
40 186 42 188
59 241 62 243
70 209 74 210
92 181 93 184
74 73 74 81
165 0 168 1
173 237 173 247
16 169 16 177
174 93 177 95
100 50 102 53
43 9 48 10
145 127 147 129
145 116 149 117
0 37 1 41
131 225 132 228
173 72 177 73
135 238 138 240
188 112 188 122
142 62 142 69
153 151 155 153
34 111 35 115
148 29 150 31
96 79 97 83
154 197 154 204
110 206 112 209
63 34 63 44
180 204 187 204
159 202 159 212
43 123 53 123
28 24 30 26
112 171 112 181
81 11 90 11
173 189 181 189
22 224 22 234
93 168 96 169
101 81 104 82
45 189 45 197
67 81 70 82
59 166 60 170
116 47 116 58
171 16 171 27
152 146 156 147
114 215 115 219
4 199 4 210
82 95 83 98
184 86 184 97
185 170 186 175
28 127 37 127
44 28 47 30
73 233 76 234
124 52 131 52
146 42 146 50
160 208 160 217
107 201 116 201
8 139 18 139
74 169 82 169
72 233 72 242
94 47 95 52
189 68 190 72
149 68 150 72
47 87 50 89
167 141 168 144
22 113 26 114
94 174 97 176
151 174 158 174
172 103 173 108
8 67 9 70
70 185 72 187
91 61 93 63
80 105 81 110
91 106 93 109
36 210 38 212
135 149 136 153
27 179 29 181
99 21 100 26
159 66 160 71
26 34 26 42
91 181 91 190
13 25 16 27
94 119 96 121
45 20 49 21
15 45 17 48
158 101 159 105
106 186 110 187
90 19 93 20
136 73 138 75
196 183 197 186
7 120 8 124
153 76 163 76
194 64 198 65
67 208 69 210
3 79 3 88
153 4 156 5
28 96 31 98
121 0 128 0
123 145 126 147
173 39 182 39
57 126 58 129
73 118 81 118
186 124 188 127
145 234 148 236
70 211 74 212
53 138 53 147
50 247 60 247
103 49 104 53
59 95 60 100
192 210 197 211
137 52 137 60
193 105 194 109
144 223 146 226
126 84 128 86
98 129 98 136
173 40 174 45
142 35 142 43
53 101 55 104
14 94 16 96
70 130 73 131
16 76 16 86
1 224 3 227
165 126 173 126
45 108 48 109
21 136 25 137
27 95 38 95
27 146 30 148
92 203 96 204
16 143 16 152
193 57 197 58
141 181 141 191
164 221 171 221
150 63 157 63
161 2 171 2
132 208 136 209
156 116 157 121
58 219 63 220
113 34 113 45
3 215 12 215
44 94 44 101
151 8 153 10
127 142 128 147
19 86 28 86
126 47 129 48
62 137 66 138
19 173 23 174
162 192 162 200
104 142 114 142
176 239 177 242
179 97 180 100
97 187 105 187
65 226 66 231
199 87 199 95
109 246 114 247
91 84 94 86
155 64 160 65
69 47 69 55
36 120 37 124
56 106 58 108
97 215 101 216
169 179 170 183
173 165 174 169
44 136 46 139
147 181 150 183
37 7 37 18
77 9 86 9
56 139 56 148
188 204 198 204
11 114 13 117
101 199 111 199
152 52 155 54
159 27 159 35
57 76 59 79
169 89 172 90
97 73 100 74
55 237 62 237
36 151 38 153
80 136 83 138
37 182 39 185
2 79 2 86
22 144 33 144
25 9 28 11
41 198 43 201
23 218 31 218
82 26 89 26
140 247 149 247
90 249 101 249
149 156 150 160
121 30 121 40
157 231 160 233
190 30 194 31
197 102 199 104
110 31 113 32
41 72 52 72
123 186 132 186
47 78 48 81
0 172 0 183
64 160 75 160
29 1 32 2
176 40 180 41
7 107 8 112
44 175 44 185
67 229 68 233
75 236 76 239
11 246 21 246
147 101 150 103
165 23 165 31
148 78 152 79
184 103 187 105
0 93 2 96
104 246 106 248
67 34 67 43
57 210 61 211
150 220 155 221
134 192 136 194
87 56 94 56
10 60 15 61
173 6 175 9
23 61 24 66
4 174 6 177
48 124 49 129
110 69 110 80
109 95 116 95
128 215 129 219
151 228 151 239
196 18 196 28
103 88 103 98
44 6 46 8
164 96 165 99
126 19 130 20
72 249 81 249
172 178 173 183
51 30 60 30
14 65 15 68
41 2 51 2
66 141 68 143
47 150 48 153
148 185 153 186
119 236 122 238
42 12 45 14
106 29 106 36
143 199 144 202
145 19 155 19
165 207 165 217
23 34 25 37
188 132 199 132
21 180 21 190
75 133 75 142
12 12 12 21
43 53 43 60
56 24 63 24
172 152 173 157
141 195 151 195
176 243 181 244
149 177 158 177
58 102 60 104
64 186 68 187
43 170 44 174
171 234 172 237
55 222 65 222
56 49 58 52
180 74 189 74
129 9 134 10
177 223 186 223
92 49 93 52
88 231 92 232
13 235 18 236
75 129 84 129
42 105 45 106
172 91 173 95
38 21 39 24
124 199 124 209
68 198 79 198
74 217 75 221
183 211 190 211
128 247 133 248
147 149 147 160
98 47 103 48
99 220 102 222
50 45 51 49
143 58 154 58
50 188 50 196
140 208 142 211
184 243 187 244
138 33 140 35
182 54 185 56
62 127 64 130
39 217 39 228
131 229 139 229
134 172 134 183
195 192 195 202
139 23 142 24
6 116 9 118
158 2 159 6
86 27 95 27
63 104 65 107
163 61 171 61
108 4 118 4
153 91 156 92
91 142 92 147
80 206 80 217
72 88 72 97
43 202 48 203
147 73 152 74
99 205 100 209
140 14 148 14
85 152 86 156
74 49 74 58
131 109 134 111
93 94 97 95
167 11 169 13
96 22 98 25
120 181 129 181
93 141 104 141
157 197 161 198
182 176 182 187
72 29 73 34
59 35 62 37
177 141 181 142
80 12 82 15
126 91 137 91
8 58 11 59
10 102 10 112
166 43 166 52
9 148 11 151
18 57 18 67
29 88 39 88
135 69 139 70
90 41 99 41
108 138 118 138
194 238 194 248
114 63 115 68
171 187 171 198
103 146 103 156
70 91 70 99
156 198 156 209
115 106 116 109
48 238 48 245
97 199 100 200
167 66 168 70
136 101 139 102
169 36 170 40
144 60 155 60
118 163 121 164
123 13 123 23
128 245 138 245
157 181 157 188
9 0 18 0
168 217 178 217
185 46 186 50
39 46 43 47
74 246 77 248
153 239 158 240
52 232 53 237
113 235 116 237
58 225 67 225
182 22 184 24
159 166 160 171
99 28 99 39
26 216 30 217
118 43 121 44
170 201 171 205
172 134 177 135
161 106 163 108
195 95 197 97
172 205 173 208
135 12 135 19
167 227 167 235
179 246 181 249
196 137 198 139
2 21 6 22
7 143 7 150
176 96 176 104
87 83 88 87
107 190 110 191
159 148 170 148
75 177 78 179
156 230 164 230
61 214 68 214
162 68 163 73
28 167 31 169
165 9 165 18
79 73 80 78
29 78 38 78
131 190 131 199
149 45 149 55
81 64 83 66
53 178 61 178
81 41 83 44
158 56 166 56
58 240 69 240
163 140 166 142
190 76 190 83
81 185 81 192
171 225 172 229
104 190 106 192
14 113 19 114
142 0 145 1
72 140 72 151
72 219 72 227
179 57 186 57
119 189 123 190
73 237 73 248
124 2 126 5
121 17 121 26
187 20 191 21
48 54 48 61
21 33 21 42
86 223 89 224
75 95 77 97
29 158 31 161
13 77 14 81
67 220 68 224
118 214 118 222
188 133 191 135
110 205 118 205
1 33 2 36
155 59 165 59
38 231 42 232
115 171 115 181
126 202 127 207
172 159 175 161
111 22 112 26
43 218 43 228
43 181 43 192
172 203 176 204
12 170 12 180
62 133 66 134
128 221 133 222
27 90 31 91
77 11 78 14
80 89 84 90
120 140 128 140
91 33 94 35
2 157 4 160
19 93 23 94
136 163 139 164
128 95 130 98
75 14 75 22
18 68 21 70
52 111 59 111
63 14 73 14
37 216 37 227
169 44 170 47
147 214 149 217
110 102 114 103
0 13 5 14
77 3 80 4
27 202 32 203
54 28 64 28
11 126 13 129
36 25 39 27
108 160 109 164
130 142 130 151
186 195 187 199
51 36 53 38
63 83 66 85
79 242 82 244
189 212 192 213
36 75 44 75
22 50 26 51
132 235 142 235
106 79 109 80
35 143 36 148
108 90 110 92
96 110 106 110
171 238 171 247
1 205 1 214
101 39 102 43
117 105 117 113
178 44 179 47
65 192 75 192
29 57 30 60
84 204 84 215
143 222 143 232
158 202 158 212
199 39 199 49
17 195 17 206
166 35 168 37
20 155 28 155
88 128 96 128
57 85 58 90
27 152 34 152
130 174 131 178
15 169 15 180
112 218 113 221
30 134 34 135
170 151 171 155
94 6 95 10
79 28 80 33
64 30 64 38
170 11 170 20
7 39 8 42
42 212 44 214
154 214 156 217
186 224 194 224
108 200 116 200
111 115 115 116
175 162 178 163
85 145 88 147
180 166 183 167
109 154 111 157
76 135 76 143
51 237 51 245
55 10 62 10
84 113 86 115
162 8 169 8
103 119 111 119
48 132 50 134
68 64 69 68
42 149 44 152
0 144 0 151
109 29 109 37
181 119 182 122
3 236 12 236
27 233 28 238
188 86 193 87
143 127 143 137
118 49 118 56
28 183 31 185
7 27 11 28
25 224 30 225
149 0 150 4
119 142 123 143
31 118 38 118
88 150 92 151
24 15 32 15
23 227 23 236
152 133 154 135
7 184 17 184
65 96 66 100
56 235 60 236
101 120 101 129
185 86 185 95
101 37 106 38
156 123 157 128
53 26 58 27
183 12 186 14
24 79 26 81
185 154 186 159
9 1 17 1
174 191 175 196
160 43 165 44
141 38 141 48
143 84 153 84
2 9 4 11
20 163 20 171
17 26 18 30
176 70 180 71
191 39 192 43
191 244 192 248
6 196 7 200
41 157 44 159
49 138 51 141
193 10 196 11
141 92 141 102
78 233 81 235
72 42 73 46
133 17 133 24
194 5 195 9
85 98 94 98
56 198 57 201
31 241 35 242
37 140 45 140
37 59 37 70
152 242 156 243
51 175 51 183
144 26 151 26
130 240 134 241
132 171 132 182
187 220 197 220
179 158 179 166
194 154 199 155
123 110 124 114
187 34 195 34
148 40 157 40
85 73 93 73
49 18 54 19
21 202 24 203
106 90 106 97
120 19 120 27
56 164 58 167
6 13 9 14
95 246 98 247
70 26 80 26
101 134 102 138
190 54 191 59
160 80 170 80
3 53 3 60
133 121 141 121
149 167 151 169
21 99 28 99
61 102 61 112
53 180 64 180
103 172 111 172
79 236 80 240
26 134 29 136
150 64 153 66
131 30 131 40
109 97 110 100
53 190 55 193
51 13 61 13
23 178 23 188
89 206 93 207
118 63 121 65
18 157 27 157
12 102 20 102
178 81 178 88
12 8 23 8
141 73 141 84
145 222 155 222
188 227 189 231
7 45 8 48
39 10 39 17
93 72 101 72
162 149 165 151
22 244 26 245
115 156 124 156
130 6 132 8
138 88 143 89
107 59 107 67
129 130 137 130
107 241 107 248
26 161 27 166
184 0 185 3
160 51 162 53
53 95 54 100
37 159 37 169
146 188 156 188
143 68 147 69
15 92 22 92
134 200 136 202
120 73 124 74
97 112 102 113
47 197 49 199
43 77 46 78
61 61 63 63
67 136 71 137
57 138 58 142
98 0 102 1
62 166 64 169
54 171 55 175
192 230 195 232
136 173 139 174
38 191 42 192
93 142 96 144
87 192 89 195
29 72 30 76
197 82 199 85
85 39 85 50
39 81 41 84
198 239 199 244
169 213 171 215
172 34 173 38
113 70 113 81
138 105 138 113
120 136 123 137
99 180 102 182
5 50 13 50
142 190 149 190
17 10 17 19
135 41 136 44
123 89 131 89
96 60 97 64
20 33 20 40
107 130 109 133
152 55 157 56
4 110 4 121
76 103 81 104
7 72 9 75
116 74 116 82
157 191 159 194
114 154 118 155
22 28 23 31
191 115 191 126
184 214 188 215
5 65 13 65
172 54 174 57
191 158 196 159
75 214 77 216
193 70 195 72
61 75 71 75
198 87 198 97
179 25 180 28
61 123 61 134
179 2 181 5
12 213 17 214
57 60 59 62
108 216 111 218
15 193 23 193
52 114 62 114
44 22 46 25
46 110 53 110
49 63 51 65
185 117 185 126
99 169 99 176
154 226 157 228
144 36 145 40
81 54 83 56
132 204 136 205
45 204 49 205
50 66 52 68
14 225 16 228
145 197 146 202
162 219 165 220
75 183 78 184
59 123 59 132
160 129 160 136
137 177 140 178
97 2 102 3
53 119 56 121
82 36 84 39
136 167 141 168
132 65 133 70
124 69 131 69
40 38 49 38
136 23 137 28
75 7 79 8
117 177 121 178
5 212 8 213
159 238 159 245
127 171 127 178
94 67 98 68
179 111 182 113
38 177 40 180
88 38 89 43
108 96 116 96
27 150 30 151
132 125 133 128
129 101 134 102
110 239 111 242
47 92 48 95
162 181 163 185
51 145 52 149
78 99 82 100
140 12 148 12
1 141 9 141
157 91 168 91
165 85 173 85
194 59 196 62
142 170 142 179
67 197 75 197
123 84 125 86
86 57 88 59
82 212 83 215
75 75 75 82
22 166 23 170
73 149 75 151
154 22 156 24
137 126 140 128
103 242 103 249
186 128 186 136
164 206 164 215
35 74 46 74
147 1 147 11
95 236 97 238
94 117 103 117
53 0 53 8
9 244 19 244
53 71 57 72
40 117 49 117
145 132 146 137
151 2 152 6
87 112 87 123
152 98 156 99
19 209 19 219
7 231 9 233
68 0 78 0
194 130 198 131
127 110 130 111
151 85 158 85
192 207 195 208
99 214 108 214
186 27 186 37
157 8 157 19
179 103 183 104
157 163 157 171
31 7 33 10
63 92 63 100
125 215 127 217
20 195 20 204
192 99 192 107
197 11 198 15
33 101 34 106
112 195 113 199
174 207 183 207
192 119 192 127
2 167 4 169
50 184 60 184
162 241 163 245
107 19 110 20
45 92 46 96
144 191 151 191
29 27 30 31
168 173 171 175
161 24 162 29
173 119 176 121
88 1 90 3
3 228 4 231
176 105 176 112
87 76 92 77
47 112 49 115
173 97 175 100
193 25 194 28
93 88 98 89
62 179 70 179
29 79 31 81
26 47 33 47
14 31 14 39
14 21 19 22
73 121 78 122
9 89 14 90
188 170 192 171
167 9 171 10
36 36 37 41
109 15 112 16
158 247 160 249
180 128 180 138
194 190 199 191
174 176 174 184
172 39 172 47
119 138 123 139
143 237 148 238
11 160 11 169
99 228 101 230
114 226 123 226
26 54 27 58
70 47 73 49
121 232 122 235
161 10 161 18
86 172 88 174
148 178 151 180
124 53 128 54
8 2 11 4
40 246 44 247
162 223 166 224
70 115 71 119
14 109 16 111
29 162 32 164
191 196 192 200
90 166 91 169
144 148 151 148
132 230 141 230
124 10 124 21
190 145 199 145
182 130 183 135
102 15 105 17
108 146 115 146
15 126 15 133
16 153 23 153
101 28 102 32
13 74 18 75
62 201 64 203
141 246 148 246
94 239 94 247
175 236 175 246
174 91 179 92
13 15 15 17
145 170 145 178
109 47 110 51
124 233 124 241
112 135 121 135
137 94 138 99
116 172 121 173
55 228 57 230
181 150 181 161
25 119 28 120
26 214 29 215
85 32 90 33
27 240 28 244
87 217 91 218
134 225 141 225
66 55 66 64
101 146 102 149
104 60 106 62
95 170 96 173
125 94 125 104
151 97 158 97
5 145 6 149
0 56 2 58
153 233 155 235
184 225 184 233
35 222 36 227
138 185 139 189
129 116 131 118
107 36 107 44
174 103 174 113
10 173 10 183
136 181 136 189
164 170 165 175
35 154 39 155
131 249 140 249
4 224 9 225
175 165 176 169
71 99 73 101
128 203 129 208
58 147 61 149
158 227 161 228
114 183 121 183
175 226 183 226
0 25 0 36
82 108 87 109
32 248 35 249
138 218 141 219
151 107 155 108
160 174 160 183
170 0 180 0
190 206 197 206
194 164 196 166
19 134 24 135
11 241 20 241
69 191 77 191
132 210 134 212
182 62 182 71
120 148 124 149
143 141 145 143
182 6 184 8
56 40 57 45
11 123 13 125
39 142 43 143
177 201 179 204
82 164 91 164
195 143 199 144
176 75 185 75
29 125 33 126
100 98 100 105
144 204 145 209
80 219 83 221
118 12 121 13
17 58 17 68
78 133 79 136
35 102 40 103
11 18 11 26
39 165 40 169
127 155 130 156
111 248 115 249
24 187 28 188
129 1 131 3
118 210 125 210
42 209 44 211
92 110 94 113
130 43 130 51
107 9 110 11
126 197 127 201
17 96 20 97
164 187 164 195
51 246 59 246
83 185 84 190
45 218 48 219
114 150 125 150
70 29 71 34
25 141 28 142
24 150 26 152
158 24 158 32
111 86 114 88
180 227 180 234
2 146 3 151
133 31 133 40
13 186 15 188
86 207 86 214
172 136 176 137
176 20 176 27
125 73 128 74
116 179 125 179
51 26 52 29
116 188 118 190
183 81 186 82
138 36 139 41
131 142 135 143
146 145 150 146
79 115 82 117
59 83 62 85
7 135 9 137
112 186 120 186
22 161 25 162
73 87 74 90
48 224 49 227
129 121 131 123
133 52 134 57
186 89 189 90
82 92 84 94
181 97 183 99
167 190 167 197
71 206 75 207
119 57 124 58
88 152 88 163
1 23 8 23
16 103 26 103
23 209 23 216
78 47 80 49
74 230 78 231
198 115 199 118
1 177 3 179
61 70 70 70
195 226 196 229
190 226 192 229
53 55 57 56
119 128 124 129
45 127 46 130
41 124 43 126
31 138 32 143
1 105 5 106
137 198 138 202
117 238 117 246
43 79 44 83
18 76 19 79
9 152 11 154
163 130 163 137
146 81 150 82
152 136 155 138
111 28 121 28
32 63 33 67
188 55 188 66
111 62 112 65
67 125 70 126
77 151 86 151
37 147 39 150
25 43 30 44
151 122 151 129
54 164 55 167
20 176 20 186
146 27 154 27
87 48 89 50
58 31 63 32
41 85 52 85
70 62 72 64
164 104 165 108
19 12 28 12
162 10 163 13
157 88 164 88
102 83 104 85
45 213 47 215
36 35 43 35
69 170 78 170
158 139 160 141
187 35 194 35
151 181 154 183
0 48 1 51
185 177 188 178
144 16 147 18
189 188 194 189
105 217 106 222
25 104 29 105
166 65 166 72
142 162 143 165
27 4 28 8
98 77 98 85
119 195 121 197
128 59 130 62
190 18 194 19
70 203 75 204
168 210 171 212
37 246 39 248
117 36 119 38
187 181 190 183
188 130 192 131
175 182 177 184
13 162 14 167
95 14 102 14
67 78 69 80
79 200 90 200
33 191 36 192
180 183 181 187
19 139 20 142
40 134 41 137
114 232 116 234
125 223 127 225
45 97 46 100
143 204 143 215
119 232 120 235
144 113 149 114
124 136 132 136
104 193 108 194
151 156 156 157
179 116 182 117
27 112 28 115
160 33 163 35
3 94 6 96
146 53 148 55
95 17 95 24
90 212 97 212
78 185 80 187
8 83 9 86
105 242 106 245
78 158 79 161
98 49 99 53
106 74 109 76
106 134 108 136
32 146 34 148
68 5 70 8
76 147 79 149
170 129 174 130
187 47 188 50
14 43 17 44
190 50 193 51
11 40 12 45
45 173 47 175
80 20 84 21
54 81 57 82
68 157 71 158
17 40 19 42
183 140 184 143
136 124 147 124
100 150 100 158
68 37 69 42
124 25 126 28
174 218 182 218
41 49 43 51
93 124 95 127
101 132 106 133
111 121 113 123
10 199 13 200
119 77 130 77
114 97 116 100
50 81 52 83
173 131 175 133
67 177 74 177
188 217 191 219
109 233 110 236
142 48 144 50
195 86 195 93
77 77 77 84
192 214 194 216
84 96 87 97
14 138 21 138
97 28 98 32
45 150 46 153
152 166 152 173
132 97 135 99
91 158 94 159
170 169 171 172
96 150 97 153
30 117 38 117
90 135 91 138
162 62 164 64
169 239 170 243
1 220 9 220
169 97 170 102
47 178 50 179
46 221 49 223
14 50 15 53
88 197 91 198
64 61 65 64
114 124 119 125
18 130 21 131
33 121 35 124
180 198 183 199
33 182 36 184
183 149 186 151
3 33 7 34
25 208 25 216
94 79 95 82
129 126 131 128
149 175 153 176
125 234 125 241
3 15 10 15
80 62 90 62
37 198 38 201
65 26 69 27
152 16 154 18
151 44 159 44
144 4 145 9
181 51 184 53
180 145 180 156
134 73 135 76
68 88 68 97
52 214 59 214
115 12 117 15
185 185 193 185
19 72 22 74
196 201 198 203
103 171 111 171
195 217 198 219
129 84 131 86
70 213 70 221
66 211 68 213
104 105 105 109
157 241 158 245
12 106 19 106
29 69 36 69
119 97 119 105
66 165 68 168
38 63 45 63
113 22 115 24
9 216 10 219
177 123 180 124
30 111 33 112
40 240 41 243
94 231 96 233
44 227 46 229
29 154 30 157
125 128 126 131
145 164 147 166
136 214 136 221
144 149 145 153
39 44 42 45
56 171 57 175
55 225 57 227
29 55 36 55
167 52 178 52
8 202 10 204
172 140 173 143
140 132 141 135
85 74 86 78
126 44 129 46
198 74 199 78
126 244 127 248
144 20 147 21
119 82 122 83
65 86 66 90
155 72 160 73
182 76 185 77
56 248 59 249
29 226 30 229
115 224 119 225
30 237 30 247
144 232 148 233
188 242 191 243
163 236 166 237
22 220 25 221
59 231 60 234
190 10 191 14
37 48 40 49
52 124 53 128
100 64 102 66
32 79 35 80
7 193 12 194
133 6 135 8
187 164 191 165
93 146 96 147
161 214 162 217
78 56 78 63
82 248 86 249
1 121 2 124
75 33 76 36
104 204 107 205
52 115 52 122
94 39 98 40
