3651
0 0 0 7
61 14 62 19
88 105 89 108
51 35 51 45
121 141 123 144
186 149 187 153
107 215 107 225
105 208 105 218
179 143 182 145
137 128 138 132
14 247 18 248
110 89 110 96
188 146 188 153
35 85 36 89
45 87 45 97
126 150 126 159
98 206 101 208
198 208 198 215
167 213 169 215
27 36 34 36
23 48 31 48
175 112 176 116
116 78 118 81
97 58 100 59
110 99 111 104
62 151 66 152
65 59 66 63
165 99 170 100
103 142 103 152
187 97 191 98
140 132 141 137
157 88 161 89
183 205 183 213
165 237 168 239
24 6 25 11
76 79 83 79
39 138 47 138
60 145 69 145
75 93 76 98
30 75 30 84
169 16 170 20
52 213 54 216
142 223 152 223
64 146 74 146
75 127 75 136
107 169 109 171
62 120 66 121
101 184 112 184
147 182 147 193
57 155 64 155
27 184 28 189
135 119 138 120
167 78 167 89
69 151 74 152
189 232 191 235
176 124 187 124
56 74 56 83
77 125 77 136
15 186 25 186
157 191 157 200
111 60 111 70
82 100 87 101
162 1 162 10
33 123 41 123
36 183 38 186
94 248 105 248
135 47 140 48
19 200 19 211
58 144 59 149
156 33 156 42
100 200 109 200
61 141 72 141
194 143 196 145
10 149 19 149
102 78 102 87
139 128 148 128
175 212 175 221
93 152 95 155
119 187 119 196
137 243 140 245
46 161 57 161
63 74 68 75
159 214 166 214
131 44 140 44
87 68 87 79
38 31 38 42
62 87 72 87
194 95 194 104
50 166 50 176
29 168 30 172
51 198 62 198
163 113 168 114
98 38 98 49
180 166 183 168
193 211 193 218
182 56 182 67
181 247 184 249
3 179 4 184
163 35 165 37
170 198 172 201
77 45 79 48
165 13 167 15
122 31 125 32
191 201 193 204
197 72 197 82
104 154 104 164
51 55 62 55
86 214 97 214
136 203 138 205
155 30 155 37
179 40 179 49
93 45 95 48
142 173 150 173
10 63 15 64
51 58 53 61
0 234 1 238
90 61 92 64
184 204 184 214
83 230 87 231
162 174 162 181
73 6 75 9
50 97 55 98
82 170 84 173
177 220 178 223
118 229 129 229
142 113 147 114
104 106 109 107
126 237 128 240
8 206 12 207
109 82 117 82
145 166 154 166
88 204 93 205
2 79 3 84
102 7 105 8
181 18 182 21
109 152 110 157
148 226 152 227
76 106 86 106
127 5 127 15
85 20 85 30
146 87 156 87
158 46 158 54
29 201 38 201
149 148 158 148
38 197 47 197
90 41 90 51
180 220 180 228
72 218 72 226
104 22 105 26
126 133 136 133
131 13 134 15
34 98 37 99
40 78 45 79
134 139 143 139
122 71 130 71
167 231 178 231
102 128 112 128
149 228 159 228
129 115 131 117
11 21 15 22
10 230 10 239
169 85 178 85
46 47 50 48
0 166 4 167
162 31 173 31
74 114 75 118
33 143 36 145
106 135 116 135
149 23 150 27
120 243 122 246
173 195 183 195
45 162 45 172
46 155 55 155
40 220 43 222
184 131 187 133
193 228 194 233
109 110 109 120
168 207 169 210
33 30 40 30
185 74 185 83
118 106 120 108
13 145 24 145
172 174 173 178
14 103 14 112
198 219 198 227
90 158 95 159
8 68 18 68
131 135 133 138
96 163 100 164
31 128 34 130
10 214 11 218
184 169 184 179
129 84 139 84
34 11 37 12
127 119 127 129
33 179 33 187
80 225 82 228
77 231 77 242
22 22 32 22
31 43 41 43
64 138 67 140
76 101 78 104
164 68 164 75
28 71 28 82
75 40 86 40
161 149 162 152
43 227 47 228
170 111 174 112
70 83 80 83
142 61 152 61
10 243 11 248
191 119 193 122
6 70 6 80
21 106 25 107
142 247 152 247
129 76 140 76
74 160 74 169
140 105 141 109
12 96 12 104
91 83 92 87
122 221 127 222
124 116 124 127
116 64 119 66
22 113 23 118
80 51 81 55
189 107 191 109
95 168 95 178
123 200 124 204
92 131 94 134
180 238 188 238
107 54 118 54
136 236 136 244
14 42 16 45
192 65 193 69
98 227 100 230
80 33 91 33
55 42 59 43
118 3 127 3
175 232 176 235
68 99 68 110
145 78 146 83
44 115 44 125
63 19 73 19
115 30 115 38
74 20 74 28
51 66 56 67
140 90 151 90
77 163 79 166
0 170 9 170
176 184 179 186
97 171 97 182
177 94 181 95
101 137 101 146
133 206 133 216
134 51 136 54
134 220 145 220
79 1 84 2
182 11 184 13
150 2 151 6
19 214 24 215
94 235 96 238
77 218 87 218
2 60 12 60
59 171 59 181
60 49 65 50
115 102 126 102
104 186 114 186
56 0 56 10
148 231 148 242
39 23 41 25
19 104 20 108
70 134 72 137
177 128 180 130
106 212 110 213
43 103 43 110
141 210 149 210
68 161 70 164
20 231 31 231
68 69 79 69
34 195 35 199
35 94 40 95
0 155 11 155
32 77 32 85
72 112 77 113
107 145 116 145
84 241 86 243
129 34 139 34
53 31 54 35
49 133 50 137
119 9 119 19
68 248 73 249
163 168 171 168
120 88 123 90
170 152 179 152
93 104 93 115
32 210 41 210
162 202 164 205
185 14 193 14
132 7 133 12
167 11 176 11
42 213 46 214
95 242 96 245
130 196 134 197
130 191 135 192
129 160 130 165
44 179 46 182
174 171 177 172
89 169 89 176
112 233 115 235
1 208 8 208
131 29 133 31
121 39 121 49
12 159 23 159
23 222 28 223
157 125 168 125
58 233 68 233
58 194 60 197
63 246 67 247
122 168 130 168
41 46 44 48
171 96 179 96
33 239 40 239
124 28 134 28
86 188 89 190
16 51 26 51
130 37 140 37
31 20 42 20
55 47 64 47
54 165 54 176
90 165 93 167
72 111 83 111
11 191 22 191
57 129 57 136
192 26 197 27
188 74 189 78
108 41 108 50
87 122 98 122
77 139 78 142
160 27 168 27
168 58 179 58
105 151 108 152
106 136 117 136
4 26 7 28
8 187 9 191
12 26 17 27
169 44 170 48
150 113 158 113
141 22 146 23
172 136 173 140
18 194 20 197
114 243 115 248
149 198 149 208
109 224 112 226
2 92 3 97
161 187 161 195
159 143 160 148
142 66 151 66
187 25 197 25
11 234 14 236
135 86 144 86
9 20 17 20
32 137 42 137
118 170 118 181
11 94 20 94
60 78 69 78
171 141 179 141
107 121 117 121
189 130 191 133
9 209 10 213
70 240 71 245
72 0 83 0
88 229 90 231
68 3 70 5
93 63 93 74
11 106 11 117
63 33 63 41
197 148 197 158
166 127 167 132
193 174 196 176
81 155 89 155
134 215 137 217
93 27 94 32
151 22 152 27
183 152 185 154
28 226 37 226
28 213 36 213
62 82 70 82
59 0 62 1
8 119 8 130
157 44 168 44
103 91 108 92
56 120 56 131
140 95 142 97
82 204 83 209
81 229 82 233
104 192 111 192
78 14 78 25
108 71 117 71
117 178 117 187
198 191 198 200
177 183 187 183
15 127 18 129
26 30 28 33
170 131 170 142
127 107 129 110
125 198 125 208
191 33 195 34
54 227 54 237
195 231 199 232
60 57 65 58
101 48 102 52
193 147 194 152
0 145 2 147
183 172 183 179
45 30 46 33
17 126 28 126
68 217 71 219
168 76 179 76
173 42 173 53
89 4 90 8
133 187 138 188
155 85 164 85
118 231 118 241
122 215 123 220
152 197 153 201
37 111 38 116
154 107 155 111
131 38 140 38
5 234 6 239
22 97 24 99
147 195 147 206
111 45 118 45
141 12 143 15
61 20 72 20
91 9 91 19
14 203 15 208
159 98 159 109
132 143 133 148
136 145 136 155
15 95 15 106
83 190 85 192
13 154 15 157
73 245 82 245
87 128 88 133
119 181 120 186
151 19 162 19
15 245 25 245
57 187 60 189
44 195 53 195
36 17 43 17
43 247 54 247
86 232 88 234
186 22 195 22
124 111 134 111
53 204 60 204
83 96 88 97
98 62 107 62
121 233 121 242
164 138 169 139
45 42 49 43
120 173 122 176
31 237 35 238
185 33 187 35
102 239 102 247
132 235 141 235
61 94 71 94
80 136 80 146
142 98 153 98
160 165 162 168
63 224 64 229
190 70 195 71
41 62 51 62
119 226 123 227
7 178 7 185
163 184 168 185
14 239 17 240
7 79 7 90
162 135 162 144
197 13 197 22
111 161 114 163
135 88 137 90
84 203 86 206
27 157 28 161
120 39 120 49
196 101 196 112
182 220 184 223
148 191 149 195
155 207 157 210
20 224 29 224
95 189 96 193
20 238 29 238
35 101 40 102
23 101 27 102
107 8 107 19
53 103 56 104
174 13 174 21
83 121 86 123
21 206 30 206
142 192 143 196
65 188 68 189
188 30 192 31
48 14 48 23
153 7 153 17
116 48 119 50
144 104 154 104
99 106 101 108
125 74 130 75
100 215 102 218
156 248 161 249
34 67 44 67
69 203 78 203
83 9 83 19
24 24 25 28
29 120 30 123
90 194 94 195
58 185 68 185
136 112 141 113
85 58 87 61
101 67 101 78
58 25 61 26
141 177 142 180
164 140 164 151
37 143 41 144
135 35 143 35
0 100 0 111
133 18 135 20
186 114 188 116
21 4 21 14
45 133 47 136
143 53 146 55
57 34 60 36
82 60 82 69
173 146 177 147
6 226 16 226
194 169 196 172
186 15 187 19
194 179 194 189
106 108 106 118
92 15 92 23
167 196 178 196
160 239 164 240
24 16 25 21
184 46 189 47
38 46 39 51
169 181 169 191
41 173 41 183
39 158 48 158
156 182 159 184
20 162 29 162
190 138 191 143
49 53 59 53
8 200 11 202
122 75 122 86
161 47 165 48
158 207 158 216
8 96 8 106
57 190 57 197
186 208 195 208
106 141 108 143
123 57 123 66
150 37 150 48
120 110 122 113
153 216 153 227
182 78 182 88
44 73 54 73
167 103 177 103
87 3 87 12
52 151 60 151
44 145 46 147
10 184 13 186
91 161 94 163
174 30 181 30
148 243 157 243
21 54 21 64
114 211 114 219
29 58 40 58
76 50 76 61
21 84 24 86
165 56 165 65
198 180 198 187
75 231 75 239
96 172 96 181
177 69 178 73
36 221 39 223
121 17 121 27
4 98 7 100
142 37 149 37
82 12 82 19
71 158 81 158
86 43 86 54
196 55 197 59
45 70 47 72
152 245 157 246
181 104 181 112
96 60 106 60
8 139 9 144
150 62 160 62
92 25 96 26
165 73 165 83
95 37 96 42
168 4 176 4
155 5 157 8
157 117 168 117
79 4 79 12
185 142 187 145
136 222 141 223
64 242 68 243
172 118 172 126
97 199 97 208
44 26 55 26
54 137 56 139
50 32 50 40
109 7 114 8
10 88 19 88
169 37 172 38
19 95 27 95
111 91 112 94
91 188 99 188
161 91 163 94
61 124 61 134
116 150 118 153
194 238 194 248
144 203 146 206
182 38 186 39
4 144 4 151
11 27 11 37
12 38 16 39
95 65 105 65
138 1 149 1
36 148 38 151
123 41 133 41
87 241 89 244
135 96 135 106
30 87 30 95
39 86 41 89
20 45 31 45
6 146 7 151
1 57 4 59
123 36 125 38
181 63 181 73
194 49 196 51
54 78 55 83
65 118 72 118
128 207 130 209
191 75 193 78
29 189 29 199
57 62 62 63
147 7 150 9
137 224 138 229
41 186 42 190
43 162 43 173
71 186 71 197
25 193 26 198
194 2 194 10
79 148 82 150
35 204 37 206
171 16 172 19
167 241 170 242
167 67 167 76
199 212 199 223
1 16 2 20
14 198 22 198
156 74 156 82
8 25 16 25
175 16 179 17
119 234 120 239
83 3 84 6
5 242 13 242
188 154 188 163
179 109 180 114
159 189 160 192
3 176 6 177
100 165 100 176
13 52 13 60
135 193 136 197
159 158 164 159
157 9 159 12
117 41 119 44
104 219 105 223
146 91 148 94
155 119 158 120
37 106 39 108
131 59 133 62
29 110 32 112
22 56 26 57
169 153 169 162
83 36 93 36
135 69 137 72
88 177 89 181
86 64 88 67
20 18 23 20
115 68 123 68
113 171 114 175
185 185 189 186
97 117 102 118
194 201 198 202
86 85 87 89
157 133 167 133
176 154 179 156
55 29 57 31
39 81 44 82
69 21 69 28
104 55 106 57
117 230 125 230
78 94 83 95
173 115 173 126
13 24 20 24
150 28 161 28
186 167 186 177
141 64 152 64
26 227 35 227
166 244 177 244
105 41 107 44
133 178 135 181
150 54 151 58
127 17 131 18
30 220 31 225
4 224 8 225
75 189 76 192
93 98 96 100
100 99 105 100
158 77 162 78
85 112 88 114
71 170 80 170
187 206 195 206
48 177 58 177
33 44 33 53
26 233 28 236
16 109 27 109
86 198 91 199
106 155 106 166
31 93 40 93
130 233 135 234
195 39 197 41
81 13 81 23
38 69 42 70
171 161 173 163
0 212 1 216
108 5 111 6
36 193 45 193
167 170 171 171
22 80 27 81
165 66 166 71
15 246 22 246
101 2 101 12
193 110 193 118
45 100 49 101
47 198 48 202
193 60 198 61
149 75 149 84
90 186 99 186
141 74 150 74
13 130 23 130
31 174 31 184
160 219 168 219
178 2 178 12
71 47 73 50
8 174 19 174
111 200 112 203
0 40 2 43
103 46 105 48
123 106 132 106
51 139 51 150
181 192 191 192
98 235 98 242
174 119 174 130
22 66 22 76
24 0 35 0
35 80 38 81
116 20 118 23
69 228 77 228
5 19 7 22
63 223 71 223
118 190 118 198
24 239 25 244
12 181 22 181
114 196 114 207
110 137 111 142
141 240 145 241
0 29 10 29
76 3 76 13
7 112 7 123
199 69 199 78
98 127 98 137
92 90 93 93
183 1 186 3
148 175 149 180
30 105 32 108
36 244 38 247
100 0 100 8
110 123 114 124
187 37 188 42
177 219 188 219
114 76 119 77
51 224 61 224
26 54 35 54
61 165 66 166
73 197 82 197
63 105 64 109
58 56 65 56
148 105 150 108
64 204 73 204
142 49 147 50
183 62 193 62
113 104 115 107
12 110 13 115
7 230 7 240
116 6 120 7
3 114 6 116
105 232 110 233
146 186 146 194
76 73 81 74
37 1 47 1
111 238 111 248
142 85 153 85
145 118 156 118
61 172 63 175
45 115 52 115
69 198 72 200
144 2 147 4
133 121 142 121
123 107 124 110
6 158 7 163
162 247 165 249
155 153 155 164
60 208 60 216
144 130 151 130
33 173 40 173
95 103 95 113
80 165 85 166
25 134 26 139
136 26 137 31
143 142 143 150
12 62 20 62
101 185 102 188
90 244 92 247
63 27 64 31
152 150 156 151
43 4 45 6
14 33 21 33
148 32 150 34
126 93 131 94
18 226 19 231
4 33 6 36
12 212 16 213
96 228 97 233
59 241 60 246
14 77 14 87
55 112 55 123
94 199 96 202
2 112 2 120
87 149 97 149
67 132 71 133
17 168 22 169
106 176 110 177
96 97 105 97
117 220 118 225
146 227 146 235
138 102 138 109
106 229 114 229
6 130 6 140
53 111 53 122
59 39 62 41
84 152 88 153
186 128 194 128
141 75 146 76
70 63 73 65
69 215 72 216
179 242 184 243
99 103 101 105
57 72 67 72
134 125 135 130
58 73 58 82
151 128 161 128
180 180 184 181
178 36 180 38
160 56 162 59
56 182 65 182
173 24 174 29
166 202 171 203
13 215 16 216
177 110 178 115
98 170 99 174
29 147 29 157
41 54 42 57
127 54 129 56
174 163 175 167
95 63 106 63
65 105 67 107
185 93 193 93
184 100 184 110
51 90 56 91
162 39 166 40
120 91 120 99
131 0 131 8
77 217 84 217
162 228 164 230
174 240 184 240
146 213 151 214
7 76 9 78
126 67 134 67
188 50 189 54
43 150 46 152
191 147 192 151
32 139 32 148
25 173 25 183
41 128 50 128
145 13 147 15
90 78 90 86
8 39 11 41
3 199 14 199
3 189 3 198
139 186 140 191
159 243 170 243
133 114 137 115
143 185 144 189
160 64 160 73
177 47 178 52
94 20 99 21
162 53 164 55
69 100 70 103
120 179 131 179
143 7 146 9
156 178 158 181
75 42 79 43
90 200 92 202
23 171 23 181
156 219 157 223
92 168 92 176
32 8 36 9
76 232 76 241
138 152 140 155
44 204 49 205
86 163 87 168
41 196 52 196
146 39 147 43
92 217 96 218
73 84 77 85
143 99 148 100
192 222 196 223
104 39 115 39
102 77 112 77
129 49 130 52
176 207 178 210
93 15 94 19
139 233 144 234
12 4 12 14
68 31 69 34
132 230 142 230
198 22 199 26
73 208 73 219
199 170 199 180
35 235 43 235
116 122 118 124
109 108 114 109
33 72 33 80
180 159 181 163
79 235 79 244
13 29 15 32
178 120 187 120
51 199 55 200
117 248 128 248
184 157 184 164
85 75 86 80
133 1 137 2
99 215 99 226
94 55 103 55
32 13 43 13
139 193 139 202
116 166 119 167
24 4 29 5
125 123 126 128
181 75 181 85
2 204 3 207
185 57 190 58
142 40 143 45
162 127 163 131
69 42 74 43
32 100 42 100
11 180 18 180
123 236 124 240
3 142 3 150
146 146 146 155
198 96 198 107
76 141 76 151
167 159 168 164
69 229 70 234
56 107 59 109
139 99 139 107
138 144 140 147
69 116 73 117
154 168 157 169
151 121 152 124
22 218 27 219
55 154 66 154
170 86 173 88
43 112 52 112
169 145 170 148
19 34 19 43
82 45 85 47
77 175 77 186
88 144 93 145
118 142 119 145
18 211 18 222
98 37 109 37
186 187 190 188
163 104 170 104
37 85 38 90
40 165 41 168
168 2 173 3
111 87 114 89
74 183 76 186
8 48 16 48
144 136 145 140
28 8 28 16
14 185 23 185
79 102 83 103
96 81 97 85
17 1 17 11
110 43 115 44
100 145 100 154
66 209 66 218
30 185 30 196
90 131 90 139
121 116 122 120
112 61 113 65
50 21 59 21
96 156 100 157
1 125 6 126
168 40 178 40
81 143 82 147
78 119 78 128
12 119 21 119
149 93 152 95
26 180 28 183
18 92 22 93
54 86 62 86
181 239 191 239
132 65 141 65
177 150 182 151
31 117 33 119
62 211 62 220
190 195 194 196
155 73 155 84
98 197 108 197
122 9 124 12
61 80 64 81
89 116 99 116
9 6 9 16
54 68 65 68
131 79 141 79
51 123 51 131
66 172 66 183
9 116 9 126
37 73 40 75
103 68 106 70
82 72 83 77
130 180 131 185
15 56 20 57
2 67 2 78
136 9 138 12
101 231 101 242
153 235 154 239
184 129 192 129
72 102 74 105
89 44 89 51
107 93 109 96
111 169 115 170
80 91 89 91
63 200 68 201
166 8 168 10
46 75 51 76
1 85 3 88
194 156 195 160
119 163 122 165
54 157 64 157
37 215 38 220
115 190 116 195
131 156 142 156
170 180 173 182
194 45 197 47
1 244 2 249
64 83 69 84
169 118 169 127
50 242 58 242
57 117 58 121
189 162 191 165
56 212 56 221
89 140 94 141
9 157 11 159
128 114 128 125
195 113 197 116
192 0 192 7
55 99 60 100
13 166 14 169
34 216 36 218
36 25 37 29
11 69 11 77
56 206 61 207
156 189 156 198
1 130 1 140
73 59 75 61
135 221 146 221
78 27 78 38
160 105 161 109
163 108 166 110
124 63 126 66
173 157 176 159
86 182 95 182
191 155 193 158
38 162 41 164
49 117 50 120
153 1 155 3
109 235 110 240
66 29 76 29
126 15 126 25
92 14 103 14
9 79 12 81
2 228 2 236
24 68 24 79
144 131 145 135
108 18 109 23
181 232 183 234
114 94 119 95
127 167 138 167
147 156 149 158
30 133 32 135
1 219 1 227
137 92 139 94
48 209 48 220
110 24 110 35
148 145 151 147
89 88 99 88
117 34 119 37
194 209 195 213
55 96 66 96
42 40 47 41
183 125 188 126
61 149 69 149
29 67 30 72
127 96 129 99
151 142 154 143
176 32 178 35
7 192 10 193
197 242 199 245
182 131 182 141
117 146 121 147
112 26 113 31
39 116 41 118
118 209 118 219
163 223 165 226
102 189 112 189
41 74 44 76
184 195 186 197
100 42 100 52
36 227 39 229
51 211 59 211
36 126 46 126
150 186 153 188
160 29 160 37
31 164 31 172
154 176 154 184
110 171 111 175
64 159 73 159
40 224 40 234
82 174 85 175
44 99 52 99
170 106 172 108
188 86 189 91
58 45 69 45
191 48 192 52
79 214 82 216
0 84 0 92
21 132 24 134
47 215 47 225
192 136 195 138
118 247 127 247
103 207 111 207
151 7 151 16
141 242 146 243
179 31 181 33
176 142 184 142
137 182 139 184
20 112 21 115
118 9 118 18
177 189 187 189
137 50 137 59
171 220 174 222
107 234 108 239
7 215 7 223
16 155 17 158
44 189 47 191
2 45 13 45
173 207 175 210
67 172 78 172
155 237 163 237
164 172 166 174
146 140 147 144
44 183 47 184
41 240 42 245
189 66 189 73
23 63 25 66
43 181 43 191
7 62 8 66
185 107 185 116
175 238 179 239
118 82 118 92
3 43 7 44
81 235 81 244
34 179 37 181
153 72 154 77
123 170 123 178
69 205 70 210
161 7 161 16
166 54 166 63
186 107 187 112
39 156 48 156
63 7 72 7
173 246 175 249
60 73 61 76
67 128 70 130
186 79 195 79
122 183 125 185
103 195 108 196
85 136 85 145
133 218 140 218
132 226 136 227
108 160 109 164
101 122 112 122
91 51 99 51
171 77 175 78
199 120 199 129
2 46 12 46
169 98 180 98
82 27 83 32
46 235 49 237
19 154 21 157
13 10 16 12
155 185 160 186
184 8 192 8
112 46 115 48
80 181 83 183
62 102 62 111
169 149 174 150
178 216 187 216
76 80 80 81
43 206 44 209
8 135 19 135
30 1 30 11
84 126 85 131
97 191 100 193
66 13 69 14
160 119 164 120
172 127 173 131
120 132 125 133
125 33 128 35
58 65 62 66
76 125 76 133
137 39 139 41
18 97 18 105
93 168 93 179
84 133 84 140
123 189 125 192
47 83 47 94
11 82 12 87
65 15 76 15
76 78 83 78
189 179 190 184
185 100 189 101
171 187 181 187
66 167 68 169
193 29 195 32
139 115 141 118
60 89 63 90
51 29 52 34
34 119 36 121
149 0 158 0
151 193 155 194
7 228 15 228
119 156 122 158
40 103 41 108
168 60 179 60
73 223 76 225
163 181 167 182
126 188 131 189
116 108 116 117
166 165 171 166
125 57 128 59
158 170 165 170
36 64 38 66
91 183 100 183
64 147 67 148
109 51 114 52
139 16 141 18
44 102 48 103
51 201 59 201
26 173 28 175
183 19 183 28
141 31 150 31
3 101 3 109
67 182 70 184
189 243 192 245
117 134 126 134
120 117 120 128
174 49 175 54
25 87 29 88
71 176 76 177
38 129 49 129
169 175 171 178
132 173 132 184
8 53 11 55
65 193 67 196
51 5 55 6
32 149 32 160
52 158 63 158
93 232 93 239
120 135 122 137
153 134 164 134
22 147 22 158
129 87 131 89
1 47 4 49
73 74 73 82
77 161 87 161
10 169 12 172
119 101 126 101
13 171 18 172
144 160 144 168
81 151 82 154
44 17 44 24
89 213 98 213
175 203 180 204
190 90 195 91
101 31 102 36
157 97 158 102
51 0 53 3
80 133 83 135
157 68 159 71
107 80 108 85
175 127 185 127
139 175 142 176
14 52 14 59
21 166 24 167
186 55 189 56
25 170 28 171
32 181 32 192
187 234 188 237
53 184 54 188
17 140 19 143
131 159 136 160
34 103 34 114
145 167 149 168
97 70 98 74
52 233 53 238
125 139 128 141
40 169 42 171
37 207 42 208
30 214 39 214
67 51 68 56
112 155 114 157
106 58 115 58
160 183 168 183
52 140 55 142
67 58 72 59
53 11 61 11
14 150 16 152
91 0 92 3
34 167 37 169
26 118 27 123
35 47 36 52
151 119 154 120
173 104 176 106
55 15 59 16
109 181 112 183
100 27 101 30
111 18 111 26
47 63 50 65
46 239 51 240
138 77 146 77
34 236 44 236
57 6 59 9
32 69 36 70
11 140 13 142
13 217 15 219
126 30 128 32
141 19 144 21
134 150 135 155
122 130 130 130
39 131 40 134
180 24 182 27
24 111 24 121
22 43 27 44
10 126 11 131
183 82 184 86
187 228 188 231
73 235 73 244
111 146 114 148
174 81 178 82
60 121 60 131
4 63 4 73
49 88 58 88
130 144 131 147
64 34 66 37
83 235 85 238
91 206 92 211
151 115 161 115
120 188 120 198
14 175 15 178
53 128 53 138
102 21 102 29
147 69 151 70
8 17 18 17
24 129 26 131
131 170 131 177
22 229 30 229
117 114 122 115
77 246 84 246
108 72 110 75
63 135 68 136
28 102 29 106
14 232 23 232
109 198 113 199
81 186 81 195
103 1 107 2
160 208 163 210
114 129 124 129
165 141 167 144
2 222 3 227
94 56 94 66
162 97 171 97
130 190 137 190
87 202 87 212
189 23 194 24
130 55 130 65
110 130 113 132
153 45 164 45
41 227 42 232
85 119 90 120
70 37 72 39
78 90 89 90
174 101 179 102
98 140 98 150
42 24 43 27
60 113 63 114
161 236 172 236
81 81 84 83
176 161 179 163
32 219 35 220
160 83 163 84
173 71 174 75
16 144 24 144
178 198 189 198
59 163 64 164
158 152 159 156
50 101 50 109
184 40 185 44
67 157 78 157
7 127 7 136
141 142 141 153
74 126 74 136
194 134 198 135
84 187 93 187
138 66 141 68
110 160 121 160
60 234 67 234
32 61 43 61
139 25 140 30
135 162 138 164
106 53 117 53
52 105 59 105
136 123 138 125
16 199 25 199
133 246 135 249
6 2 6 13
80 57 91 57
4 190 6 192
38 3 38 12
95 94 100 95
52 56 57 57
150 163 154 164
151 137 153 139
105 10 105 19
44 38 49 39
157 33 159 36
195 180 196 184
87 20 88 23
133 91 134 94
28 91 29 96
4 87 5 92
60 191 69 191
12 201 13 205
116 59 118 62
118 136 119 141
8 162 9 167
104 228 115 228
170 50 171 54
40 177 40 185
91 40 93 43
33 32 36 34
57 139 60 141
86 118 94 118
113 0 115 2
95 146 97 148
175 199 177 201
169 92 171 95
97 127 97 138
128 82 128 91
169 224 174 225
124 135 127 136
148 20 157 20
154 55 155 59
167 172 172 173
48 143 48 153
16 202 17 206
181 207 182 212
178 215 188 215
69 173 70 177
70 92 73 93
195 8 196 12
129 138 129 148
71 11 73 13
151 126 161 126
110 10 110 19
198 235 199 240
73 193 75 196
43 113 50 113
32 15 42 15
188 104 188 113
179 51 180 56
165 16 168 18
68 114 73 115
163 193 163 201
26 142 27 147
129 215 131 217
113 216 113 227
172 61 173 66
30 96 33 98
186 154 186 163
139 59 142 60
36 211 44 211
29 39 32 40
123 150 123 159
79 51 79 62
125 153 125 163
125 214 126 219
59 143 70 143
2 156 3 159
14 15 21 15
47 140 50 142
7 1 7 8
158 196 158 205
181 121 184 122
62 2 65 3
191 210 191 221
132 212 132 222
173 197 174 200
127 157 128 162
88 79 89 84
154 9 156 12
109 45 110 50
105 27 107 30
70 33 72 36
5 93 7 95
40 153 43 155
34 249 45 249
113 111 115 114
109 3 117 3
56 233 57 237
35 232 38 233
19 68 19 75
162 105 172 105
121 95 123 98
178 132 178 139
58 125 58 135
77 221 88 221
56 188 56 197
84 194 89 195
8 196 13 197
20 210 24 211
65 44 75 44
50 8 51 11
10 98 10 106
189 175 192 177
53 42 54 46
198 156 198 163
173 1 182 1
3 15 6 17
93 125 94 129
158 121 163 122
9 134 18 134
47 9 49 12
196 62 196 72
66 237 69 239
43 92 43 102
129 200 131 202
195 234 196 239
13 162 18 163
105 33 107 35
70 138 79 138
184 49 187 51
69 75 72 77
30 233 30 244
76 108 85 108
89 156 89 167
142 129 142 136
186 67 188 69
188 173 188 184
157 57 159 60
78 41 88 41
91 221 91 229
179 19 180 22
125 48 126 53
46 162 50 163
104 240 108 241
144 27 146 30
22 11 23 16
0 11 5 12
131 239 132 242
94 203 94 212
18 36 18 45
116 1 121 2
16 123 23 123
180 200 189 200
31 14 41 14
122 193 122 204
63 86 73 86
40 10 45 11
175 42 178 44
165 190 165 200
4 200 5 204
89 248 93 249
102 168 113 168
187 43 198 43
144 215 148 216
100 201 102 204
46 230 51 231
127 185 129 187
130 6 130 15
5 141 5 151
170 208 170 216
165 118 168 119
77 9 78 13
48 94 58 94
136 140 140 141
179 173 182 175
24 40 27 42
170 5 171 10
160 211 165 212
131 158 139 158
72 234 72 245
19 163 24 164
198 6 198 16
38 52 39 55
21 69 21 78
182 115 184 118
92 7 93 11
91 196 96 197
88 34 97 34
194 52 195 56
152 229 157 230
20 247 23 249
13 192 22 192
140 53 142 56
137 172 138 176
95 2 98 4
36 2 44 2
158 193 160 195
107 127 118 127
120 29 123 30
90 66 92 69
62 127 65 129
84 71 84 79
9 146 11 148
138 3 143 4
91 96 98 96
79 117 79 125
143 88 151 88
121 210 128 210
73 54 75 56
125 244 127 246
6 152 9 154
41 160 44 161
58 52 65 52
104 88 109 89
159 174 161 177
9 175 9 186
74 212 77 214
139 36 148 36
152 204 152 215
122 242 129 242
123 180 125 182
64 175 65 179
134 40 136 43
23 46 31 46
104 137 107 138
51 102 51 111
107 153 107 163
178 177 180 179
133 169 142 169
63 119 71 119
119 208 119 216
184 52 185 56
141 196 141 206
198 168 198 178
48 85 51 87
25 84 28 86
155 135 160 136
21 172 22 177
44 50 47 52
26 239 29 241
181 49 181 59
127 152 129 154
146 101 151 102
185 4 187 7
161 65 162 69
34 75 36 77
62 123 73 123
186 21 196 21
152 173 161 173
146 122 147 126
143 197 144 201
45 208 46 211
30 131 38 131
1 182 1 191
62 21 62 31
149 239 151 242
125 18 125 27
115 217 115 224
82 109 87 110
8 136 11 138
68 126 72 127
3 245 7 246
8 50 13 51
31 57 39 57
49 16 52 17
187 123 198 123
6 53 7 57
57 168 61 169
98 190 106 190
39 177 39 186
156 13 159 15
103 129 105 131
145 189 145 198
85 216 89 217
0 52 0 61
158 90 159 95
45 248 56 248
101 131 102 134
185 201 186 204
133 4 135 6
119 84 121 87
126 176 129 178
0 19 0 28
174 237 185 237
124 49 124 60
156 25 166 25
17 150 20 152
120 103 125 104
86 35 95 35
174 176 182 176
73 32 76 34
50 205 54 206
111 177 114 179
193 107 195 109
31 244 32 247
19 136 22 138
50 23 55 24
140 205 140 216
166 222 168 225
75 139 75 150
197 159 197 170
3 18 4 22
91 104 92 108
99 233 100 238
186 205 196 205
197 108 198 112
40 120 43 122
21 82 25 83
111 158 118 158
170 91 178 91
38 194 48 194
156 161 166 161
100 240 100 247
161 217 165 218
118 25 120 28
186 80 187 84
139 224 142 226
69 50 70 53
85 224 89 225
2 137 3 140
46 241 48 244
103 80 106 82
194 110 194 117
128 2 130 5
77 198 79 201
46 78 51 79
169 70 170 75
134 231 144 231
44 222 46 225
92 102 99 102
182 224 192 224
2 185 5 187
163 21 171 21
102 177 104 179
89 28 91 31
20 25 20 32
65 101 67 104
101 15 101 26
52 50 56 51
96 140 97 145
133 172 136 174
82 84 85 86
121 193 121 200
89 237 92 239
11 1 11 12
96 158 97 161
24 38 35 38
139 7 141 9
166 115 171 116
171 83 176 84
101 171 105 172
185 134 190 135
110 208 112 210
21 36 22 40
197 130 199 132
63 95 74 95
137 22 140 24
108 214 108 224
20 165 29 165
0 172 2 175
31 79 31 87
199 32 199 40
151 29 154 31
114 16 114 26
56 203 66 203
3 211 4 216
83 154 91 154
109 98 117 98
101 101 108 101
171 68 172 71
135 209 137 212
147 220 151 221
17 124 22 125
184 193 189 194
113 33 114 37
11 153 20 153
66 156 76 156
147 52 151 53
175 190 184 190
45 120 46 125
129 123 132 125
192 102 193 105
52 162 55 163
175 24 176 29
111 143 115 144
4 135 5 140
86 13 89 15
52 124 55 126
148 11 149 14
131 53 132 58
39 63 44 64
36 195 40 196
158 79 160 82
50 27 55 28
53 183 64 183
168 34 171 36
57 75 57 84
149 91 157 91
130 112 135 113
128 42 128 53
145 160 148 162
136 96 137 100
4 227 4 238
159 4 160 8
59 114 59 122
60 106 61 110
101 162 102 167
143 80 144 84
183 32 184 36
179 229 180 234
49 164 58 164
19 96 20 100
79 222 79 233
187 190 198 190
90 124 100 124
193 178 193 189
158 233 161 235
25 167 28 169
45 117 47 119
160 221 163 222
31 248 42 248
117 103 117 111
90 52 92 55
76 248 87 248
57 22 61 23
53 75 53 86
120 35 122 37
154 196 155 201
11 221 16 222
168 59 179 59
31 63 33 66
77 152 80 154
48 191 51 193
91 129 91 136
135 138 143 138
123 145 127 146
36 175 38 178
14 160 24 160
199 51 199 59
147 224 147 235
89 111 92 113
41 80 49 80
195 218 197 221
49 146 50 151
1 100 1 109
39 37 42 39
44 175 49 176
33 190 38 191
74 249 81 249
10 161 11 166
163 9 164 14
165 205 169 206
132 127 133 132
120 55 123 56
149 63 160 63
64 90 68 91
112 204 113 207
10 139 18 139
67 41 75 41
122 224 131 224
23 209 30 209
175 62 177 65
117 200 118 204
41 27 41 36
150 195 150 204
137 165 141 166
134 102 134 110
87 102 91 103
104 125 114 125
99 127 99 138
67 124 76 124
50 159 54 160
151 38 152 41
26 14 26 21
75 215 76 219
6 0 16 0
116 233 116 241
105 202 106 206
84 10 84 21
113 10 117 11
124 154 124 165
28 134 28 145
147 132 149 135
180 146 185 147
42 89 42 97
189 39 194 40
168 22 171 24
103 185 112 185
22 103 24 105
79 34 81 37
49 121 52 122
141 10 150 10
133 161 142 161
56 142 67 142
27 18 35 18
48 223 50 225
180 3 182 6
146 217 149 219
104 108 105 111
5 37 6 42
45 232 50 233
155 140 156 145
13 233 24 233
47 13 55 13
79 219 84 220
9 66 17 66
71 205 80 205
39 111 46 111
137 236 139 239
130 104 133 105
25 213 27 216
90 169 91 173
14 242 16 244
157 23 160 24
194 13 195 16
86 191 89 193
181 36 181 47
166 5 169 7
132 48 133 52
139 119 142 120
190 37 198 37
191 181 192 186
18 241 20 243
102 39 103 44
21 21 21 32
28 202 33 203
27 6 27 17
26 151 27 156
174 191 178 192
47 166 48 171
125 9 125 17
9 230 9 238
10 189 20 189
111 188 118 188
160 244 165 245
182 111 184 113
116 161 123 161
131 204 131 213
100 73 100 83
95 9 97 11
20 4 20 12
3 234 3 243
163 15 164 20
90 70 90 77
185 240 185 248
171 189 173 191
170 153 170 163
138 181 147 181
155 174 155 184
187 248 192 249
148 86 159 86
127 213 127 220
12 146 22 146
30 216 33 217
27 177 29 179
13 224 17 225
169 232 172 233
167 50 169 53
50 182 51 185
102 224 106 225
120 212 120 222
27 127 38 127
2 30 7 31
127 21 128 24
71 21 73 23
102 147 102 157
100 125 102 127
118 5 126 5
57 12 62 13
140 171 144 172
127 78 136 78
119 52 119 63
153 47 153 55
100 85 101 90
127 191 129 193
63 12 64 16
18 85 20 87
6 92 17 92
129 243 131 245
2 161 4 164
30 145 30 155
28 117 30 119
197 204 199 207
89 21 90 26
183 226 184 231
21 226 23 228
106 133 117 133
42 203 51 203
25 187 26 192
83 117 92 117
25 141 25 152
82 21 83 25
182 89 182 98
165 151 173 151
138 210 139 214
15 77 16 82
19 5 19 13
153 65 155 68
100 115 104 116
102 9 103 13
77 206 78 209
17 70 17 80
133 185 137 186
58 67 67 67
26 125 34 125
102 230 110 230
145 146 145 153
93 54 104 54
164 169 172 169
165 87 166 91
144 105 147 107
108 243 110 246
77 64 80 66
155 218 155 225
8 108 8 117
17 111 19 114
43 240 44 243
18 120 20 122
79 176 81 178
185 168 185 179
43 28 46 29
27 193 27 202
103 85 106 87
106 97 107 100
30 59 33 60
179 199 190 199
127 70 134 70
156 174 158 177
80 115 90 115
15 235 17 237
13 131 18 132
61 8 72 8
190 209 190 219
182 99 182 107
163 186 164 190
74 86 74 93
5 68 5 79
94 249 101 249
77 99 87 99
144 24 147 26
80 199 81 204
129 42 132 43
159 229 161 231
72 96 73 100
140 122 145 123
96 15 98 18
36 157 46 157
171 204 174 206
115 21 115 28
101 124 109 124
27 211 35 211
79 184 79 193
65 23 68 25
100 136 100 144
29 30 30 34
119 205 124 206
62 193 64 196
156 92 156 102
121 92 124 94
116 199 116 208
105 40 115 40
72 180 72 190
16 89 26 89
142 68 144 70
34 170 39 171
48 118 48 126
179 217 188 217
192 227 192 237
10 111 10 121
0 62 0 71
53 240 56 241
199 6 199 17
104 146 109 147
78 231 78 242
99 123 107 123
3 110 5 113
29 26 32 28
112 56 116 57
48 93 57 93
133 73 136 74
28 49 32 50
18 239 22 240
32 92 41 92
198 143 199 148
187 155 187 166
86 171 88 174
144 46 149 47
16 101 16 108
175 19 176 23
92 198 101 198
196 157 196 168
25 207 36 207
170 186 170 193
190 124 194 125
134 58 136 61
54 152 59 153
149 161 154 162
19 235 22 237
158 38 160 41
166 247 169 249
76 168 85 168
135 46 142 46
188 6 191 7
73 127 73 136
62 130 66 131
160 91 160 101
115 100 123 100
32 175 34 178
45 74 53 74
83 39 94 39
13 187 22 187
71 71 80 71
94 167 94 177
22 25 22 33
182 29 192 29
185 136 187 138
49 226 51 229
142 245 147 246
156 22 164 22
119 149 127 149
117 208 117 219
106 13 106 24
68 68 77 68
66 225 67 230
154 214 154 225
73 178 76 180
95 134 96 139
36 3 37 7
40 145 41 150
122 45 127 46
97 24 98 29
114 84 116 86
110 165 113 167
105 178 106 182
186 227 186 235
103 59 112 59
144 142 144 150
189 147 189 158
75 72 75 81
33 244 35 247
103 234 103 241
21 204 25 205
181 201 184 203
81 119 82 124
65 80 72 80
172 5 174 7
70 212 72 214
109 195 113 196
126 196 128 198
59 232 67 232
130 96 131 101
82 49 83 53
83 37 91 37
134 134 137 136
33 152 33 162
85 94 90 95
14 140 16 143
56 85 67 85
159 139 161 142
154 26 162 26
1 62 1 71
97 217 97 225
57 58 59 61
46 166 46 174
108 201 110 203
91 77 93 80
172 99 177 100
153 205 153 215
107 55 117 55
110 114 111 118
48 188 52 189
141 71 144 73
80 247 89 247
199 101 199 112
128 213 128 223
57 226 58 229
144 211 149 212
196 2 198 5
120 73 121 78
187 117 191 118
89 58 92 60
143 17 147 18
34 80 34 89
53 39 55 41
29 128 29 135
166 28 170 29
59 64 69 64
184 89 184 99
174 66 176 69
110 4 120 4
115 207 115 214
120 62 121 66
34 153 37 155
189 112 192 113
42 200 46 201
4 195 7 197
15 83 20 84
77 59 78 63
98 76 98 86
94 83 95 86
46 6 46 15
161 123 164 124
88 98 92 99
145 226 145 237
103 105 110 105
62 237 64 240
11 90 15 91
74 230 74 238
112 78 114 81
152 130 154 132
76 24 77 27
111 73 114 75
78 180 78 189
102 102 107 103
71 103 71 111
11 16 21 16
177 165 179 168
168 80 179 80
127 80 132 81
129 149 133 150
32 1 34 4
172 241 175 243
25 111 28 113
116 28 117 32
1 74 1 84
74 49 75 53
197 179 197 188
120 231 127 231
103 244 104 247
168 81 168 92
106 48 107 52
37 60 46 60
44 245 49 246
190 145 190 156
23 59 27 60
76 173 81 174
25 163 34 163
3 51 4 55
83 156 85 158
53 148 57 149
49 218 51 220
190 99 193 100
82 240 93 240
83 58 83 69
17 207 17 218
142 116 153 116
86 235 90 236
147 149 156 149
193 17 196 19
80 27 81 32
26 70 26 79
142 205 143 209
145 97 155 97
59 227 62 228
189 226 190 230
154 43 162 43
67 171 74 171
53 144 57 145
55 172 58 174
129 23 134 24
154 226 159 227
145 175 147 177
188 137 189 142
18 2 26 2
170 119 170 130
179 63 180 68
125 77 125 86
19 128 28 128
60 178 62 180
138 50 139 55
112 137 113 140
27 245 30 247
184 70 188 71
137 13 139 15
62 42 67 43
63 206 63 217
148 111 149 114
132 198 137 199
35 202 45 202
10 223 21 223
88 69 89 74
152 144 153 147
165 146 167 149
76 114 79 116
102 119 104 121
84 177 85 182
179 245 184 246
131 228 135 229
172 89 177 90
80 210 82 213
65 9 70 10
149 152 151 155
176 129 176 138
74 121 77 123
198 89 199 93
81 61 81 71
33 141 38 142
67 70 70 71
47 179 49 181
132 90 132 99
8 71 10 73
102 72 107 73
23 34 26 36
35 106 35 113
65 112 70 113
123 13 124 16
132 64 140 64
93 219 93 229
32 230 33 233
161 30 161 39
195 192 197 195
94 119 96 121
195 73 196 77
50 18 53 20
142 248 151 248
94 12 99 13
67 60 70 61
9 31 10 36
124 172 129 173
145 60 155 60
182 71 183 76
152 66 152 77
98 159 103 160
31 124 39 124
103 194 114 194
199 158 199 169
120 0 127 0
11 122 14 124
150 156 151 160
18 47 19 50
139 87 142 89
172 92 175 94
108 66 110 69
65 210 65 217
112 237 113 242
83 93 91 93
15 112 16 115
51 171 52 175
40 214 41 219
197 48 199 50
156 64 158 67
111 14 113 16
10 7 10 15
137 249 145 249
162 162 166 163
33 68 43 68
58 69 62 70
63 97 64 102
58 32 66 32
5 213 5 220
195 185 196 188
165 41 167 43
163 68 163 79
54 150 64 150
176 181 179 182
148 142 150 144
169 194 180 194
6 23 11 24
155 187 160 188
79 21 80 26
67 46 69 48
172 34 175 36
138 61 140 63
43 83 46 85
35 140 44 140
161 98 164 99
88 44 88 55
25 99 29 100
102 15 104 18
47 58 50 60
183 135 184 139
20 201 24 202
31 90 36 91
48 30 49 34
191 83 193 86
89 208 90 212
176 218 176 225
197 89 197 100
116 244 118 246
94 103 94 113
42 176 43 180
196 29 198 32
169 217 172 218
59 221 70 221
15 70 16 75
59 248 67 248
129 155 130 159
188 32 190 34
96 67 100 68
178 169 179 172
69 193 70 197
33 135 40 135
100 210 103 212
0 116 1 120
97 151 98 155
116 171 117 175
149 232 156 232
101 191 110 191
52 243 56 244
192 160 192 171
0 157 0 164
116 69 125 69
104 78 107 79
98 110 102 111
151 78 152 82
136 127 146 127
130 141 133 142
143 109 152 109
36 160 37 165
158 241 166 241
163 0 163 8
123 193 125 195
7 18 15 18
29 15 31 17
126 36 136 36
171 157 172 160
101 174 101 181
148 127 156 127
145 117 156 117
16 28 17 32
125 112 129 113
164 2 167 4
53 71 56 72
143 101 145 103
22 220 26 221
86 138 87 142
163 153 167 154
175 177 177 180
189 104 191 106
156 163 161 164
0 194 0 204
123 39 132 39
95 66 95 76
89 142 93 143
180 15 183 17
94 215 98 216
24 151 24 159
12 65 22 65
0 242 0 249
141 184 142 189
184 59 195 59
108 12 109 17
191 53 193 56
166 240 173 240
43 54 52 54
51 222 58 222
86 29 88 32
185 229 185 236
185 11 188 13
3 0 3 10
135 80 137 83
63 153 72 153
80 120 80 131
5 209 7 212
24 189 24 198
171 55 174 56
4 117 5 121
186 27 191 28
179 70 180 75
131 161 132 165
95 208 96 212
66 0 69 2
81 3 82 7
179 148 183 149
135 157 146 157
8 1 8 9
33 192 35 194
29 41 33 42
165 229 166 232
27 61 27 71
78 92 88 92
154 49 156 52
27 24 32 25
99 24 99 34
131 85 140 85
167 45 168 49
190 95 193 96
142 140 142 150
94 222 94 229
80 5 80 14
129 236 134 237
9 240 12 241
150 181 151 184
66 16 75 16
48 0 49 5
143 56 146 58
178 86 179 90
80 162 83 163
95 223 95 234
23 37 34 37
40 48 40 57
149 234 151 236
140 193 140 204
26 114 31 115
61 160 64 162
2 101 2 109
59 91 62 93
72 1 75 3
128 10 129 15
132 170 143 170
4 61 13 61
79 128 79 136
124 88 127 90
21 96 21 105
145 67 146 71
105 134 115 134
171 142 173 144
22 49 27 50
192 238 193 241
130 102 133 103
172 132 174 135
132 200 134 202
166 197 167 200
22 141 24 143
43 45 50 45
167 64 170 66
33 103 33 114
145 165 154 165
125 170 128 171
167 57 178 57
189 211 189 222
148 169 151 170
181 220 181 229
148 182 149 186
83 138 83 147
73 106 75 109
165 220 168 221
196 138 198 141
194 81 195 86
58 136 62 137
124 211 126 213
162 50 166 51
5 159 5 169
172 8 177 9
141 27 143 29
40 7 44 8
179 196 183 197
116 211 116 222
133 95 134 98
4 173 15 173
35 156 35 163
182 157 182 165
13 34 15 37
185 87 186 92
86 16 86 24
175 123 185 123
10 182 21 182
26 243 29 244
3 37 4 41
156 137 158 139
96 107 98 109
171 208 172 212
31 240 39 240
67 179 70 181
33 200 41 200
171 122 171 133
63 66 72 66
162 235 171 235
37 188 40 189
177 213 182 214
142 163 143 168
129 119 132 120
40 16 47 16
186 63 191 64
121 213 121 224
96 165 98 168
116 130 120 131
44 162 44 169
180 185 184 186
171 109 176 110
34 22 37 24
155 203 157 206
17 175 19 178
20 216 21 220
2 131 3 135
42 130 50 130
124 233 126 235
150 21 159 21
84 146 87 148
131 46 134 47
112 118 116 119
55 238 60 239
167 12 175 12
65 88 70 89
28 19 37 19
101 193 111 193
18 25 19 30
52 75 52 83
5 0 5 9
180 78 180 86
15 52 16 55
151 43 152 47
116 8 123 8
80 84 81 89
14 1 16 3
102 139 107 140
184 16 184 25
42 141 42 151
36 192 47 192
159 50 160 55
177 235 184 235
96 90 99 91
181 191 192 191
127 225 136 225
152 175 152 184
149 171 159 171
129 246 132 248
61 236 61 246
125 232 135 232
196 79 196 87
22 23 29 23
129 122 139 122
183 94 183 105
67 35 69 38
67 120 70 121
133 116 138 117
120 150 122 153
31 228 35 229
73 36 75 39
23 208 34 208
122 14 122 24
92 190 94 193
55 184 66 184
87 42 87 50
34 44 44 44
0 124 0 132
116 249 127 249
148 138 150 141
39 31 40 36
123 111 123 119
77 50 78 54
145 119 147 121
27 132 27 141
198 63 199 68
8 93 10 95
162 107 169 107
185 20 193 20
162 96 169 96
36 35 37 40
59 124 59 135
20 139 24 140
49 14 59 14
57 102 61 103
84 51 85 56
127 174 130 175
13 71 14 76
14 193 21 193
33 139 41 139
175 71 176 75
83 226 84 229
69 246 73 247
67 175 68 178
98 56 102 57
156 106 157 109
110 217 111 222
1 23 5 24
49 207 49 216
41 49 50 49
163 155 167 156
53 249 62 249
166 187 167 192
187 209 188 214
4 194 12 194
97 36 97 46
172 184 175 186
67 206 67 217
159 199 159 206
171 227 173 229
0 148 1 153
126 226 129 227
25 53 32 53
137 177 140 178
63 202 73 202
5 49 13 49
177 20 177 29
181 7 181 14
68 139 73 140
122 186 124 188
18 110 28 110
136 126 144 126
104 149 115 149
94 22 99 23
152 32 154 34
26 212 36 212
85 183 88 185
181 131 181 141
163 246 172 246
31 136 40 136
30 140 31 144
71 51 72 55
138 70 140 73
0 122 3 123
1 89 1 98
127 200 128 204
137 219 145 219
183 119 190 119
66 244 69 245
185 207 193 207
72 24 73 27
8 56 9 59
36 109 36 117
197 223 197 230
176 211 180 212
123 17 124 22
85 63 85 74
69 104 70 109
53 37 58 38
197 84 199 87
109 215 112 216
12 179 22 179
40 4 42 6
134 55 136 57
99 139 99 150
95 126 96 130
98 175 99 180
163 111 168 112
40 77 49 77
83 194 83 203
31 120 32 123
61 186 70 186
18 202 18 210
187 168 187 179
56 205 66 205
47 95 57 95
8 214 9 219
1 30 1 37
119 80 120 83
54 59 56 62
177 117 179 119
61 144 71 144
23 230 31 230
135 21 135 31
163 30 173 30
136 246 141 247
155 129 160 130
81 136 82 139
115 171 115 181
73 187 74 192
95 5 99 6
161 145 163 148
99 39 99 49
52 180 55 182
120 10 120 19
85 1 90 2
98 53 105 53
34 241 38 242
1 3 2 6
195 125 195 133
171 72 172 75
137 6 144 6
23 90 26 91
55 247 62 247
149 229 151 231
103 94 105 96
104 150 115 150
55 188 55 197
47 68 52 69
55 165 56 168
164 101 168 102
53 202 61 202
141 215 143 218
122 131 131 131
103 19 103 28
17 53 20 55
77 87 77 96
190 80 193 82
71 162 73 164
141 91 144 93
6 203 11 204
12 117 16 118
38 159 49 159
195 196 196 199
86 25 88 27
86 175 87 180
81 127 82 132
25 248 28 249
7 11 8 16
103 213 103 223
13 77 13 86
168 67 168 74
115 13 116 18
23 29 25 31
188 80 189 85
186 9 191 10
159 215 159 225
10 188 19 188
81 104 86 105
114 61 115 65
13 97 13 105
29 136 29 145
173 0 184 0
144 96 154 96
131 151 132 155
193 163 194 167
106 208 109 210
197 208 197 216
117 231 117 242
193 234 194 237
4 198 11 198
147 150 150 151
145 207 148 209
147 136 150 137
143 59 150 59
141 51 152 51
170 113 174 114
77 160 88 160
98 199 99 202
159 157 168 157
9 82 10 87
113 180 114 183
134 238 135 241
29 204 34 205
36 198 40 199
99 73 99 84
54 133 56 136
153 36 154 41
101 0 111 0
145 172 154 172
61 187 64 189
57 0 58 3
127 101 129 103
49 198 50 202
179 103 180 108
72 143 74 145
90 178 92 181
15 4 16 9
110 83 113 85
17 37 17 46
50 212 51 215
94 2 94 11
42 132 43 135
12 28 12 37
49 165 49 173
55 18 57 20
34 62 35 65
62 167 64 170
187 127 194 127
96 64 107 64
176 77 179 79
31 6 31 13
174 188 185 188
126 180 129 182
78 109 81 110
151 200 151 208
179 133 179 140
153 233 157 234
50 178 51 181
136 102 137 107
112 5 115 6
52 228 53 231
107 114 108 119
151 189 152 192
138 0 148 0
175 226 178 228
192 130 193 135
46 56 51 57
115 88 117 91
20 41 21 44
44 108 48 109
195 148 196 152
135 206 138 208
160 225 162 227
146 174 154 174
64 116 67 117
105 234 106 238
133 168 140 168
67 18 76 18
173 107 178 108
79 140 79 147
6 178 6 187
165 0 169 1
25 68 25 79
159 207 167 207
161 196 162 200
185 210 186 214
103 202 104 205
95 204 96 207
151 18 159 18
5 228 6 233
74 199 76 202
108 24 109 29
199 190 199 201
175 205 179 206
110 159 120 159
3 62 3 73
2 127 5 129
184 60 189 61
161 110 162 114
123 81 124 86
50 152 53 154
42 33 44 35
134 7 135 11
29 6 29 13
148 121 149 125
164 94 168 95
122 232 122 241
61 60 64 61
113 154 122 154
126 6 126 14
151 105 153 108
26 26 28 28
157 150 157 158
8 175 8 182
159 110 160 114
100 66 107 66
150 11 150 19
46 66 49 67
30 197 33 198
88 9 90 11
93 246 97 247
23 68 23 78
36 237 44 237
171 215 174 216
192 140 193 144
114 138 116 140
94 78 96 80
184 140 187 141
1 176 2 181
71 206 72 211
103 227 112 227
67 17 75 17
57 46 66 46
24 92 26 94
176 13 179 14
68 224 68 232
31 68 31 77
9 106 9 115
125 40 132 40
0 209 4 210
114 67 122 67
23 188 23 198
168 186 168 194
129 26 134 27
83 210 84 215
176 247 178 249
190 0 191 5
121 125 123 128
143 225 144 229
86 125 86 133
22 119 23 122
12 120 17 121
190 48 190 56
168 128 169 131
182 45 193 45
101 91 102 96
68 207 68 216
153 121 154 125
62 124 64 126
188 17 191 19
57 48 64 48
192 35 196 36
83 87 85 89
87 123 97 123
75 62 76 67
167 174 168 179
173 97 180 97
8 19 18 19
46 96 48 98
153 154 154 159
126 68 129 69
19 52 30 52
91 241 94 243
77 222 78 227
153 88 156 90
120 138 128 138
139 11 146 11
104 210 104 218
123 147 128 148
98 194 101 195
98 113 102 114
17 63 20 64
4 107 7 109
4 1 4 9
87 150 92 151
32 164 32 174
36 59 46 59
56 110 57 114
163 60 164 64
149 49 152 50
53 165 53 176
142 32 145 34
173 13 173 23
120 228 128 228
173 153 175 156
57 97 62 98
142 100 142 111
9 249 19 249
137 143 137 150
117 137 117 145
34 72 41 72
120 58 122 60
142 62 146 63
164 209 167 210
103 242 106 243
125 60 129 61
66 125 75 125
79 159 88 159
80 38 91 38
188 167 191 169
37 45 37 53
48 70 52 71
1 198 2 203
58 83 63 84
195 240 196 245
198 152 199 155
39 241 40 245
77 3 78 7
0 178 0 189
97 99 99 101
118 71 119 75
160 197 160 205
20 67 20 78
141 80 142 84
131 32 141 32
124 142 127 144
86 134 89 136
28 217 29 221
95 27 96 32
4 122 6 124
97 209 99 212
20 47 31 47
179 7 180 12
14 136 17 138
60 230 65 231
71 88 72 91
180 48 188 48
164 191 164 200
186 241 191 242
33 21 43 21
48 90 50 92
28 57 28 66
15 60 20 61
43 141 45 144
154 98 155 103
195 94 196 97
80 107 87 107
175 125 182 125
50 81 51 84
84 200 88 201
148 71 150 73
143 152 144 156
3 248 7 249
7 33 8 37
103 30 104 35
24 174 24 184
63 110 67 111
91 137 93 139
51 47 54 49
29 76 29 86
12 164 17 165
43 198 46 199
12 209 15 211
52 7 54 10
76 169 87 169
71 166 73 169
142 222 150 222
47 186 52 187
177 158 179 160
16 90 19 91
43 36 48 37
122 42 125 44
139 228 142 229
80 184 80 194
186 246 189 247
42 139 50 139
86 3 86 10
19 3 29 3
27 55 37 55
163 234 174 234
118 109 119 112
14 116 21 116
198 69 198 78
193 0 193 11
130 16 138 16
155 121 157 123
57 212 59 215
52 192 54 194
57 4 61 5
53 207 55 210
136 179 139 180
52 217 53 220
91 89 98 89
0 217 0 228
143 118 144 121
155 165 158 167
52 225 62 225
131 75 140 75
49 25 57 25
111 41 115 42
47 27 47 34
80 222 84 223
52 63 54 65
153 22 155 25
80 42 85 43
12 229 15 230
65 26 68 28
152 4 152 13
116 34 116 43
137 19 140 21
106 173 109 175
95 92 100 93
40 204 43 205
29 56 36 56
80 116 88 116
158 140 158 147
189 171 191 174
23 149 23 157
82 112 84 114
185 159 185 166
146 236 147 241
169 237 172 239
91 70 92 73
32 209 41 209
18 79 20 82
55 54 64 54
154 13 155 17
48 51 51 52
58 111 61 112
44 217 45 221
0 73 0 82
188 202 190 204
65 155 76 155
35 125 43 125
186 103 187 106
19 225 28 225
107 204 110 205
8 195 17 195
189 12 193 13
127 62 129 65
196 52 198 54
85 208 86 212
65 11 70 12
76 159 76 166
79 15 80 20
37 238 46 238
54 113 54 122
80 46 81 49
195 224 196 229
10 150 13 152
73 173 75 175
102 5 106 6
19 0 23 1
69 147 74 148
4 101 5 106
185 94 186 98
121 6 124 7
117 116 119 119
134 146 135 149
196 246 199 248
142 158 145 159
8 42 13 43
170 39 179 39
139 124 143 125
155 116 165 116
61 33 62 37
189 15 192 16
32 224 35 225
30 175 30 183
64 92 68 93
8 82 8 91
135 201 138 202
39 127 50 127
75 19 76 22
12 147 17 148
47 143 47 151
120 52 123 53
107 178 110 180
188 44 198 44
173 164 173 172
65 160 66 164
45 21 46 25
105 155 105 163
180 169 182 172
117 169 128 169
115 72 117 75
89 126 92 128
155 131 159 132
39 112 41 114
63 76 68 77
143 89 150 89
178 21 178 29
30 99 31 104
101 38 111 38
131 45 141 45
35 172 42 172
44 86 44 97
44 55 45 58
196 126 198 129
100 15 100 25
163 26 170 26
107 231 116 231
33 148 34 151
10 176 12 178
102 174 105 176
31 145 31 154
102 180 104 183
63 198 66 199
17 22 20 23
115 162 118 164
185 180 187 182
104 142 105 145
123 74 124 79
89 232 92 233
176 54 178 56
124 95 126 98
10 143 12 145
183 64 185 67
124 72 129 73
155 212 156 217
192 153 195 154
126 83 127 87
82 34 85 35
37 76 39 78
1 25 3 28
109 1 112 2
53 178 58 179
33 25 34 28
51 167 52 170
6 82 6 91
4 171 8 172
109 78 111 81
97 120 101 121
150 111 153 112
10 190 21 190
60 79 71 79
90 215 91 219
116 177 116 186
180 99 181 102
167 245 177 245
132 223 135 224
173 193 183 193
74 72 74 82
86 81 87 84
86 56 93 56
78 129 78 137
4 75 4 86
144 38 145 41
121 122 123 124
73 220 75 222
0 229 1 233
64 73 73 73
87 226 90 227
195 119 197 122
132 204 132 211
147 79 148 84
153 78 154 82
183 156 183 164
137 191 138 195
172 42 172 52
63 190 70 190
69 167 70 170
166 34 167 38
82 188 82 196
191 197 194 199
175 128 175 138
130 107 132 109
103 132 104 136
42 101 42 109
126 206 127 209
13 170 21 170
5 47 16 47
5 156 8 157
70 31 77 31
63 132 65 134
163 176 165 179
166 227 170 228
1 239 2 243
114 225 116 227
77 14 77 22
129 203 130 206
108 61 110 63
74 207 75 211
143 129 143 137
165 167 172 167
65 97 68 98
1 158 1 165
156 53 156 61
162 23 167 24
54 101 62 101
154 46 157 48
76 167 85 167
2 13 5 14
153 69 156 71
158 160 165 160
22 4 23 8
12 238 19 238
177 133 177 140
131 71 134 72
156 2 161 3
171 230 178 230
58 160 60 162
70 96 71 99
79 206 81 209
106 130 109 132
70 24 71 28
182 30 186 31
17 58 20 59
145 65 152 65
186 72 187 76
31 186 31 195
174 173 177 175
104 76 113 76
44 131 49 132
190 46 193 47
174 45 176 47
109 97 119 97
52 245 57 246
103 112 105 114
51 117 52 120
89 185 100 185
34 132 37 134
85 226 86 229
52 223 60 223
47 18 47 25
44 186 46 188
85 8 85 19
75 159 75 169
34 230 39 231
143 111 147 112
153 92 154 95
52 107 54 110
17 100 17 108
57 71 65 71
190 87 195 88
103 3 108 4
35 103 39 104
41 233 44 234
45 46 52 46
198 114 199 119
5 63 6 67
54 127 55 132
0 133 0 142
32 86 33 89
111 32 112 37
168 61 171 62
138 57 142 58
27 116 35 116
192 57 195 58
161 70 162 74
56 199 60 200
112 100 114 103
55 44 64 44
133 175 135 177
50 234 51 237
67 62 74 62
8 233 8 241
189 42 196 42
150 217 152 219
39 3 47 3
4 205 6 207
62 242 63 245
112 152 115 153
39 84 42 85
60 9 64 10
143 174 144 179
84 22 84 29
114 239 115 242
162 100 163 103
163 135 163 144
37 96 41 97
57 165 60 167
8 67 19 67
148 2 149 6
174 236 184 236
77 97 81 98
164 126 165 131
61 210 61 220
29 62 30 66
178 218 188 218
44 105 47 107
6 142 7 145
133 162 134 166
17 161 26 161
80 229 80 237
91 20 91 27
180 115 181 118
159 213 166 213
101 219 102 223
49 102 49 111
31 30 32 35
105 245 107 247
154 242 164 242
115 155 118 156
112 190 114 193
3 152 5 154
130 219 131 223
131 21 134 22
63 21 68 22
119 121 119 128
42 114 52 114
60 14 60 21
23 234 25 237
112 244 113 249
93 49 96 50
96 104 98 106
158 105 158 112
140 238 145 239
117 192 117 199
165 120 167 123
28 190 28 201
43 69 44 72
98 243 99 247
176 241 178 243
90 156 95 157
187 121 190 122
38 26 40 28
55 228 56 232
56 208 59 210
145 163 149 164
128 126 131 128
85 222 89 223
168 197 169 201
171 213 174 214
91 44 92 48
175 121 180 122
53 87 61 87
148 245 151 246
29 158 31 161
141 48 148 48
2 217 3 221
38 18 43 19
103 126 113 126
137 42 141 43
139 129 141 131
138 240 140 242
96 61 105 61
195 214 196 217
14 184 23 184
153 247 155 249
8 132 11 133
134 62 137 63
125 164 128 166
181 128 183 130
160 215 164 216
96 219 96 227
147 54 149 57
175 148 176 151
75 45 76 48
155 238 163 238
174 37 177 38
66 57 75 57
129 44 130 48
4 131 5 134
83 125 83 132
132 87 134 89
35 152 42 152
20 171 20 178
83 150 86 151
190 72 194 73
111 96 118 96
34 46 34 53
37 117 38 122
129 82 134 83
69 224 71 227
112 18 113 23
172 202 180 202
145 44 149 45
141 212 143 214
156 30 159 32
30 138 37 138
5 52 12 52
19 212 23 213
13 6 14 9
176 92 181 93
121 105 122 109
0 168 3 169
110 111 112 113
194 0 199 1
187 0 189 3
38 98 42 99
192 219 194 221
137 110 141 111
70 149 74 150
18 3 18 14
31 241 33 243
174 144 178 145
86 219 89 220
115 51 118 52
77 155 80 156
89 147 94 148
57 216 58 221
77 55 78 58
164 76 164 84
145 199 146 202
160 86 164 87
174 61 181 61
108 31 109 36
55 175 58 176
7 74 10 75
61 146 63 148
54 0 55 4
51 133 52 138
94 67 94 77
159 179 161 181
152 240 157 241
128 134 130 136
21 241 23 244
82 176 83 179
6 164 7 169
97 234 97 245
123 243 124 246
103 49 105 52
106 187 110 188
77 75 80 77
138 80 140 83
85 196 90 197
1 52 2 56
140 182 144 183
158 217 158 225
151 140 154 141
117 12 117 19
132 171 139 171
90 189 91 193
4 221 6 223
74 10 75 14
77 32 77 39
22 53 24 55
4 243 8 244
175 126 182 126
54 217 55 221
71 4 75 5
41 50 43 53
130 68 134 69
94 142 95 145
58 17 59 20
122 47 123 51
66 240 69 241
118 29 119 33
59 73 59 82
32 234 39 234
138 133 139 137
8 26 10 28
132 243 134 245
58 192 61 193
134 203 134 214
107 108 108 113
78 84 79 89
21 87 24 88
174 86 176 88
155 172 163 172
37 145 39 147
161 41 164 42
182 7 183 10
97 30 98 33
71 229 73 232
107 86 110 87
189 159 191 161
169 219 170 222
56 39 58 41
86 62 89 63
25 97 29 98
45 116 52 116
194 64 195 69
48 182 49 185
179 220 179 228
74 243 78 244
104 232 104 239
157 16 160 17
113 90 114 93
150 131 151 135
188 102 191 103
163 164 164 167
150 83 154 84
122 25 123 28
12 126 14 128
154 202 154 213
58 235 69 235
106 211 113 211
150 209 151 212
167 229 170 230
45 81 49 82
158 149 160 151
187 195 189 197
119 201 121 204
163 56 164 59
33 164 35 166
122 1 127 2
61 138 63 140
52 146 57 147
68 192 68 199
145 19 147 21
152 52 152 59
