3707
3 2 3 9
181 39 185 40
94 201 94 209
63 49 63 58
42 50 46 51
139 95 141 98
158 205 158 215
13 100 22 100
193 10 194 15
13 89 15 92
138 240 138 248
29 218 36 218
47 213 47 220
113 50 116 52
162 139 164 142
5 34 5 44
180 22 185 23
32 150 37 151
70 206 72 209
147 25 149 28
60 70 65 71
125 129 132 129
47 9 52 10
165 90 169 91
90 71 91 75
90 7 90 18
104 25 106 28
111 63 111 71
118 217 127 217
5 214 13 214
16 85 16 96
158 189 162 190
141 139 141 150
79 53 82 54
7 226 12 227
155 211 156 215
33 5 43 5
69 85 73 86
115 169 115 179
122 221 125 223
85 169 93 169
148 191 153 192
57 38 57 48
112 225 112 236
176 154 186 154
125 54 130 55
183 151 193 151
159 206 160 209
44 192 53 192
176 100 176 107
26 232 28 235
123 105 127 106
148 62 156 62
53 122 54 127
10 159 10 168
118 151 122 152
69 56 69 64
190 81 193 83
155 26 155 37
170 229 170 238
0 171 5 172
188 25 188 35
65 56 65 66
188 129 188 138
95 19 96 23
81 50 91 50
174 63 174 74
196 46 197 51
69 175 69 186
86 223 94 223
15 13 16 17
109 17 109 27
183 203 184 208
122 18 122 27
38 212 38 222
40 154 49 154
31 129 36 130
71 177 73 180
9 238 11 241
173 171 173 182
52 88 52 98
129 105 134 106
52 124 52 133
25 65 26 70
93 173 93 182
99 167 100 172
17 169 20 171
128 88 128 99
163 118 164 121
151 125 151 134
171 216 179 216
44 28 47 30
115 137 118 139
109 110 117 110
185 209 193 209
132 234 140 234
194 34 195 38
136 138 139 140
91 102 102 102
162 210 167 211
81 121 91 121
89 234 96 234
19 65 19 76
46 191 53 191
148 123 157 123
11 51 12 56
71 98 80 98
154 234 154 241
53 105 54 110
105 78 115 78
8 117 13 118
100 9 100 16
94 9 99 10
118 106 119 111
52 34 61 34
154 174 154 185
99 73 108 73
187 212 194 212
47 204 50 206
27 185 27 196
46 95 48 98
148 141 148 149
167 144 178 144
21 220 21 229
24 47 34 47
77 180 80 181
89 54 91 56
77 50 77 61
27 245 32 246
161 93 164 95
23 222 25 224
151 69 153 71
141 43 144 44
44 69 53 69
150 196 150 204
180 203 181 208
39 206 43 207
1 97 3 99
121 158 125 159
162 127 162 138
51 117 58 117
128 82 133 83
8 20 8 30
41 120 48 120
138 179 140 181
74 28 74 36
107 204 117 204
130 31 130 38
10 189 15 190
131 24 131 35
115 242 115 249
80 127 82 130
24 157 31 157
92 133 92 141
55 57 55 68
159 236 166 236
102 143 103 147
124 112 132 112
34 135 37 136
86 187 87 192
3 158 3 167
191 59 194 61
144 96 153 96
90 245 99 245
127 179 127 190
104 193 114 193
22 82 30 82
85 13 89 14
106 175 107 180
154 51 157 53
68 6 68 15
0 173 1 176
78 188 78 198
37 54 47 54
14 113 25 113
95 89 95 98
48 237 50 240
54 153 55 156
29 207 31 210
129 209 139 209
94 103 94 111
28 174 28 185
112 60 112 69
76 173 81 174
4 11 5 16
26 122 28 124
171 119 176 120
57 76 60 78
125 176 128 177
182 155 182 165
14 207 18 208
43 85 46 87
128 244 131 246
184 117 184 125
74 223 77 225
131 89 135 90
35 152 35 163
107 55 116 55
95 29 105 29
84 71 88 72
128 194 128 204
180 14 183 16
137 127 140 129
88 96 89 100
78 216 82 217
50 154 50 162
115 181 118 182
84 79 92 79
52 163 52 170
144 175 152 175
124 30 125 33
24 167 32 167
39 200 47 200
100 243 108 243
37 22 38 25
143 74 143 84
79 232 79 243
113 218 113 229
145 141 147 144
89 35 94 36
48 73 58 73
19 5 29 5
118 85 119 89
151 152 152 157
60 187 63 189
117 165 126 165
67 34 67 45
22 89 22 99
171 166 172 170
132 115 137 116
25 91 27 93
70 17 70 25
101 60 102 65
75 187 77 190
75 28 84 28
134 195 145 195
93 72 94 75
128 147 128 155
119 192 124 193
82 213 92 213
170 43 181 43
162 183 169 183
186 38 187 43
150 244 151 249
22 163 22 173
164 45 166 48
136 131 140 132
43 92 51 92
127 212 129 214
62 107 63 111
153 226 153 236
24 46 34 46
131 199 132 203
116 7 116 14
58 149 58 160
25 148 36 148
66 107 67 112
140 122 145 123
155 225 160 226
62 167 64 170
60 142 69 142
54 143 65 143
107 98 107 109
99 194 110 194
181 2 186 3
85 145 85 153
133 45 140 45
159 47 160 52
55 20 65 20
74 227 76 230
129 104 136 104
93 127 102 127
14 37 15 42
135 117 143 117
97 104 102 105
95 135 97 138
110 236 110 246
169 239 169 249
133 158 136 160
8 114 11 115
60 160 65 161
39 102 42 104
35 39 36 44
103 163 107 164
18 226 18 236
110 16 113 18
148 73 158 73
104 6 115 6
85 66 88 68
21 37 22 41
9 245 14 246
141 174 141 185
10 47 17 47
31 20 39 20
66 152 66 163
22 0 25 2
90 157 91 161
28 15 30 18
137 17 137 26
106 36 107 39
145 108 145 118
69 192 69 201
147 235 147 242
87 144 98 144
170 122 171 127
39 154 39 164
119 137 130 137
84 94 84 103
167 69 169 72
185 163 187 166
99 173 100 178
83 86 86 88
1 111 1 120
69 226 72 228
76 136 78 139
184 235 187 237
69 205 69 215
30 125 41 125
144 246 145 249
114 99 114 108
151 164 154 166
140 60 143 62
40 240 40 247
59 132 60 137
189 70 189 81
166 1 168 4
191 102 191 111
87 141 89 143
92 233 102 233
39 187 41 190
195 219 196 224
174 180 174 189
73 125 76 127
151 79 161 79
185 119 195 119
103 51 103 62
2 202 5 204
52 225 60 225
164 21 165 26
152 41 152 52
132 170 135 172
160 213 164 214
109 143 116 143
56 241 58 244
50 86 51 91
40 129 45 130
129 238 130 243
116 145 116 155
56 119 56 129
92 151 97 152
173 87 176 89
92 166 103 166
112 123 114 126
40 214 42 216
55 14 57 17
154 204 156 207
28 111 30 114
141 219 143 222
149 92 157 92
128 187 131 189
4 124 5 128
177 203 177 214
129 85 129 93
129 95 130 100
158 229 160 231
1 59 5 60
128 179 131 181
33 142 40 142
29 120 39 120
195 54 196 58
1 61 2 65
140 204 141 208
188 225 188 232
129 78 140 78
30 77 35 78
15 57 15 66
180 106 190 106
14 19 17 21
58 9 62 10
72 62 74 65
145 20 145 29
173 114 176 116
36 92 38 95
179 110 184 111
91 8 99 8
101 93 106 94
157 217 158 222
161 202 170 202
144 224 147 226
197 230 198 234
198 139 199 144
140 236 140 246
166 106 167 110
161 45 161 55
144 127 146 130
63 75 66 77
4 177 11 177
22 184 23 188
161 21 163 24
187 244 189 247
190 87 190 94
44 171 46 174
142 179 146 180
162 204 172 204
152 163 161 163
3 213 3 224
45 241 52 241
167 146 167 157
77 13 82 14
194 127 195 130
25 178 26 182
40 41 40 51
118 28 129 28
161 30 166 31
68 50 68 61
62 241 71 241
75 63 86 63
13 235 14 240
60 113 68 113
112 21 114 24
117 216 127 216
13 121 14 125
50 64 51 68
23 145 24 150
155 68 166 68
191 173 193 176
19 30 19 39
192 168 196 169
175 19 175 29
95 68 96 73
117 143 121 144
16 5 17 10
18 47 20 49
1 223 1 232
124 49 128 50
132 212 132 219
2 32 2 43
133 164 135 166
113 160 123 160
149 117 160 117
30 173 34 174
85 203 85 210
113 61 115 64
172 38 173 42
185 50 192 50
196 245 197 249
86 122 88 124
17 15 19 17
119 43 120 46
51 146 52 150
81 18 89 18
81 83 86 84
197 176 198 181
194 227 195 232
90 116 92 119
159 81 160 85
51 215 60 215
116 211 116 221
107 225 108 230
148 210 148 219
24 205 25 209
193 121 194 125
143 239 144 244
61 212 62 217
179 144 182 145
175 105 175 113
96 211 98 214
196 107 197 112
166 128 166 136
59 184 67 184
30 240 34 241
96 203 101 204
149 208 151 211
16 197 18 200
3 173 3 181
10 196 12 199
104 128 114 128
62 87 62 96
76 239 77 244
64 101 75 101
70 144 72 147
11 21 11 32
186 174 189 176
195 8 196 13
109 34 111 36
48 248 53 249
32 55 33 59
138 31 138 42
77 126 78 131
154 105 154 114
172 138 173 141
185 70 185 81
115 186 115 195
74 168 79 169
114 57 121 57
163 170 164 174
94 179 96 182
67 140 78 140
178 6 186 6
126 47 136 47
183 26 183 37
168 213 173 214
168 153 171 155
155 136 155 145
0 49 11 49
113 134 116 136
197 221 199 223
107 21 108 26
168 98 172 99
6 142 6 153
41 228 50 228
167 164 176 164
4 240 4 248
178 197 182 198
2 237 2 246
136 177 140 178
3 132 4 137
187 198 196 198
124 235 132 235
68 34 69 37
96 167 96 178
127 59 129 61
17 101 26 101
153 101 153 112
190 216 194 217
145 220 150 221
137 203 139 206
43 141 53 141
57 7 62 8
25 241 26 246
101 124 104 126
23 19 23 27
129 10 132 11
195 144 195 152
116 3 119 5
69 137 71 139
125 201 126 205
89 123 89 130
122 102 125 104
84 80 94 80
139 104 149 104
76 178 79 179
30 98 30 106
109 63 109 74
89 90 91 92
107 41 118 41
133 155 138 156
156 133 160 134
146 106 147 109
171 106 173 108
27 27 28 32
189 95 190 99
44 80 47 82
175 72 176 77
122 185 124 188
47 104 51 105
194 236 195 240
114 205 114 216
165 219 174 219
165 212 166 215
181 20 191 20
60 27 64 28
15 215 16 220
168 56 178 56
172 58 182 58
7 60 7 67
26 127 26 136
141 228 144 230
159 161 167 161
158 197 161 199
33 235 43 235
22 51 31 51
179 4 188 4
142 82 142 89
46 230 55 230
90 176 90 186
6 37 8 40
57 200 61 201
72 72 80 72
105 121 112 121
95 75 106 75
105 143 108 145
185 144 187 146
108 81 108 89
92 194 96 195
82 232 93 232
179 76 179 84
72 217 73 220
8 190 9 195
78 33 78 44
0 1 11 1
151 147 161 147
113 25 113 35
72 22 73 27
81 0 84 2
19 85 19 96
33 9 41 9
189 183 192 185
16 63 17 68
151 20 151 31
68 95 71 97
31 53 36 54
60 102 63 104
64 32 68 33
66 129 66 137
3 50 14 50
4 95 14 95
164 66 169 67
21 78 21 89
129 133 138 133
4 6 12 6
154 125 154 133
47 134 51 135
34 231 36 234
73 146 75 149
8 105 17 105
57 174 65 174
125 66 129 67
56 108 60 109
61 219 61 230
39 94 49 94
160 112 162 115
62 117 70 117
45 57 45 65
118 186 121 188
2 120 3 124
111 130 114 131
17 233 17 243
35 179 42 179
74 237 74 246
78 221 83 222
102 148 103 153
116 94 116 101
76 32 76 40
175 149 186 149
158 107 161 109
23 33 24 37
51 178 56 179
5 182 8 183
105 182 110 183
61 129 65 130
36 2 41 3
4 140 13 140
119 243 122 245
133 224 133 233
16 155 16 162
111 1 120 1
44 198 53 198
60 122 60 129
133 118 138 119
28 56 30 59
9 79 10 84
181 185 184 186
102 201 104 204
57 162 62 163
95 3 99 4
24 39 25 43
158 238 158 247
88 201 88 211
128 160 130 163
58 41 58 51
119 126 127 126
122 140 132 140
146 148 146 157
159 96 164 97
9 136 12 137
143 55 146 57
155 164 156 168
127 69 127 78
97 167 97 174
28 63 36 63
9 69 10 73
82 180 85 181
51 182 60 182
35 165 39 166
176 217 183 217
67 114 71 115
76 155 79 156
166 113 169 115
110 111 111 115
44 84 52 84
73 5 77 6
18 63 22 64
177 138 179 141
175 199 179 200
39 224 42 226
95 237 106 237
159 11 159 20
53 219 55 222
43 70 43 80
68 105 79 105
31 22 34 24
114 83 118 84
48 6 53 7
137 54 138 59
39 172 41 175
187 196 197 196
97 215 99 218
19 187 19 196
31 188 31 199
175 122 179 123
11 124 12 128
25 213 26 218
111 2 121 2
80 168 83 169
135 182 139 183
190 33 193 35
103 9 110 9
131 7 141 7
30 43 33 45
133 57 136 59
115 127 116 131
9 34 16 34
80 233 82 236
29 249 37 249
65 39 65 49
23 173 26 175
96 5 100 6
175 222 185 222
13 5 14 9
175 204 175 214
163 188 166 190
7 185 7 196
30 116 32 119
143 213 144 217
18 152 23 153
13 155 13 166
28 149 35 149
100 117 100 126
139 163 141 165
147 85 147 94
158 77 161 78
80 231 88 231
86 147 86 156
60 232 61 237
148 78 148 86
84 69 93 69
119 48 123 49
39 113 48 113
68 66 71 68
135 224 140 225
81 198 90 198
101 8 110 8
17 50 17 61
79 228 89 228
64 106 75 106
54 157 54 167
65 167 72 167
122 111 133 111
121 131 123 133
72 113 72 122
176 188 179 190
152 209 156 210
56 46 56 55
186 199 187 202
64 57 64 68
107 59 110 61
89 45 100 45
85 25 89 26
186 124 189 125
8 153 8 162
122 114 122 125
101 186 103 189
163 7 163 16
101 170 101 178
33 213 35 216
198 128 199 131
124 181 126 184
41 38 46 39
91 122 91 130
171 231 182 231
36 52 43 52
1 84 1 92
29 137 40 137
0 177 1 181
92 147 97 148
86 46 96 46
79 104 88 104
39 11 50 11
166 74 167 79
61 2 64 4
11 9 11 20
164 35 175 35
12 201 17 202
32 201 35 203
165 27 173 27
47 51 50 53
155 224 163 224
183 17 186 19
105 79 108 80
14 62 14 70
52 233 53 237
195 100 195 111
43 167 44 170
11 3 21 3
145 227 148 229
104 42 104 52
179 232 179 240
41 202 44 204
1 94 11 94
55 185 59 186
107 161 118 161
196 182 197 186
165 146 165 153
34 188 35 192
58 246 69 246
118 221 118 230
36 229 47 229
34 117 39 118
43 103 51 103
72 42 73 46
127 121 137 121
178 175 179 180
14 213 24 213
97 86 102 87
127 5 135 5
19 147 20 151
182 48 190 48
1 11 2 16
75 165 78 167
27 227 28 231
63 126 70 126
9 56 10 61
105 46 107 49
79 161 81 164
79 85 82 87
5 173 15 173
183 220 193 220
30 145 35 146
171 147 172 150
170 82 175 83
68 41 68 49
91 108 92 113
117 98 117 109
45 23 49 24
109 164 110 169
143 155 143 164
174 146 177 147
80 146 81 150
168 12 177 12
184 215 192 215
47 48 50 50
110 153 114 154
102 230 106 231
92 155 93 159
102 184 107 185
165 118 168 119
4 74 4 82
38 58 41 60
91 19 91 30
140 135 142 137
87 229 92 230
146 81 146 92
4 206 4 216
135 20 135 31
0 150 3 152
22 66 22 77
48 223 57 223
41 47 51 47
56 87 57 90
18 218 19 223
141 41 148 41
113 43 118 44
78 79 78 89
47 208 56 208
136 98 137 102
99 20 103 21
44 185 54 185
7 85 8 89
167 136 172 137
187 168 190 169
172 230 183 230
92 23 94 26
27 103 28 108
122 218 125 220
84 9 88 10
78 141 80 143
45 188 47 190
13 132 14 137
74 218 82 218
157 86 167 86
74 175 79 176
33 221 35 224
192 93 193 98
90 200 90 207
71 189 73 192
120 17 121 21
109 135 111 138
104 146 104 155
114 27 117 29
0 50 0 58
55 212 60 213
77 177 85 177
131 51 141 51
170 131 171 134
40 80 42 83
14 126 19 127
57 197 68 197
155 122 166 122
51 108 52 112
155 60 166 60
93 50 93 60
62 228 63 232
98 163 100 165
29 87 29 97
86 138 89 140
110 149 115 150
180 224 182 227
89 88 93 89
187 157 190 159
88 149 99 149
92 31 97 32
61 157 64 159
185 28 186 33
171 244 173 247
157 56 160 58
56 31 67 31
12 192 16 193
198 154 198 162
184 134 184 145
151 219 152 222
32 197 42 197
196 61 196 71
127 168 128 171
30 184 33 186
108 236 109 241
75 107 79 108
19 224 19 235
186 131 186 141
113 80 113 88
168 15 177 15
152 214 153 218
149 234 149 245
59 203 61 206
185 180 195 180
95 188 97 191
84 125 84 132
145 205 145 215
29 71 38 71
103 234 110 234
165 138 165 145
93 136 94 140
125 89 126 94
40 155 47 155
83 141 84 146
28 64 28 73
183 221 193 221
77 198 77 208
38 126 49 126
43 184 43 195
170 205 171 210
14 148 15 152
72 210 83 210
147 124 147 134
127 156 131 157
25 171 33 171
133 188 142 188
80 37 85 38
85 110 86 115
82 200 83 203
97 208 102 209
138 151 140 154
193 28 198 29
51 15 52 20
175 124 178 126
166 97 167 102
178 97 180 99
75 159 80 160
88 242 96 242
109 44 110 48
4 101 4 112
102 110 102 118
148 3 159 3
90 164 95 165
54 200 55 205
151 103 151 112
32 107 32 115
144 191 146 193
167 227 169 229
115 197 123 197
50 28 51 32
20 156 20 163
20 120 23 122
189 188 190 193
178 210 180 212
7 206 18 206
73 199 75 202
120 69 122 72
160 180 161 184
94 52 99 53
34 27 36 29
123 167 123 176
0 100 3 102
48 118 53 119
184 90 184 101
6 107 17 107
74 73 75 78
190 0 191 5
19 182 21 185
60 145 61 149
30 25 35 26
120 118 121 122
3 194 4 197
88 2 90 5
95 61 96 66
21 230 21 238
93 238 100 238
93 78 101 78
55 69 56 72
152 17 156 18
26 189 26 200
5 167 7 170
118 6 120 9
188 146 189 150
5 228 5 237
117 34 128 34
98 91 100 94
42 107 47 108
13 180 23 180
137 157 140 159
38 76 41 78
128 75 131 77
102 212 102 222
181 179 184 181
16 144 23 144
83 55 85 57
134 192 137 194
54 168 55 173
1 17 1 27
196 239 198 241
53 210 54 214
93 199 93 208
38 14 39 18
55 189 58 191
22 137 23 142
150 30 150 40
118 14 121 15
177 91 182 92
151 59 154 61
32 141 42 141
64 210 64 221
3 66 5 69
190 160 192 162
103 217 106 218
16 52 16 61
86 215 89 217
175 64 178 66
141 130 142 133
199 26 199 37
18 106 21 108
55 162 56 166
8 230 8 241
67 4 67 14
92 93 92 101
21 90 21 99
73 203 74 206
190 139 192 142
67 119 68 124
19 19 19 27
158 233 168 233
8 175 17 175
15 227 17 230
99 33 108 33
35 47 36 50
98 160 109 160
7 127 10 129
53 91 53 100
156 172 158 174
155 174 155 183
22 123 22 133
71 32 71 41
82 4 83 7
181 53 184 54
72 87 75 89
183 7 185 10
41 12 52 12
32 61 43 61
49 218 52 220
68 23 69 28
188 8 188 19
115 90 115 98
45 210 45 221
123 231 126 233
5 131 12 131
61 83 66 84
45 137 50 138
18 114 23 115
81 52 90 52
170 94 181 94
37 72 41 73
122 83 126 84
181 240 184 242
71 213 74 214
41 17 41 28
128 37 128 45
104 87 105 92
14 102 22 102
153 202 157 203
145 222 150 223
21 161 21 172
119 80 128 80
71 8 73 10
134 75 137 76
96 79 103 79
187 190 188 195
49 231 50 235
17 181 17 188
103 206 108 207
109 86 110 91
168 75 168 85
147 155 147 164
55 0 57 2
156 155 157 159
167 191 167 199
157 145 162 146
120 209 123 211
75 53 76 58
173 127 173 134
38 80 38 91
109 206 112 208
139 196 147 196
129 9 137 9
126 145 131 146
153 26 153 35
148 162 157 162
169 226 177 226
79 47 90 47
111 58 116 59
34 111 35 116
177 155 177 165
14 18 23 18
52 46 55 47
35 244 36 248
199 195 199 206
183 68 183 77
150 74 152 77
53 35 55 38
75 170 84 170
49 158 49 167
34 208 41 208
197 59 197 69
185 208 193 208
124 3 126 6
41 32 43 35
0 76 3 77
181 187 183 190
87 109 88 112
180 31 180 40
164 28 174 28
168 146 170 149
132 147 134 150
33 236 35 239
3 20 6 22
133 139 134 144
111 200 122 200
174 142 178 143
63 148 68 149
102 5 113 5
135 227 137 230
95 106 95 117
68 0 76 0
180 66 182 68
123 204 124 208
114 218 115 223
99 67 104 68
78 68 83 69
170 165 170 173
22 42 23 46
123 110 134 110
29 204 32 206
192 3 194 5
115 0 126 0
0 9 0 19
29 178 30 183
6 41 7 45
197 206 197 215
144 13 147 15
73 130 75 133
133 186 143 186
173 5 177 6
58 125 58 135
142 0 145 1
192 22 192 31
66 214 68 216
130 125 138 125
157 87 158 90
38 124 49 124
191 16 193 19
163 17 165 19
72 240 73 244
151 170 156 171
58 172 69 172
113 163 113 171
185 186 185 196
0 105 0 115
180 156 181 161
3 114 6 116
5 74 13 74
156 175 160 176
63 87 71 87
73 156 74 161
138 68 147 68
123 8 126 10
159 185 169 185
185 213 189 214
126 22 128 24
177 16 177 25
114 120 118 121
85 42 95 42
6 29 7 34
120 86 121 89
59 51 61 54
113 159 120 159
159 178 163 179
5 159 6 163
175 176 176 181
81 74 86 75
144 135 153 135
148 105 150 107
31 127 39 127
20 187 20 196
139 58 139 66
14 176 17 177
143 167 144 172
119 100 124 101
51 35 51 46
51 124 51 132
102 136 103 140
195 164 196 167
28 236 31 238
138 102 138 113
176 170 180 171
69 11 69 22
31 8 31 16
21 8 26 9
119 96 126 96
163 123 165 125
54 89 54 97
159 30 159 38
151 169 161 169
169 194 170 197
139 189 140 193
163 151 163 160
97 140 100 141
42 41 45 43
90 142 94 143
73 17 76 18
94 211 95 216
58 114 66 114
171 191 172 195
92 77 102 77
70 247 73 248
5 8 8 10
96 54 97 59
24 74 26 76
72 97 81 97
185 216 189 217
157 248 161 249
172 155 172 162
142 25 142 33
174 239 175 243
164 246 168 247
121 213 125 214
59 13 63 14
83 154 85 157
50 187 52 189
53 102 56 104
158 149 160 152
132 56 132 65
156 63 167 63
102 119 112 119
75 235 75 246
27 208 27 218
77 22 84 22
177 115 187 115
183 194 183 202
75 249 86 249
136 85 137 88
30 225 34 226
94 157 95 162
63 151 74 151
120 228 129 228
29 191 30 195
87 243 97 243
128 74 137 74
87 81 87 91
119 139 130 139
193 72 193 80
178 15 178 26
121 106 121 116
162 34 173 34
168 145 176 145
169 79 172 80
150 114 153 116
22 216 24 219
162 194 164 196
134 204 136 207
21 125 21 135
96 87 96 95
3 63 6 64
157 17 157 27
118 194 125 194
140 20 142 23
75 7 77 9
85 89 86 93
103 36 103 43
197 188 198 191
112 175 112 186
27 153 29 156
131 217 131 224
78 133 86 133
29 176 39 176
145 6 148 8
187 75 188 79
26 102 26 110
117 75 125 75
135 220 139 221
102 190 107 191
154 243 156 246
60 242 64 243
37 191 42 192
47 171 47 178
100 248 103 249
9 96 10 101
147 178 147 186
104 142 114 142
111 37 113 40
109 116 112 117
90 98 90 109
146 197 146 205
136 141 137 145
150 98 157 98
28 85 37 85
127 220 129 222
93 246 97 247
101 167 105 168
194 149 194 160
131 69 132 72
152 82 155 84
76 25 79 27
120 22 121 27
192 99 193 104
189 51 194 52
2 210 2 217
15 246 18 248
143 52 147 53
77 226 88 226
118 125 118 135
130 176 140 176
18 40 20 43
113 174 114 178
181 170 181 178
86 219 88 221
90 37 100 37
4 184 6 186
52 59 53 64
28 33 30 36
195 181 195 188
83 186 83 194
183 117 183 125
29 158 34 159
144 100 147 102
19 11 28 11
99 46 100 50
127 103 137 103
0 205 0 215
72 233 76 234
79 196 79 207
24 60 24 68
46 199 55 199
160 41 162 44
9 120 12 122
39 26 40 30
63 219 63 226
95 1 104 1
169 55 177 55
47 156 48 161
5 181 14 181
4 142 4 151
117 36 120 38
74 153 84 153
21 197 21 208
27 126 30 128
43 115 47 116
120 102 120 112
68 159 70 161
142 121 150 121
106 171 111 172
171 5 172 10
119 226 119 237
86 33 90 34
50 168 51 171
128 124 129 128
119 51 123 52
90 237 92 239
184 157 184 166
177 130 186 130
56 100 61 101
35 110 45 110
142 37 147 38
194 20 195 25
197 36 198 41
155 216 155 223
113 93 114 97
10 233 15 234
30 96 34 97
109 52 112 54
24 193 24 202
25 147 34 147
20 84 20 94
6 132 8 134
190 44 195 45
29 37 36 37
62 99 72 99
55 192 57 194
79 110 82 111
13 217 13 225
166 19 171 20
176 228 187 228
65 79 68 80
195 76 195 87
69 47 78 47
48 37 49 42
92 40 96 41
168 141 171 143
17 73 18 77
45 72 52 72
102 100 105 101
93 112 93 123
83 70 91 70
85 59 92 59
138 48 143 49
145 172 149 173
199 65 199 76
180 191 182 194
142 93 142 100
154 69 158 70
95 227 97 230
106 208 108 210
188 237 189 242
165 97 165 106
67 128 67 135
117 205 122 206
172 200 174 203
174 44 178 45
39 90 48 90
92 27 103 27
144 58 149 59
75 144 80 145
39 232 48 232
149 42 151 45
31 161 34 163
83 64 87 65
189 200 192 202
167 23 171 24
168 49 170 51
117 180 125 180
58 0 61 1
186 181 194 181
176 148 185 148
53 75 61 75
84 171 95 171
146 138 150 139
120 248 125 249
185 66 190 67
56 198 67 198
156 177 156 188
59 17 68 17
81 246 89 246
104 120 113 120
78 118 79 123
117 51 118 56
70 109 71 113
36 1 47 1
14 185 16 188
120 172 121 175
62 123 66 124
36 64 37 69
157 32 157 43
86 22 88 24
185 177 189 178
41 218 43 220
60 73 65 74
67 189 70 190
15 140 17 143
139 33 139 44
153 43 156 45
82 30 87 31
96 217 96 224
45 145 56 145
60 180 64 181
14 1 19 2
6 91 11 92
154 100 163 100
133 91 134 95
79 247 87 247
70 221 72 223
189 133 196 133
59 164 63 165
37 169 40 171
12 41 13 44
122 43 125 44
175 247 180 248
133 61 135 64
22 13 30 13
142 232 150 232
44 79 52 79
121 3 121 12
130 85 135 86
38 140 48 140
18 54 27 54
121 215 130 215
42 55 52 55
108 91 108 98
136 28 136 36
143 125 143 136
105 148 105 157
132 211 142 211
97 107 100 109
28 202 28 213
65 229 65 239
100 239 105 240
137 168 138 173
71 168 72 173
106 146 115 146
37 236 40 238
173 90 180 90
63 6 64 10
111 19 119 19
30 79 39 79
87 174 87 181
75 30 80 31
180 11 184 12
161 58 170 58
34 8 44 8
114 235 117 237
156 31 156 41
95 118 98 120
146 1 150 2
95 35 100 36
168 38 168 47
186 71 186 80
71 129 72 134
116 189 118 192
85 98 86 102
177 27 177 38
62 46 62 54
195 201 197 204
0 128 0 137
73 11 80 11
23 96 24 100
149 7 149 15
98 167 98 178
6 229 7 234
170 68 171 73
13 110 16 112
197 145 197 153
106 87 107 91
150 67 159 67
17 131 19 133
78 0 80 2
60 139 65 140
83 78 92 78
85 227 93 227
165 170 167 172
25 95 26 100
159 165 167 165
138 85 138 93
182 173 183 177
71 184 74 185
133 235 133 243
55 82 63 82
44 180 54 180
109 188 111 191
7 116 7 125
8 109 9 113
164 52 166 55
57 178 58 181
122 141 130 141
53 77 53 86
104 211 112 211
122 225 130 225
91 188 93 190
136 240 137 245
157 64 159 66
84 236 86 238
180 122 182 125
192 235 192 242
133 12 135 15
58 23 61 25
153 8 156 10
20 56 21 59
198 14 199 19
189 42 198 42
104 12 109 13
196 15 196 25
119 220 120 225
177 72 178 77
141 201 143 203
154 196 156 199
51 93 51 100
14 84 15 88
89 248 92 249
9 174 19 174
91 82 94 84
115 198 124 198
22 14 27 15
101 35 108 35
126 116 129 118
24 20 28 21
19 200 20 203
99 195 108 195
171 30 175 31
188 140 189 144
132 221 132 230
57 149 57 158
56 173 65 173
182 206 182 214
176 152 186 152
7 130 15 130
42 44 50 44
129 208 137 208
28 191 28 201
170 97 177 97
192 64 194 67
122 61 123 65
109 149 109 157
29 41 33 42
142 157 142 167
20 237 20 246
97 34 107 34
101 16 106 17
155 192 166 192
167 64 172 65
4 98 8 99
185 52 185 61
104 132 105 136
111 213 113 216
139 143 139 150
67 207 68 210
6 200 6 209
158 8 158 16
120 58 128 58
35 181 43 181
11 109 19 109
152 159 155 160
93 13 97 14
7 147 7 158
194 113 195 116
149 140 151 142
189 2 189 12
41 128 49 128
117 183 122 184
150 80 150 88
94 30 104 30
30 68 34 69
198 88 198 97
145 136 149 137
197 216 198 220
169 0 169 8
34 7 43 7
9 204 16 204
2 46 12 46
138 14 139 19
149 118 158 118
131 39 134 40
83 60 86 62
33 30 34 35
75 184 86 184
56 239 63 239
137 69 140 70
95 231 100 232
39 210 42 212
79 33 81 36
79 125 79 132
72 95 81 95
89 163 96 163
147 151 154 151
122 166 122 176
125 209 126 212
72 183 80 183
76 112 84 112
115 225 115 234
160 7 160 16
37 100 42 101
152 201 162 201
143 17 148 18
60 41 63 43
43 243 46 245
162 82 165 84
11 151 13 154
107 196 112 197
105 246 107 248
111 241 114 243
43 196 51 196
124 236 124 247
156 129 159 131
120 230 120 239
110 203 120 203
124 143 125 148
110 94 110 102
56 247 63 247
131 96 134 98
17 80 18 85
82 19 90 19
180 17 182 19
120 227 130 227
22 227 23 232
66 90 77 90
140 2 143 4
181 126 184 128
185 112 190 113
28 80 36 80
182 97 183 102
160 220 171 220
198 101 198 112
33 134 44 134
7 51 9 54
196 121 197 126
165 14 167 16
57 57 59 59
189 14 192 15
47 144 57 144
47 163 47 170
70 162 75 163
194 94 194 103
65 244 69 245
101 51 102 55
160 245 163 247
112 155 115 157
180 249 191 249
74 19 74 26
170 46 175 47
180 82 184 83
150 13 151 17
161 227 162 231
35 143 39 144
61 175 65 176
118 59 118 70
25 150 30 151
8 171 13 172
1 2 1 10
115 99 115 107
17 151 17 159
56 35 58 37
124 131 133 131
3 57 7 58
5 197 8 199
142 197 144 199
37 30 38 35
136 164 136 175
179 70 180 75
0 191 0 202
190 143 194 144
45 202 46 207
93 93 93 101
10 147 12 149
18 27 18 36
73 81 74 84
194 90 197 91
95 192 104 192
28 75 33 76
160 36 164 37
78 238 78 245
55 85 55 96
42 236 47 237
14 71 16 74
56 63 59 65
18 137 19 142
102 38 102 49
169 176 171 178
41 67 42 71
159 212 159 223
146 25 146 34
182 85 185 87
33 194 37 195
162 5 162 13
187 127 187 136
53 112 56 114
157 4 164 4
142 63 152 63
192 170 197 171
76 23 81 24
118 155 122 156
14 214 24 214
27 59 27 70
52 174 55 175
48 14 50 17
78 90 81 91
25 128 25 138
140 24 141 28
127 62 128 65
151 80 154 81
106 219 109 221
11 142 12 145
8 212 19 212
180 182 189 182
97 64 100 66
126 240 126 248
53 111 61 111
182 131 182 141
91 185 96 186
105 53 106 57
34 10 35 13
153 86 155 89
67 224 68 229
103 226 105 228
108 177 110 180
133 21 133 30
142 105 142 115
26 26 26 36
0 154 1 159
36 239 39 241
101 36 101 47
136 8 144 8
69 30 73 31
43 4 53 4
3 36 4 40
79 78 80 82
88 152 88 163
140 86 141 91
172 0 174 3
176 238 178 240
89 153 89 161
121 237 122 241
152 22 152 32
179 16 179 26
184 63 191 63
106 100 106 110
155 235 164 235
117 151 117 158
152 138 153 141
117 240 118 244
181 88 183 90
27 19 38 19
106 131 109 133
41 159 41 166
148 54 150 57
139 216 141 218
142 69 143 72
70 171 70 182
129 177 134 178
101 98 106 99
142 65 146 66
122 16 131 16
88 185 88 194
120 54 123 56
3 28 4 33
187 68 192 69
46 226 51 227
155 0 158 2
190 229 191 233
106 141 117 141
188 43 189 47
97 130 106 130
86 20 90 21
178 104 185 104
66 219 69 221
157 101 160 103
167 93 169 95
73 100 83 100
33 100 33 107
35 86 35 94
171 197 174 199
45 136 54 136
124 18 126 20
111 13 114 15
192 0 195 2
71 53 71 63
95 207 102 207
21 6 32 6
127 237 127 245
103 175 105 177
70 203 72 205
115 32 116 37
43 224 54 224
151 181 151 189
129 84 136 84
184 62 193 62
86 207 87 212
63 206 65 209
72 109 83 109
72 211 76 212
139 71 140 75
113 7 114 11
159 123 162 125
181 167 186 168
41 95 45 96
15 26 16 30
25 83 27 85
76 42 77 46
41 116 42 119
33 121 37 122
77 151 82 152
100 81 103 83
8 119 17 119
13 12 20 12
98 180 98 190
192 88 196 89
176 16 176 25
193 241 194 246
23 84 24 89
116 68 116 79
62 192 65 194
151 119 153 122
23 66 23 74
144 48 149 49
130 120 139 120
8 66 12 67
86 239 88 241
175 48 177 51
100 148 100 159
42 16 42 26
127 173 131 174
100 52 100 63
83 34 85 36
5 52 6 56
78 51 88 51
185 107 186 110
14 44 16 46
30 83 35 84
147 19 148 23
84 185 84 196
199 238 199 249
37 38 38 42
177 166 179 169
161 71 166 72
89 209 92 211
194 208 196 211
76 193 76 202
107 110 108 115
161 150 161 160
138 226 143 227
13 62 13 72
43 15 43 26
93 63 94 68
26 78 29 79
78 52 78 59
44 159 45 164
117 168 118 171
144 86 145 91
137 50 146 50
52 183 62 183
77 135 87 135
48 182 50 184
76 99 83 99
95 47 98 49
96 197 105 197
27 143 31 144
24 104 25 107
94 11 98 12
162 221 166 222
39 111 43 112
87 145 87 156
25 248 33 248
25 27 25 37
132 134 137 135
163 226 166 227
91 132 101 132
156 81 156 91
54 141 57 142
169 21 173 22
132 136 136 137
45 66 48 68
172 70 173 75
153 153 154 158
77 158 86 158
66 102 77 102
21 155 22 160
55 235 55 245
0 24 0 35
94 123 96 125
7 220 10 222
105 58 105 68
148 99 150 102
45 181 56 181
40 63 42 66
70 3 80 3
7 200 8 205
198 198 198 205
143 35 148 36
98 111 99 116
119 98 124 99
120 201 124 202
13 51 14 55
30 230 38 230
79 39 84 40
199 166 199 177
186 118 197 118
105 123 107 126
175 193 177 196
91 2 92 7
86 163 87 167
185 219 193 219
24 164 35 164
191 22 191 30
188 120 192 121
80 106 84 107
37 46 38 51
177 229 186 229
162 175 166 176
190 7 194 8
34 98 43 98
56 93 57 98
194 136 196 139
110 218 110 225
75 33 75 42
188 84 190 86
136 79 138 81
20 216 20 224
41 99 50 99
130 167 131 170
74 114 75 119
53 23 55 25
74 219 83 219
70 71 77 71
90 196 94 197
173 152 174 157
37 123 45 123
56 235 59 237
185 204 194 204
159 177 168 177
153 194 157 195
96 161 100 162
49 151 54 152
54 51 55 54
119 10 120 13
145 73 145 83
179 103 186 103
78 5 79 9
71 16 79 16
149 196 149 207
80 16 83 17
189 26 189 36
45 194 49 195
50 22 51 27
36 152 38 155
59 37 62 39
109 80 110 84
81 136 88 136
11 58 14 60
40 85 42 87
2 23 5 25
162 181 166 182
80 193 82 195
6 79 8 82
58 95 61 97
160 1 162 3
82 225 93 225
164 223 166 225
116 20 118 23
159 89 161 92
23 193 23 204
105 138 107 140
3 117 5 119
88 62 90 65
152 15 155 16
6 249 17 249
180 41 185 42
117 42 127 42
91 16 94 17
188 53 193 54
50 209 52 211
189 154 192 155
117 95 125 95
45 32 46 37
69 231 70 235
46 209 48 211
111 244 113 246
20 20 21 25
117 93 121 94
180 24 182 26
193 191 194 195
12 210 20 210
172 238 173 243
162 78 163 81
182 243 190 243
23 126 23 136
107 162 117 162
146 42 147 47
6 0 13 0
47 139 58 139
176 9 179 11
106 147 114 147
0 36 1 41
38 138 42 139
197 54 198 58
87 244 96 244
88 38 91 40
121 36 126 37
6 75 8 78
124 150 125 154
80 197 88 197
24 48 27 50
72 92 81 92
97 69 102 70
132 114 141 114
192 222 192 232
168 111 172 112
44 148 48 149
73 48 74 53
181 28 182 32
156 106 156 114
156 200 165 200
155 230 157 233
21 52 29 52
171 233 176 234
108 215 109 218
174 173 177 174
26 43 29 45
150 161 157 161
99 180 102 182
74 96 83 96
10 10 10 19
41 247 51 247
118 73 123 74
97 25 102 26
54 239 54 247
56 22 64 22
158 135 158 144
103 113 104 118
57 196 64 196
175 41 179 42
193 182 194 187
168 186 168 194
175 218 183 218
132 210 142 210
67 230 67 238
98 134 103 135
158 157 160 160
116 113 117 117
100 223 104 224
60 98 69 98
50 3 60 3
75 64 80 65
65 168 68 169
116 208 118 210
122 13 124 15
40 158 40 168
158 126 161 128
128 2 138 2
130 58 130 69
112 47 123 47
5 154 6 158
140 13 141 17
129 182 133 183
17 128 20 130
147 167 149 170
47 77 52 78
22 238 23 243
76 93 83 93
148 46 151 47
60 155 65 156
61 63 62 68
15 161 15 170
6 218 9 219
54 79 54 88
178 31 179 36
38 245 39 249
20 29 21 33
93 183 97 184
72 66 76 67
84 15 88 16
181 71 181 80
136 196 137 201
174 125 174 134
141 56 142 59
8 163 9 166
83 235 94 235
155 6 158 7
40 114 51 114
164 145 164 154
73 111 73 119
17 44 20 46
32 182 43 182
111 89 114 91
35 133 45 133
38 193 40 196
22 189 22 199
39 148 40 153
87 92 87 99
69 94 79 94
163 162 168 163
164 9 165 12
65 141 73 141
109 42 116 42
178 116 179 121
173 50 174 54
117 231 118 234
132 26 132 37
65 7 65 14
18 158 19 162
119 134 128 134
196 227 196 238
99 227 101 229
98 136 101 137
196 76 198 78
184 0 189 1
132 152 137 153
178 201 179 206
2 141 2 149
67 69 67 78
36 202 39 204
167 59 177 59
157 181 158 185
127 108 137 108
146 110 149 112
0 233 3 235
180 153 191 153
88 115 89 120
139 11 146 11
92 217 93 222
98 220 99 225
136 94 138 96
180 234 188 234
14 118 23 118
17 88 18 92
134 235 135 239
56 4 59 6
63 146 68 147
135 213 137 216
64 88 64 97
25 117 25 127
30 65 32 67
148 178 149 183
154 227 157 229
160 116 171 116
91 198 92 203
111 201 119 201
153 12 157 13
176 185 179 187
41 143 42 148
20 16 24 17
27 165 31 166
27 243 36 243
186 87 187 91
141 189 143 191
152 177 153 181
25 168 29 169
57 121 57 129
68 132 69 136
54 28 55 32
6 178 16 178
5 78 5 86
71 1 75 2
152 57 156 58
46 59 49 61
118 97 127 97
181 60 182 63
55 7 56 10
116 178 125 178
31 227 39 227
187 9 187 18
67 81 68 85
72 194 75 196
139 171 140 175
193 199 197 200
48 70 52 71
21 209 22 212
2 155 2 166
185 98 187 101
12 182 13 187
89 134 91 137
111 3 115 4
94 55 94 62
139 106 140 111
93 131 104 131
145 72 155 72
9 145 9 156
24 236 24 247
146 235 146 246
57 177 67 177
24 132 24 141
52 33 62 33
8 36 16 36
56 226 58 228
124 175 135 175
127 203 127 211
147 30 148 34
166 92 174 92
58 29 66 29
183 156 192 156
24 120 24 129
9 230 12 232
199 151 199 162
3 88 6 90
14 114 16 117
198 113 199 118
27 111 27 120
82 115 83 120
162 74 164 77
65 95 67 97
7 48 16 48
145 97 156 97
155 75 157 77
56 118 64 118
155 20 156 24
130 91 132 93
62 144 62 152
187 122 191 123
142 236 142 247
99 19 107 19
24 220 31 220
170 224 178 224
53 227 55 229
56 220 60 221
132 162 140 162
98 13 98 24
44 215 44 223
171 182 172 187
158 28 163 29
5 238 7 241
9 7 9 16
37 185 42 186
1 200 1 211
27 39 30 40
128 4 135 4
82 173 92 173
117 31 120 33
44 15 47 16
88 30 90 32
142 142 143 147
77 77 77 88
114 85 116 88
171 96 179 96
127 53 138 53
95 241 105 241
27 133 27 141
111 22 111 32
163 127 163 137
41 176 44 177
81 48 85 49
101 161 105 162
165 230 167 232
108 99 108 106
126 149 127 153
129 152 131 154
69 81 72 83
181 114 191 114
15 122 17 125
70 51 70 59
23 77 24 81
47 56 58 56
166 103 168 105
64 53 67 55
49 0 54 1
75 20 79 21
124 113 128 114
57 229 59 232
159 171 161 174
122 1 127 2
177 79 177 89
49 109 50 112
158 34 158 45
90 226 100 226
177 241 179 244
54 138 63 138
77 229 78 234
92 236 99 236
31 183 40 183
96 157 99 159
37 105 39 108
60 84 60 93
148 5 159 5
163 166 166 168
117 173 119 175
158 25 161 27
150 20 150 28
183 238 186 239
78 60 81 62
62 34 65 36
101 88 103 91
103 108 104 111
8 35 17 35
16 163 16 173
109 97 109 107
11 164 12 168
21 67 21 77
91 191 94 193
170 61 174 62
101 140 101 148
66 178 68 181
129 193 131 196
189 205 196 205
99 96 104 97
13 22 14 27
119 189 123 190
50 116 58 116
142 174 153 174
141 64 152 64
137 60 138 65
100 244 108 244
19 248 24 249
129 149 131 151
100 235 109 235
4 17 9 18
66 242 71 243
135 68 136 73
170 135 180 135
164 104 164 112
192 109 193 113
46 2 54 2
186 222 191 223
172 16 173 19
50 172 51 175
66 47 67 51
16 146 18 148
172 13 183 13
190 131 195 132
0 141 0 149
147 4 155 4
193 68 194 71
55 127 55 134
175 95 183 95
124 59 125 64
149 144 150 148
112 102 113 106
42 156 43 161
80 139 84 140
194 225 199 226
194 26 198 27
174 215 181 215
185 37 193 37
153 220 154 225
176 46 186 46
68 75 70 78
53 195 61 195
169 127 169 135
172 124 172 134
155 101 155 112
125 166 125 173
37 233 42 234
129 41 131 44
100 2 110 2
174 167 175 172
169 60 180 60
197 11 197 21
101 122 109 122
144 233 148 234
83 163 85 166
118 145 119 150
149 128 150 133
124 52 134 52
195 158 197 161
81 41 82 44
186 187 186 198
96 199 107 199
66 202 67 206
49 176 50 179
42 163 42 173
174 100 175 104
94 200 104 200
18 184 18 193
99 184 100 187
175 61 180 62
2 71 4 73
27 130 30 132
169 166 169 175
149 193 159 193
197 7 199 10
187 57 192 58
123 86 124 90
48 171 48 179
5 245 8 246
32 15 33 18
144 39 149 40
22 7 33 7
66 58 66 66
44 20 47 22
73 32 73 39
7 12 8 16
178 80 178 88
23 156 23 164
141 238 141 246
10 86 11 90
104 14 109 15
9 40 10 45
106 127 114 127
10 215 12 217
194 72 196 74
145 230 150 231
48 25 48 35
29 231 31 233
150 49 151 53
160 240 163 242
53 12 53 21
154 46 156 49
64 224 66 226
52 153 53 158
51 176 59 176
119 91 123 92
2 80 2 88
132 122 135 124
167 37 176 37
166 8 167 13
85 76 94 76
133 10 142 10
140 52 142 55
162 207 164 209
6 211 17 211
169 77 174 78
71 165 74 166
15 31 17 33
199 38 199 48
41 105 44 106
173 57 183 57
101 154 102 159
177 101 177 110
184 24 184 32
67 57 67 65
12 242 15 243
111 74 113 77
173 161 176 163
9 22 9 31
166 239 167 244
116 224 117 229
124 191 134 191
96 98 97 101
10 244 18 244
64 165 69 166
123 119 124 122
125 14 130 15
178 219 182 220
157 136 157 144
120 135 125 136
150 233 152 235
40 12 40 23
85 106 89 107
13 195 15 198
184 192 184 200
0 187 2 190
132 127 135 128
155 148 156 151
36 6 45 6
22 57 25 59
17 4 27 4
31 2 33 4
161 5 161 15
176 204 176 214
83 125 83 132
103 129 114 129
183 210 192 210
65 103 72 103
2 139 13 139
133 69 134 73
36 55 38 57
18 10 26 10
145 176 149 177
184 67 184 74
97 76 108 76
180 174 180 181
144 70 149 71
144 153 144 162
28 214 31 216
150 239 152 241
65 210 66 213
5 215 5 224
88 86 93 87
165 87 168 89
191 86 191 93
116 39 127 39
28 138 36 138
188 126 195 126
150 236 152 238
150 65 155 66
59 190 61 193
144 184 145 189
96 153 98 156
12 16 13 21
197 1 199 4
141 69 141 79
87 57 92 58
103 174 112 174
58 105 63 106
119 79 129 79
167 223 176 223
131 130 140 130
2 225 3 229
179 47 179 55
6 101 8 103
96 80 99 82
127 18 128 21
143 105 143 114
148 186 149 190
116 163 127 163
153 238 153 249
174 205 174 214
129 18 131 21
53 11 60 11
27 159 28 163
187 197 198 197
92 174 92 183
10 150 10 158
35 172 37 175
24 176 24 185
160 218 171 218
11 97 12 102
114 179 114 187
89 184 89 193
151 55 160 55
32 231 33 234
140 194 151 194
123 123 125 125
61 185 64 186
17 216 17 225
157 206 157 215
67 18 68 22
197 93 197 101
4 156 4 167
134 222 134 231
83 224 91 224
27 22 30 23
42 208 45 209
84 215 85 219
133 187 141 187
121 229 125 230
175 69 177 71
159 237 159 244
162 46 162 57
47 74 50 76
79 58 83 59
0 82 0 93
3 189 6 191
56 83 59 85
146 206 146 216
166 159 171 160
30 155 34 156
54 12 58 13
170 117 174 118
77 32 77 41
29 72 33 73
43 65 44 68
84 43 87 44
60 44 61 49
62 204 62 211
108 44 108 54
183 136 183 147
144 22 144 33
175 150 186 150
72 32 72 41
2 173 2 183
198 43 198 53
70 193 71 196
4 228 4 237
142 148 144 151
193 156 193 167
79 113 81 116
91 240 98 240
181 246 184 248
151 143 154 144
184 49 194 49
162 102 163 107
31 228 39 228
68 91 71 93
58 249 68 249
167 122 167 129
63 191 70 191
72 49 72 58
2 125 3 129
186 92 187 97
85 0 87 2
171 93 178 93
113 180 113 189
32 87 33 90
103 212 104 216
185 89 185 97
73 207 76 209
62 132 63 137
60 60 63 61
176 1 178 3
181 133 181 140
52 201 53 206
180 244 184 245
57 67 58 70
5 103 5 113
170 239 170 247
11 78 12 83
37 216 37 226
148 164 150 166
170 85 175 86
28 242 36 242
70 198 71 201
34 56 35 59
169 38 171 41
104 102 105 107
5 138 16 138
115 10 115 17
76 74 76 85
143 87 143 97
54 19 63 19
80 244 85 245
0 239 1 244
41 46 48 46
158 187 167 187
49 213 52 214
157 107 157 116
125 197 127 199
174 138 176 141
181 64 191 64
182 170 191 170
73 171 82 171
81 182 85 183
48 243 53 244
57 145 59 147
72 74 73 78
75 124 83 124
197 133 197 144
49 142 53 143
160 98 163 99
28 91 28 99
61 127 71 127
22 108 24 111
106 154 107 158
86 28 90 29
133 33 135 36
53 147 55 149
104 20 106 23
194 30 196 33
95 74 103 74
192 38 193 41
90 122 90 133
43 144 44 147
29 74 39 74
161 136 161 144
65 23 66 28
117 213 119 215
111 176 111 185
121 40 126 41
62 199 64 202
32 91 34 93
138 213 142 214
85 6 89 7
199 227 199 236
0 47 3 48
156 135 156 144
98 198 108 198
195 94 196 99
13 97 17 98
58 167 60 169
121 138 132 138
84 172 93 172
158 110 161 111
53 40 54 44
83 204 84 208
27 0 36 0
37 129 39 132
137 31 137 42
87 128 88 133
20 72 20 82
165 5 168 7
119 81 127 81
169 44 173 45
151 94 155 95
24 226 24 235
32 98 32 106
114 115 115 119
97 196 105 196
33 198 41 198
168 122 168 132
133 49 136 50
156 119 158 121
106 192 114 192
103 173 114 173
165 205 166 208
98 242 107 242
99 22 101 24
94 89 94 100
183 171 187 172
96 84 101 85
5 144 5 153
106 67 108 70
108 199 118 199
181 116 189 116
132 42 136 43
193 141 196 142
133 218 134 221
156 93 160 94
78 211 83 212
191 74 192 79
0 161 1 165
127 249 136 249
185 230 186 233
169 101 171 103
145 165 146 169
185 160 188 161
11 219 12 222
49 168 49 175
107 200 110 202
152 100 152 111
81 11 85 12
9 247 13 248
164 203 171 203
53 216 55 218
111 93 112 98
73 134 83 134
139 5 144 6
98 145 100 147
157 62 167 62
101 0 112 0
36 111 37 116
175 129 186 129
4 120 6 123
53 186 54 190
131 55 131 62
99 31 102 32
192 213 196 214
138 228 140 231
25 152 32 152
58 119 59 124
111 226 111 233
25 38 36 38
91 61 92 65
168 221 178 221
123 195 127 196
130 46 140 46
152 128 153 133
60 153 65 154
73 221 73 231
22 28 23 31
13 104 20 104
104 187 107 188
100 113 101 116
111 219 112 222
187 185 188 189
114 165 116 168
147 200 147 210
62 0 67 1
178 5 185 5
172 207 173 212
149 74 149 84
13 227 14 231
64 132 65 137
113 45 117 46
171 236 176 237
118 112 119 117
134 184 138 185
190 239 191 242
28 186 29 190
136 146 137 151
181 108 184 109
94 248 98 249
144 110 144 119
139 80 139 91
117 65 117 74
144 132 146 134
185 82 189 83
40 31 40 38
49 28 49 36
150 212 151 217
171 227 173 229
145 236 145 244
85 125 86 129
187 70 188 74
24 159 25 163
10 209 18 209
47 57 50 58
129 101 134 102
189 225 189 232
96 107 96 116
41 237 41 244
199 84 199 93
77 73 78 76
167 29 170 31
32 207 32 217
178 100 181 102
51 157 51 165
57 204 58 209
185 203 192 203
148 89 151 90
74 178 75 181
133 198 135 200
15 221 16 224
86 201 87 205
198 119 199 124
83 159 85 161
5 179 9 180
41 150 43 153
197 80 198 85
199 100 199 111
76 214 84 214
39 88 44 89
152 187 154 190
39 201 49 201
43 100 48 101
11 179 21 179
27 1 35 1
180 47 181 51
19 145 22 146
163 38 164 43
110 247 114 248
166 25 170 26
43 13 47 14
127 0 138 0
167 52 171 53
2 105 2 113
13 77 13 86
39 39 39 48
33 128 40 128
117 10 117 17
69 5 70 8
67 152 67 161
56 26 59 27
193 227 193 238
62 233 63 237
121 127 123 130
71 12 74 14
164 134 165 137
2 51 3 55
135 139 135 150
65 187 74 187
25 145 28 146
68 153 71 155
120 226 129 226
65 144 68 145
103 205 112 205
63 89 63 97
167 180 171 181
144 74 144 82
98 98 100 101
168 151 176 151
10 110 12 113
20 137 21 141
135 91 135 102
41 121 52 121
72 142 76 143
139 237 139 247
56 152 56 161
120 63 121 67
74 248 84 248
44 193 54 193
1 122 1 130
43 142 48 143
34 168 35 171
7 207 12 208
91 9 93 11
120 29 123 30
148 124 148 132
72 68 77 69
34 210 37 211
79 41 80 46
110 70 110 77
61 55 62 59
165 37 166 42
179 155 179 162
13 141 14 145
175 184 175 192
178 183 182 184
27 24 29 26
121 35 128 35
43 102 52 102
100 212 100 220
23 221 31 221
139 67 148 67
25 225 25 234
166 138 167 143
150 178 150 185
149 19 156 19
100 3 110 3
190 115 193 117
82 240 84 242
179 105 188 105
81 201 81 208
8 62 11 64
69 48 69 55
110 19 110 26
199 53 199 62
60 248 67 248
14 75 14 83
33 178 42 178
127 6 128 9
131 67 134 68
106 81 107 86
37 156 38 160
182 72 182 81
143 20 143 31
107 150 108 153
160 64 164 65
80 4 81 8
185 206 190 207
95 43 100 44
110 122 118 122
102 7 112 7
81 77 82 82
82 24 84 27
198 63 198 74
141 223 143 225
105 109 105 117
16 75 16 84
166 148 166 157
150 9 152 11
96 205 100 206
66 174 68 176
18 163 19 167
151 33 152 37
149 224 151 227
20 53 29 53
43 248 47 249
76 115 77 119
8 123 10 126
168 16 171 18
61 78 63 80
85 193 87 196
32 62 43 62
83 233 88 234
28 135 32 136
40 131 44 132
26 223 28 226
132 167 135 169
37 231 45 231
178 27 180 29
5 3 10 4
25 61 26 64
82 178 86 179
47 85 49 88
69 118 71 121
144 200 144 209
114 67 114 77
69 40 70 44
34 109 44 109
129 197 130 201
126 107 135 107
123 115 125 118
2 205 3 209
29 223 29 230
188 164 192 165
128 142 131 144
47 150 48 153
162 237 164 239
17 22 17 29
118 246 123 247
131 247 135 248
111 82 112 85
18 56 19 61
106 212 110 213
150 172 155 173
130 204 133 206
120 147 122 150
163 87 164 92
38 135 46 135
188 95 188 104
190 146 192 148
38 122 48 122
116 24 119 26
98 56 99 61
81 187 82 190
75 29 85 29
170 188 172 190
59 15 67 15
174 39 177 40
114 31 114 39
29 60 37 60
169 74 171 76
100 245 104 246
97 39 99 42
74 220 82 220
141 152 141 161
185 179 192 179
101 210 101 220
165 36 176 36
157 80 158 85
70 79 74 80
66 3 66 11
149 124 150 127
151 38 153 40
155 124 155 135
106 62 108 65
53 161 53 172
100 4 107 4
156 59 166 59
73 15 82 15
197 30 198 34
44 73 45 77
138 20 138 28
80 122 83 123
110 132 112 134
132 16 133 20
192 84 194 87
137 29 140 30
173 165 176 166
1 133 1 143
186 8 186 15
136 189 138 191
186 21 187 26
20 61 23 62
8 228 12 229
172 121 174 123
39 214 39 223
35 97 43 97
155 239 157 242
53 130 54 135
155 189 157 191
20 226 20 235
155 234 166 234
31 180 38 180
162 148 162 159
36 161 38 164
123 11 126 12
94 172 95 177
104 178 105 181
148 240 148 248
0 223 0 232
163 248 167 249
157 167 161 168
106 166 107 169
9 184 10 188
187 107 188 111
158 61 169 61
97 128 102 129
139 124 141 126
88 0 92 1
25 140 26 144
121 224 129 224
171 4 178 4
101 10 103 13
134 232 139 233
0 67 1 71
128 70 130 72
128 3 139 3
79 187 80 192
122 107 124 109
68 237 71 239
68 128 70 131
175 8 182 8
88 176 89 179
42 246 53 246
120 68 127 68
165 73 165 80
137 12 148 12
131 236 131 243
167 38 167 49
64 37 64 48
129 229 130 234
20 34 22 36
58 112 65 112
94 114 94 122
59 69 66 69
140 138 140 147
56 79 60 80
180 118 181 121
107 31 110 32
0 118 0 127
150 149 154 150
115 123 117 126
72 59 74 61
66 34 66 45
45 166 46 170
47 62 51 63
93 18 94 22
151 196 151 207
83 81 86 82
117 195 122 196
195 173 198 175
126 85 128 87
109 139 112 140
105 41 106 45
122 161 127 162
5 176 13 176
95 201 100 202
126 29 128 32
168 225 178 225
71 235 74 236
121 164 130 164
10 223 12 225
25 183 26 187
193 46 195 48
133 179 136 180
180 237 182 239
9 235 12 237
43 242 52 242
189 21 190 25
159 136 160 141
171 48 174 49
102 170 111 170
91 204 92 207
19 77 19 84
163 49 166 51
195 190 196 193
168 207 169 210
100 71 108 71
55 105 57 107
186 56 193 56
66 88 70 89
65 217 70 218
74 215 77 217
17 161 17 168
114 82 124 82
121 46 128 46
51 184 58 184
27 86 28 90
29 48 34 49
58 171 67 171
51 115 59 115
87 48 92 49
145 145 145 153
45 25 47 27
86 36 87 40
38 67 40 70
158 46 158 54
80 198 80 209
148 152 150 155
29 28 30 32
34 16 37 18
195 194 198 195
25 219 36 219
91 103 92 107
77 17 79 19
199 210 199 220
21 42 21 49
60 240 69 240
117 76 122 77
8 169 12 170
138 197 141 198
44 239 47 240
131 225 131 234
174 245 179 246
150 136 154 137
157 104 160 105
16 103 24 103
52 196 56 197
86 54 88 56
79 74 80 77
144 136 144 146
196 127 197 130
57 210 61 211
143 181 145 183
75 79 75 86
69 148 72 150
139 9 148 9
56 38 56 45
191 188 193 190
168 107 170 109
21 244 23 247
147 116 148 119
80 239 81 243
119 59 119 66
25 170 33 170
114 238 119 239
54 118 55 121
118 179 125 179
163 216 167 217
12 29 14 32
36 86 37 90
183 211 190 211
74 37 74 44
117 218 120 219
78 199 78 208
67 104 78 104
42 48 46 49
145 60 149 61
4 218 4 225
16 38 17 43
125 26 129 27
140 31 140 41
192 247 195 249
163 228 164 231
103 84 105 86
146 73 146 80
165 237 169 238
56 238 64 238
139 103 148 103
126 166 129 167
128 216 130 218
173 8 174 11
9 106 16 106
32 10 33 13
42 9 46 10
112 112 115 113
32 27 32 36
68 156 72 157
18 175 19 178
30 91 31 95
126 158 129 159
28 139 30 142
31 98 31 109
73 121 75 123
175 152 175 159
42 56 44 58
18 238 19 242
188 39 191 41
34 206 38 207
6 242 9 244
131 79 135 80
9 75 11 77
39 93 50 93
15 135 19 136
10 24 10 32
36 184 36 192
40 91 49 91
90 216 91 221
68 69 69 72
145 197 145 204
129 30 129 39
45 150 46 153
142 45 145 47
24 153 26 156
51 48 54 50
57 164 57 171
187 28 187 35
173 7 181 7
59 178 64 179
89 150 91 152
116 89 117 92
176 113 184 113
125 187 126 190
164 56 167 57
64 120 66 122
72 154 82 154
48 80 50 83
158 113 159 116
49 140 58 140
196 79 196 87
106 134 108 137
23 90 24 95
30 123 35 124
80 137 85 138
159 70 160 75
128 184 131 186
162 69 165 70
12 37 13 40
141 169 142 173
84 168 92 168
3 140 3 149
172 100 173 104
195 62 195 70
188 89 189 94
46 213 46 223
17 111 21 112
6 223 9 225
35 205 44 205
56 60 59 62
105 232 109 233
55 233 59 234
124 166 124 174
152 204 153 208
181 35 182 38
194 104 194 112
56 131 57 136
82 199 89 199
31 153 34 154
23 168 24 172
9 134 12 135
96 106 103 106
73 172 75 174
37 53 45 53
126 132 134 132
198 183 199 186
180 162 180 169
27 9 30 10
134 54 136 56
124 56 129 57
104 53 104 63
190 136 192 138
29 198 30 201
44 111 48 112
27 199 27 207
136 236 138 238
0 216 1 219
131 158 131 166
170 87 172 90
58 87 59 91
91 94 91 101
198 206 198 215
58 81 66 81
115 65 115 74
145 158 146 163
178 47 178 54
133 212 134 216
83 174 85 176
5 26 5 33
122 143 123 146
23 189 25 192
5 2 12 2
126 48 136 48
79 229 86 229
153 20 154 25
30 86 31 90
29 102 29 110
57 72 66 72
180 199 182 202
197 22 199 25
105 222 109 223
76 161 78 163
75 185 83 185
81 141 82 145
80 20 84 21
154 247 156 249
91 145 96 146
95 15 97 18
52 65 54 68
12 8 12 15
80 55 82 57
63 210 63 218
138 199 140 201
75 10 83 10
156 125 157 128
3 79 3 87
113 230 113 237
3 91 5 93
164 156 165 160
173 136 178 137
64 164 74 164
21 12 30 12
92 120 92 131
108 37 110 40
40 221 43 223
35 31 36 35
115 206 115 216
86 117 87 120
36 10 38 13
142 204 143 209
59 148 59 156
189 127 191 129
52 28 53 32
146 113 146 120
65 195 68 196
31 131 34 133
150 6 154 7
36 145 39 147
126 100 128 102
190 171 190 178
109 108 113 109
48 212 48 221
178 193 179 196
66 227 66 237
33 209 41 209
176 26 176 35
24 114 26 116
9 200 11 203
45 146 49 147
25 196 25 204
0 185 3 186
16 231 16 242
182 43 185 44
11 69 12 73
180 55 184 56
110 144 115 145
5 135 8 136
152 196 153 200
108 124 111 126
135 217 138 219
43 225 50 225
33 139 37 140
180 0 183 1
44 5 55 5
132 161 139 161
84 3 87 5
56 217 59 219
91 33 98 33
177 131 179 134
178 223 185 223
46 132 49 133
97 123 99 126
191 206 196 207
170 1 170 10
88 81 90 84
114 48 118 49
52 231 56 232
191 9 192 13
64 107 65 111
126 69 126 78
158 153 160 156
170 249 178 249
149 30 149 37
172 23 174 25
94 0 94 7
63 182 68 183
116 142 127 142
152 242 152 249
161 204 161 212
18 6 19 9
50 33 50 42
72 136 75 138
14 156 15 160
119 128 120 132
168 156 170 158
189 16 190 19
44 70 47 71
148 156 150 158
62 125 72 125
195 153 196 157
118 123 121 124
75 157 82 157
159 39 162 40
78 48 80 50
68 4 79 4
80 101 83 103
130 126 137 126
161 117 169 117
33 64 35 67
178 107 180 109
65 91 67 94
94 85 95 88
19 206 20 209
127 109 137 109
142 51 149 51
77 227 84 227
193 134 196 135
69 123 72 124
45 117 47 119
160 243 164 244
112 163 112 171
97 72 108 72
171 235 178 235
6 68 8 70
61 85 66 86
68 107 69 112
7 159 7 166
142 74 142 81
119 181 123 182
183 224 186 226
0 44 4 45
76 235 77 238
123 155 126 157
165 107 165 115
8 141 8 152
24 23 26 25
59 244 64 245
2 192 6 193
108 184 109 187
83 53 92 53
105 200 106 204
31 39 34 40
17 116 22 117
0 168 4 169
141 105 141 113
32 81 36 82
134 16 136 18
190 70 190 78
193 177 195 179
80 108 89 108
175 127 180 128
18 55 27 55
78 223 85 223
79 165 82 167
104 36 105 40
150 167 154 168
160 118 161 121
168 165 168 173
95 142 98 143
120 153 123 154
151 0 154 2
54 21 65 21
125 192 128 193
102 171 102 178
46 129 49 131
175 52 177 54
12 86 12 94
91 153 94 154
62 219 62 227
110 155 111 159
164 126 165 130
76 147 79 149
130 1 141 1
151 99 159 99
151 145 154 146
9 37 11 39
81 71 83 73
107 56 110 58
6 23 7 28
82 90 84 92
152 90 155 91
0 96 8 96
114 132 117 133
117 176 121 177
154 32 154 42
45 182 47 184
57 102 59 104
190 244 191 247
175 67 179 68
142 13 143 16
37 26 38 29
97 95 106 95
23 205 23 212
128 210 131 211
68 198 68 206
54 76 56 78
137 166 141 167
22 234 23 237
43 233 48 234
117 78 118 81
117 166 121 167
55 187 59 188
118 140 121 141
70 26 71 29
5 5 12 5
143 98 147 99
46 8 54 8
28 61 31 62
0 74 3 75
18 19 18 26
32 50 34 52
198 242 198 249
139 248 143 249
141 30 141 40
169 186 169 193
145 217 147 219
187 59 190 61
111 99 111 106
161 16 162 20
89 66 92 68
36 212 37 215
116 246 117 249
169 119 169 126
189 100 190 105
177 175 177 183
162 197 165 199
27 244 34 244
43 210 44 214
183 157 183 166
139 101 143 102
110 151 115 152
149 228 152 229
127 230 128 234
44 186 49 187
21 147 22 151
113 53 116 54
134 82 138 83
121 231 122 236
173 190 174 195
194 16 195 19
152 182 153 186
24 72 27 73
196 113 197 117
131 87 135 88
39 80 39 87
5 205 5 213
109 226 110 231
173 98 176 99
185 244 186 248
140 118 142 120
103 156 104 159
41 29 43 31
173 109 174 113
68 152 75 152
43 197 51 197
5 71 8 73
42 45 50 45
3 238 3 249
183 183 186 184
158 22 160 24
166 200 171 201
132 192 133 197
27 239 29 241
29 211 31 213
93 103 93 110
136 235 145 235
195 5 198 6
51 200 51 207
196 102 197 105
33 108 33 119
190 224 191 227
127 122 131 123
37 242 39 244
49 122 52 123
93 128 96 130
123 235 123 245
158 191 166 191
117 212 124 212
71 17 72 21
170 113 172 115
36 75 37 78
139 92 141 94
43 125 50 125
22 19 22 27
25 16 27 18
152 124 153 127
132 244 135 246
0 78 1 81
126 135 130 136
97 88 100 90
93 209 93 216
6 108 17 108
119 53 126 53
15 22 16 25
185 120 185 128
118 102 119 105
113 137 114 140
29 177 40 177
160 129 161 132
152 211 154 213
1 28 1 35
116 60 117 64
61 119 61 126
17 189 17 196
34 102 35 107
36 199 38 201
186 55 194 55
103 219 105 221
73 128 76 129
133 202 140 202
116 185 117 188
90 188 90 195
94 50 98 51
88 93 90 95
180 232 183 233
15 181 16 184
185 131 185 142
85 214 92 214
116 102 116 109
13 128 16 129
160 215 162 217
179 142 182 143
113 65 113 73
155 152 157 154
72 197 75 198
64 188 66 190
98 138 101 139
