3679
128 0 128 7
59 88 62 90
126 70 137 70
141 117 146 118
97 120 97 128
150 131 153 132
100 141 103 143
148 144 153 145
115 216 117 219
113 224 117 225
45 2 45 10
23 68 34 68
175 162 182 162
151 0 153 3
17 1 21 2
25 89 25 100
118 171 120 174
119 91 121 94
92 161 93 166
127 208 132 209
146 217 157 217
186 117 186 124
167 240 172 241
53 93 54 97
165 66 170 67
142 162 153 162
65 109 75 109
96 197 97 202
1 122 6 123
133 111 134 115
131 176 133 179
127 119 129 121
53 178 57 179
41 64 42 68
169 219 169 226
32 82 33 87
115 21 118 22
188 220 190 223
13 249 20 249
197 125 197 133
109 205 110 208
53 2 56 3
121 121 121 129
101 166 106 167
80 52 81 57
28 132 39 132
149 111 154 112
27 12 28 15
119 181 119 190
43 225 45 227
84 149 91 149
138 74 138 84
106 17 115 17
148 116 155 116
129 226 140 226
75 179 76 184
149 66 159 66
174 188 175 192
30 77 30 87
64 38 69 39
112 124 117 125
167 68 170 70
130 191 130 198
40 215 40 224
180 234 185 235
84 35 89 36
189 8 191 10
141 39 149 39
79 131 88 131
185 55 185 65
167 155 168 159
154 207 156 209
132 135 135 137
152 195 152 205
74 60 75 64
191 44 191 51
131 243 132 248
28 60 29 65
50 203 55 204
159 160 164 161
68 130 70 133
99 93 102 95
166 153 177 153
185 228 186 233
93 215 102 215
145 166 148 168
116 165 117 168
0 30 4 31
137 174 137 184
132 152 132 162
16 132 18 134
24 177 27 179
57 221 67 221
87 85 90 87
72 118 79 118
43 46 44 50
52 143 53 148
95 228 95 238
49 89 52 90
9 24 10 29
48 91 57 91
110 43 112 46
147 171 154 171
7 49 17 49
67 184 67 193
55 234 66 234
143 229 144 234
183 241 185 243
107 165 108 169
149 210 158 210
129 139 129 149
77 26 78 30
87 62 87 70
25 160 26 165
145 31 147 33
126 220 126 230
69 95 74 96
154 97 154 107
98 185 107 185
197 46 199 49
6 40 8 43
158 151 158 160
165 142 166 147
100 37 102 40
158 173 161 175
139 98 139 108
54 168 56 171
133 36 134 40
51 227 62 227
125 185 128 187
143 91 154 91
32 138 32 146
7 188 7 199
37 214 39 216
48 181 48 190
76 207 78 209
120 221 123 223
115 10 117 13
109 176 120 176
58 158 58 169
63 127 65 129
194 64 198 65
25 53 25 62
101 13 109 13
176 108 176 119
60 92 71 92
27 119 32 120
20 55 21 59
19 245 30 245
120 158 121 163
94 98 96 100
8 166 9 170
24 208 26 211
128 57 133 58
196 187 196 198
158 94 158 103
31 156 34 158
110 124 110 134
76 60 76 71
175 14 178 15
137 124 137 133
114 76 114 85
19 31 22 33
33 72 34 77
113 148 117 149
169 35 173 36
155 226 157 229
43 93 46 95
77 129 87 129
104 22 105 27
6 217 10 218
5 32 6 36
140 249 148 249
41 129 50 129
103 91 108 92
132 197 134 200
19 122 28 122
57 173 61 174
114 53 115 56
170 203 174 204
15 105 26 105
155 81 160 82
16 200 17 205
17 135 27 135
42 99 53 99
78 196 78 203
162 139 163 144
34 210 34 220
13 80 13 91
116 246 125 246
170 56 171 61
149 190 149 199
117 232 126 232
99 233 100 237
194 142 195 147
148 98 150 101
182 164 191 164
89 94 91 97
77 53 79 56
64 46 64 53
103 160 105 163
17 227 19 230
142 8 153 8
54 176 59 177
140 85 150 85
70 49 72 52
144 92 144 102
97 146 98 151
162 125 162 133
82 24 86 25
90 193 99 193
17 67 17 75
148 232 153 233
39 106 39 115
87 217 97 217
33 0 33 10
35 107 35 116
27 139 28 144
16 233 18 236
143 45 154 45
164 3 174 3
105 195 108 196
16 18 27 18
149 73 160 73
92 169 92 178
50 26 57 26
188 236 188 245
31 239 41 239
96 227 97 231
127 60 129 63
193 179 193 189
8 111 8 120
173 62 173 72
55 134 58 136
189 21 189 31
108 84 109 89
41 20 41 30
112 237 112 248
2 224 3 228
40 58 45 59
47 220 58 220
123 141 128 142
7 148 7 159
4 51 4 60
196 245 199 246
3 235 8 236
126 104 136 104
116 40 116 48
179 165 179 173
163 192 163 203
192 52 194 55
153 57 161 57
148 161 156 161
68 195 68 204
187 38 188 43
2 161 12 161
130 11 141 11
115 96 119 97
90 144 100 144
139 240 141 243
129 82 132 84
60 13 61 18
10 170 18 170
89 44 89 54
98 109 99 114
97 206 107 206
188 100 192 101
191 171 194 173
11 205 13 208
122 132 124 134
50 209 61 209
91 119 91 130
52 166 53 169
117 25 117 36
7 65 11 66
29 205 32 207
17 155 17 165
45 54 50 55
52 151 53 156
73 166 78 167
6 175 8 178
84 139 89 140
94 133 95 137
103 150 113 150
132 86 132 96
19 181 20 186
176 43 178 46
78 61 78 71
125 103 134 103
85 162 85 172
56 140 58 142
33 199 34 204
69 0 69 11
108 70 108 81
28 222 30 225
167 48 177 48
53 244 62 244
34 179 34 190
95 75 104 75
36 101 46 101
11 24 11 34
10 141 10 152
173 7 173 18
112 174 117 175
41 230 52 230
187 92 190 94
196 22 196 32
71 138 72 143
121 36 121 47
186 84 188 87
187 31 188 35
87 224 87 235
117 169 128 169
189 87 194 88
104 236 112 236
8 69 8 76
143 171 145 174
111 103 111 112
157 165 162 166
19 173 21 175
65 94 68 96
165 163 169 164
33 27 35 30
42 53 43 56
50 12 52 14
62 72 71 72
49 140 49 150
151 11 153 14
188 62 189 65
20 224 23 225
33 120 37 121
120 95 129 95
51 67 51 74
77 35 81 36
10 11 11 15
90 182 93 184
123 83 126 85
160 247 163 249
132 39 132 50
83 74 84 79
134 54 134 65
188 167 188 176
168 7 169 11
188 71 189 76
146 48 146 58
103 80 104 84
127 144 128 148
66 215 73 215
67 126 72 127
118 27 118 35
198 35 199 40
180 18 189 18
135 154 135 163
163 13 168 14
71 85 72 88
51 79 56 80
13 234 13 244
153 38 163 38
82 208 93 208
0 71 0 78
67 136 68 140
30 180 31 184
106 75 106 86
109 21 110 24
172 146 175 148
140 148 145 149
35 52 37 55
136 234 141 235
130 94 130 102
30 18 32 21
108 20 108 28
63 140 64 145
51 43 52 48
89 170 90 174
35 224 35 234
103 212 114 212
71 15 76 16
142 57 143 62
161 95 166 96
148 52 159 52
89 230 91 233
140 90 151 90
156 22 167 22
189 106 191 108
10 182 13 184
64 44 72 44
41 159 41 170
110 166 112 169
192 199 192 210
149 103 150 106
114 127 114 137
99 102 101 105
162 98 167 99
125 72 135 72
113 154 121 154
95 154 95 162
179 35 180 40
33 206 41 206
86 192 87 197
189 182 192 184
176 56 177 60
107 133 107 142
34 139 34 146
195 160 195 170
91 73 94 75
61 80 69 80
31 36 31 44
188 83 196 83
71 193 74 195
9 154 14 155
60 159 60 167
80 207 81 211
129 207 140 207
21 45 30 45
2 108 3 112
78 82 81 84
32 248 36 249
51 119 51 129
88 71 88 79
9 83 9 93
62 149 65 150
39 69 41 72
168 121 168 132
108 156 111 158
134 43 135 46
170 80 175 81
123 107 133 107
176 64 180 65
55 85 65 85
179 47 189 47
13 131 14 135
181 32 181 39
69 40 72 42
59 111 59 121
101 220 102 224
87 241 88 245
148 93 153 94
148 49 152 50
38 16 39 21
39 185 39 195
70 74 75 75
81 164 81 172
92 129 97 130
49 77 50 82
106 119 108 122
77 143 87 143
155 0 156 5
101 21 101 31
58 12 69 12
104 183 108 184
157 23 161 24
105 180 109 181
98 239 108 239
179 73 179 83
13 149 23 149
183 4 184 8
81 37 86 38
91 211 99 211
115 87 116 91
94 49 103 49
72 205 75 206
137 54 139 57
184 67 184 74
0 231 0 242
28 57 30 59
184 138 187 139
8 182 8 191
111 214 111 224
186 11 187 15
98 187 102 188
166 70 166 79
44 27 44 37
100 108 102 110
33 242 38 243
46 234 46 242
43 234 43 242
0 51 3 53
5 63 5 71
40 83 40 93
21 88 29 88
37 64 39 66
152 81 153 86
156 117 156 127
187 61 187 71
134 243 135 248
159 5 161 8
19 156 28 156
167 175 175 175
159 88 159 99
110 192 114 193
9 47 19 47
152 54 155 56
60 47 60 56
21 216 22 219
99 34 99 45
163 128 164 133
149 81 151 84
159 112 169 112
81 115 91 115
60 241 65 242
3 207 3 218
44 162 46 165
2 95 3 100
39 131 50 131
23 151 24 155
196 53 197 58
179 206 186 206
185 33 185 42
4 175 5 180
67 16 67 26
93 199 93 206
129 180 130 183
104 200 115 200
64 101 65 106
11 114 12 118
153 146 155 149
182 182 182 191
142 16 152 16
108 224 110 227
55 145 57 148
15 228 15 237
185 129 187 132
29 122 33 123
11 147 12 152
128 27 131 29
147 213 150 214
65 156 65 166
140 204 145 205
14 227 14 236
123 204 132 204
72 79 73 83
123 66 126 68
121 99 126 100
121 167 129 167
193 109 194 113
25 181 25 191
180 114 190 114
44 103 45 108
66 103 75 103
25 113 26 118
198 180 199 185
191 160 193 162
164 56 167 58
127 48 128 52
168 84 175 84
2 41 3 44
35 150 38 152
99 6 108 6
170 187 173 188
95 219 96 224
82 93 91 93
31 208 33 211
79 3 80 7
187 0 192 1
58 5 60 7
167 184 169 186
125 41 126 45
95 42 97 45
77 94 77 105
147 176 147 185
64 32 65 37
27 78 27 86
49 208 60 208
80 224 80 235
76 188 76 197
58 37 59 41
113 127 113 138
173 214 183 214
172 121 174 124
100 160 102 163
32 160 35 162
51 196 52 200
85 222 85 231
137 19 137 28
149 143 158 143
80 9 85 10
1 183 6 184
85 192 85 203
117 118 120 120
49 40 52 42
41 130 50 130
70 8 78 8
8 36 18 36
128 213 139 213
81 139 83 142
117 194 120 196
141 187 142 191
120 182 121 187
122 110 123 114
133 141 136 143
175 128 186 128
160 1 162 4
197 161 199 164
75 233 75 244
74 146 76 149
143 239 147 240
172 99 172 109
66 49 67 54
118 80 125 80
171 197 172 202
20 49 31 49
140 154 140 161
76 217 76 227
29 138 31 140
14 115 23 115
84 155 84 164
121 173 123 176
189 153 189 161
3 86 7 87
151 181 151 192
137 68 142 69
4 114 5 117
182 148 184 151
57 231 68 231
137 50 139 53
182 194 184 197
146 151 148 154
98 199 99 202
80 192 80 202
166 41 167 46
133 165 142 165
21 144 22 148
166 24 166 34
11 144 16 145
92 69 100 69
144 218 147 220
3 135 4 139
89 88 91 91
26 29 28 32
83 99 88 100
153 187 155 190
109 99 120 99
109 30 109 37
107 221 110 223
79 101 79 110
140 33 142 36
117 235 128 235
54 238 56 241
34 171 39 172
163 97 172 97
82 11 93 11
161 189 162 194
46 244 47 248
52 102 52 109
10 130 10 140
42 167 45 168
151 179 156 180
20 71 21 76
99 89 103 90
112 70 114 73
176 130 179 132
160 149 162 151
40 176 44 177
197 23 197 30
55 51 55 60
78 31 81 33
102 209 111 209
46 177 46 186
94 30 95 34
11 50 19 50
10 54 19 54
54 150 54 160
172 42 174 44
159 210 164 211
28 192 29 196
30 105 31 110
69 141 69 150
176 3 176 13
49 65 52 66
55 73 60 74
189 199 191 201
100 53 102 56
49 39 57 39
138 131 138 140
172 226 172 236
192 149 196 150
87 157 89 159
178 97 178 105
132 0 133 4
160 203 162 206
44 1 55 1
69 124 77 124
47 60 47 71
189 86 199 86
126 8 127 12
112 206 113 211
23 168 28 169
10 225 14 226
125 146 125 157
180 143 188 143
94 97 105 97
12 175 13 178
157 42 158 47
12 228 12 236
145 13 150 14
18 221 28 221
98 216 98 226
62 172 63 176
3 46 5 48
178 146 185 146
68 31 69 36
122 240 125 241
128 225 135 225
165 170 165 178
22 177 22 185
121 8 121 17
101 7 104 9
13 153 22 153
170 73 173 74
176 176 179 178
4 200 13 200
151 67 152 71
140 37 151 37
182 135 193 135
5 13 5 21
175 103 175 110
2 107 11 107
72 224 72 235
184 97 186 100
41 221 42 225
105 99 105 109
120 58 120 68
60 181 62 183
157 65 165 65
144 133 155 133
23 28 23 35
132 6 134 9
24 7 29 8
165 93 174 93
2 56 2 67
179 94 179 105
18 78 26 78
67 47 75 47
94 88 98 89
113 62 116 64
19 4 22 6
76 46 80 47
139 36 139 47
191 57 192 61
191 122 191 133
144 128 146 131
145 107 148 109
86 209 86 220
23 0 24 5
133 209 142 209
2 11 2 22
28 33 28 43
61 188 64 189
192 236 197 237
116 127 116 138
5 188 6 193
20 196 20 207
11 246 21 246
168 192 173 193
53 11 54 16
80 88 81 92
47 163 51 164
96 61 107 61
173 233 176 235
27 127 30 128
188 137 199 137
44 238 44 246
98 208 107 208
121 204 121 215
125 92 130 93
30 143 30 151
161 81 162 85
31 165 31 176
95 213 106 213
41 76 42 81
129 30 129 40
174 88 183 88
104 94 113 94
173 168 174 173
148 200 150 203
35 73 40 74
12 73 12 83
74 128 82 128
109 233 120 233
66 16 66 27
1 0 5 1
197 98 199 101
2 133 2 144
192 219 195 221
55 6 55 16
82 58 87 59
178 216 188 216
182 38 183 43
33 16 33 24
152 182 153 185
185 183 185 194
37 124 46 124
95 50 95 58
94 174 105 174
157 39 162 40
123 210 133 210
99 245 110 245
69 100 74 101
175 246 180 247
45 33 55 33
4 144 5 149
14 207 17 209
123 60 125 62
6 93 8 95
148 220 149 224
97 90 98 95
42 190 42 201
175 23 178 24
150 119 155 120
167 161 178 161
92 16 96 17
65 194 67 196
88 175 90 177
148 248 156 248
71 177 74 178
104 56 111 56
152 103 153 108
190 187 192 190
90 35 91 38
22 109 29 109
35 7 44 7
108 228 112 229
105 123 105 131
77 223 77 234
174 212 179 213
23 238 25 240
145 233 147 236
53 19 62 19
170 8 170 19
171 215 172 220
103 164 113 164
45 169 48 171
131 91 131 101
180 154 182 157
80 20 85 21
10 43 14 44
17 98 18 103
131 41 131 52
96 23 96 33
186 179 186 188
13 10 18 11
175 54 186 54
162 70 163 74
166 38 177 38
139 140 139 151
53 105 55 107
106 66 113 66
76 18 81 19
156 17 167 17
183 96 194 96
168 87 173 88
180 48 184 49
99 78 104 79
165 242 170 243
16 106 23 106
105 179 115 179
173 224 182 224
94 117 98 118
97 54 99 57
62 158 63 161
47 173 49 176
40 240 41 243
123 218 130 218
176 249 183 249
174 70 174 79
65 144 68 146
165 139 167 141
84 12 84 19
190 152 190 162
48 100 59 100
152 30 154 33
87 22 87 32
86 4 89 6
159 125 160 130
158 67 163 68
193 127 194 132
197 67 198 72
154 235 156 238
193 18 198 19
167 27 172 28
41 229 50 229
119 136 119 147
174 98 175 101
37 56 39 59
9 201 9 211
57 27 57 37
139 125 146 125
103 170 105 172
155 136 158 137
163 205 172 205
150 29 161 29
107 7 115 7
97 63 98 67
67 27 67 37
45 133 45 141
122 94 129 94
91 21 93 23
148 236 149 240
156 216 165 216
56 63 56 71
196 219 196 229
87 138 98 138
160 93 160 103
79 177 83 178
70 170 80 170
182 167 184 169
81 213 82 218
123 81 128 82
198 197 199 200
182 68 182 79
125 110 125 120
114 161 116 163
110 170 121 170
76 0 86 0
144 26 147 28
169 134 172 136
84 83 86 86
144 67 148 68
73 172 75 174
94 80 96 83
168 150 175 150
163 181 164 184
39 22 39 33
106 161 110 162
42 206 49 206
1 170 6 171
106 22 106 33
17 125 20 127
25 202 26 207
185 78 193 78
21 37 22 42
64 0 66 2
137 93 140 95
117 201 117 211
192 225 194 227
62 109 62 120
14 55 15 60
68 56 68 65
1 166 4 168
91 12 101 12
33 60 43 60
125 130 129 131
98 17 103 18
17 63 24 63
42 25 42 36
46 138 57 138
122 226 123 230
70 114 70 122
46 199 50 200
25 226 27 228
64 110 69 111
88 180 98 180
68 186 72 187
13 136 14 139
180 199 185 200
25 213 26 217
160 225 161 230
44 209 47 210
61 4 62 9
62 216 65 218
55 237 62 237
77 85 80 87
68 220 72 221
151 95 151 104
19 188 21 191
69 26 72 28
69 210 70 214
43 51 51 51
43 28 43 36
157 190 160 192
48 87 59 87
120 150 123 152
100 111 100 122
12 92 22 92
47 142 47 153
40 156 47 156
133 219 134 223
83 150 93 150
143 246 151 246
8 59 11 61
17 241 22 242
177 228 184 228
93 99 93 110
106 47 110 48
26 152 31 153
193 69 193 76
160 44 163 46
113 240 115 242
96 181 100 182
7 33 9 35
43 197 47 198
88 13 98 13
88 221 88 230
109 9 111 11
146 172 149 174
19 163 20 167
164 49 166 51
153 21 154 25
190 148 199 148
130 229 131 234
38 120 42 121
180 186 180 195
48 222 53 223
115 60 119 61
4 121 15 121
34 11 38 12
120 40 120 51
20 131 22 134
118 88 129 88
78 248 82 249
70 188 70 197
90 241 100 241
174 115 175 119
138 13 139 16
185 112 189 113
64 82 68 83
162 233 164 236
177 152 188 152
175 239 186 239
82 226 82 237
90 156 90 167
183 155 184 159
173 89 182 89
33 214 33 224
43 149 44 153
93 244 95 246
49 235 52 237
156 231 167 231
189 233 191 236
146 200 146 209
177 134 177 144
137 29 137 38
168 98 169 102
108 117 113 118
39 232 40 237
195 207 195 217
159 101 159 108
5 82 7 85
93 145 101 145
37 228 40 230
36 208 45 208
100 190 100 200
55 185 65 185
0 132 0 141
122 202 133 202
174 8 175 13
57 248 67 248
57 226 67 226
64 206 69 207
120 245 128 245
45 192 47 194
132 30 132 37
110 96 114 97
131 75 133 78
31 231 32 235
164 171 164 178
29 199 32 201
99 2 109 2
76 72 79 74
91 197 91 207
37 138 39 140
64 108 75 108
89 117 89 126
19 96 24 97
8 128 8 137
37 45 48 45
181 211 186 212
178 243 180 245
92 112 92 122
186 196 188 198
147 114 151 115
172 49 173 54
158 78 161 80
199 18 199 29
66 167 68 170
119 106 119 113
173 133 173 140
88 14 88 23
19 234 26 234
192 18 192 27
153 115 164 115
54 180 55 184
71 175 82 175
18 207 18 217
190 36 190 47
64 246 71 246
88 143 97 143
131 16 133 19
97 23 100 25
1 125 6 126
118 56 126 56
71 202 73 204
120 19 121 24
155 139 159 140
151 121 152 124
136 221 137 225
189 176 190 181
42 12 43 17
94 122 95 127
17 22 20 23
1 5 3 7
28 179 29 183
111 37 113 40
138 62 139 66
92 29 92 38
65 200 66 205
139 78 142 79
164 238 164 248
34 97 42 97
90 77 101 77
126 214 128 216
159 136 163 137
49 211 50 215
5 205 5 213
42 202 46 203
47 132 48 137
8 195 10 197
72 136 79 136
166 179 168 182
193 117 195 120
142 92 142 103
29 133 30 137
198 154 199 159
32 175 32 186
162 156 165 157
140 40 144 41
123 249 133 249
51 213 52 218
115 77 122 77
61 68 63 71
133 145 133 155
74 34 74 43
154 87 156 90
13 20 22 20
72 9 74 11
125 160 126 164
20 229 22 232
155 6 156 10
188 184 188 194
33 227 33 236
83 195 83 205
63 213 65 215
60 23 61 27
132 227 132 235
47 182 47 190
149 150 153 151
169 46 173 47
5 151 5 160
81 39 83 42
8 174 17 174
63 219 71 219
59 195 60 200
44 119 49 120
115 150 116 153
49 177 49 187
83 216 85 219
37 125 41 126
171 68 172 72
128 241 137 241
182 90 182 97
82 8 93 8
12 171 23 171
88 55 91 57
30 154 41 154
11 213 16 214
140 70 142 73
19 25 21 28
140 63 142 65
50 118 50 126
11 216 12 221
103 135 105 137
155 165 155 174
178 25 182 26
163 116 164 119
37 81 37 91
131 217 132 221
37 176 37 184
180 15 183 17
184 25 184 36
78 222 83 223
50 162 57 162
100 217 102 219
69 53 69 62
167 198 169 200
110 6 121 6
91 156 92 160
110 189 113 191
144 223 147 225
163 220 163 228
63 104 63 111
109 129 109 138
190 3 193 5
62 64 65 66
99 126 100 131
62 99 67 100
60 60 62 62
97 242 101 243
116 189 117 193
120 242 128 242
66 244 74 244
151 239 155 240
158 55 163 56
28 230 28 240
153 157 155 160
176 18 178 20
10 126 13 128
15 93 17 96
194 190 194 201
175 209 186 209
95 85 105 85
157 31 158 36
45 195 50 196
27 197 32 198
16 117 16 127
12 15 12 23
136 122 146 122
115 103 115 114
195 3 195 12
183 75 183 83
147 60 151 61
65 171 68 173
0 158 1 161
106 54 110 55
52 186 54 188
4 214 4 225
65 121 69 122
141 214 141 223
50 112 55 113
110 98 118 98
61 142 61 152
95 194 98 196
176 122 179 123
20 64 23 66
134 216 139 217
129 109 132 110
67 87 68 91
168 23 173 24
26 184 26 194
48 123 49 128
70 64 71 68
161 52 164 54
122 62 122 70
2 72 5 74
126 203 137 203
138 21 139 26
2 234 2 243
133 234 134 238
156 148 163 148
38 191 38 200
17 78 17 89
70 32 72 35
57 150 57 159
13 60 13 69
42 214 44 216
89 21 89 29
7 18 8 23
137 144 137 151
81 64 82 68
81 124 86 125
83 152 88 153
115 71 116 76
29 71 29 82
6 16 6 27
37 38 38 43
111 102 119 102
193 174 196 176
66 56 66 67
0 103 1 106
23 199 26 201
170 94 173 96
83 68 86 70
14 3 16 5
188 134 197 134
127 171 127 182
103 111 104 116
78 233 78 244
175 180 184 180
182 103 183 106
134 125 135 129
5 96 8 98
147 53 156 53
106 136 106 147
32 47 42 47
174 60 174 67
190 62 192 65
134 188 135 192
41 3 43 6
126 195 127 199
88 62 97 62
169 126 176 126
73 121 84 121
39 102 43 103
192 16 196 17
90 28 91 33
155 48 164 48
73 59 73 70
102 191 103 195
146 190 148 192
172 111 175 113
5 163 14 163
104 232 106 234
60 63 60 72
103 31 103 40
115 243 124 243
43 22 46 23
33 168 33 177
13 188 13 196
101 68 111 68
57 229 61 230
43 64 46 66
64 17 64 25
122 214 124 216
46 221 55 221
146 215 157 215
128 53 132 54
75 194 75 203
45 43 50 44
169 179 172 180
144 183 144 194
56 152 56 160
124 27 127 29
124 136 126 139
79 229 79 239
70 14 70 24
139 132 143 133
34 13 39 14
146 40 147 43
102 19 112 19
32 93 32 103
88 154 93 155
144 70 147 72
94 102 95 105
2 210 2 220
139 0 142 2
185 247 196 247
8 52 13 53
154 197 162 197
90 221 92 224
125 124 128 125
135 107 138 109
118 221 119 225
57 130 61 131
34 86 36 88
146 159 151 160
173 220 175 223
148 23 151 25
80 73 82 75
107 105 107 116
93 226 94 231
148 129 151 130
45 84 48 86
79 96 80 100
31 226 32 230
142 221 142 232
7 122 11 123
52 132 54 135
122 13 132 13
86 172 87 175
93 1 103 1
147 17 148 22
130 201 138 201
122 37 127 38
177 28 182 29
58 156 61 157
161 25 164 27
126 74 136 74
38 63 45 63
138 27 142 28
171 242 175 243
161 237 162 240
56 211 64 211
116 30 116 38
27 113 32 114
140 119 143 121
162 5 169 5
188 116 191 118
71 180 72 185
114 18 117 20
156 138 164 138
70 157 72 160
100 52 110 52
29 89 29 97
198 55 198 62
36 192 36 203
96 102 96 113
58 137 65 137
50 225 57 225
139 186 139 197
179 60 181 63
98 129 98 137
63 152 74 152
89 247 91 249
50 206 61 206
124 180 124 188
79 203 79 212
30 158 30 168
157 2 158 7
121 101 123 104
28 90 28 101
10 35 21 35
184 108 185 111
143 214 143 222
144 180 146 182
191 213 194 215
142 19 143 23
87 49 88 54
149 178 149 188
28 23 29 27
138 87 141 89
116 0 126 0
118 209 119 212
196 7 197 12
62 30 62 39
160 207 169 207
90 131 94 132
58 103 62 104
86 188 88 191
88 39 88 46
0 172 1 177
112 128 112 137
8 2 8 12
101 45 103 48
193 22 193 31
194 71 196 74
5 239 12 239
53 44 54 49
89 213 92 215
25 142 26 146
131 138 136 139
117 106 118 109
138 210 145 210
4 6 4 16
178 115 180 118
19 103 24 104
80 1 83 2
73 24 73 35
124 127 132 127
126 14 133 14
155 198 157 200
98 32 98 39
72 21 75 22
191 228 194 230
42 160 53 160
166 235 168 238
192 155 195 157
34 81 36 84
140 177 141 181
136 59 137 64
9 234 10 238
11 166 14 167
97 155 99 158
69 154 80 154
29 164 29 175
52 201 55 202
20 87 29 87
79 246 83 247
168 141 175 141
81 116 83 118
102 121 102 132
144 226 154 226
137 86 146 86
173 90 180 90
48 101 49 105
162 92 173 92
187 165 187 174
63 115 64 118
10 94 10 102
136 6 140 7
115 157 118 159
60 43 62 46
69 158 69 167
194 34 195 38
56 192 59 194
187 202 187 211
167 187 167 196
118 130 118 139
158 201 159 206
44 181 44 188
27 69 34 69
121 63 121 70
18 108 26 108
17 185 17 196
56 96 64 96
145 95 145 105
152 193 156 194
106 50 115 50
114 31 114 39
62 229 70 229
122 155 122 164
119 42 119 49
106 38 107 43
5 103 16 103
121 49 124 50
112 79 113 84
146 73 147 78
159 121 162 123
109 183 110 187
81 44 82 49
35 20 36 25
198 115 199 119
177 226 182 227
118 164 120 167
151 206 153 208
139 75 141 77
39 158 50 158
120 140 122 143
185 19 186 24
143 34 153 34
116 197 125 197
95 139 105 139
9 11 9 20
30 63 32 66
147 140 151 141
42 116 50 116
56 21 61 22
31 15 41 15
53 58 53 67
37 189 37 198
152 39 153 43
50 5 52 8
196 202 199 203
177 197 177 205
180 121 185 122
101 134 102 138
43 135 43 143
72 245 74 248
104 44 109 45
167 123 167 133
136 81 136 90
189 231 198 231
134 89 134 100
170 233 171 237
86 221 86 231
98 5 109 5
139 80 142 81
5 77 8 79
55 97 58 99
67 76 72 77
149 134 154 135
165 225 166 230
46 36 54 36
37 26 38 30
130 105 135 106
9 188 11 190
177 221 187 221
77 162 80 164
95 200 95 209
85 241 86 246
22 51 32 51
56 195 57 198
101 63 103 65
110 119 112 122
1 152 3 155
195 80 197 82
112 57 114 60
93 168 96 170
22 138 23 142
169 213 170 218
57 44 57 55
114 115 117 116
15 215 15 226
35 167 38 169
75 133 83 133
184 177 188 178
56 103 56 112
154 122 154 132
61 41 65 42
168 37 175 37
42 111 51 111
77 190 79 193
5 194 6 199
75 50 85 50
180 203 185 204
135 20 136 24
75 135 86 135
154 61 158 62
102 154 110 154
55 117 56 122
148 76 152 77
173 179 180 179
195 194 195 204
64 151 72 151
62 123 71 123
127 151 127 160
39 50 40 55
108 82 111 83
96 73 101 74
125 20 126 24
183 161 188 162
138 177 138 184
107 188 108 193
9 219 9 230
175 156 178 158
57 133 65 133
40 182 40 190
37 93 39 96
6 231 11 232
53 89 57 90
102 228 107 229
8 38 12 39
135 171 138 173
177 183 179 186
88 162 88 173
11 78 11 88
25 244 34 244
165 119 165 128
19 112 28 112
186 101 186 110
188 90 191 91
118 200 122 201
177 210 180 211
156 169 164 169
142 166 143 169
152 95 155 96
154 177 158 178
123 239 132 239
175 181 176 185
52 124 63 124
30 230 30 240
11 142 16 143
61 195 63 197
83 147 90 147
59 82 62 84
45 49 50 50
178 199 179 204
84 177 85 182
38 77 40 79
104 31 105 34
84 2 85 5
74 51 85 51
47 215 48 219
160 220 162 222
19 139 21 142
112 2 119 2
3 172 6 174
16 186 16 194
45 182 45 191
99 66 104 67
185 3 185 14
7 45 11 46
72 45 80 45
107 241 111 242
67 0 68 4
1 236 1 245
150 176 161 176
144 36 153 36
15 239 22 239
142 111 143 115
135 144 135 153
110 71 111 74
2 115 3 119
187 230 188 235
101 146 102 149
88 106 92 107
101 158 104 159
45 74 45 82
189 244 193 245
47 100 47 109
114 230 119 231
48 16 50 18
115 236 118 237
38 85 39 89
94 186 104 186
109 70 109 81
157 84 158 89
177 84 180 85
64 68 69 69
25 222 27 224
3 59 3 70
85 118 87 121
58 48 59 52
146 2 148 5
74 112 81 112
163 100 165 103
64 178 66 181
177 71 181 72
145 135 147 138
169 167 170 172
179 126 184 127
174 51 174 59
41 90 44 92
71 162 72 165
119 191 122 193
18 16 23 17
84 183 87 184
63 222 65 224
167 64 172 65
88 212 99 212
59 150 60 154
193 42 193 51
147 46 151 47
4 99 9 100
199 225 199 235
170 121 171 124
59 23 59 32
183 45 187 46
5 127 5 136
196 209 196 218
87 37 87 46
29 188 31 191
133 181 133 190
81 95 81 103
181 115 189 115
118 71 121 73
51 182 51 193
99 82 102 84
174 207 184 207
74 219 75 223
5 108 8 110
17 24 18 29
41 193 41 204
31 219 32 224
136 183 136 193
0 211 0 221
112 214 112 225
102 15 105 16
57 245 68 245
74 212 75 217
117 177 121 178
0 32 3 34
136 3 141 4
154 12 155 16
153 196 153 205
112 106 112 113
24 149 28 150
97 28 99 30
132 59 133 64
16 52 27 52
1 89 4 91
182 219 189 219
91 79 92 84
136 114 139 116
132 170 133 175
62 48 63 52
82 147 82 155
42 114 53 114
144 6 153 6
117 85 121 86
176 69 181 70
83 227 83 235
56 222 60 223
105 76 105 84
85 60 86 64
148 63 156 63
2 189 4 192
55 191 55 199
58 145 58 155
47 30 50 32
154 162 156 164
143 153 143 161
135 48 138 49
86 42 86 51
31 135 39 135
170 176 173 178
120 2 124 3
122 25 123 30
124 15 125 19
172 0 182 0
22 236 27 237
19 210 20 215
127 164 130 166
53 117 54 121
123 34 127 35
150 178 150 186
125 189 127 192
129 184 132 186
150 80 157 80
108 97 108 108
196 41 196 52
19 12 22 14
139 182 141 184
102 199 103 204
188 122 189 126
119 81 120 84
193 57 193 66
101 180 104 182
47 76 55 76
44 146 46 148
192 32 192 43
100 4 107 4
22 175 27 176
122 144 124 147
128 172 129 177
184 140 193 140
47 224 48 227
83 112 85 114
105 65 115 65
24 166 28 167
140 52 145 53
141 38 152 38
70 146 72 149
47 238 48 242
53 40 56 41
165 247 174 247
167 165 167 173
106 123 107 128
157 118 158 121
72 207 74 210
124 69 135 69
32 104 33 109
175 240 185 240
122 41 123 45
165 185 166 189
107 34 108 37
188 141 192 142
47 18 47 27
91 9 95 10
23 125 24 130
108 215 110 218
177 147 186 147
92 59 95 61
75 43 82 43
73 228 73 238
21 85 25 86
76 80 86 80
45 212 45 222
39 198 39 205
53 230 53 238
91 242 95 243
186 61 186 68
162 60 165 62
134 151 134 161
167 74 167 85
41 85 42 88
76 125 79 126
33 246 36 247
195 94 196 98
164 194 164 203
161 114 172 114
191 167 194 169
25 40 27 42
60 111 61 115
62 165 63 170
176 142 176 152
154 3 154 11
169 103 170 106
72 60 72 71
84 87 85 90
48 152 51 154
96 9 99 11
49 70 50 74
8 172 12 173
37 2 39 5
115 28 115 35
195 129 196 133
196 141 197 146
194 183 195 186
171 99 171 109
119 55 129 55
149 229 153 230
97 140 104 140
73 183 74 188
140 175 143 176
123 69 123 77
106 58 109 59
84 1 92 1
7 240 8 245
85 204 90 205
108 135 108 144
126 211 129 212
13 218 14 223
102 177 113 177
3 238 3 249
49 4 60 4
46 78 47 83
101 235 110 235
133 89 133 99
3 105 12 105
165 190 166 194
57 201 59 204
76 33 76 41
157 244 158 249
140 43 142 45
15 38 17 40
159 213 164 214
43 38 46 40
33 148 42 148
130 149 132 151
72 130 75 131
53 218 58 219
135 210 137 212
157 91 157 101
32 38 34 41
153 220 156 222
166 212 166 221
61 73 70 73
9 110 9 118
181 2 181 12
40 17 40 27
161 88 164 89
63 243 72 243
43 159 51 159
61 125 66 126
8 144 8 155
188 67 196 67
48 94 50 96
13 19 23 19
16 7 19 9
128 236 131 238
164 37 165 42
79 187 89 187
158 238 159 243
180 136 181 141
118 78 129 78
82 102 84 104
98 168 103 169
1 132 1 143
0 202 4 203
132 206 143 206
73 0 75 3
24 19 28 20
177 174 182 175
141 30 148 30
121 168 132 168
50 61 51 64
95 37 96 41
135 97 137 99
197 188 197 198
92 94 92 104
137 118 139 121
123 16 123 24
167 91 177 91
147 57 152 58
104 37 105 42
28 205 28 213
14 243 19 244
190 206 190 215
134 231 136 233
179 55 184 56
52 20 60 20
136 159 139 161
195 109 197 112
33 88 33 99
117 5 127 5
59 81 66 81
157 218 158 222
6 127 6 136
58 186 63 187
127 219 127 230
123 120 124 124
15 161 16 165
41 42 44 43
3 22 4 25
21 157 22 160
64 174 68 175
21 60 23 62
59 161 59 170
74 104 76 107
168 77 172 78
89 70 90 74
44 233 45 237
19 110 24 111
179 215 189 215
13 140 18 141
99 159 99 167
178 218 181 220
149 86 151 88
196 162 196 173
117 128 117 138
40 133 41 138
198 235 198 243
96 51 106 51
90 186 92 188
45 172 46 176
189 240 192 242
38 175 38 182
21 203 21 214
60 215 61 219
46 161 56 161
142 196 144 198
6 55 6 66
188 22 188 30
38 161 40 164
68 84 75 84
14 147 19 148
59 55 59 66
154 40 155 44
13 31 17 32
139 10 147 10
5 222 7 225
62 208 64 210
195 21 195 30
189 248 199 248
165 23 165 34
31 142 31 151
18 123 27 123
116 144 118 147
94 214 102 214
94 3 95 7
174 30 177 32
143 76 144 80
81 157 82 161
104 10 107 12
104 70 107 71
81 179 81 186
168 40 171 42
164 166 166 168
144 21 146 24
155 121 155 129
54 212 56 215
36 69 37 72
155 111 157 114
20 98 21 102
189 186 189 194
183 163 193 163
141 201 145 202
90 118 90 129
165 209 168 211
0 80 5 81
22 208 22 215
11 71 15 72
180 95 180 102
141 104 141 114
120 217 122 219
66 14 69 15
112 22 113 25
13 169 22 169
156 144 157 147
90 46 97 46
144 17 146 20
91 86 102 86
69 113 80 113
192 191 193 194
124 158 124 166
164 20 169 21
31 48 39 48
176 78 176 87
79 22 84 23
176 166 178 169
194 90 196 93
61 10 64 11
93 36 93 43
37 128 40 130
166 104 167 108
182 98 183 102
130 167 139 167
119 125 119 132
143 212 153 212
149 127 152 128
131 65 133 68
2 124 11 124
15 176 19 177
175 171 176 174
157 179 157 187
150 153 155 154
122 31 126 32
59 33 61 36
62 53 63 58
79 240 81 243
116 247 121 248
193 9 194 13
161 181 162 186
38 245 42 246
149 167 154 168
43 179 43 189
79 28 81 30
119 20 119 28
128 108 128 118
70 59 71 62
103 3 114 3
118 52 123 53
9 6 11 9
111 143 113 145
134 32 136 35
193 200 193 208
31 126 35 127
76 22 78 24
125 71 135 71
188 2 199 2
195 105 197 107
36 31 36 41
184 237 187 238
25 10 26 15
183 61 184 66
122 7 125 9
36 115 37 119
66 154 67 159
166 128 166 135
36 177 36 187
22 25 25 26
185 79 189 80
66 6 68 8
141 211 152 211
124 174 126 177
111 86 112 91
36 61 44 61
157 8 158 12
27 89 27 100
17 179 18 183
115 187 115 195
56 58 58 60
144 64 148 65
80 132 87 132
35 197 35 205
100 244 111 244
75 4 77 6
23 172 28 173
25 46 35 46
155 97 155 104
61 79 69 79
57 115 58 120
23 157 27 158
62 201 63 204
175 70 175 79
172 9 172 17
10 203 10 214
1 108 1 117
148 147 152 148
1 229 4 230
36 89 36 96
4 246 6 249
61 249 69 249
189 48 189 56
36 219 39 221
159 178 163 179
52 82 54 85
45 12 45 21
58 77 63 78
101 119 101 129
174 164 177 165
88 237 92 238
26 218 30 219
18 161 22 162
109 15 118 15
68 236 69 240
134 227 138 228
156 155 157 159
106 173 117 173
4 62 4 70
107 51 117 51
156 132 160 133
80 203 82 206
54 65 55 69
139 128 143 129
90 64 93 66
47 6 47 17
106 217 106 227
79 63 80 68
51 17 56 18
197 218 197 228
120 123 120 132
188 14 195 14
109 92 114 93
89 192 98 192
59 247 70 247
178 106 180 109
61 98 72 98
74 157 79 158
62 75 69 75
77 238 77 247
0 17 0 28
135 26 136 30
6 206 8 209
73 56 76 57
116 103 116 114
122 129 130 129
73 85 76 87
155 59 162 59
46 69 46 77
84 232 85 237
178 2 178 11
29 227 29 238
13 116 14 120
54 61 58 62
30 129 35 130
164 67 164 78
182 107 183 112
52 172 53 175
190 216 194 217
166 116 167 121
43 88 54 88
1 204 4 206
176 186 176 197
135 9 145 9
69 175 69 185
49 75 58 75
154 76 156 79
57 188 60 190
28 116 30 118
117 39 117 49
168 143 172 144
88 119 88 129
37 142 42 143
160 153 165 154
117 62 118 65
123 205 134 205
97 19 99 22
58 212 61 214
7 127 7 137
25 2 26 6
44 135 44 144
191 31 191 42
90 141 95 142
105 237 110 238
8 199 17 199
13 30 22 30
164 219 164 229
199 124 199 132
73 137 74 141
80 110 89 110
111 52 113 54
110 136 111 141
92 50 93 54
0 147 1 150
135 174 136 178
128 191 128 200
192 110 192 121
39 210 42 211
89 151 92 153
171 154 173 156
136 41 138 43
158 180 160 182
95 247 98 249
106 101 106 109
165 4 174 4
157 208 168 208
117 239 119 242
89 189 97 189
27 16 32 17
119 7 119 16
34 10 44 10
124 219 125 222
108 111 109 116
160 109 163 111
76 108 78 110
115 127 115 136
27 204 27 215
126 18 130 19
96 59 100 60
192 233 194 235
159 19 166 19
7 179 7 187
178 181 185 181
89 219 94 220
117 150 118 153
149 142 159 142
3 162 13 162
140 108 140 116
65 54 65 63
77 60 77 70
180 52 185 53
34 92 35 96
170 159 179 159
164 249 174 249
183 188 184 192
21 81 23 83
134 12 135 17
9 71 10 76
60 176 61 180
40 195 40 202
0 89 0 99
40 123 47 123
147 122 149 124
74 89 76 92
26 58 27 63
87 144 89 146
167 145 169 148
152 109 159 109
167 217 168 222
168 194 171 195
35 209 35 217
5 51 7 54
16 107 25 107
85 106 87 109
122 46 130 46
78 149 81 150
155 181 156 185
30 8 30 15
1 60 1 70
134 179 135 183
23 75 26 77
62 239 66 240
47 231 48 235
101 156 106 157
31 67 39 67
63 24 63 31
24 224 24 233
166 196 166 203
0 101 9 101
196 114 196 123
60 86 64 87
77 188 84 188
49 6 49 13
67 78 76 78
117 238 125 238
177 92 177 102
153 67 154 72
171 7 171 18
15 183 15 193
175 208 185 208
31 4 31 13
167 223 168 227
186 155 187 160
10 112 18 112
72 14 82 14
154 232 165 232
90 25 92 27
112 184 117 185
8 248 18 248
32 44 40 44
171 21 180 21
156 92 156 101
109 27 114 28
74 228 74 239
4 28 8 29
9 41 17 41
143 136 143 146
140 247 147 247
41 205 51 205
80 190 85 191
130 5 131 9
1 21 1 29
78 88 78 96
32 136 39 136
133 239 141 239
166 176 168 178
102 62 112 62
148 225 159 225
15 75 15 86
116 100 120 101
43 110 53 110
111 180 122 180
175 134 176 138
148 234 156 234
195 40 195 51
159 34 164 35
180 2 180 12
92 147 95 149
135 200 145 200
11 240 12 244
9 175 11 178
192 102 196 103
111 181 115 182
138 244 142 245
159 117 162 119
161 106 164 107
140 188 140 199
91 134 93 136
42 171 44 174
21 48 30 48
134 116 134 123
130 34 130 45
56 9 60 10
89 194 89 203
140 15 140 22
41 110 41 119
12 12 17 13
178 189 179 192
164 63 171 63
19 89 21 91
40 30 40 41
126 240 133 240
173 226 174 231
104 1 114 1
137 185 137 195
82 54 83 57
16 55 19 57
41 105 42 108
47 0 56 0
115 117 116 121
141 166 141 173
51 77 56 78
172 128 174 131
67 59 67 67
124 96 129 97
160 198 162 201
141 163 151 163
25 35 27 38
10 191 12 194
159 15 164 16
29 31 30 36
104 118 104 128
65 113 66 117
119 244 130 244
92 89 93 93
135 82 135 93
41 181 41 192
6 0 13 0
160 134 165 135
141 137 141 147
190 15 190 24
13 122 14 125
144 175 155 175
0 190 1 194
98 205 108 205
22 53 23 58
49 170 51 172
107 82 107 89
76 172 78 174
80 145 84 146
82 111 90 111
27 241 37 241
18 247 29 247
136 71 139 72
112 69 120 69
66 130 66 138
31 85 31 93
81 224 81 231
97 219 97 226
111 198 118 198
32 164 35 166
187 48 187 59
114 204 114 211
29 144 29 151
75 114 82 114
77 152 81 153
10 82 10 92
9 185 12 187
70 161 77 161
113 167 115 169
102 248 105 249
10 67 12 70
52 71 54 74
67 161 68 166
195 177 197 180
19 40 20 44
39 150 42 152
12 1 12 8
146 142 147 145
71 5 74 7
22 98 24 101
37 247 40 249
14 24 16 27
1 214 1 221
115 226 120 227
176 41 181 42
168 50 171 51
187 116 187 126
31 54 32 59
51 27 56 28
76 233 76 242
129 223 132 224
173 236 177 237
42 18 44 20
198 104 198 112
9 62 11 64
27 3 30 5
62 13 70 13
89 63 96 63
184 81 186 83
49 132 51 134
113 244 115 247
169 208 172 210
151 51 162 51
129 158 131 161
23 69 24 74
98 99 101 101
65 86 66 89
93 222 94 225
149 42 151 44
199 209 199 220
28 202 32 203
33 139 33 147
140 55 141 60
94 111 95 114
17 215 17 225
197 172 199 175
136 218 139 219
8 247 16 247
26 125 29 126
135 5 142 5
76 130 86 130
122 115 123 119
104 203 111 203
133 121 133 130
126 15 128 17
93 151 95 153
24 188 24 198
18 82 19 87
69 200 70 203
56 43 56 51
185 171 186 176
88 2 91 3
56 127 58 129
74 144 79 145
196 239 197 243
25 242 30 243
70 105 73 107
197 211 198 214
27 1 31 2
57 181 59 184
111 171 116 172
169 39 178 39
82 240 92 240
82 163 82 174
65 227 69 228
50 239 50 247
100 150 100 159
32 23 32 33
1 92 4 93
93 234 94 238
0 119 0 126
14 15 17 16
142 136 142 147
43 98 52 98
115 201 116 206
133 214 136 215
184 89 185 92
129 189 129 197
34 31 35 35
55 150 55 160
47 115 56 115
104 144 105 148
43 125 46 126
25 155 34 155
105 197 107 199
168 206 178 206
108 95 118 95
167 34 175 34
125 64 130 65
72 53 75 55
57 65 58 70
55 163 57 166
45 25 46 30
93 176 98 177
5 214 9 215
39 155 46 155
147 164 151 165
6 1 6 12
66 217 70 218
105 63 109 64
112 8 113 13
22 43 27 44
127 133 128 138
113 221 117 222
158 25 160 28
175 50 180 51
153 18 160 18
6 140 8 143
11 95 14 97
141 96 141 103
35 145 43 145
76 140 78 142
25 70 26 74
176 229 181 230
76 10 79 12
62 190 65 191
0 54 1 58
94 156 94 167
82 34 91 34
176 232 184 232
23 183 23 193
24 138 26 141
125 79 134 79
46 2 50 3
105 202 114 202
135 111 135 122
93 24 95 27
153 241 155 244
115 207 116 212
87 80 90 82
51 246 56 247
59 0 61 2
181 104 181 111
51 24 56 25
24 114 24 121
14 78 14 87
160 242 161 246
34 173 39 174
170 22 180 22
27 70 35 70
15 155 16 160
50 173 50 181
121 108 126 109
181 76 181 86
133 44 133 52
143 228 152 228
36 144 43 144
59 93 64 94
143 1 144 5
63 119 66 120
91 18 96 19
2 35 3 39
186 4 189 6
135 164 146 164
23 215 24 220
34 18 37 19
159 11 163 12
116 82 118 84
169 125 178 125
102 21 102 31
48 64 48 74
131 188 131 199
99 133 100 138
184 248 188 249
30 208 30 217
84 39 85 44
186 77 197 77
182 2 182 10
172 116 173 120
158 20 163 21
64 97 75 97
138 185 138 195
49 57 51 60
168 187 169 191
190 89 199 89
185 27 187 29
105 201 113 201
34 56 35 59
1 75 6 76
16 61 16 70
38 127 47 127
22 102 30 102
134 0 137 2
70 223 71 228
14 185 14 196
167 29 170 31
143 241 147 242
199 64 199 75
163 2 173 2
75 32 75 41
137 247 139 249
28 158 29 163
96 162 98 165
68 19 69 24
37 107 38 112
86 103 89 104
165 162 173 162
76 134 85 134
148 137 151 139
136 129 136 137
21 93 23 95
3 17 4 21
0 35 1 40
199 6 199 15
142 152 142 160
118 87 127 87
41 231 42 236
69 85 70 89
150 219 151 224
143 15 152 15
185 68 185 77
0 164 5 165
0 127 2 130
6 115 7 120
18 193 18 203
182 31 183 34
82 71 86 72
170 181 172 184
14 113 19 114
150 17 152 20
128 80 135 80
19 66 19 77
187 81 192 82
64 161 64 171
177 217 188 217
0 185 3 187
77 219 80 221
101 193 101 204
151 241 152 244
120 89 128 89
141 14 141 21
72 13 82 13
182 246 193 246
75 168 80 169
72 48 80 48
57 16 59 18
145 186 145 194
13 51 20 51
171 163 172 168
118 234 129 234
82 105 84 108
118 74 121 76
97 183 101 184
0 102 9 102
5 227 8 229
72 132 74 134
46 9 46 19
12 131 12 141
166 244 176 244
142 177 143 182
111 47 115 48
187 102 187 110
181 132 184 134
106 96 107 99
120 105 125 106
82 122 86 123
24 64 27 66
20 248 28 248
100 175 109 175
77 37 78 42
100 247 109 247
20 8 22 10
188 128 189 131
193 158 197 159
114 228 118 229
128 155 130 157
174 160 184 160
163 151 172 151
2 173 2 181
135 57 135 68
110 4 121 4
75 185 75 193
129 112 130 116
74 25 74 33
106 14 116 14
0 108 0 117
96 190 99 191
81 136 86 137
126 132 133 132
128 152 130 154
4 35 4 43
110 29 110 39
23 203 24 207
67 178 68 181
99 230 109 230
86 12 86 21
44 67 44 77
35 155 38 156
11 129 11 138
8 156 13 157
144 142 145 147
122 206 126 207
146 95 146 106
179 134 179 145
195 232 197 235
76 137 79 139
181 244 184 245
191 138 199 138
159 167 163 168
93 111 93 119
10 16 10 23
11 210 14 212
70 173 70 184
161 162 164 164
132 112 132 121
149 78 152 79
89 78 97 78
152 27 156 28
140 47 143 49
31 74 32 79
168 165 168 174
52 140 55 142
145 80 148 82
198 191 199 196
15 123 15 133
130 120 131 125
47 177 48 180
193 240 195 243
94 200 94 208
32 1 32 8
71 196 73 199
23 131 25 133
125 39 128 40
66 211 68 213
21 21 23 23
130 142 132 145
2 157 4 160
165 86 166 89
54 230 56 233
189 165 189 172
109 194 112 195
64 194 64 203
137 152 139 155
84 26 85 30
75 155 80 156
61 105 62 108
164 113 171 113
187 146 188 151
33 193 34 198
96 148 96 157
154 204 156 206
15 90 18 91
50 139 51 143
50 86 59 86
15 137 20 138
158 13 162 14
156 171 157 174
65 142 68 143
178 30 180 32
154 202 157 203
189 202 189 210
129 25 133 26
103 105 104 108
82 84 83 88
71 93 76 94
124 86 131 86
103 221 105 224
91 165 91 173
145 229 147 232
147 198 147 207
108 123 115 123
105 188 106 193
3 106 13 106
43 190 44 195
183 19 183 27
83 95 86 97
0 83 2 85
121 57 124 59
28 52 30 54
75 58 79 59
197 205 198 209
118 183 118 192
183 224 190 224
83 127 87 128
126 144 126 153
9 109 17 109
149 64 157 64
169 228 169 236
168 116 170 119
72 176 83 176
21 226 23 228
53 51 54 56
167 109 170 111
123 155 123 165
139 123 143 124
11 98 12 102
22 67 22 74
7 57 7 64
182 136 183 141
32 80 39 80
174 95 176 97
63 59 64 62
107 16 118 16
89 226 91 229
121 171 126 172
109 152 114 153
2 146 3 149
143 183 143 193
77 181 78 185
175 120 184 120
17 116 19 119
113 249 121 249
77 76 79 79
53 125 60 125
115 141 118 143
104 188 104 199
14 45 19 46
168 55 169 59
102 69 109 69
96 232 98 234
134 208 145 208
61 47 61 57
27 185 27 193
173 194 175 197
195 53 195 61
165 71 165 81
34 105 34 115
103 132 106 134
183 144 186 145
173 98 173 109
46 166 49 168
165 9 167 12
179 13 184 14
199 104 199 113
142 11 150 11
51 37 55 38
129 47 130 51
91 194 94 196
173 25 175 27
169 127 170 131
70 111 81 111
19 195 19 204
34 62 35 66
172 238 182 238
88 135 90 137
34 235 38 236
83 172 84 175
100 211 111 211
23 143 24 146
52 224 62 224
155 195 159 196
7 1 7 12
196 139 199 140
168 248 178 248
199 51 199 62
70 136 70 145
190 119 190 126
95 171 99 172
197 31 198 34
190 48 190 55
165 137 170 138
157 162 160 164
164 141 164 148
102 73 107 74
146 7 153 7
104 151 112 151
120 137 122 139
139 168 140 173
61 153 72 153
155 134 159 135
123 91 130 91
169 75 172 76
103 98 104 103
83 62 84 66
74 196 74 203
142 213 142 220
165 245 176 245
110 146 115 147
191 20 191 28
94 66 96 68
43 76 43 87
14 179 15 182
146 0 150 1
15 42 18 44
112 157 113 162
38 207 46 207
35 49 38 51
48 244 49 248
181 163 181 173
155 211 158 213
105 110 105 120
138 110 139 113
61 161 61 172
92 123 93 127
0 0 0 8
96 207 104 207
103 243 110 243
120 207 120 215
92 47 99 47
102 58 105 59
35 138 36 142
124 73 134 73
145 195 148 197
34 9 43 9
158 233 160 235
89 76 99 76
27 9 29 11
182 58 182 66
97 98 97 106
138 127 148 127
62 140 62 148
1 43 1 50
66 183 66 192
159 159 166 159
11 55 13 57
34 122 36 124
157 69 159 71
177 233 179 235
82 192 82 199
86 101 89 102
130 1 131 4
34 149 42 149
88 59 91 61
188 102 190 104
62 233 69 233
170 1 177 1
39 146 42 147
177 108 177 119
196 151 199 153
49 232 52 234
193 0 197 1
99 231 102 232
124 75 127 77
102 240 110 240
189 195 191 197
86 198 87 202
12 27 12 34
16 129 21 130
177 150 181 151
18 222 22 223
164 0 169 1
147 94 147 105
53 205 62 205
177 2 177 12
37 31 38 35
183 173 184 176
156 104 158 106
191 143 193 146
113 214 114 218
30 192 31 195
174 16 178 17
91 98 91 105
81 239 92 239
188 204 188 212
6 165 13 165
136 91 141 92
22 195 22 206
43 121 48 122
69 168 74 169
9 133 9 144
123 191 124 196
34 133 38 134
48 192 50 194
145 92 154 92
35 75 43 75
137 74 137 83
173 216 175 219
36 210 38 212
122 183 123 187
101 236 103 238
161 31 164 33
188 226 190 229
148 69 150 71
188 139 195 139
150 172 152 174
118 203 120 205
25 229 26 233
124 226 125 230
46 35 54 35
8 179 11 181
87 209 91 210
43 157 52 157
184 16 188 17
184 213 189 214
117 111 118 114
194 21 194 29
30 23 31 28
4 241 6 243
139 12 149 12
136 146 136 155
14 151 22 151
146 169 151 170
89 244 92 246
162 6 173 6
6 152 6 159
159 36 167 36
128 30 128 38
52 51 52 61
153 74 158 75
113 43 115 46
45 90 47 92
96 203 100 204
34 98 37 100
98 106 102 107
94 14 102 14
26 90 26 97
82 98 90 98
36 161 37 166
51 239 52 244
77 15 79 17
74 224 75 227
142 89 153 89
138 29 140 32
72 114 74 117
31 213 32 218
179 44 182 46
148 204 149 209
40 178 42 180
70 56 72 58
60 139 60 147
84 247 87 249
127 20 128 25
114 66 116 68
198 5 198 13
55 235 65 235
51 29 56 30
116 54 117 59
48 144 48 151
120 28 120 39
59 101 63 102
140 248 147 248
143 99 143 109
99 246 110 246
54 189 54 197
97 50 105 50
44 117 49 118
183 84 185 87
36 157 38 160
49 136 54 137
140 216 140 224
13 6 15 9
123 236 127 237
22 79 25 80
155 150 157 152
58 106 59 110
109 199 118 199
103 215 105 218
161 93 164 94
109 106 110 110
21 47 30 47
195 222 195 230
180 129 183 131
107 146 109 149
58 24 58 34
90 194 90 202
3 181 6 182
192 123 194 125
24 50 34 50
57 104 57 113
159 60 161 63
96 236 97 240
92 87 102 87
148 178 148 188
87 160 87 167
122 15 122 24
95 90 96 95
153 245 155 247
66 102 75 102
105 0 115 0
51 9 54 10
190 84 193 85
119 135 126 135
100 26 100 36
189 69 192 70
59 232 67 232
114 138 114 145
62 225 69 225
183 0 186 1
141 50 145 51
90 40 92 42
131 32 131 40
97 209 101 210
154 49 163 49
41 48 42 52
173 198 175 200
144 112 145 115
16 217 16 227
77 194 77 203
89 161 89 169
178 194 179 198
52 126 54 129
110 57 111 61
0 10 1 15
82 209 85 211
139 228 141 231
96 178 104 178
5 89 8 91
86 178 87 182
51 21 54 22
170 222 172 224
35 0 36 5
195 78 198 79
88 185 95 185
176 73 177 77
121 113 121 120
125 49 126 53
94 36 94 43
35 187 35 195
101 111 102 115
36 244 43 244
135 51 136 56
21 163 23 165
36 226 40 227
122 178 126 179
99 226 103 227
26 129 27 134
65 9 68 11
186 30 186 41
80 58 81 62
5 202 8 204
151 193 151 203
132 21 134 24
179 1 179 12
12 110 16 111
155 30 156 34
156 170 164 170
134 75 135 78
5 104 16 104
197 91 199 94
178 223 187 223
178 236 182 237
43 201 51 201
70 9 71 12
13 152 20 152
159 217 163 218
139 83 148 83
36 231 38 233
46 211 48 214
14 99 16 101
188 48 188 57
86 161 86 169
38 183 38 190
194 135 197 136
129 242 138 242
139 135 140 139
51 248 56 249
41 228 50 228
74 127 82 127
50 148 51 151
181 92 181 103
30 95 31 99
191 174 192 177
164 83 166 85
198 123 198 134
48 21 48 29
64 112 73 112
160 139 160 147
16 76 16 87
69 171 80 171
127 41 128 45
13 1 16 2
41 212 44 213
156 239 156 247
33 179 33 190
166 60 169 62
111 125 111 133
11 146 18 146
67 128 70 129
2 2 4 4
146 59 154 59
176 66 179 68
72 72 75 73
51 228 55 229
189 145 189 152
149 117 152 118
9 245 18 245
55 242 58 243
120 231 128 231
11 202 15 203
104 87 106 90
92 70 95 71
162 75 163 79
141 153 141 162
6 211 8 213
88 0 95 0
133 81 134 86
99 216 99 225
182 116 184 118
86 88 88 90
192 104 194 107
119 155 121 157
189 33 189 44
153 37 163 37
182 80 182 87
106 170 109 172
111 32 113 35
170 85 173 86
142 237 147 238
128 8 129 11
57 3 64 3
57 76 66 76
15 61 15 70
23 147 27 148
171 30 173 33
181 123 183 125
175 56 175 63
31 237 35 238
191 202 191 211
84 133 93 133
90 50 91 54
69 241 74 242
78 224 79 228
98 72 107 72
120 144 121 149
178 57 181 59
144 157 145 161
90 15 101 15
22 116 23 121
150 237 153 238
191 218 191 225
197 167 198 171
3 194 4 197
130 169 131 174
194 43 194 51
110 100 115 101
96 179 103 179
13 172 22 172
135 204 139 205
174 180 174 187
196 181 197 186
163 122 164 127
17 58 19 60
166 52 169 54
120 7 120 18
189 98 194 99
30 170 30 179
82 52 86 53
82 3 83 7
34 222 39 223
3 233 8 234
98 119 98 128
162 242 163 246
9 198 16 198
177 222 187 222
144 54 144 63
112 213 119 213
37 0 42 1
70 79 71 82
10 48 20 48
196 3 199 4
144 120 149 121
190 6 194 7
124 112 124 119
24 136 28 137
82 26 83 31
62 134 65 136
109 41 114 42
193 114 195 116
132 27 134 29
132 195 136 196
55 143 59 144
83 81 86 82
70 0 72 3
26 23 27 28
24 30 24 40
21 178 21 187
75 25 76 30
195 84 199 85
70 37 73 38
53 189 53 199
64 147 67 148
86 112 89 114
198 215 198 226
174 154 177 155
103 152 108 153
187 179 188 183
43 218 44 223
136 100 138 102
190 165 190 174
62 14 63 18
63 230 71 230
82 181 83 184
181 184 181 195
79 244 84 245
90 67 93 68
149 218 156 218
72 19 75 20
147 54 149 56
22 186 22 194
196 33 196 40
33 78 36 79
24 81 26 84
170 189 172 191
5 3 5 11
143 227 152 227
130 214 132 216
180 201 184 202
13 73 14 76
163 149 173 149
62 20 62 29
117 89 118 94
149 4 152 5
40 57 48 57
33 51 33 59
13 150 23 150
49 20 49 29
149 30 151 32
74 79 75 82
175 40 175 47
73 217 73 227
77 216 80 218
67 70 70 71
89 190 94 191
189 57 190 61
176 35 178 37
186 72 187 76
161 100 162 105
110 113 111 116
51 102 51 109
113 103 114 106
129 133 130 138
90 4 93 6
152 138 154 140
125 180 126 184
42 112 46 113
96 159 98 161
136 168 138 170
33 102 38 103
110 75 112 77
120 188 123 190
148 110 159 110
128 162 131 163
0 61 0 70
169 82 174 83
101 41 103 44
107 213 107 220
161 139 161 147
160 187 164 188
181 50 186 51
124 149 124 157
76 210 77 214
72 122 77 123
93 48 100 48
193 151 195 154
80 16 83 17
150 192 150 199
88 64 89 67
157 76 161 77
10 2 11 5
169 89 172 90
30 37 30 44
60 40 68 40
85 73 86 78
161 125 161 133
18 184 18 192
75 115 77 117
28 103 29 107
101 32 102 35
50 101 50 109
113 87 114 91
159 30 160 33
192 90 193 95
153 121 153 130
162 7 164 9
78 98 78 107
159 47 168 47
42 161 43 165
18 124 28 124
28 71 28 80
85 154 86 158
14 53 21 53
118 40 118 51
71 188 72 192
47 38 48 42
123 10 125 12
17 120 21 121
186 189 187 193
130 10 137 10
14 240 22 240
17 3 18 6
56 92 58 95
147 156 149 158
45 149 46 153
114 155 118 156
67 208 71 209
59 127 62 129
43 96 47 97
53 101 55 103
52 180 53 184
121 198 125 199
153 50 162 50
123 126 130 126
158 64 166 64
87 218 97 218
83 206 86 207
37 22 38 25
7 30 10 32
155 23 156 26
88 108 92 109
168 43 171 45
80 104 81 108
50 183 50 191
99 80 102 81
137 229 138 233
33 42 36 43
79 25 81 27
160 86 163 87
63 5 64 8
5 167 7 169
45 34 56 34
111 186 113 188
172 56 173 60
15 33 18 34
152 224 160 224
127 99 128 102
54 172 56 175
79 94 88 94
79 38 80 42
7 13 8 17
92 55 94 58
137 134 137 142
167 25 170 26
79 182 80 186
39 165 40 169
192 164 194 166
182 229 184 231
106 110 106 117
113 234 114 239
176 98 176 106
69 190 69 199
140 23 141 26
148 9 153 10
169 154 170 158
122 208 126 209
142 87 146 88
32 116 34 118
69 90 73 91
139 130 143 131
143 42 145 44
180 73 180 82
156 39 156 47
23 241 24 244
13 21 16 23
110 196 115 197
56 14 59 15
38 81 39 84
50 23 58 23
32 151 34 153
48 92 52 93
177 79 178 83
34 224 34 234
66 105 69 107
166 115 173 115
184 153 188 154
42 71 43 74
85 141 88 142
82 92 90 92
40 139 42 141
43 52 51 52
182 170 184 172
177 188 177 195
178 110 180 113
10 168 21 168
60 192 63 194
183 93 186 95
136 44 138 47
186 240 187 244
45 47 50 48
97 79 98 84
96 132 97 137
41 32 41 41
78 159 80 161
99 115 99 124
190 249 199 249
102 117 103 120
78 115 80 117
197 36 197 44
83 212 85 215
6 164 13 164
196 59 197 63
9 77 10 81
94 96 103 96
30 131 38 131
34 8 42 8
148 95 150 97
23 246 32 246
129 21 131 24
5 219 7 221
144 150 145 155
31 240 39 240
28 184 29 187
127 66 130 68
92 197 92 207
117 103 119 105
6 69 7 74
117 160 119 163
152 97 153 102
183 182 184 187
17 143 20 145
197 114 197 124
127 108 127 117
65 45 69 46
171 169 172 173
71 17 75 18
88 234 91 236
176 241 179 242
76 119 81 120
126 110 126 121
99 146 99 153
0 178 1 182
83 46 84 49
6 144 7 147
116 122 119 123
165 196 165 204
125 57 127 59
8 80 8 88
175 201 176 205
67 115 68 120
74 162 76 164
1 231 5 232
88 216 97 216
140 66 148 66
139 134 148 134
108 125 109 128
177 148 181 149
126 1 127 4
114 23 116 26
41 248 45 249
94 181 95 184
184 101 185 106
4 185 6 187
96 244 98 246
77 179 80 180
175 52 179 53
12 107 15 108
147 125 152 126
58 91 66 91
41 217 42 220
94 119 96 121
19 217 20 220
71 211 73 214
155 130 158 131
167 201 169 204
36 62 46 62
59 134 61 136
168 15 169 18
53 130 56 131
155 107 158 108
101 57 109 57
0 223 1 228
143 73 145 75
118 215 119 218
44 79 44 87
176 61 178 63
100 170 102 172
185 148 186 151
15 210 17 212
8 54 9 58
61 198 63 200
132 101 135 102
29 111 33 112
21 249 31 249
76 96 76 103
24 170 28 171
75 177 78 178
18 154 22 155
155 19 157 21
74 65 75 70
165 239 172 239
74 151 81 151
170 228 171 232
9 125 9 132
160 152 171 152
158 171 163 172
145 62 153 62
144 216 155 216
14 238 21 238
68 49 69 52
75 228 76 231
148 26 150 28
88 192 88 203
198 141 199 144
124 200 127 201
14 61 14 69
5 37 5 44
84 54 86 57
76 198 76 206
103 53 110 53
150 155 152 158
38 98 41 100
176 216 176 223
178 133 178 143
128 75 130 77
18 66 18 77
187 97 194 97
138 220 139 224
103 28 105 30
102 241 106 242
57 79 58 84
53 210 53 217
104 204 112 204
50 165 51 169
141 31 144 32
121 98 128 98
53 5 54 8
186 88 187 91
149 107 151 109
24 53 24 62
3 8 3 16
193 34 193 41
20 79 20 86
3 129 4 134
136 236 139 238
51 31 56 32
40 172 41 175
51 173 51 181
73 159 77 160
40 94 42 96
119 29 119 40
152 191 156 192
88 178 91 179
80 238 87 238
67 134 71 135
170 52 171 55
10 227 11 230
115 8 118 9
120 224 125 225
23 159 24 162
66 29 66 37
75 245 76 249
0 207 2 209
114 107 114 114
26 53 27 57
169 132 172 133
39 34 39 43
0 86 2 88
173 142 175 145
4 111 7 113
57 238 67 238
139 174 139 181
55 81 56 84
130 59 131 63
93 28 93 35
167 94 169 96
9 37 20 37
24 180 24 187
184 37 184 44
71 236 72 240
179 19 182 20
123 217 130 217
49 83 51 85
30 61 33 62
146 110 147 113
64 176 68 177
29 37 29 44
138 17 139 20
148 40 151 41
94 20 96 22
158 226 159 230
87 206 90 207
28 214 29 217
73 76 76 77
137 214 140 215
50 207 61 207
162 28 164 30
76 20 79 21
22 89 24 91
94 106 95 110
