3680
28 0 28 7
44 128 55 128
35 129 35 138
188 76 188 85
0 204 11 204
131 42 135 43
87 156 88 161
87 7 89 9
198 84 198 95
92 110 92 121
16 182 20 183
79 207 88 207
64 98 65 103
4 139 4 148
125 57 126 61
159 10 164 11
127 221 127 231
50 50 50 61
23 239 23 246
97 116 97 124
77 36 78 40
54 118 57 120
61 152 61 161
158 88 168 88
63 180 73 180
147 19 149 22
47 206 56 206
192 74 192 85
154 47 163 47
55 232 58 233
96 178 96 188
87 35 87 42
167 37 178 37
117 142 119 145
170 151 170 161
120 204 123 206
156 226 164 226
52 0 54 3
21 166 24 167
76 135 76 144
39 45 40 48
162 91 169 91
161 246 172 246
157 50 167 50
187 242 188 247
174 112 175 117
70 3 74 4
103 87 106 89
27 30 29 33
28 91 29 94
184 89 184 100
74 219 76 222
63 35 63 45
116 118 125 118
25 127 34 127
154 151 155 156
90 198 91 201
94 224 97 226
45 170 45 178
181 117 181 127
195 151 195 162
81 115 81 122
112 96 123 96
97 95 99 97
24 169 27 171
141 212 142 216
142 65 151 65
69 110 70 115
150 11 153 13
12 60 16 61
166 114 167 119
48 112 58 112
118 34 128 34
41 228 41 236
150 206 153 208
6 91 11 92
110 66 110 75
96 213 106 213
32 30 34 33
5 166 16 166
102 237 102 244
133 227 142 227
4 220 6 222
11 136 21 136
36 62 37 66
61 133 71 133
120 208 123 210
55 74 59 75
84 142 93 142
95 67 97 70
137 29 141 30
73 101 82 101
146 147 157 147
66 202 71 203
62 14 62 22
30 229 30 238
187 160 191 161
136 162 137 167
41 130 48 130
141 152 141 162
44 169 44 178
179 71 179 81
8 235 16 235
94 90 95 95
124 51 124 61
64 230 65 234
17 178 20 179
11 107 14 108
188 93 188 102
38 191 38 198
152 104 153 107
124 222 126 224
4 31 15 31
127 110 128 115
144 202 147 203
144 94 145 97
183 56 194 56
12 111 12 122
159 230 166 230
151 101 151 109
53 138 54 143
12 230 23 230
41 172 41 182
105 175 105 185
24 205 33 205
40 248 48 248
140 240 141 244
105 188 108 190
190 87 191 91
45 232 48 233
157 213 168 213
22 60 24 62
79 129 88 129
30 164 30 174
23 201 32 201
180 117 180 126
166 223 167 228
193 9 198 10
23 154 24 159
22 104 33 104
141 57 141 68
140 154 140 162
169 213 169 224
90 96 91 101
10 176 12 179
56 188 60 189
178 1 178 11
168 125 170 127
44 16 54 16
91 192 100 192
63 205 63 213
20 73 28 73
106 98 116 98
177 208 188 208
83 28 83 36
97 230 107 230
190 180 191 184
94 41 105 41
11 51 11 58
154 204 159 205
158 17 161 19
112 236 112 245
123 194 126 195
53 105 54 108
134 101 135 105
46 33 46 42
50 220 59 220
58 30 60 33
163 54 171 54
135 86 139 87
154 171 154 179
62 87 62 97
66 22 71 23
101 167 103 170
81 56 82 59
52 71 53 76
112 173 114 176
2 103 3 108
126 74 126 85
37 2 47 2
150 133 150 143
169 101 169 111
100 29 101 34
104 215 104 225
100 15 110 15
16 74 24 74
65 110 65 120
139 34 150 34
172 216 172 226
170 168 180 168
15 62 16 67
133 79 137 80
6 62 9 63
152 241 163 241
18 114 19 119
135 73 143 73
113 75 117 76
85 4 88 6
73 76 77 77
43 120 44 125
195 180 198 182
129 230 138 230
93 45 94 50
77 18 79 20
89 105 94 106
118 217 118 227
111 165 121 165
37 8 42 9
179 230 190 230
111 41 121 41
84 156 86 159
131 52 136 53
115 13 115 22
11 239 14 240
155 132 164 132
66 29 68 31
147 23 148 26
83 230 83 241
155 82 155 92
90 205 98 205
96 15 96 25
135 239 136 244
153 160 154 165
158 4 158 12
50 97 55 98
46 226 49 228
141 77 145 78
147 5 156 5
17 9 25 9
43 185 48 186
1 64 9 64
40 149 43 151
117 111 121 112
34 241 36 244
56 94 56 101
168 59 173 60
7 80 18 80
157 236 160 238
184 71 193 71
86 98 86 109
77 222 80 223
174 196 185 196
110 100 112 103
33 165 40 165
70 145 72 148
63 62 73 62
103 24 107 25
49 167 49 178
87 110 88 115
28 86 30 88
24 51 35 51
96 7 99 9
156 206 156 214
22 10 26 11
114 0 116 3
48 69 48 79
156 20 158 23
3 152 4 156
58 62 60 64
0 95 3 97
190 194 191 199
42 198 46 199
104 27 106 29
109 142 110 146
108 27 118 27
144 175 152 175
158 71 168 71
27 14 29 17
73 102 74 107
133 233 134 237
75 44 78 45
157 228 158 233
170 64 172 67
93 59 93 68
187 138 187 146
17 41 20 43
76 212 77 217
199 214 199 225
182 190 191 190
23 125 28 126
123 239 125 242
142 122 143 127
64 219 67 221
16 142 16 152
73 191 82 191
95 30 98 31
113 38 121 38
53 226 53 237
195 18 196 21
70 67 78 67
67 177 77 177
187 7 196 7
188 23 188 31
195 63 195 73
178 24 179 29
184 152 184 161
160 27 165 28
4 37 4 44
172 12 172 21
134 119 134 128
87 93 87 103
78 217 85 217
16 215 17 219
38 92 38 103
131 84 141 84
155 1 164 1
136 103 146 103
147 157 147 167
33 115 36 117
129 242 132 243
63 140 66 142
96 104 103 104
189 210 189 221
124 183 126 185
31 24 42 24
3 73 5 75
114 139 117 140
53 4 53 15
29 138 33 139
59 229 59 239
46 137 46 148
94 200 105 200
89 228 89 238
194 31 196 34
55 71 65 71
173 88 176 90
151 72 160 72
25 98 35 98
95 209 95 220
109 206 113 207
77 22 78 26
47 32 48 37
140 131 142 134
16 30 16 39
34 205 39 206
169 177 177 177
139 106 142 108
150 122 161 122
195 38 195 45
35 177 37 180
6 2 7 7
181 210 186 211
121 63 126 64
138 40 139 45
70 181 70 191
192 144 192 151
122 132 122 142
78 125 78 134
6 69 9 71
127 19 128 22
118 92 128 92
42 82 49 82
164 191 164 202
159 176 168 176
36 130 40 131
115 85 116 89
104 194 114 194
168 29 177 29
181 28 186 29
175 161 178 163
72 22 74 24
1 120 2 123
153 56 154 60
19 213 19 222
18 45 19 49
136 198 141 199
162 68 173 68
61 209 61 220
22 117 31 117
167 139 175 139
89 55 93 56
156 115 161 116
5 152 13 152
176 30 187 30
129 106 137 106
14 14 14 23
108 241 111 243
0 158 9 158
4 193 15 193
49 186 54 187
5 127 14 127
156 40 167 40
20 108 21 111
14 70 18 71
167 166 177 166
97 232 108 232
33 82 38 83
150 240 151 245
175 197 178 199
124 153 125 156
151 129 162 129
63 162 63 171
15 201 15 212
109 53 110 56
175 217 177 219
90 236 92 238
72 112 75 114
170 39 173 41
143 37 145 40
121 114 122 117
144 209 147 211
49 137 52 139
179 130 179 139
32 154 36 155
101 101 105 102
35 14 45 14
147 234 147 241
45 43 45 54
80 224 82 226
102 69 105 71
19 79 19 87
88 2 98 2
41 114 42 118
45 22 47 24
140 3 142 5
30 61 30 70
25 121 35 121
99 44 100 48
50 18 53 20
83 53 92 53
94 238 101 238
80 43 80 53
64 162 64 169
136 150 137 155
80 19 80 29
102 45 102 56
156 52 157 56
164 72 164 82
90 120 90 128
3 170 4 174
143 224 147 225
26 75 26 82
59 17 60 21
127 162 128 165
46 84 46 94
117 106 126 106
66 157 67 162
188 45 191 47
69 1 79 1
175 61 184 61
123 69 131 69
184 165 184 175
156 227 156 238
65 151 73 151
147 150 156 150
104 34 105 38
112 171 123 171
13 65 13 76
61 122 62 126
152 161 152 171
6 86 14 86
169 95 180 95
120 215 125 216
121 102 125 103
156 182 156 193
2 16 6 17
148 194 159 194
165 197 173 197
94 83 95 86
33 59 35 62
22 182 26 183
170 98 172 101
83 186 93 186
148 160 149 165
152 214 153 219
56 160 56 168
5 92 5 101
190 50 193 51
144 190 148 191
158 29 163 30
181 3 185 4
90 174 92 177
174 147 179 148
62 99 62 110
174 107 177 108
138 117 140 119
59 243 61 245
9 3 10 8
85 166 87 168
52 196 57 197
179 118 179 129
17 103 20 105
113 224 115 227
74 165 84 165
61 97 61 108
19 19 20 23
68 42 68 51
31 222 42 222
153 33 155 36
96 76 101 77
68 141 70 143
61 72 72 72
186 165 187 170
22 184 22 193
148 76 149 80
0 83 0 92
174 156 174 165
87 82 87 92
49 84 50 89
27 56 37 56
24 76 24 83
117 16 122 17
67 119 69 122
10 218 15 219
56 237 56 247
139 1 142 2
190 138 190 147
135 220 144 220
67 193 77 193
5 235 5 245
54 36 54 45
25 143 27 146
39 91 40 96
163 151 165 154
75 59 77 61
14 188 19 189
160 203 168 203
161 58 164 60
91 154 94 156
194 23 196 26
33 39 33 49
155 99 166 99
76 113 76 122
64 223 65 228
175 179 177 182
101 224 102 228
157 181 157 188
194 165 195 168
173 241 176 243
84 238 84 249
73 117 73 127
146 144 150 145
172 113 172 124
91 61 91 72
171 72 175 73
91 13 101 13
156 125 164 125
142 18 143 21
39 41 40 44
77 235 78 239
28 166 29 170
123 124 133 124
81 176 81 186
153 61 155 64
49 214 49 225
68 225 68 236
112 126 115 128
38 108 46 108
73 175 77 176
169 13 169 24
63 173 71 173
80 78 85 79
183 245 185 248
127 151 135 151
25 211 35 211
188 131 189 136
139 230 139 240
91 165 93 168
117 3 120 5
68 20 76 20
64 89 75 89
51 57 58 57
170 205 172 207
7 207 7 214
112 62 114 64
106 37 106 48
93 249 101 249
67 134 72 135
139 168 139 176
14 200 24 200
139 4 139 15
21 99 32 99
96 26 105 26
57 7 57 18
129 245 132 247
165 130 167 133
34 18 35 23
177 153 178 156
27 213 35 213
172 145 180 145
127 54 138 54
181 236 181 246
190 59 195 60
191 117 194 119
187 102 187 110
130 100 131 104
101 153 112 153
44 147 44 157
76 15 81 16
93 113 93 120
94 181 95 184
132 97 136 98
133 130 137 131
181 63 181 73
149 32 158 32
8 185 11 187
70 31 70 42
60 75 69 75
82 175 85 177
160 31 169 31
7 195 16 195
9 134 10 138
199 58 199 66
131 215 132 218
167 229 168 234
34 141 34 151
113 101 113 111
146 83 148 85
24 90 25 95
182 16 182 25
133 154 135 157
142 14 147 15
169 199 174 200
191 96 196 97
174 52 174 61
185 135 185 144
73 204 73 215
141 46 145 47
124 1 127 3
46 149 46 159
155 217 155 225
148 237 148 248
98 115 107 115
129 2 129 13
136 27 136 36
159 161 159 170
88 222 88 231
73 184 74 189
40 32 41 37
98 130 98 139
175 224 183 224
182 122 187 123
184 241 186 244
25 249 36 249
59 130 63 131
188 40 193 41
16 17 16 28
172 42 173 46
166 27 177 27
154 135 156 137
120 68 127 68
114 218 117 220
153 89 154 93
99 177 103 178
66 14 69 16
117 212 119 214
132 32 133 37
0 179 0 188
29 193 30 197
31 11 34 13
126 49 135 49
115 141 116 145
153 196 157 197
177 202 180 204
101 203 110 203
56 58 67 58
25 37 33 37
59 12 68 12
108 44 113 45
180 79 180 88
124 190 127 192
38 238 41 240
120 150 121 155
194 156 194 164
15 159 16 164
89 87 89 98
108 228 111 229
97 150 99 153
165 34 176 34
102 75 105 77
170 143 173 144
140 93 142 95
121 25 125 26
158 118 161 120
103 236 104 241
116 57 117 60
54 204 59 205
83 54 91 54
55 149 55 159
146 94 146 102
116 176 118 179
8 95 13 96
153 111 157 112
68 198 72 199
153 182 155 185
47 200 57 200
43 240 44 245
79 63 88 63
105 95 116 95
49 41 51 43
121 29 130 29
76 228 76 238
38 58 48 58
98 157 100 160
40 25 50 25
3 246 5 249
96 88 96 98
130 227 132 229
104 139 109 140
97 144 108 144
89 206 99 206
78 205 83 206
23 85 23 93
141 166 142 169
165 166 165 174
110 195 112 198
110 183 111 188
183 42 185 45
183 105 184 110
41 190 42 194
95 48 97 50
18 203 19 208
149 2 152 4
66 69 77 69
22 213 26 214
40 59 47 59
4 205 4 215
147 127 150 129
33 77 36 78
84 49 89 50
168 40 169 45
39 127 50 127
59 84 62 85
74 231 74 241
127 135 128 139
66 188 66 198
125 205 127 207
103 55 106 56
138 222 147 222
131 175 132 179
29 89 40 89
72 202 72 209
152 97 163 97
110 81 120 81
56 44 58 46
134 8 136 10
63 52 70 52
163 63 174 63
113 152 115 155
173 150 180 150
52 165 55 167
14 32 15 35
175 225 175 236
197 243 198 247
130 74 134 75
108 125 111 127
40 57 49 57
19 56 23 57
19 27 19 37
79 31 80 35
8 181 18 181
160 134 161 139
71 9 74 10
96 108 100 109
168 47 171 49
114 133 117 135
105 120 115 120
70 25 73 27
81 24 88 24
160 56 160 67
52 111 59 111
116 248 120 249
5 87 7 89
141 74 151 74
197 28 198 32
28 26 30 29
83 221 86 222
18 65 22 66
18 51 18 61
100 234 111 234
108 85 110 88
150 177 150 185
51 174 51 185
187 115 194 115
115 229 115 238
26 155 27 159
107 33 107 42
198 69 198 80
63 67 65 69
64 240 68 241
155 160 164 160
127 203 137 203
82 178 93 178
197 167 198 171
158 190 160 193
55 122 57 124
187 218 188 221
26 238 27 243
181 13 186 14
138 163 138 173
18 121 21 123
178 190 179 194
8 134 8 145
130 39 132 41
8 27 10 30
185 147 187 150
160 151 161 155
109 157 112 159
62 47 64 49
188 53 197 53
88 130 97 130
126 235 126 245
173 17 174 20
150 131 158 131
13 228 17 229
61 83 71 83
113 201 114 205
178 158 182 159
46 203 55 203
80 149 80 160
145 192 155 192
92 240 95 242
5 139 5 146
84 130 84 137
118 170 129 170
88 171 93 172
146 119 148 122
134 76 136 78
1 142 2 147
68 126 69 130
75 123 76 127
120 146 129 146
97 54 97 65
160 205 161 209
45 222 45 230
9 171 11 174
41 246 45 247
77 91 78 95
112 8 112 16
145 159 146 164
36 208 44 208
104 50 107 52
40 164 50 164
182 70 183 74
139 115 144 116
104 118 104 128
190 33 192 36
121 193 121 203
15 116 15 125
42 211 43 216
187 82 187 90
198 193 199 198
183 120 187 121
153 39 153 48
193 210 196 212
69 174 72 176
115 206 115 214
100 81 101 86
197 119 198 123
0 100 4 101
118 190 118 198
20 176 31 176
0 111 2 114
177 112 188 112
18 160 27 160
22 143 24 145
58 124 58 134
69 84 71 87
28 36 36 36
158 219 162 220
64 31 64 39
28 39 29 44
103 219 103 228
66 164 68 166
98 175 98 185
112 51 116 52
13 100 23 100
79 49 79 60
128 219 128 230
109 3 109 14
1 47 1 56
94 160 95 164
135 185 144 185
172 24 177 25
18 89 22 90
105 223 107 226
187 179 195 179
84 21 92 21
117 228 117 237
142 139 143 143
113 130 113 140
86 76 90 77
43 225 44 229
35 69 38 71
121 24 131 24
185 207 195 207
87 11 88 15
148 56 151 58
175 101 180 102
122 143 127 144
137 232 138 237
185 92 195 92
23 172 27 173
11 123 14 125
56 88 58 91
140 144 141 148
144 171 146 173
78 188 82 189
182 235 184 237
72 218 73 222
21 17 22 22
190 235 190 244
22 139 25 141
173 207 184 207
129 205 129 216
180 106 182 109
6 207 6 217
147 103 148 108
26 216 26 226
108 156 118 156
171 125 172 130
90 222 95 223
118 10 128 10
172 167 180 167
192 239 194 242
84 145 85 150
38 35 38 43
195 110 197 113
26 162 27 167
13 248 24 248
129 158 134 159
51 99 55 100
97 165 108 165
20 44 20 51
143 0 144 5
119 234 122 235
120 67 130 67
112 161 115 163
107 210 107 218
170 103 179 103
187 128 192 129
181 176 182 181
41 94 45 95
131 67 136 68
67 208 68 213
115 182 118 184
175 68 178 70
110 3 112 6
173 123 176 124
101 235 112 235
109 132 112 134
17 126 22 127
154 200 159 201
90 194 99 194
75 198 76 203
85 130 85 138
58 143 63 144
120 185 121 188
136 174 137 179
146 214 150 215
34 109 36 111
104 141 113 141
9 221 10 226
198 204 198 213
106 128 111 129
166 152 167 155
169 144 169 155
0 160 0 170
70 243 75 244
164 215 164 225
147 170 148 174
4 197 6 200
45 191 46 195
164 36 172 36
171 113 171 123
102 154 112 154
194 134 197 136
67 93 72 94
120 229 122 232
35 119 46 119
29 210 40 210
141 234 145 235
194 188 197 189
39 188 50 188
179 231 180 235
71 112 71 122
147 91 148 95
11 66 11 77
70 77 72 80
120 157 122 159
199 173 199 182
157 26 159 28
73 39 75 41
132 196 140 196
102 79 110 79
83 192 86 194
1 164 11 164
86 229 86 237
138 66 140 68
139 202 139 212
174 213 177 215
100 50 101 55
99 167 100 172
187 58 196 58
163 62 173 62
176 54 185 54
98 224 99 228
7 139 7 147
146 127 146 138
2 23 2 30
179 46 184 47
109 18 113 19
79 89 79 100
0 235 4 236
107 90 108 94
155 133 158 134
159 79 160 84
0 51 0 58
24 53 33 53
83 96 84 101
99 146 108 146
15 43 16 47
93 29 93 37
164 56 172 56
139 52 139 61
54 49 55 52
0 200 2 203
181 57 191 57
113 179 113 189
187 4 192 5
39 220 44 221
146 148 150 149
138 201 147 201
59 2 61 5
131 61 135 62
185 171 185 179
195 195 197 198
166 247 170 248
59 65 64 66
14 91 22 91
72 129 75 131
36 137 37 142
165 185 170 186
8 119 9 123
194 76 196 79
196 238 196 247
21 13 24 15
36 214 38 217
89 103 100 103
145 239 146 244
131 208 132 211
116 162 124 162
199 157 199 166
178 185 185 185
28 83 31 85
111 69 112 74
18 231 20 233
63 175 65 177
133 188 142 188
147 229 148 233
91 158 92 162
61 189 61 198
9 200 10 203
54 188 55 193
152 102 160 102
35 28 36 33
191 216 191 224
70 228 71 233
127 238 132 239
78 106 79 111
34 236 38 237
56 11 56 20
59 9 61 11
73 65 83 65
71 246 75 247
0 229 1 234
191 11 199 11
68 197 77 197
108 108 110 110
33 91 34 94
58 96 59 100
7 24 12 25
185 113 186 117
42 160 47 161
180 193 189 193
197 48 199 51
146 17 146 27
70 215 72 217
144 194 145 198
38 67 43 68
179 212 182 214
16 157 21 158
32 176 33 180
79 198 87 198
143 108 145 111
162 179 162 188
193 218 194 222
130 200 133 201
136 113 136 124
174 209 185 209
108 123 118 123
9 98 19 98
57 238 57 246
173 220 176 222
116 127 127 127
8 35 8 42
53 61 53 69
52 79 56 80
30 178 31 182
6 180 16 180
141 118 152 118
118 23 120 25
137 137 137 146
178 38 178 47
131 221 141 221
56 182 61 183
18 214 18 225
4 184 5 187
86 133 88 136
26 61 28 63
74 159 76 162
162 155 165 157
37 154 38 157
23 22 25 25
54 169 58 170
22 231 23 236
144 70 146 72
130 143 133 145
150 248 159 248
140 42 150 42
167 142 168 147
42 76 44 79
134 249 145 249
29 219 32 221
191 101 192 105
157 169 157 179
19 181 28 181
65 84 67 87
161 44 163 46
17 150 18 155
54 21 54 30
125 168 133 168
28 158 33 159
16 123 16 134
80 72 81 77
193 243 194 246
106 222 116 222
119 123 127 123
67 64 78 64
133 205 134 210
149 231 149 242
4 14 7 15
77 103 77 114
93 17 93 27
186 22 187 27
77 116 79 119
12 3 12 13
165 0 166 3
172 8 174 10
122 107 129 107
38 224 40 227
133 13 134 18
108 169 108 178
71 182 71 192
146 177 148 180
33 225 34 230
105 150 107 152
85 0 87 3
180 31 180 41
114 6 123 6
86 87 86 96
149 81 154 82
76 181 80 182
93 43 104 43
5 106 5 115
96 153 96 162
39 20 42 22
115 193 116 196
18 0 18 8
124 167 131 167
104 59 109 60
126 31 133 31
52 179 53 184
39 98 49 98
118 147 121 149
81 199 84 201
45 66 46 70
164 92 174 92
75 14 83 14
160 234 165 235
143 149 144 154
159 32 162 34
109 178 112 180
180 170 180 181
100 59 103 61
39 133 50 133
132 2 137 3
21 227 32 227
82 73 86 74
167 235 167 245
168 154 168 163
88 98 88 108
178 236 179 241
22 133 23 137
112 46 117 47
63 187 63 194
10 249 21 249
163 242 164 245
186 16 195 16
161 147 166 148
78 145 79 149
193 200 194 205
10 139 18 139
5 160 8 161
124 108 132 108
131 112 141 112
53 42 53 53
193 172 194 176
155 94 164 94
52 208 61 208
151 126 155 127
181 199 182 202
7 170 7 178
21 38 21 45
61 229 62 233
131 187 131 198
186 176 189 178
119 173 129 173
77 137 78 141
104 113 108 114
166 18 168 20
164 163 164 173
57 177 58 181
190 210 192 213
26 102 34 102
36 11 39 13
63 2 66 3
113 42 124 42
180 22 181 27
24 148 26 150
171 187 182 187
106 104 107 109
184 11 189 12
144 56 146 58
13 221 15 224
82 106 84 109
22 109 31 109
130 173 133 174
72 154 74 157
52 168 52 176
25 30 26 35
197 138 198 142
166 10 169 12
130 48 139 48
139 23 140 28
19 190 21 192
38 218 48 218
52 4 52 11
35 1 35 12
132 186 139 186
35 173 38 175
24 112 29 113
35 234 39 235
78 242 80 245
166 76 168 78
167 80 170 81
108 50 118 50
11 236 15 237
42 105 51 105
175 171 176 175
24 16 25 21
41 4 51 4
179 3 180 8
43 88 44 92
181 219 183 222
60 28 64 29
42 71 47 72
199 126 199 137
195 106 197 109
54 172 55 177
110 34 114 35
172 107 173 110
58 161 59 165
175 55 184 55
177 117 178 121
157 214 160 215
27 207 30 209
66 152 73 152
29 243 31 246
0 129 2 132
3 112 3 122
99 116 109 116
186 34 188 37
91 88 95 89
84 209 93 209
128 88 133 89
36 166 45 166
105 97 114 97
99 241 100 245
165 61 172 61
98 204 108 204
100 66 104 67
142 60 147 61
53 115 64 115
154 38 165 38
27 20 32 21
40 204 43 206
180 10 183 12
153 166 153 174
91 243 93 246
22 106 32 106
123 179 125 181
140 172 140 181
101 107 102 111
117 104 124 104
68 97 68 104
70 194 77 194
102 0 105 2
145 193 155 193
42 53 44 56
59 60 70 60
70 249 80 249
1 78 3 81
175 183 184 183
131 0 131 8
42 176 42 187
80 170 82 173
51 232 52 235
163 178 163 187
40 11 51 11
89 144 94 145
41 141 44 143
63 88 74 88
12 48 17 49
75 156 79 157
19 139 20 144
80 85 82 87
91 229 98 229
170 213 173 215
195 230 197 233
1 217 1 228
113 244 116 245
7 231 12 232
88 210 90 213
81 239 81 248
192 228 192 237
20 206 27 206
179 85 179 92
82 41 85 43
5 168 10 169
77 168 78 172
24 38 24 47
96 216 99 218
66 242 66 249
58 7 68 7
18 23 18 33
100 2 101 6
187 55 197 55
147 71 157 71
32 181 32 189
25 134 27 137
126 95 137 95
13 241 16 243
188 147 188 158
49 104 59 104
79 228 79 237
169 78 178 78
193 183 193 193
13 97 23 97
137 12 137 20
101 179 101 190
116 71 118 74
151 112 152 115
94 136 97 138
150 43 151 48
73 138 73 146
117 18 120 20
193 86 194 91
79 208 79 216
126 155 127 160
172 154 176 155
6 183 15 183
107 65 107 76
158 24 161 25
88 87 88 96
82 20 90 20
169 225 169 235
145 122 145 133
151 210 153 212
144 139 144 147
72 32 73 37
43 236 47 237
176 96 180 97
151 14 154 15
83 69 84 72
12 94 22 94
40 31 50 31
194 42 194 51
124 199 125 204
60 79 63 80
11 212 12 217
158 51 160 53
29 107 34 108
180 137 183 139
145 181 146 186
40 134 41 138
189 234 189 244
31 167 42 167
147 114 149 117
125 130 128 132
175 50 178 52
115 101 119 102
16 109 16 116
66 90 75 90
140 9 140 19
4 124 4 133
65 77 68 78
70 160 72 162
64 124 67 126
149 220 154 221
68 56 70 58
176 110 176 117
42 200 45 202
143 79 144 83
190 20 192 23
161 103 161 111
95 125 97 128
108 1 113 2
5 130 8 132
77 27 78 31
126 148 128 150
8 238 8 246
103 20 108 21
129 57 137 57
57 225 58 230
168 239 170 242
87 247 97 247
99 61 99 72
143 48 143 58
147 48 149 50
109 66 109 75
27 151 30 153
24 237 24 247
158 179 159 182
133 178 134 182
118 59 119 63
95 36 99 37
22 110 31 110
37 124 40 126
92 147 102 147
96 171 97 176
15 198 23 198
155 12 155 22
116 30 121 31
3 185 3 195
18 164 20 167
60 134 61 138
69 182 69 192
2 40 2 51
109 40 118 40
42 42 43 47
62 234 63 239
50 76 50 83
99 80 110 80
174 65 179 66
50 33 50 40
13 199 13 210
44 99 47 101
112 90 115 92
127 70 127 81
137 31 145 31
180 191 191 191
48 39 48 50
2 34 4 36
188 116 188 126
10 175 18 175
45 0 50 1
147 198 149 200
91 179 92 184
189 145 189 154
27 64 28 69
173 128 175 130
13 6 16 7
55 222 64 222
186 74 187 79
72 46 75 48
20 83 23 84
128 77 128 86
103 155 103 163
3 47 3 57
138 16 138 27
198 104 198 112
81 140 86 141
55 39 57 42
130 135 132 138
145 0 148 1
45 135 45 145
153 67 157 68
172 48 177 49
43 33 44 38
170 113 170 123
171 145 171 154
190 167 193 169
20 218 21 222
98 54 98 64
172 81 174 84
10 101 19 101
88 81 90 83
52 116 53 120
33 209 42 209
29 133 32 135
29 202 40 202
109 29 110 32
72 12 76 13
64 147 66 149
167 72 170 74
21 115 26 116
57 247 60 249
149 28 153 29
194 138 196 141
78 102 82 103
93 77 95 79
67 17 72 18
59 174 62 176
72 55 73 59
22 42 22 52
168 211 179 211
76 185 80 186
131 149 135 150
169 94 179 94
20 101 27 101
119 14 130 14
37 34 37 43
19 2 20 6
49 246 53 247
197 237 198 241
37 106 44 106
90 28 98 28
104 191 108 192
197 154 197 165
174 12 175 16
113 82 117 83
0 60 3 62
47 144 52 145
117 88 119 91
167 0 172 1
36 94 37 98
135 246 140 247
13 172 20 172
184 192 191 192
47 117 48 122
182 95 183 100
136 218 143 218
136 89 139 91
132 100 142 100
49 148 50 151
14 51 15 56
131 28 133 30
100 247 108 247
22 147 31 147
58 193 58 201
83 46 86 47
80 126 83 128
102 94 104 97
38 28 39 31
27 222 30 224
88 187 88 197
24 191 34 191
40 152 40 163
174 62 183 62
66 224 67 227
142 10 150 10
126 40 128 42
35 200 40 201
37 185 37 196
142 68 147 69
33 246 36 248
6 33 10 34
115 189 117 191
111 113 113 116
161 210 165 211
93 75 101 75
98 199 107 199
185 156 185 167
102 209 113 209
60 45 61 49
119 177 120 182
57 25 57 34
120 217 123 218
13 177 21 177
151 37 159 37
193 226 194 230
123 220 123 230
54 6 56 9
10 63 14 64
124 133 125 137
194 125 194 133
180 228 183 229
63 109 73 109
49 232 49 242
108 225 111 227
57 93 57 101
22 31 23 36
29 79 31 81
24 186 27 188
129 193 130 197
84 51 95 51
182 204 184 206
100 89 102 91
2 0 5 1
121 50 128 50
103 110 105 112
114 242 121 242
69 210 70 214
60 225 61 228
1 182 1 191
170 85 173 86
3 135 5 138
165 22 167 25
75 229 75 237
189 123 190 126
130 211 130 221
106 160 111 161
7 113 9 115
139 191 141 193
181 133 184 134
40 27 51 27
128 129 138 129
3 163 13 163
82 180 85 181
92 201 97 202
179 227 190 227
81 157 82 162
102 132 104 135
91 10 95 11
10 39 13 41
132 197 141 197
175 7 177 9
88 148 93 149
40 145 42 148
1 31 3 33
149 95 149 106
189 48 192 49
144 29 148 30
171 183 173 186
150 24 152 27
6 112 6 122
192 106 194 109
67 70 71 71
146 40 150 41
40 29 45 30
106 149 115 149
96 239 97 244
2 219 3 222
10 146 12 148
30 6 30 16
51 86 56 87
20 161 23 162
158 144 158 155
109 217 110 221
68 220 71 222
55 59 55 70
17 194 26 194
88 52 96 52
175 42 177 45
184 215 187 217
159 60 159 69
139 133 139 141
158 90 161 92
100 137 104 138
39 192 40 197
79 6 84 7
138 133 138 142
183 154 183 161
6 54 8 56
104 7 105 10
178 79 178 88
102 22 110 22
154 142 164 142
49 192 51 194
119 220 119 231
168 179 171 180
99 207 106 207
43 63 52 63
7 198 10 199
116 206 119 208
158 135 159 140
153 109 157 110
62 203 62 213
13 102 14 106
12 138 23 138
165 94 166 98
16 203 17 206
57 149 58 153
185 236 187 238
44 113 48 114
37 85 44 85
181 9 191 9
193 75 193 85
16 118 17 122
134 138 135 141
172 137 176 138
155 124 165 124
127 212 128 217
182 232 187 233
32 113 37 114
119 160 123 161
72 182 72 191
189 202 191 204
118 131 120 133
2 162 12 162
196 173 198 175
163 13 167 14
91 221 98 221
15 190 18 191
5 190 7 192
4 65 7 67
68 167 72 168
59 23 62 25
192 120 193 123
115 64 116 69
104 63 108 64
31 234 32 239
89 5 97 5
44 8 47 10
67 245 68 249
14 128 14 135
5 51 5 61
194 183 199 184
53 134 55 136
10 236 10 247
66 205 66 213
14 197 23 197
26 72 34 72
75 27 75 34
34 79 39 80
91 116 91 126
88 118 88 127
93 98 95 100
69 157 69 166
94 233 105 233
132 8 132 19
12 72 12 79
38 47 38 55
100 193 109 193
144 7 154 7
120 84 121 87
147 88 152 89
152 135 153 139
63 61 74 61
39 129 50 129
184 63 194 63
78 47 78 55
166 212 177 212
31 25 38 25
143 189 143 197
111 143 114 145
178 129 178 140
122 47 133 47
151 85 154 87
35 15 38 17
146 195 150 196
51 84 55 85
141 128 144 130
0 145 0 156
1 241 2 246
160 232 165 233
6 239 6 248
172 188 172 196
15 11 16 16
59 191 59 201
11 225 16 226
29 214 32 215
14 77 22 77
118 109 123 110
7 109 12 110
101 125 102 129
182 78 182 86
4 149 15 149
55 105 60 106
51 218 56 219
86 30 86 38
104 248 113 248
126 119 127 122
182 129 185 130
151 231 155 232
113 8 114 12
117 193 117 202
160 104 160 113
100 18 102 20
161 237 165 238
46 109 49 111
185 38 189 39
37 81 47 81
27 48 31 49
51 148 52 153
56 142 56 152
164 15 165 20
129 112 130 116
81 37 81 47
196 114 198 117
54 76 59 77
49 157 51 160
77 82 85 82
163 194 163 201
11 140 12 143
84 83 85 88
34 223 44 223
142 243 143 247
113 235 114 240
99 21 101 24
3 223 4 228
148 155 151 157
131 78 132 82
161 112 164 114
49 67 49 78
141 16 151 16
113 166 120 166
175 200 180 201
53 242 55 245
147 130 147 139
38 242 40 244
120 56 122 58
186 222 189 224
76 71 77 75
126 97 127 102
193 154 193 164
94 140 102 140
57 171 58 174
94 117 94 125
65 155 69 156
86 180 87 185
37 224 37 233
162 5 173 5
87 44 89 47
80 89 80 98
107 201 111 202
118 52 121 53
33 193 36 194
155 76 156 81
26 95 33 95
7 216 8 220
1 168 2 171
112 121 123 121
83 22 90 22
185 197 187 199
2 207 2 215
35 187 36 191
123 112 124 117
73 97 77 98
39 61 49 61
16 75 20 76
69 7 72 8
148 61 149 64
37 104 48 104
43 126 54 126
88 31 88 42
29 74 31 76
111 169 120 169
13 142 14 146
135 69 140 70
71 66 82 66
178 13 178 23
92 71 92 81
152 188 154 190
176 149 184 149
89 37 91 39
42 165 51 165
80 67 81 71
75 51 77 53
66 181 67 185
0 12 3 14
114 187 118 188
81 25 84 27
39 155 39 162
35 148 38 150
106 180 106 187
123 71 124 74
49 120 50 124
52 102 56 103
142 81 142 92
105 81 107 84
52 32 56 33
124 187 126 189
195 214 195 225
19 149 21 152
166 168 167 173
195 241 195 248
148 183 149 188
66 200 70 201
94 142 105 142
125 88 127 91
65 40 65 49
116 105 124 105
144 246 146 248
9 21 13 22
62 134 63 138
182 163 182 172
44 5 47 7
103 72 106 74
89 141 100 141
166 122 167 127
40 70 40 80
4 26 5 29
48 171 48 180
161 80 162 85
11 154 13 157
3 229 7 230
90 7 94 8
2 5 5 7
51 122 52 125
105 124 107 126
183 166 183 175
140 206 145 207
76 149 77 154
31 203 35 204
139 36 150 36
11 241 11 248
186 47 187 51
188 13 196 13
67 33 67 44
110 26 119 26
114 99 123 99
137 121 138 126
183 52 187 53
130 109 133 111
104 164 114 164
24 120 34 120
183 200 188 201
181 186 191 186
127 181 132 182
52 46 52 56
186 0 189 1
56 135 57 140
153 49 155 51
4 85 12 85
175 83 176 86
108 70 108 77
6 188 9 189
101 194 103 197
53 223 61 223
1 66 1 76
32 171 37 172
73 225 74 230
96 207 98 210
189 137 198 137
93 38 96 40
114 243 125 243
175 140 176 144
171 232 171 240
120 135 120 145
80 0 82 3
34 53 36 55
80 107 80 116
9 209 9 216
130 91 134 92
91 44 92 47
151 133 151 143
143 166 143 173
155 157 158 159
134 163 135 168
0 237 4 238
178 225 178 235
85 55 86 58
51 64 52 68
127 26 129 28
56 59 56 69
107 236 109 239
18 240 19 243
86 243 88 246
128 183 137 183
98 154 101 156
93 198 97 199
196 39 196 47
57 67 62 68
21 3 25 4
152 119 155 120
136 101 141 102
21 142 29 142
189 249 199 249
18 109 19 113
66 80 68 82
13 0 15 3
39 111 42 113
68 181 68 190
32 0 32 8
121 45 125 46
124 230 124 238
173 205 181 205
32 40 32 48
159 242 160 247
120 219 120 227
173 135 176 136
77 2 77 12
170 228 172 231
130 223 141 223
193 126 193 133
46 173 46 184
149 202 158 202
64 73 75 73
119 236 121 238
97 82 98 87
123 131 123 142
185 61 196 61
60 145 62 148
83 203 94 203
162 7 171 7
71 40 72 44
15 103 16 108
74 170 76 173
33 216 35 219
108 211 111 212
17 234 17 245
115 36 124 36
6 231 6 238
46 19 49 21
98 214 102 215
129 56 137 56
37 87 41 88
74 178 77 179
192 185 192 196
199 139 199 149
26 3 27 6
165 58 173 58
47 149 47 157
48 92 51 94
107 23 114 23
4 68 5 72
167 82 169 84
85 188 87 191
94 74 102 74
129 162 131 165
60 74 67 74
173 223 183 223
23 122 32 122
181 84 181 95
108 244 110 246
170 249 179 249
88 64 89 68
116 11 126 11
60 90 61 94
161 197 162 202
64 17 64 26
84 225 85 230
170 22 171 26
0 20 4 21
64 170 69 171
171 50 173 52
1 152 2 155
41 99 43 101
124 17 125 22
81 23 89 23
197 12 199 15
44 162 54 162
65 53 67 55
141 22 145 23
152 244 156 245
4 46 5 50
189 29 192 31
85 28 89 29
54 202 61 202
19 211 24 212
26 17 26 28
174 237 176 240
183 31 184 35
162 207 166 208
66 96 66 104
158 55 169 55
141 176 144 178
82 44 82 51
87 220 87 230
132 71 142 71
109 118 114 119
81 163 86 164
145 217 147 220
74 199 74 208
113 57 115 60
57 0 58 5
190 77 191 82
18 128 27 128
58 214 59 218
132 160 133 164
130 45 134 46
27 103 35 103
103 243 105 245
102 181 102 189
71 103 72 108
185 124 186 128
175 58 178 60
23 68 25 71
22 222 24 225
116 203 119 205
106 132 107 137
111 122 120 122
150 95 150 103
66 105 68 108
29 4 29 12
59 117 60 122
17 146 20 148
8 9 10 12
194 103 197 105
134 4 138 5
197 33 198 38
151 198 159 198
40 107 51 107
155 169 155 180
165 135 165 146
21 129 26 130
138 98 143 99
68 149 71 150
88 137 91 139
69 43 70 48
62 198 63 201
193 144 198 145
81 17 89 17
198 150 199 155
195 125 196 130
60 26 63 27
0 37 0 44
166 102 167 107
12 51 13 56
88 165 90 168
39 51 40 55
140 121 141 125
13 174 24 174
58 113 63 114
116 9 127 9
199 31 199 41
39 171 40 176
151 75 160 75
161 164 163 167
39 17 50 17
31 14 33 17
156 98 163 98
29 231 29 241
9 18 12 20
77 219 88 219
135 192 137 194
119 70 120 75
10 88 13 90
133 133 133 142
48 12 50 14
181 188 190 188
38 136 38 146
186 135 186 144
17 202 27 202
162 6 171 6
4 76 5 81
0 133 0 142
47 201 52 202
121 27 125 28
89 113 90 118
116 246 120 247
95 112 95 122
33 196 36 198
13 185 17 186
0 115 2 117
75 104 76 108
81 132 82 137
136 137 136 148
25 123 36 123
184 15 193 15
132 21 133 26
48 197 51 199
34 38 34 46
52 210 53 215
199 86 199 94
183 16 185 19
162 52 170 52
1 87 2 92
123 4 127 5
168 189 170 192
184 140 184 148
114 168 123 168
96 53 96 60
194 2 199 3
20 59 28 59
180 70 180 77
26 39 27 42
150 223 151 227
192 214 192 224
103 17 112 17
43 96 47 97
17 140 18 143
48 7 50 10
193 36 194 39
90 230 91 235
41 3 49 3
164 45 166 48
32 240 33 245
171 35 179 35
134 228 138 229
89 217 89 225
60 152 60 161
95 19 95 27
93 210 93 219
149 9 157 9
82 124 85 125
56 54 61 55
136 187 145 187
27 177 29 179
41 70 41 79
197 60 197 70
170 169 170 176
6 93 7 96
70 125 71 130
102 117 103 120
157 224 161 225
164 179 165 184
135 22 135 33
149 249 160 249
107 48 111 49
122 244 124 247
111 246 115 247
190 96 190 106
162 149 166 150
115 44 118 45
110 58 111 63
48 100 50 103
116 172 124 172
26 131 31 132
114 106 116 108
7 233 11 234
179 14 179 23
152 70 159 70
88 153 90 155
62 154 62 165
63 155 64 160
20 10 20 17
143 157 143 164
151 31 158 31
9 46 13 47
125 75 125 86
115 48 126 48
102 172 104 175
92 91 92 100
156 42 160 43
75 210 75 218
196 81 197 86
145 136 145 143
133 63 138 64
126 140 130 141
162 121 165 123
26 233 27 237
175 195 184 195
79 197 87 197
81 229 82 233
162 106 163 110
14 36 15 40
150 76 152 78
63 152 65 154
146 73 155 73
115 23 117 25
168 132 171 133
67 113 68 118
165 164 170 165
16 52 17 56
179 113 182 115
83 16 94 16
77 13 86 13
81 234 82 238
119 0 121 2
91 107 98 107
73 81 83 81
13 170 22 170
66 95 74 95
77 200 79 202
69 33 69 42
147 52 155 52
45 205 46 210
182 64 183 69
116 7 126 7
162 161 166 162
152 143 155 145
51 81 56 82
142 24 143 29
123 82 124 86
51 69 51 77
64 92 75 92
92 131 94 133
165 108 168 109
182 89 183 94
168 89 172 90
159 239 163 240
55 56 63 56
132 224 137 225
56 209 56 217
185 20 189 21
183 102 185 104
157 13 159 16
124 38 128 39
148 151 150 154
64 200 65 204
106 1 107 6
3 22 6 24
71 163 80 163
25 46 30 47
50 174 50 184
31 57 36 58
38 120 41 122
10 67 10 76
165 87 174 87
58 50 66 50
189 111 192 113
97 179 97 187
150 199 152 201
6 41 6 52
83 37 84 40
20 85 22 88
66 132 74 132
72 229 72 240
32 86 36 87
50 170 51 173
105 147 114 147
50 225 50 236
100 92 100 101
97 14 99 17
82 111 82 120
141 236 143 239
148 53 151 55
126 209 126 218
127 185 130 187
46 28 48 30
20 203 25 204
116 209 119 210
81 60 86 61
20 58 30 58
75 166 83 166
193 22 193 30
62 35 62 44
108 223 116 223
94 171 95 176
0 172 2 174
87 59 89 62
112 77 115 79
103 30 105 32
149 247 158 247
43 116 50 116
175 98 178 100
75 143 75 153
128 125 129 128
161 9 171 9
27 228 28 231
74 116 74 126
117 163 125 163
173 232 174 236
115 125 123 125
92 82 93 87
37 168 48 168
150 106 150 116
158 103 158 111
96 166 98 168
130 204 131 207
166 93 174 93
107 181 109 183
156 218 163 218
119 78 123 79
197 224 198 228
145 165 146 170
118 94 129 94
181 38 182 43
161 186 161 196
199 199 199 207
140 43 143 45
107 130 111 131
113 100 124 100
189 168 189 175
119 194 120 199
181 33 182 37
160 165 160 175
149 121 159 121
181 96 181 103
60 165 61 169
88 0 93 1
56 154 58 156
85 67 87 69
191 229 191 238
50 211 51 215
191 140 191 151
191 66 193 69
124 152 135 152
108 100 108 107
20 243 22 246
112 85 113 89
96 148 99 149
125 109 125 117
166 188 167 192
0 177 5 178
159 95 164 96
161 65 165 66
51 221 51 229
91 248 102 248
141 231 145 232
3 83 3 91
152 59 152 66
9 48 9 56
156 63 158 66
108 28 119 28
139 157 139 167
68 68 77 68
88 79 91 80
133 85 141 85
192 180 194 182
186 95 187 100
158 76 160 78
165 202 172 202
79 8 82 10
79 130 79 141
45 239 47 242
144 158 144 168
83 211 85 213
185 6 194 6
88 25 90 27
139 224 141 226
14 168 18 169
95 53 95 60
152 237 154 239
140 52 142 55
74 78 77 80
184 75 185 79
158 177 161 178
55 129 57 132
156 221 158 223
63 9 70 9
27 80 27 88
197 125 197 133
35 163 38 164
57 211 60 213
99 81 99 92
150 234 153 236
103 53 107 54
57 81 61 82
148 135 148 143
127 51 137 51
17 28 17 36
13 110 13 120
6 74 9 76
176 10 177 15
31 207 42 207
141 181 144 183
32 63 35 65
150 186 155 187
26 118 35 118
78 204 88 204
41 131 49 131
65 186 65 197
47 191 48 195
82 147 82 155
50 207 61 207
122 249 132 249
187 209 188 213
66 34 66 44
199 98 199 108
137 157 138 161
167 134 171 135
81 88 81 99
197 209 197 217
132 58 135 59
14 109 14 120
102 5 103 9
145 146 155 146
89 189 97 189
98 120 100 122
188 107 190 110
59 178 61 181
20 29 21 33
1 82 9 82
179 189 190 189
190 54 197 54
76 28 76 38
179 170 179 180
119 37 126 37
43 189 47 190
142 228 146 229
170 3 175 4
21 67 22 72
120 239 122 241
29 185 30 189
189 73 189 84
4 165 11 165
103 44 104 49
108 215 117 215
74 138 74 145
149 130 160 130
113 157 114 160
181 162 181 172
67 139 71 140
80 214 83 216
80 228 80 237
23 216 24 221
17 96 26 96
47 169 47 180
177 137 177 144
35 183 40 184
192 153 192 163
142 66 150 66
134 107 136 110
30 124 35 125
170 75 172 77
129 38 140 38
148 67 150 70
119 44 127 44
199 232 199 243
67 204 70 206
197 72 197 80
40 15 50 15
57 145 59 147
7 99 8 103
0 5 1 10
156 83 156 90
134 211 135 216
77 32 78 35
195 4 199 5
149 172 152 174
159 151 159 159
138 75 139 80
130 146 135 147
63 120 63 129
73 49 74 52
122 184 122 194
152 222 153 226
132 102 133 105
191 24 192 28
194 190 198 191
168 115 169 119
94 12 103 12
124 66 134 66
117 64 118 68
63 218 71 218
162 227 164 229
64 0 75 0
41 65 50 65
38 229 40 231
70 96 77 96
157 161 158 164
64 137 68 138
161 247 164 249
39 3 40 7
90 31 92 34
117 114 119 117
152 227 155 228
54 227 56 229
5 32 5 43
55 210 55 217
158 168 158 176
43 163 53 163
124 196 128 197
133 244 134 247
177 228 177 237
185 66 189 67
144 86 145 90
55 36 60 37
4 151 13 151
157 80 157 88
111 93 120 93
186 181 188 183
10 114 10 125
183 178 184 182
101 78 111 78
123 164 126 166
34 48 37 50
186 81 186 89
178 217 179 222
86 169 87 174
129 184 140 184
165 111 167 113
193 100 196 102
99 182 100 186
85 97 85 108
148 123 157 123
118 35 128 35
107 43 116 43
172 233 172 244
7 57 10 59
108 135 112 136
65 169 74 169
114 136 117 138
20 54 29 54
66 153 70 154
14 72 19 73
148 217 148 224
63 13 71 13
109 191 112 192
127 241 128 246
156 164 156 175
47 42 47 52
157 39 167 39
127 117 131 118
149 17 153 18
129 70 131 73
93 227 97 228
87 239 89 242
7 38 7 46
141 6 143 9
126 199 128 202
127 61 129 63
149 167 150 171
90 59 90 70
73 195 78 196
95 33 99 34
191 131 192 135
8 65 9 68
188 43 193 44
127 59 130 60
18 226 20 229
36 59 38 61
174 193 177 194
132 171 137 172
62 179 62 188
59 170 61 173
195 176 198 178
161 22 164 23
105 42 105 49
67 19 75 19
115 174 120 175
34 179 34 188
144 12 149 13
66 63 73 63
63 244 64 249
130 132 138 132
20 207 23 209
136 206 137 211
65 160 65 167
176 73 177 76
92 59 92 66
27 115 32 116
2 181 2 192
180 0 185 1
162 73 163 78
113 32 118 33
6 196 13 196
60 193 60 200
46 219 47 223
159 106 159 114
171 157 172 160
4 194 12 194
41 40 41 50
97 105 102 106
128 175 130 178
87 163 92 164
165 193 167 196
181 203 188 203
77 83 79 85
70 248 80 248
31 62 31 71
136 216 140 217
83 121 87 122
85 214 92 214
156 57 157 61
175 188 176 192
24 27 24 36
21 199 30 199
194 234 196 236
44 42 44 52
123 184 123 192
121 176 122 180
43 134 44 139
99 124 100 128
173 245 176 246
123 248 134 248
119 183 119 192
64 144 72 144
30 128 33 130
61 76 68 76
157 35 162 36
198 54 198 64
98 187 100 190
47 137 48 141
83 91 85 94
17 129 20 131
48 181 49 184
7 60 11 61
50 241 52 244
69 236 69 244
88 179 90 182
115 112 116 117
101 92 105 93
23 195 28 196
96 231 105 231
196 146 197 150
190 0 199 0
175 17 176 22
116 151 119 153
171 171 173 174
23 39 23 47
94 207 94 216
82 29 82 39
152 100 162 100
114 49 125 49
120 88 123 90
87 70 89 72
142 150 142 161
4 52 4 61
175 104 178 106
123 148 123 159
128 119 132 120
168 204 175 204
138 238 138 245
83 149 83 158
110 165 110 176
108 84 117 84
115 129 119 130
76 130 77 133
135 117 135 125
58 41 61 43
12 187 20 187
26 244 28 247
3 181 7 182
64 209 65 213
99 58 108 58
183 131 187 132
58 69 62 70
148 208 149 212
97 219 100 220
47 212 48 217
195 119 196 123
145 151 146 156
188 18 193 19
36 1 44 1
186 62 195 62
51 78 59 78
123 87 133 87
139 104 143 105
97 78 100 79
5 205 10 206
33 26 37 27
84 110 85 114
5 224 8 226
176 63 180 64
45 75 47 78
40 64 49 64
46 230 49 231
95 234 97 237
185 205 189 206
153 74 161 74
7 16 8 21
176 157 177 160
89 119 89 127
147 109 148 112
54 144 54 151
53 90 55 93
13 58 17 59
20 112 23 113
156 104 157 107
154 117 164 117
85 238 85 248
164 30 173 30
106 174 107 179
118 126 127 126
102 83 104 85
38 26 49 26
102 208 113 208
146 44 146 53
20 210 28 210
196 157 196 167
86 199 89 200
153 113 157 114
41 196 51 196
136 133 137 136
176 38 177 41
94 19 94 27
4 150 11 150
171 96 174 97
172 133 176 134
48 142 52 143
30 141 33 142
102 29 102 38
62 216 66 217
196 213 196 224
94 61 94 71
184 72 193 72
151 246 158 246
180 142 183 144
23 105 34 105
27 149 32 150
62 224 63 228
32 160 37 161
98 10 103 11
156 151 157 154
111 55 122 55
112 224 112 233
71 28 71 38
21 175 31 175
113 39 121 39
22 164 25 165
37 74 38 78
41 60 49 60
29 162 34 163
66 111 66 121
8 83 12 84
141 113 149 113
142 135 144 137
167 65 169 67
152 40 152 49
27 217 32 218
58 241 63 242
37 219 45 219
148 204 153 205
148 124 153 125
54 180 55 184
9 1 12 2
46 46 46 55
164 104 164 111
168 38 175 38
63 93 63 101
0 175 4 176
13 84 18 85
155 93 163 93
58 13 58 22
4 108 4 119
74 28 74 38
6 227 11 228
188 138 189 143
83 19 91 19
8 190 11 192
176 1 177 4
7 153 16 153
18 12 19 17
129 96 131 99
108 199 113 200
180 48 185 49
130 232 131 237
90 143 98 143
89 195 97 195
166 177 167 181
180 17 181 20
25 77 25 88
107 195 109 197
190 174 191 178
32 67 37 68
54 109 58 110
140 89 141 92
5 209 5 219
71 52 71 59
8 128 13 129
43 173 43 184
178 171 178 180
35 143 37 146
128 2 128 9
130 16 131 21
36 2 36 9
32 77 32 85
109 37 116 37
109 150 113 151
11 5 11 16
175 32 179 33
134 200 137 202
188 52 196 52
85 215 89 216
150 20 152 23
73 16 75 18
151 95 155 96
10 35 11 38
120 211 125 212
33 143 33 150
90 217 91 220
0 23 0 32
145 79 147 82
4 87 4 98
189 93 192 95
154 24 157 25
102 210 104 212
41 153 41 161
45 33 45 41
64 182 65 185
189 117 190 120
76 239 76 247
0 72 0 80
38 18 46 18
153 101 163 101
162 136 163 140
0 218 0 228
93 42 104 42
99 131 100 136
22 150 22 159
101 98 103 100
47 204 51 205
2 226 2 233
81 167 84 169
148 203 158 203
75 190 82 190
35 181 40 182
97 111 99 113
50 195 57 195
158 126 165 126
118 43 126 43
31 194 32 199
129 34 131 36
89 193 98 193
175 216 183 216
91 191 101 191
15 68 20 69
106 166 109 168
122 195 122 203
140 135 141 140
52 224 60 224
104 104 105 109
154 3 162 3
119 119 124 120
13 232 17 233
40 62 49 62
45 123 47 125
35 37 35 47
85 117 86 120
122 31 125 33
125 228 125 237
111 167 120 167
175 56 179 57
83 110 83 120
166 137 166 146
79 192 81 194
96 99 99 101
103 13 107 14
40 212 41 217
125 55 135 55
130 3 130 12
34 169 42 169
18 107 26 107
17 38 20 40
173 247 182 247
160 221 163 223
68 11 75 11
17 195 21 196
182 8 192 8
42 228 42 237
82 88 82 97
142 59 149 59
186 64 191 65
78 71 79 74
66 21 77 21
94 150 96 152
99 162 102 164
48 237 48 245
94 169 98 170
3 124 3 133
52 21 52 31
44 212 45 217
155 207 155 216
20 239 22 242
154 41 155 45
170 69 172 71
31 232 36 233
22 119 33 119
190 206 197 206
73 84 76 85
171 188 171 196
27 22 32 23
77 224 79 226
162 24 164 26
83 130 83 138
114 177 114 186
56 184 61 185
64 187 64 197
169 208 172 210
89 107 90 110
79 38 80 41
139 50 142 51
1 136 2 141
167 94 168 99
116 21 119 22
130 126 133 128
180 50 181 53
197 39 197 46
73 86 78 87
7 238 7 249
62 172 69 172
165 72 165 80
199 20 199 29
59 124 60 128
84 205 87 206
165 214 166 217
144 48 145 52
101 130 106 131
88 84 90 86
45 146 45 157
65 237 68 238
140 204 143 205
136 189 141 190
22 114 31 114
5 167 15 167
168 171 169 175
184 218 184 226
142 62 145 64
114 13 114 22
59 86 61 88
130 154 132 156
50 67 50 75
55 73 62 73
69 178 73 179
130 65 140 65
32 69 34 71
105 155 107 158
183 37 184 40
88 74 91 75
123 93 134 93
101 205 112 205
111 217 112 221
11 99 18 99
23 192 30 192
140 208 143 210
34 238 36 240
111 107 112 110
133 190 134 193
188 162 191 164
192 140 193 143
15 21 15 30
72 115 72 126
76 187 87 187
50 45 51 49
4 9 5 13
88 169 92 170
87 131 90 132
176 127 177 132
52 198 57 199
0 206 0 215
100 216 103 218
98 145 106 145
154 128 161 128
65 26 65 37
86 152 87 155
25 238 25 248
143 87 143 97
168 181 170 184
70 99 70 106
17 63 24 63
185 151 187 154
135 11 136 15
105 237 106 241
62 117 64 119
183 80 184 85
135 81 137 83
23 151 26 153
159 227 161 229
100 148 103 150
88 150 92 151
6 107 10 108
139 122 139 132
51 34 54 35
185 32 188 33
9 184 18 184
35 72 39 73
160 12 162 14
81 142 82 146
31 0 31 7
12 246 17 247
129 80 130 85
197 96 198 101
18 132 20 135
31 170 40 170
24 64 26 66
139 146 139 154
195 192 197 194
131 121 133 123
48 22 51 24
26 91 27 94
59 148 59 155
1 22 1 30
40 83 45 84
168 218 168 227
116 232 116 240
186 248 193 248
78 175 80 178
120 65 129 65
121 70 122 74
49 140 52 141
17 10 17 19
160 8 169 8
167 137 171 138
89 157 90 162
11 50 19 50
162 41 165 43
101 63 103 65
12 200 12 211
6 77 9 78
136 42 137 47
125 174 126 178
119 76 124 77
180 58 183 60
182 5 184 7
119 8 127 8
87 233 88 237
29 156 33 157
71 5 76 6
120 12 123 13
134 113 135 116
160 181 161 184
83 188 84 191
47 134 50 136
24 52 34 52
163 85 167 86
55 11 55 20
21 78 23 81
12 32 13 37
101 122 103 124
162 53 170 53
193 146 195 148
115 164 122 164
149 91 151 93
66 66 69 67
80 208 82 211
120 213 125 214
151 159 151 170
55 27 56 30
104 18 107 19
135 173 135 182
196 67 196 74
23 178 25 180
69 225 69 235
31 38 31 47
154 206 154 217
52 156 54 159
16 92 20 93
181 75 181 82
129 217 129 227
64 56 67 57
54 234 58 235
27 225 31 226
145 6 154 6
38 177 40 180
17 102 25 102
116 12 118 15
74 42 79 43
100 57 109 57
36 19 38 21
179 36 179 44
121 97 124 98
113 54 121 54
26 100 36 100
56 157 59 159
106 242 107 246
49 113 54 114
32 75 36 76
132 6 137 7
75 206 77 209
101 201 106 202
47 87 48 91
142 144 143 148
19 223 21 225
132 169 135 170
60 229 60 238
8 0 8 8
138 177 139 181
93 231 93 239
141 170 142 173
81 104 81 114
138 205 138 214
3 142 3 150
188 233 188 240
89 102 99 102
55 1 56 4
66 24 67 28
97 90 98 93
175 151 183 151
58 38 60 40
53 221 63 221
35 227 36 231
22 0 24 2
36 151 39 152
137 219 144 219
16 209 17 214
39 135 39 145
108 5 108 12
112 65 113 68
34 156 36 159
36 211 39 213
142 75 147 76
80 134 80 145
63 105 65 107
179 225 183 226
150 229 154 230
35 90 36 93
126 179 129 180
48 153 48 160
168 193 170 195
114 207 114 214
88 173 89 176
23 111 33 111
183 114 184 119
148 225 149 228
11 111 11 119
142 189 142 198
96 110 96 119
49 44 49 54
72 99 77 100
171 217 171 224
6 171 6 179
10 208 10 216
151 151 153 154
79 218 88 218
186 195 189 196
28 101 35 101
94 196 99 197
28 74 28 81
80 55 80 62
38 249 46 249
57 51 59 53
4 201 8 202
195 88 197 91
198 156 198 166
177 80 177 89
31 90 32 94
81 28 81 35
7 104 10 106
166 28 177 28
124 217 125 220
82 182 84 184
197 16 197 26
173 118 176 120
151 176 153 179
8 43 10 45
150 59 151 64
77 159 79 162
95 71 97 73
30 136 34 137
123 15 123 22
95 46 98 47
108 137 112 138
189 208 197 208
49 190 53 191
63 91 72 91
185 228 190 229
112 30 115 31
193 213 194 217
108 216 118 216
11 42 13 45
29 143 32 145
64 10 67 11
14 204 14 212
185 106 186 110
56 83 58 85
6 126 14 126
37 109 42 110
127 232 129 234
19 24 22 26
29 60 29 71
1 206 1 214
10 87 18 87
80 202 89 202
24 207 26 209
55 21 57 24
80 18 88 18
143 212 144 216
153 148 156 149
140 74 140 83
174 178 174 186
163 51 170 51
154 103 155 106
165 69 169 70
165 239 166 244
112 124 122 124
114 66 114 73
97 51 99 53
112 56 119 56
83 208 93 208
151 195 159 195
168 243 170 245
95 246 104 246
52 248 56 249
97 20 98 25
105 219 107 221
193 194 194 198
10 48 10 55
73 183 80 183
118 231 118 241
121 133 121 144
77 220 80 221
152 0 162 0
190 170 192 172
159 143 164 144
24 229 25 234
109 104 112 106
90 57 93 58
104 61 108 62
0 159 10 159
96 211 100 212
49 95 54 96
121 145 129 145
128 133 132 134
42 102 45 103
11 26 13 28
104 11 107 12
197 218 198 223
170 11 170 21
103 187 104 190
14 88 16 90
24 97 34 97
134 26 134 37
54 210 54 217
145 2 148 3
0 102 0 110
92 134 97 135
13 171 23 171
5 155 8 157
159 5 161 7
63 178 68 179
98 198 108 198
171 248 182 248
45 115 52 115
121 220 122 225
165 204 167 206
195 199 198 201
43 191 44 195
160 216 163 217
129 240 134 241
68 24 69 27
175 164 179 165
162 57 171 57
80 123 87 123
199 67 199 76
174 39 174 47
156 44 159 45
78 4 81 5
66 228 66 236
77 120 77 129
109 111 110 115
104 159 105 163
97 154 97 164
198 124 198 132
40 12 44 13
93 80 98 81
115 158 118 160
166 79 177 79
175 184 186 184
183 212 186 214
61 149 63 151
157 127 165 127
75 22 76 26
10 130 11 133
161 168 163 170
59 8 67 8
172 146 179 146
83 48 90 48
194 67 194 75
111 24 114 25
26 212 33 212
157 49 165 49
58 140 62 141
126 52 130 53
98 65 98 73
194 185 198 186
127 15 129 17
186 41 187 44
8 81 18 81
152 242 157 243
7 47 8 52
18 163 25 163
170 104 171 109
68 53 70 55
84 170 85 174
134 72 143 72
150 83 153 84
91 22 92 26
0 190 0 198
179 140 183 141
167 215 167 222
37 3 38 6
182 125 184 128
84 233 85 236
98 39 103 40
94 108 94 116
146 37 150 38
86 78 86 86
110 9 111 14
144 32 148 33
190 148 190 159
104 117 113 117
166 199 168 201
2 66 3 71
45 86 45 93
182 238 182 246
176 91 178 93
144 54 147 55
51 129 54 131
38 185 40 187
6 134 7 138
95 3 99 4
162 15 163 20
154 138 156 141
186 171 187 175
0 119 0 127
169 203 176 203
70 223 72 226
23 189 27 190
83 10 86 12
72 74 75 75
166 156 167 159
61 31 63 34
41 241 42 245
90 91 91 95
64 129 67 131
64 145 69 146
0 242 0 249
90 187 94 188
101 16 111 16
172 152 181 152
163 188 165 190
158 210 160 212
104 176 104 186
42 153 43 157
121 128 123 130
0 18 4 19
3 208 3 217
79 22 79 30
15 126 15 134
85 126 87 128
171 140 174 142
82 245 83 249
13 9 16 10
191 120 191 127
80 83 83 84
189 209 196 209
181 249 188 249
73 133 75 136
66 4 69 6
13 82 17 83
43 234 46 235
147 43 149 46
104 227 107 228
181 146 183 148
190 216 190 226
183 239 187 240
66 45 67 49
77 227 78 232
118 135 119 140
186 68 190 69
126 109 126 118
8 175 9 179
0 3 5 4
136 58 138 60
78 56 78 63
53 145 53 155
1 37 1 46
22 131 25 132
90 225 92 228
144 105 146 107
105 121 107 123
171 162 173 165
176 227 176 236
18 234 21 236
153 77 154 80
101 157 102 160
193 149 194 153
180 236 180 246
82 75 84 77
92 124 93 127
137 109 142 110
37 245 39 247
35 220 38 221
109 89 111 92
24 48 26 50
20 8 28 8
188 86 189 90
92 136 93 139
57 209 60 210
74 56 76 58
28 34 36 34
86 145 88 147
115 198 116 201
158 89 166 89
187 17 196 17
99 117 101 119
36 133 38 135
135 232 136 237
161 158 164 159
180 111 188 111
71 235 71 242
12 130 13 134
43 109 45 111
149 216 151 219
42 73 44 75
70 136 72 138
113 228 114 233
128 153 129 157
42 48 43 52
134 0 138 1
147 97 148 101
28 232 28 242
31 228 32 231
121 80 124 81
63 14 63 22
11 221 12 224
124 157 125 160
84 32 85 36
133 217 134 220
21 5 25 6
98 235 100 237
151 181 152 185
123 51 123 62
75 7 76 10
73 167 76 168
90 14 95 15
83 160 85 162
54 65 54 74
79 120 79 128
19 153 21 156
189 245 192 247
156 11 156 19
171 11 171 20
17 124 27 124
138 96 142 97
1 166 4 167
16 220 17 224
144 17 145 21
12 173 22 173
13 214 15 217
3 37 3 46
195 202 197 205
49 152 50 156
108 46 111 47
183 20 184 24
16 2 17 5
56 190 58 192
4 120 5 123
154 28 156 30
53 21 53 31
27 9 28 12
128 189 130 192
94 53 94 60
193 110 194 114
161 69 164 70
189 25 190 28
188 165 193 166
119 82 122 83
17 20 17 27
192 197 192 205
132 195 141 195
68 2 75 2
30 112 38 112
194 93 196 95
58 59 69 59
101 219 102 222
142 119 145 121
133 39 142 39
62 189 62 197
54 47 58 48
96 27 103 27
173 227 174 231
116 77 118 79
62 214 67 215
195 226 196 229
28 183 31 184
117 107 120 108
93 90 93 97
78 150 79 155
58 101 60 103
59 132 59 139
89 40 91 43
19 168 27 168
137 92 139 94
83 0 84 4
140 228 140 239
59 13 61 16
36 203 45 203
123 174 124 178
33 0 33 8
44 179 45 184
99 173 101 176
47 207 48 211
124 225 126 227
193 231 193 238
88 185 95 185
58 116 58 123
186 2 191 3
52 36 53 40
73 174 83 174
117 95 125 95
180 154 182 157
130 76 133 77
128 96 128 106
146 230 146 238
21 55 32 55
50 109 53 110
140 163 142 165
173 188 174 192
51 58 54 60
177 122 178 125
9 14 10 17
144 24 145 28
91 128 94 129
77 246 80 247
43 19 44 24
114 109 114 117
1 179 4 180
180 197 183 198
1 160 4 161
117 85 119 87
89 134 91 136
126 15 126 23
26 139 28 141
14 154 15 158
69 49 71 51
194 27 195 30
106 99 107 103
122 147 122 156
25 200 34 200
121 18 122 23
70 14 74 15
83 143 87 144
89 3 94 4
7 117 7 125
64 93 65 97
17 159 17 167
108 213 113 214
171 31 174 33
12 190 14 192
20 27 23 28
170 43 171 46
173 75 175 77
181 231 189 231
27 24 30 25
29 18 33 19
84 151 85 155
123 30 130 30
184 59 189 60
3 231 5 233
115 61 117 63
25 38 25 45
195 48 196 51
168 128 169 131
100 68 101 73
104 195 106 197
109 94 117 94
20 34 21 37
93 157 93 164
59 0 63 1
146 123 147 126
114 131 117 132
193 170 196 171
41 89 42 93
66 174 68 176
108 82 111 83
89 6 98 6
117 244 121 245
131 139 132 142
86 248 90 249
41 80 48 80
74 54 77 55
177 169 177 176
27 96 34 96
141 179 144 180
47 146 52 147
49 90 52 91
142 199 146 200
144 98 145 102
28 171 29 174
124 138 125 142
153 20 153 27
31 152 35 153
158 56 159 59
137 114 145 114
157 206 159 209
34 128 43 128
64 205 65 208
1 102 1 110
107 185 109 187
8 207 8 215
120 59 122 62
0 63 0 71
92 36 92 43
163 118 165 120
84 64 87 66
94 165 95 168
194 80 195 85
77 142 79 144
188 14 196 14
94 1 101 1
64 123 71 123
51 88 55 89
159 20 160 23
127 235 129 237
95 62 96 66
164 100 168 101
12 244 16 245
60 77 64 78
186 155 187 159
60 203 61 206
167 2 169 4
142 240 144 242
112 146 119 146
173 98 174 102
10 188 13 189
6 184 7 187
49 117 51 119
197 6 199 8
137 35 148 35
98 201 100 203
70 170 73 172
135 37 142 37
63 84 64 87
198 229 198 236
