3670
78 0 78 7
50 162 53 164
191 100 196 101
197 189 197 198
138 77 146 77
1 192 10 192
152 240 152 248
75 32 78 34
158 97 158 106
129 110 130 115
20 57 25 58
97 211 97 221
89 0 92 1
55 93 55 102
142 8 144 11
122 145 126 146
3 113 4 118
99 54 99 65
28 25 32 26
85 160 85 171
140 121 140 129
102 199 102 209
175 243 184 243
88 121 90 124
32 122 32 130
55 175 65 175
61 202 61 213
59 90 61 92
66 165 67 169
69 102 69 112
92 158 92 167
71 138 76 139
87 179 88 184
98 93 99 96
43 205 43 212
131 170 131 178
121 119 125 120
70 190 70 198
177 129 177 137
97 92 106 92
71 52 81 52
86 232 88 234
102 84 103 89
175 67 180 68
53 143 53 153
155 123 155 132
19 126 19 136
30 227 33 229
132 151 133 156
33 214 37 215
31 118 42 118
127 145 132 146
30 120 30 131
170 123 171 127
17 6 27 6
0 81 0 88
179 16 187 16
152 12 152 21
114 110 122 110
159 43 159 52
88 119 95 119
50 3 53 5
59 97 70 97
58 58 58 67
7 218 7 229
79 38 81 41
37 130 42 131
62 46 62 54
36 204 37 207
22 175 22 182
168 158 178 158
155 210 156 213
164 82 165 87
36 216 37 221
183 219 185 222
40 166 43 168
98 4 99 7
113 15 114 20
40 12 50 12
187 74 192 75
188 188 199 188
41 33 48 33
184 141 184 148
79 178 84 179
77 194 78 198
131 207 134 209
103 95 114 95
96 48 98 51
126 208 126 219
50 14 61 14
35 238 44 238
32 149 43 149
47 220 47 229
190 102 192 105
108 221 112 222
159 231 167 231
27 186 38 186
165 191 167 194
77 119 82 120
121 226 129 226
153 160 155 162
9 22 11 25
167 117 171 118
160 239 170 239
101 191 104 193
181 137 189 137
30 133 41 133
82 48 92 48
63 57 66 58
147 139 150 140
120 131 129 131
56 173 65 173
52 196 55 198
161 205 161 214
43 0 44 5
169 115 178 115
50 100 50 110
115 124 120 125
194 0 194 10
102 169 103 174
51 116 62 116
87 70 91 71
30 60 31 63
184 152 189 153
181 216 188 216
181 151 183 154
162 147 164 150
131 213 140 213
187 220 197 220
88 148 88 159
166 92 167 96
87 29 97 29
117 104 125 104
78 127 81 129
33 73 33 82
182 18 187 19
143 73 145 75
146 163 154 163
193 145 195 147
40 5 42 7
107 194 109 196
158 139 169 139
122 184 123 189
145 132 146 136
31 89 31 98
183 80 190 80
37 43 37 53
122 14 131 14
89 84 92 86
142 165 149 165
69 14 70 17
172 202 172 209
190 244 197 244
40 221 45 222
112 224 112 234
182 186 186 187
121 164 130 164
151 33 156 34
33 103 44 103
32 210 32 221
79 215 81 218
190 46 198 46
120 43 121 48
90 201 98 201
8 189 11 191
88 40 92 41
48 43 52 44
178 23 186 23
109 105 109 113
154 64 157 66
136 52 146 52
70 34 72 36
14 128 18 129
91 13 99 13
184 178 186 180
17 222 20 224
139 103 148 103
41 57 41 66
198 231 198 239
111 75 116 76
140 46 143 48
182 161 187 162
137 215 147 215
155 165 164 165
83 83 88 84
160 27 160 37
64 202 66 204
80 57 83 59
116 81 125 81
194 115 194 126
2 125 2 135
180 85 180 94
124 88 126 91
46 180 48 183
123 134 133 134
35 196 40 197
82 18 83 22
172 188 175 190
11 136 16 137
57 46 58 51
57 129 57 136
148 77 159 77
99 189 102 190
3 150 5 153
172 126 174 128
150 183 153 184
9 67 14 68
22 121 22 132
88 22 89 27
147 175 148 180
155 20 159 21
18 112 18 122
27 87 27 97
119 147 126 147
132 221 135 223
130 199 132 202
108 68 117 68
118 149 127 149
4 92 8 93
66 102 67 107
12 37 23 37
107 31 112 32
3 193 14 193
104 75 104 84
123 65 127 66
170 64 179 64
188 210 198 210
6 207 16 207
83 138 85 141
58 71 63 72
137 207 141 208
158 222 168 222
53 69 55 72
26 165 26 176
67 79 72 80
183 40 194 40
58 84 58 95
125 57 126 61
137 92 138 97
138 135 138 146
44 140 47 142
72 105 72 116
8 48 8 58
20 81 20 92
3 215 3 224
127 50 127 61
2 72 2 83
171 172 171 183
7 131 8 136
6 74 11 75
7 37 7 46
40 116 45 117
67 70 68 74
56 229 65 229
177 214 181 215
1 29 2 34
179 106 190 106
189 163 196 163
174 27 179 28
50 214 54 215
147 10 147 19
126 150 136 150
66 59 76 59
174 69 177 71
103 130 105 132
183 37 187 38
121 151 124 153
16 240 17 245
38 70 38 79
40 65 40 76
178 41 181 42
9 127 9 137
195 221 199 222
46 8 48 11
38 106 49 106
102 97 113 97
120 72 130 72
192 7 192 14
177 36 178 40
19 144 19 154
153 112 155 114
65 37 65 47
69 169 69 177
47 120 50 122
143 169 145 171
177 118 187 118
58 98 58 109
54 127 59 128
153 23 154 27
72 192 77 193
139 69 142 71
41 39 48 39
90 145 100 145
144 190 145 194
155 105 157 108
43 244 44 249
83 51 92 51
80 137 80 146
158 23 162 24
4 28 6 31
119 55 121 58
179 49 190 49
3 13 11 13
85 23 86 28
168 31 171 33
174 60 177 61
149 46 149 57
125 180 128 182
16 166 16 174
66 208 68 211
196 206 199 208
14 210 25 210
0 53 2 56
80 187 80 198
101 116 104 118
114 206 114 214
112 5 112 14
124 137 132 137
189 88 189 99
72 17 77 18
137 1 139 4
13 234 13 244
22 18 22 28
89 55 89 66
171 145 173 148
131 83 131 91
159 169 160 173
150 220 150 229
39 156 43 157
25 18 34 18
132 225 140 225
116 141 118 144
29 159 30 164
53 90 55 92
98 35 98 42
163 160 165 162
29 11 38 11
196 113 196 123
22 228 22 238
165 240 175 240
68 17 68 28
11 80 11 88
28 39 29 44
172 108 173 113
180 223 190 223
31 244 33 246
78 130 79 135
105 134 107 137
161 159 168 159
134 178 136 181
17 134 18 138
136 53 136 63
35 19 35 30
30 188 30 197
0 194 11 194
145 24 146 28
68 157 70 159
26 133 27 138
109 217 114 218
177 180 180 181
55 37 60 38
106 233 110 234
182 94 187 95
162 174 162 181
97 122 107 122
47 90 47 100
44 63 46 65
102 72 113 72
35 233 37 235
105 51 109 52
126 195 127 199
73 42 84 42
188 235 188 246
133 55 133 66
95 7 96 12
101 137 101 148
65 12 75 12
145 37 145 45
16 184 27 184
152 224 163 224
70 209 79 209
131 129 136 130
158 193 160 196
152 85 160 85
161 53 163 56
110 132 111 136
111 181 113 184
134 44 135 48
72 201 72 208
166 150 166 158
160 184 161 189
86 119 86 130
53 125 62 125
3 172 14 172
69 22 69 30
170 43 180 43
56 248 67 248
69 37 80 37
34 172 34 183
136 85 141 86
49 28 52 30
117 241 117 248
45 23 45 31
2 98 4 101
137 19 139 21
96 182 96 192
33 169 36 170
175 103 175 114
114 234 125 234
147 90 152 91
184 244 186 247
97 102 98 107
179 148 179 159
173 139 183 139
152 41 153 44
50 18 55 19
123 168 124 171
120 85 120 95
168 63 179 63
26 15 37 15
54 119 55 124
89 193 90 198
111 47 113 49
3 109 5 112
113 0 116 2
74 5 76 7
94 104 94 115
93 56 94 61
138 114 140 116
63 132 65 134
101 51 101 61
106 219 106 228
54 176 59 177
91 22 92 27
92 116 95 118
187 39 194 39
176 110 186 110
114 115 114 123
3 180 14 180
157 59 167 59
17 201 19 203
75 199 76 203
30 220 31 224
166 65 171 66
33 189 35 191
44 235 54 235
26 147 26 156
82 137 93 137
138 199 140 202
119 17 121 20
2 243 7 244
47 232 58 232
132 51 135 53
194 231 197 233
1 208 12 208
151 47 153 50
69 116 69 125
70 61 72 64
3 103 11 103
50 137 54 138
147 63 149 65
61 152 70 152
154 16 156 19
196 35 197 40
47 118 54 118
12 58 16 59
158 81 169 81
46 145 47 148
160 8 160 19
193 223 193 234
197 129 197 139
137 59 139 62
85 94 86 98
113 34 115 37
20 191 20 199
163 173 163 184
0 106 5 107
144 175 144 185
170 100 171 104
135 209 137 211
22 153 22 164
174 86 176 89
82 213 83 216
144 17 144 27
110 107 111 112
84 228 95 228
82 126 83 131
150 178 157 178
18 239 18 249
105 158 108 160
20 171 21 176
151 117 153 120
45 76 46 81
143 115 143 125
3 45 3 55
166 74 170 75
51 184 61 184
185 143 188 145
130 34 131 37
75 183 77 186
153 202 162 202
72 222 72 232
135 26 135 34
194 68 194 77
35 154 36 158
154 234 154 244
147 121 150 123
109 162 117 162
13 54 24 54
46 47 51 48
75 141 79 142
167 44 167 54
180 157 183 159
12 52 21 52
164 130 172 130
25 244 27 247
158 107 169 107
197 179 197 187
120 235 123 237
79 84 81 87
75 207 84 207
35 102 45 102
82 180 82 190
34 134 35 139
164 186 166 189
102 247 113 247
80 28 84 29
21 20 21 28
46 134 49 136
51 123 51 132
109 223 110 228
19 35 30 35
39 91 40 94
139 186 144 187
51 37 54 39
63 135 67 136
109 115 111 117
125 179 133 179
14 220 16 222
164 47 164 56
43 181 43 191
168 202 171 204
11 123 14 125
159 95 159 105
174 10 177 12
56 145 56 153
65 51 66 55
120 1 124 2
49 15 51 17
62 186 67 187
22 133 22 144
162 109 166 110
134 134 137 136
63 215 74 215
60 230 69 230
141 169 142 174
53 59 53 67
96 75 97 80
99 235 107 235
15 67 15 77
78 89 85 89
188 202 189 206
144 33 147 35
74 69 75 74
162 17 165 19
113 112 113 122
63 105 63 114
132 87 134 90
6 27 15 27
97 230 107 230
150 72 154 73
31 243 41 243
161 0 172 0
170 232 175 233
51 167 51 177
132 159 136 160
23 139 25 142
92 129 93 133
38 24 38 32
9 116 12 117
110 82 110 93
164 98 167 100
170 47 180 47
162 7 164 10
134 125 136 128
93 91 103 91
156 116 165 116
114 180 117 182
162 228 167 229
169 215 169 226
100 77 100 87
68 245 73 246
84 230 92 230
87 213 90 215
48 244 53 245
155 25 163 25
112 171 113 175
167 242 177 242
113 158 123 158
59 211 60 215
25 89 26 93
19 218 28 218
81 143 84 145
51 227 59 227
23 193 25 195
61 138 63 141
39 107 46 107
67 239 68 244
58 219 59 222
147 1 150 2
153 215 154 220
67 154 67 164
34 110 44 110
26 42 26 53
104 53 107 55
195 212 197 214
190 82 195 83
116 129 119 131
0 164 2 167
144 101 151 101
99 38 99 46
36 104 46 104
81 46 92 46
149 81 151 84
169 235 177 235
155 170 157 172
44 190 47 192
130 54 132 56
12 219 13 224
65 71 66 76
93 207 96 209
79 148 84 149
20 97 23 99
85 233 85 244
158 208 158 217
28 134 31 136
152 58 154 61
40 187 41 190
95 90 106 90
171 4 173 6
188 116 193 117
26 195 29 196
8 151 11 153
168 164 178 164
125 128 129 129
83 5 85 8
10 83 10 90
172 90 177 91
30 203 39 203
118 162 128 162
161 219 166 220
173 195 178 196
55 222 56 226
6 56 6 66
193 49 198 50
103 28 113 28
139 141 139 151
66 89 68 91
120 223 123 224
27 173 30 175
121 68 122 71
149 24 151 26
120 205 120 216
35 171 35 180
36 189 38 192
23 198 23 207
62 216 63 221
120 184 120 195
48 248 52 249
12 43 13 48
56 73 56 84
30 233 34 234
98 211 103 212
178 206 187 206
64 112 65 116
40 202 40 210
178 77 179 82
178 172 183 173
148 133 151 135
74 110 74 121
71 192 71 200
6 6 7 11
19 72 19 80
73 172 75 175
167 1 169 4
174 75 183 75
28 90 28 101
55 164 60 165
0 36 5 37
159 236 170 236
154 183 155 186
185 195 186 199
181 230 186 231
119 167 130 167
107 184 108 189
82 210 85 212
118 105 123 106
18 187 29 187
60 152 60 161
90 169 92 172
73 198 73 206
179 113 181 116
163 88 165 90
174 123 183 123
173 199 177 200
0 180 0 190
32 176 32 185
98 8 100 10
68 161 78 161
19 156 19 167
32 38 32 47
180 213 191 213
94 38 94 47
190 121 193 122
39 193 49 193
89 249 98 249
117 188 119 191
15 119 16 122
147 202 147 212
62 33 73 33
154 5 158 6
196 82 198 85
172 10 172 19
15 39 23 39
189 85 193 86
142 156 142 163
98 154 103 155
45 42 53 42
168 76 171 78
54 187 56 189
1 108 1 118
8 18 9 21
187 228 190 230
128 203 132 204
188 48 198 48
112 54 112 63
22 109 22 120
55 179 65 179
193 139 195 142
183 57 183 68
157 91 159 94
95 150 99 151
178 174 182 175
163 30 166 31
145 107 152 107
50 207 53 209
53 21 53 28
27 5 38 5
42 169 46 170
189 78 196 78
66 14 66 25
65 4 70 5
121 198 125 199
5 221 6 226
73 110 73 119
111 177 116 178
112 115 112 125
132 243 141 243
130 190 141 190
185 56 185 65
79 161 79 168
140 21 140 30
64 121 65 126
20 67 22 70
134 112 135 116
104 213 107 214
183 111 186 113
68 162 69 167
22 41 22 49
170 141 170 149
168 40 171 42
147 233 147 243
9 158 9 167
131 106 142 106
110 41 110 50
110 152 119 152
186 129 189 130
147 97 150 99
150 131 153 132
119 231 130 231
26 107 37 107
151 194 151 205
75 220 80 221
144 220 144 229
57 121 60 122
166 214 176 214
98 14 98 21
168 21 178 21
65 234 65 243
104 200 106 202
117 9 117 20
111 101 120 101
42 46 43 50
63 95 71 95
153 125 154 129
195 105 195 114
159 128 170 128
113 80 113 87
174 17 178 18
170 219 178 219
122 207 123 212
64 86 69 87
30 235 30 246
146 189 146 198
179 142 181 145
179 24 184 25
19 61 24 62
124 139 135 139
132 9 137 10
86 54 86 62
114 57 116 59
84 65 85 70
12 106 12 114
144 159 147 160
187 233 187 242
99 214 100 219
31 69 36 70
70 166 70 175
116 218 123 218
86 113 90 114
28 109 29 113
19 17 19 25
161 33 162 38
26 191 29 193
166 26 169 28
65 138 70 139
36 179 37 183
2 242 12 242
132 38 140 38
153 247 157 248
10 42 11 47
194 234 196 237
160 244 170 244
48 83 48 94
168 168 179 168
118 194 119 199
165 22 167 24
95 161 98 163
159 68 160 73
73 131 74 136
174 30 174 38
115 116 116 119
95 233 99 234
125 23 129 24
129 105 130 109
23 13 23 22
190 156 197 156
27 60 27 71
13 34 16 36
82 110 92 110
61 6 62 10
43 158 44 163
59 51 59 58
172 238 179 238
67 39 70 41
148 32 159 32
60 130 64 131
194 94 197 96
175 150 176 154
70 220 70 229
168 198 179 198
190 87 193 89
146 7 153 7
154 53 156 56
100 129 102 131
77 122 77 129
115 83 116 87
199 22 199 32
99 243 100 246
57 205 57 214
68 223 69 228
87 141 97 141
60 30 61 34
105 34 109 35
166 143 168 145
73 85 76 86
10 8 15 9
180 27 190 27
143 66 151 66
79 61 79 69
142 49 147 50
53 133 55 136
89 8 93 9
113 105 114 109
152 196 152 205
43 53 43 63
61 161 61 170
187 0 187 10
129 92 136 92
9 54 9 65
114 238 114 249
140 109 147 109
50 157 54 158
27 146 27 157
115 229 123 229
133 68 133 78
155 79 165 79
59 86 61 89
183 35 194 35
57 2 62 3
158 132 163 133
61 94 69 94
56 234 59 236
88 235 88 246
12 174 13 178
111 224 111 235
158 45 158 54
40 178 42 181
186 149 189 150
71 15 76 16
198 174 199 178
64 160 65 165
105 15 106 20
11 51 11 59
91 182 94 184
59 69 63 70
180 165 191 165
132 30 134 33
107 169 107 179
120 108 123 109
5 211 15 211
66 151 77 151
174 120 184 120
76 99 85 99
195 203 198 205
131 4 134 6
9 49 10 53
80 101 87 101
78 16 89 16
83 104 87 105
133 148 138 149
98 191 98 198
35 112 36 117
8 182 17 182
90 17 90 27
14 216 23 216
156 237 160 238
198 129 198 140
171 211 180 211
64 138 64 145
87 91 87 99
144 86 149 87
44 189 51 189
44 36 48 37
107 154 109 157
88 107 93 108
46 24 49 25
24 240 26 243
77 74 87 74
55 8 58 10
11 66 19 66
109 123 109 132
193 194 193 203
47 158 47 169
171 140 172 144
157 43 157 54
148 191 151 193
121 27 126 28
98 182 109 182
135 68 135 78
116 187 116 198
170 180 170 190
190 133 191 137
158 41 163 42
179 191 181 194
32 91 37 92
31 239 38 239
45 236 55 236
62 82 70 82
167 60 172 61
73 141 74 146
105 23 108 25
54 46 54 56
125 184 126 189
117 102 120 103
115 227 126 227
171 93 179 93
151 35 152 40
127 160 131 161
162 13 171 13
146 230 156 230
105 64 107 67
84 182 84 191
31 99 36 100
17 146 18 151
113 155 117 156
75 147 84 147
122 51 124 53
61 40 61 51
191 16 193 18
56 53 58 55
162 64 162 75
76 63 78 66
11 201 14 202
170 170 170 178
89 89 89 98
168 97 177 97
105 22 113 22
53 241 55 243
141 83 146 84
69 48 77 48
139 14 146 14
146 22 150 23
132 232 137 233
70 96 78 96
45 56 50 57
53 170 54 174
94 67 96 69
179 146 183 147
29 139 33 140
84 76 85 80
17 225 18 229
46 212 47 216
168 84 178 84
176 165 179 167
77 26 79 29
74 249 85 249
189 195 190 200
25 159 27 162
154 152 159 153
99 31 101 34
79 101 79 110
119 207 119 216
146 42 150 43
144 79 145 82
176 146 178 149
186 8 186 15
15 141 18 143
153 90 156 92
160 241 163 243
138 130 143 131
13 139 14 144
152 68 155 70
96 177 105 177
25 19 28 21
23 30 26 31
3 124 6 126
140 181 143 183
133 168 143 168
37 79 37 86
81 192 91 192
188 63 188 73
139 39 139 47
164 131 168 132
153 3 163 3
3 175 6 177
122 78 125 80
151 94 152 99
134 249 142 249
61 186 61 194
190 214 191 219
99 195 101 197
41 41 49 41
60 192 60 203
27 126 28 130
102 194 104 197
29 61 29 70
145 147 154 147
44 70 47 72
139 170 139 181
2 186 7 187
14 191 18 192
137 180 138 185
81 111 91 111
131 66 131 74
185 168 186 173
42 59 42 69
23 73 23 81
177 207 188 207
93 190 93 200
85 187 87 189
178 230 179 235
45 226 45 233
36 240 39 242
136 66 141 67
115 210 117 213
143 149 144 154
135 236 137 238
178 5 182 6
117 90 119 93
105 188 105 198
197 150 198 154
70 18 70 26
128 222 130 225
180 95 180 105
24 221 29 222
15 31 19 32
27 228 28 232
74 24 84 24
114 85 114 93
17 194 19 196
5 61 5 70
127 97 130 99
144 200 144 209
167 205 169 208
67 0 72 1
87 56 87 66
42 92 43 96
168 201 177 201
55 168 60 169
198 193 199 197
25 7 30 8
76 8 81 9
82 77 82 88
136 103 138 105
109 160 119 160
120 112 125 113
89 139 100 139
26 0 30 1
168 8 170 10
80 115 91 115
8 225 11 227
199 117 199 126
79 232 80 236
171 133 173 136
100 179 105 180
181 87 184 89
91 73 102 73
62 118 65 119
58 197 58 205
102 39 109 39
149 11 157 11
179 224 181 227
0 154 7 154
81 200 92 200
128 157 132 158
110 1 112 4
110 240 113 241
177 101 179 104
154 226 158 227
110 187 115 188
33 46 33 56
59 61 60 66
159 121 169 121
15 97 15 105
114 137 114 146
181 121 185 122
71 3 72 8
121 86 126 87
39 139 41 141
40 37 40 48
3 170 8 171
77 76 80 78
51 104 53 107
14 161 18 162
102 21 103 24
135 107 137 109
62 86 63 91
56 87 57 90
138 217 139 221
116 26 117 30
1 168 2 172
141 223 142 228
12 88 15 90
136 141 137 144
168 212 171 213
166 169 169 171
142 118 142 127
114 133 119 134
122 29 125 31
63 44 63 53
159 135 162 137
49 142 49 150
176 32 176 42
24 145 24 153
124 37 129 38
68 65 70 68
133 162 135 164
173 183 181 183
193 125 193 134
38 210 38 221
188 54 192 55
153 180 155 182
14 100 14 111
122 94 131 94
3 143 4 147
25 103 30 104
0 1 1 6
37 138 47 138
189 61 189 69
77 56 78 61
175 72 178 74
108 98 110 101
94 241 99 242
14 236 14 246
166 195 167 200
49 113 52 114
91 203 91 212
55 31 59 32
188 125 192 126
143 60 144 64
157 246 167 246
73 45 81 45
64 194 66 196
176 186 181 187
121 42 132 42
44 46 45 51
40 9 42 11
63 222 66 223
164 208 164 216
126 80 131 81
56 194 57 199
131 218 134 220
62 214 70 214
27 178 30 180
136 246 139 248
132 63 132 73
44 211 45 216
15 22 16 26
49 179 49 187
87 223 88 226
174 161 176 163
119 242 126 242
130 15 141 15
85 215 85 224
92 76 94 78
191 236 192 240
103 147 111 147
61 63 63 66
4 17 5 22
57 29 68 29
75 243 76 247
35 44 35 53
101 46 102 50
123 95 133 95
41 16 41 26
39 232 40 237
182 130 183 134
148 53 148 61
94 136 97 138
6 140 9 142
9 29 16 29
118 140 129 140
36 126 46 126
110 212 113 214
24 94 24 105
86 32 87 37
158 11 159 16
143 238 145 241
165 168 165 176
76 19 78 21
74 150 82 150
15 215 22 215
178 126 178 133
88 165 88 176
86 0 86 8
29 29 30 33
49 200 56 200
160 191 164 192
40 30 43 32
73 13 83 13
166 101 167 105
25 107 25 116
1 57 3 60
131 188 136 189
43 178 54 178
11 158 11 168
47 230 51 231
65 129 75 129
94 21 95 25
143 247 146 248
172 23 172 33
137 78 138 83
69 200 69 211
104 106 105 111
26 78 31 79
9 78 9 86
121 170 121 177
128 241 128 249
193 43 196 44
45 150 46 154
108 171 108 179
148 209 148 216
130 4 130 13
52 45 52 53
50 67 51 71
137 5 141 6
181 211 192 211
54 20 56 22
45 247 55 247
6 157 17 157
43 112 52 112
80 31 81 36
113 78 118 79
150 155 159 155
118 44 119 49
69 242 80 242
181 76 190 76
146 90 146 99
61 240 63 242
7 80 7 89
107 215 108 220
125 5 128 7
93 38 93 48
83 247 87 248
0 201 0 212
27 203 28 208
3 96 14 96
187 28 188 33
23 168 23 179
52 57 57 58
30 144 40 144
193 177 196 179
5 14 12 14
121 99 125 100
15 175 18 177
120 25 131 25
188 23 191 25
108 243 110 246
13 186 16 188
1 233 1 242
71 121 72 126
15 61 18 63
49 163 49 173
149 157 154 158
197 140 197 147
7 113 10 115
91 65 93 68
165 5 168 7
35 204 35 211
189 182 193 183
155 203 166 203
45 198 45 206
17 55 18 60
163 123 165 126
184 53 187 55
11 214 21 214
24 27 34 27
71 166 71 175
58 147 68 147
25 123 27 125
115 142 115 149
193 246 197 247
73 77 75 80
116 147 117 151
37 244 38 249
116 168 118 171
11 248 15 249
146 219 149 221
95 124 95 135
92 154 95 156
5 139 5 147
119 36 122 38
118 120 120 123
14 64 25 64
37 223 41 224
62 11 64 14
104 85 106 88
38 53 42 54
106 127 108 130
41 113 44 115
197 102 199 105
196 52 198 54
124 46 127 48
67 140 68 145
33 200 43 200
99 71 110 71
49 194 53 195
52 210 54 213
170 16 171 20
191 196 192 201
173 32 173 41
99 161 108 161
104 73 115 73
195 28 198 30
63 155 66 157
88 90 88 101
1 198 12 198
115 94 116 97
183 233 183 241
156 127 156 137
154 36 154 47
190 172 195 173
160 61 161 66
92 186 92 194
94 167 101 167
171 131 174 132
6 235 9 237
76 80 78 83
151 159 158 159
75 206 86 206
155 151 164 151
88 209 90 212
23 237 23 248
113 52 113 62
177 176 181 177
175 44 184 44
157 211 157 220
112 202 123 202
57 78 68 78
89 237 93 238
24 36 24 46
171 220 179 220
76 71 83 71
70 86 71 90
186 176 191 177
164 57 169 58
136 164 141 165
159 108 160 113
131 99 142 99
97 60 97 67
40 17 40 26
28 146 39 146
140 143 141 147
106 1 106 12
63 192 63 199
136 214 144 214
151 175 161 175
154 4 161 4
152 57 161 57
135 89 143 89
177 221 178 225
148 240 148 249
170 157 177 157
92 96 96 97
34 126 35 130
63 224 67 225
50 64 52 66
180 198 182 201
179 127 190 127
168 228 168 235
7 1 11 2
25 196 25 205
20 15 20 25
1 61 1 72
91 32 95 33
188 51 198 51
195 4 196 9
102 216 104 218
91 148 92 151
182 101 187 102
8 39 11 41
68 197 68 206
95 220 96 225
66 235 75 235
33 187 38 188
123 63 127 64
140 96 145 97
117 32 118 36
188 12 188 21
28 54 29 58
67 109 68 113
44 145 44 154
53 94 53 102
189 7 190 11
75 111 75 122
144 105 147 106
30 200 32 202
3 168 7 169
177 50 178 55
167 70 169 73
101 156 102 160
118 117 127 117
79 246 82 248
165 42 166 47
49 241 52 243
21 10 24 12
83 81 94 81
101 125 105 126
141 119 141 129
89 202 98 202
190 171 197 171
44 14 44 23
74 195 74 204
133 102 143 102
185 66 187 69
100 171 101 176
30 109 30 118
155 239 157 242
136 7 139 8
122 191 125 193
56 92 56 100
123 206 133 206
24 23 32 23
11 229 15 230
98 207 100 210
150 52 151 55
49 81 52 83
195 11 196 15
114 22 114 33
99 28 101 30
115 203 126 203
188 168 193 169
30 87 39 87
94 84 99 85
35 76 36 79
80 93 82 95
104 138 105 141
92 208 92 217
146 234 146 244
181 69 182 74
17 102 21 103
134 242 145 242
33 142 43 142
12 97 12 105
195 215 198 216
70 181 70 189
31 57 36 58
12 153 17 154
103 243 105 246
77 92 85 92
49 1 60 1
45 171 46 176
0 246 11 246
181 85 186 86
53 77 54 81
185 200 186 204
100 226 102 228
72 53 75 55
0 234 0 243
96 120 96 131
35 164 43 164
32 165 35 167
193 1 193 11
170 58 175 59
21 156 21 164
85 124 85 135
1 197 12 197
122 183 131 183
10 131 10 141
5 214 10 215
27 49 31 50
18 5 25 5
73 180 80 180
78 112 85 112
20 233 20 241
1 120 10 120
179 55 180 60
12 70 12 79
161 108 171 108
155 163 165 163
82 166 83 169
124 172 128 173
144 38 144 48
24 234 28 235
71 83 75 84
81 30 90 30
0 38 3 39
169 38 172 39
182 96 184 98
3 15 12 15
112 133 112 143
142 3 152 3
72 21 75 22
164 247 169 248
16 84 16 95
31 34 31 44
132 17 134 20
43 127 48 128
2 224 2 234
108 54 110 57
140 138 150 138
73 188 77 189
170 237 181 237
142 55 142 65
127 192 131 193
179 208 184 209
27 113 27 120
59 244 63 245
42 228 44 231
67 50 76 50
106 241 109 242
81 229 92 229
76 118 83 118
118 39 127 39
81 49 91 49
101 214 101 221
184 52 195 52
120 245 121 249
23 129 23 136
90 182 90 191
31 172 31 182
90 161 91 166
168 96 177 96
129 235 140 235
134 153 135 156
50 221 53 223
69 183 69 191
118 239 118 247
108 44 109 49
168 88 169 93
138 39 138 48
46 26 48 28
195 32 195 42
104 37 109 38
100 108 102 110
70 70 73 72
12 51 20 51
36 89 43 89
89 180 98 180
77 154 81 155
57 12 61 13
33 217 35 219
151 142 153 145
193 62 193 72
21 130 21 140
147 188 147 199
132 161 139 161
58 151 59 155
114 41 119 42
190 245 191 249
56 237 56 244
193 24 195 26
136 195 136 204
80 231 90 231
52 68 61 68
130 184 133 185
71 219 71 229
57 186 59 189
17 234 19 237
128 0 139 0
10 55 10 64
57 180 59 182
133 122 136 124
100 46 100 56
192 59 192 66
103 14 111 14
129 151 131 154
32 247 36 248
153 67 161 67
71 75 82 75
181 50 190 50
172 56 175 57
75 133 76 136
86 165 86 173
109 167 109 178
74 155 75 159
128 58 129 63
141 196 142 201
123 75 130 75
51 145 51 152
155 192 157 194
186 138 187 142
40 213 43 215
132 21 133 26
129 239 131 241
148 195 149 200
193 102 196 104
118 5 118 16
38 175 43 176
121 180 124 182
176 51 176 58
70 141 72 143
16 43 17 47
115 201 126 201
194 191 195 195
35 40 38 42
188 100 189 105
52 85 52 94
35 97 40 98
135 174 136 177
7 28 18 28
119 30 120 35
160 120 170 120
6 158 6 165
74 47 85 47
68 128 75 128
169 53 171 56
158 167 165 167
42 123 49 123
53 216 54 220
22 90 23 95
139 134 144 135
64 98 68 99
28 84 31 85
170 231 177 231
130 63 130 71
166 137 176 137
160 141 161 145
145 208 146 213
90 173 94 174
112 81 112 91
127 112 128 116
16 13 19 15
8 76 8 87
78 162 78 170
27 28 28 31
29 202 29 213
37 226 42 227
33 121 35 123
97 224 98 229
3 17 3 28
126 141 131 142
71 98 73 100
156 160 161 161
139 153 142 155
121 121 123 123
118 64 121 66
148 166 150 169
3 16 13 16
127 234 127 243
151 110 155 111
76 226 76 236
99 74 103 75
84 119 84 130
146 143 149 145
134 240 142 240
107 110 107 119
137 63 141 64
176 244 178 247
55 24 60 25
132 195 134 198
43 111 54 111
149 242 151 245
11 146 15 147
56 16 64 16
133 39 135 42
106 184 106 194
154 197 163 197
144 115 146 117
91 123 93 126
93 217 94 222
85 87 89 88
106 120 111 121
111 204 113 207
91 87 92 92
15 193 15 202
51 93 51 101
45 5 48 7
62 35 62 44
184 131 188 132
15 108 16 113
71 177 76 178
175 23 177 26
115 16 115 25
105 236 107 238
21 229 21 237
187 122 189 124
184 154 191 154
114 225 125 225
31 12 36 13
29 215 31 218
37 0 38 4
188 81 188 89
28 152 31 154
138 169 138 178
7 62 8 66
197 161 199 164
112 43 113 46
162 207 163 212
53 82 54 86
19 86 19 94
21 165 22 169
26 225 26 233
5 201 10 202
50 84 50 94
15 189 26 189
150 164 154 165
80 162 83 164
128 197 129 202
49 233 56 233
162 142 165 144
1 159 3 162
146 149 156 149
138 112 141 113
2 89 3 93
15 217 22 217
151 121 151 130
20 105 23 107
155 154 162 154
97 1 102 2
13 1 23 1
64 63 69 64
149 214 150 217
62 79 64 81
189 113 194 114
25 213 27 216
6 107 10 108
100 231 108 231
194 86 196 89
126 126 130 127
146 54 146 64
104 45 105 49
107 86 107 93
39 35 49 35
24 69 26 72
12 167 14 169
45 86 45 95
33 6 35 9
179 38 181 40
4 132 5 136
61 98 61 108
49 95 49 104
47 64 49 67
38 12 38 22
183 184 192 184
21 72 22 76
172 1 181 1
99 186 101 188
69 141 69 150
3 201 4 205
165 205 165 216
11 203 13 205
152 78 153 83
46 201 51 202
89 102 91 104
127 19 129 22
49 0 60 0
181 60 182 63
164 166 175 166
57 73 62 74
191 142 191 152
111 33 111 43
42 183 42 191
57 142 60 144
59 174 68 174
55 39 60 40
38 228 38 237
19 47 21 50
178 107 183 108
75 212 78 213
103 136 103 144
30 198 38 198
77 243 78 247
179 182 188 182
199 41 199 52
34 155 34 164
27 169 31 170
18 178 19 183
118 114 122 115
80 60 83 62
141 40 142 43
197 63 198 68
142 22 142 33
149 205 149 213
188 186 192 187
123 41 131 41
50 76 52 78
78 185 78 193
165 68 165 78
59 18 61 21
86 213 86 223
124 211 125 214
108 6 109 10
181 124 184 125
90 175 91 179
161 43 161 52
110 17 111 20
161 111 162 115
24 129 25 134
187 56 190 58
157 135 158 138
154 198 158 199
181 164 191 164
141 141 151 141
107 163 118 163
70 11 79 11
133 118 138 119
34 150 36 152
42 98 46 99
155 82 160 83
180 82 185 83
94 142 97 144
174 179 176 182
103 146 113 146
109 24 111 26
182 116 187 117
140 74 142 76
58 171 63 172
191 231 192 235
40 219 44 220
31 65 32 68
144 88 153 88
42 201 44 203
38 105 49 105
170 224 173 225
195 53 195 61
131 221 131 230
46 196 51 197
173 99 174 104
68 137 77 137
37 58 39 60
9 155 14 156
179 204 183 205
148 9 148 17
67 114 71 115
168 46 175 46
102 8 104 10
38 125 49 125
77 237 80 239
151 217 152 222
153 76 164 76
175 9 184 9
100 22 101 27
51 115 59 115
103 151 106 153
150 179 158 179
163 61 164 65
79 53 81 55
126 31 127 34
118 230 127 230
137 194 141 195
43 80 44 85
118 59 120 62
128 187 137 187
124 124 128 125
160 205 160 212
64 42 64 49
32 111 41 111
137 16 144 16
184 64 184 73
199 143 199 152
112 199 117 200
156 96 156 104
24 73 25 78
191 31 192 34
101 12 102 16
14 71 14 79
131 244 132 247
106 102 106 112
160 232 164 233
20 113 21 117
111 126 115 127
165 14 168 16
48 147 48 155
55 113 60 114
59 4 59 11
94 54 98 55
118 220 119 224
44 58 45 61
120 232 131 232
109 60 111 63
167 151 170 153
149 249 159 249
128 26 129 31
43 45 51 45
148 30 159 30
145 187 154 187
138 10 141 11
184 103 187 105
62 155 62 165
53 130 56 132
63 184 67 185
109 201 111 203
145 118 147 120
81 235 82 238
107 204 110 206
132 113 132 122
180 249 189 249
80 17 81 22
119 12 123 13
63 233 70 233
150 233 158 233
95 98 98 100
12 231 17 232
53 35 58 36
6 181 16 181
90 56 90 67
82 53 84 56
192 129 192 138
155 44 155 52
189 28 192 30
80 72 91 72
187 107 189 110
51 183 59 183
145 0 155 0
114 98 121 98
135 2 136 5
20 201 22 204
145 67 149 68
11 134 14 135
38 158 39 162
32 95 34 97
16 2 21 3
163 112 168 113
88 247 96 247
155 8 158 10
168 160 173 161
145 202 146 207
174 146 174 155
48 74 55 74
160 96 161 101
82 154 83 158
16 197 16 206
183 198 184 201
38 108 43 109
164 184 169 185
185 189 188 190
118 50 121 52
67 131 72 132
57 22 61 23
25 248 29 249
99 100 99 107
67 178 68 181
8 160 8 169
156 204 157 208
197 9 199 11
106 141 107 145
62 208 65 210
2 144 2 153
164 38 167 39
184 174 189 175
80 105 81 110
8 3 9 6
44 25 44 32
36 23 36 32
39 17 39 24
102 111 103 115
106 82 109 84
0 93 0 102
199 84 199 94
39 194 44 195
100 62 100 70
83 174 87 175
87 147 94 147
197 16 197 27
8 34 9 38
196 107 197 112
55 45 56 49
126 103 126 111
154 86 156 88
96 109 97 113
39 170 41 173
124 155 127 156
68 31 79 31
76 93 79 95
115 43 117 46
124 237 125 241
129 217 130 221
116 3 125 3
13 112 13 122
167 79 172 80
79 169 80 173
56 43 59 44
29 224 29 234
36 38 39 39
188 41 191 42
61 83 66 84
183 193 193 193
173 80 176 82
94 188 94 198
56 137 60 138
59 99 59 108
75 222 78 224
116 175 119 176
43 13 53 13
179 32 181 35
2 212 13 212
119 138 129 138
31 120 31 131
162 82 163 86
71 26 73 29
23 85 27 86
147 153 150 154
7 125 8 130
173 172 173 182
0 13 2 16
196 55 197 59
93 35 96 37
61 216 61 226
11 130 14 132
168 191 171 193
145 29 155 29
105 58 106 63
113 165 120 165
5 32 10 33
111 164 111 173
27 36 27 46
187 196 187 205
27 145 37 145
147 69 150 70
38 81 39 85
195 226 196 230
195 129 196 134
29 120 29 129
152 52 153 56
155 189 158 191
106 41 107 44
34 62 36 65
129 43 131 46
76 152 86 152
0 139 0 150
191 202 192 207
178 135 183 136
127 176 129 178
87 144 89 146
154 200 159 201
152 228 160 228
115 216 115 224
34 39 34 46
14 53 23 53
9 87 9 95
178 87 179 91
62 59 64 61
173 247 175 249
69 49 78 49
83 106 87 107
169 194 170 197
85 17 86 22
134 167 143 167
0 71 0 79
107 224 108 229
19 168 19 175
23 223 27 224
123 43 128 44
66 218 76 218
39 180 39 190
150 208 152 211
82 217 83 221
141 231 143 233
64 7 69 8
164 21 164 28
137 196 137 205
155 39 163 39
113 6 114 11
96 30 98 32
24 236 26 239
188 209 199 209
54 191 58 192
157 80 165 80
69 42 70 46
94 152 99 153
74 44 84 44
132 108 133 111
91 240 102 240
190 90 190 101
140 204 142 206
20 185 29 185
195 240 197 242
164 195 165 200
72 168 77 169
133 227 135 230
157 134 167 134
123 57 124 62
151 146 161 146
61 180 66 181
110 167 110 178
115 206 118 208
183 188 184 192
58 120 66 120
110 155 111 159
79 182 79 190
129 123 131 125
152 74 156 75
170 138 181 138
86 43 88 45
194 16 195 20
171 153 173 156
127 211 132 212
26 9 30 10
71 163 74 165
147 27 152 28
86 76 89 78
57 123 61 124
31 159 31 167
37 155 47 155
69 70 69 78
29 95 30 99
135 58 135 65
86 52 95 52
134 58 134 68
192 90 197 91
18 96 19 101
98 132 99 136
57 117 59 119
185 233 186 238
118 118 125 118
6 148 15 148
114 61 116 64
140 169 140 176
44 129 46 131
102 55 102 65
10 233 19 233
25 172 25 182
115 52 116 55
179 163 186 163
79 14 90 14
1 24 2 28
73 87 74 90
8 239 11 240
148 226 149 229
23 146 23 156
189 14 190 19
1 122 1 129
63 18 64 22
49 139 54 140
168 175 169 179
179 240 181 242
78 201 79 204
46 206 48 209
119 177 119 187
93 16 97 17
100 99 103 101
81 201 84 203
68 51 70 54
9 185 11 187
107 0 107 11
153 156 160 156
78 205 88 205
178 217 186 217
85 34 85 44
1 18 2 23
91 217 91 225
196 31 198 33
128 83 128 92
21 33 26 34
118 148 126 148
48 204 52 205
161 225 166 226
114 233 124 233
187 191 191 192
162 97 162 105
91 63 96 64
193 174 195 176
115 136 117 138
117 235 119 237
125 135 130 136
21 78 22 83
52 125 52 134
174 141 176 144
98 126 99 129
50 32 50 40
1 220 1 229
125 68 128 69
150 231 154 232
56 247 65 247
83 238 83 245
131 13 141 13
132 191 137 192
155 157 159 158
174 171 177 173
70 130 77 130
192 157 193 160
178 13 183 14
131 1 134 3
156 118 159 119
3 75 3 86
178 210 187 210
194 56 194 67
180 166 190 166
34 31 35 35
119 141 120 145
2 182 6 183
26 82 30 83
64 69 73 69
137 170 137 178
134 110 139 111
130 103 134 104
172 117 181 117
159 206 159 217
152 136 153 141
72 10 80 10
64 65 65 68
26 75 31 76
60 56 71 56
37 137 48 137
71 102 71 111
173 202 183 202
55 104 57 106
83 108 86 109
144 100 155 100
171 218 180 218
177 20 184 20
123 5 124 10
144 127 147 128
141 114 148 114
134 131 137 133
86 9 87 13
116 157 126 157
175 192 177 194
94 203 97 204
5 232 9 233
168 100 169 105
102 93 106 94
150 13 151 16
0 119 0 129
88 57 88 68
167 172 169 174
32 231 35 232
159 182 162 183
133 37 142 37
94 230 94 239
66 121 66 128
148 188 157 188
17 204 19 207
85 148 87 150
92 79 95 80
75 100 76 104
97 169 99 171
20 183 30 183
110 77 120 77
1 87 1 96
119 67 129 67
78 114 85 114
25 95 26 100
103 42 103 50
148 92 150 95
152 103 154 106
169 229 179 229
136 24 136 32
45 238 46 242
133 101 142 101
180 77 185 78
161 91 164 92
73 64 75 67
190 141 190 150
50 186 53 188
188 2 188 11
174 106 174 113
13 20 14 25
117 132 128 132
172 76 179 76
77 226 86 226
93 164 101 164
100 103 102 106
63 231 67 232
135 12 146 12
94 205 98 206
130 236 134 237
32 1 36 2
55 142 55 152
40 135 45 136
24 80 32 80
67 57 72 58
142 191 143 195
36 66 39 68
117 57 117 65
50 59 52 62
69 133 72 135
104 149 114 149
140 188 145 189
183 4 185 7
133 215 136 217
157 234 165 234
84 156 87 158
41 246 42 249
52 142 52 152
90 3 100 3
170 85 171 90
67 194 67 204
85 197 88 199
64 217 71 217
15 78 16 83
82 1 82 9
38 119 40 121
189 140 189 148
87 128 91 129
9 217 11 219
116 4 116 15
98 232 109 232
156 40 156 51
123 82 133 82
70 240 75 241
60 236 63 238
121 96 128 96
104 74 115 74
192 217 197 218
72 153 82 153
24 16 28 17
4 155 5 160
122 143 133 143
175 2 177 5
123 17 128 18
182 115 191 115
15 130 18 132
123 244 125 247
125 151 127 154
192 144 192 155
2 196 13 196
36 172 37 177
88 31 88 39
28 148 37 148
179 22 190 22
117 86 119 88
1 247 4 248
104 239 113 239
196 201 199 202
163 35 172 35
124 83 127 85
53 126 62 126
26 102 34 102
141 53 141 61
62 190 65 191
66 34 67 38
102 150 110 150
4 40 5 44
133 234 143 234
49 190 52 192
182 2 186 3
190 63 190 73
139 117 139 128
65 212 70 213
149 112 151 115
145 218 145 229
143 216 143 227
97 184 97 195
60 109 62 111
182 99 187 100
41 72 42 75
95 212 96 217
102 219 104 222
157 129 168 129
111 79 111 87
117 161 125 161
108 153 118 153
172 172 172 183
37 24 37 34
174 6 177 8
105 164 110 165
101 198 101 206
178 96 179 99
18 8 23 9
18 4 26 4
123 176 126 178
5 245 13 245
148 71 158 71
48 246 59 246
143 33 143 44
60 216 60 227
66 220 69 221
0 156 2 158
198 109 199 113
71 38 73 41
2 188 3 191
151 62 158 62
1 43 2 46
151 234 152 238
95 166 106 166
145 110 147 112
176 228 185 228
103 69 114 69
63 9 67 10
12 55 15 57
121 73 126 74
157 148 161 149
48 156 48 166
166 84 167 89
57 92 57 102
136 73 138 75
55 156 56 161
186 157 189 159
24 113 24 124
73 221 73 232
3 233 3 240
2 71 9 71
105 76 105 84
73 91 75 94
121 208 121 215
34 36 37 37
157 140 168 140
73 35 78 36
117 69 117 76
174 66 182 66
68 182 68 192
155 142 157 145
148 150 155 150
129 86 130 90
60 150 65 151
50 181 55 182
100 93 101 97
109 85 109 92
36 127 40 128
34 55 39 56
165 147 165 154
21 84 22 89
142 245 147 246
99 16 100 20
178 212 186 212
1 176 2 180
99 36 107 36
199 58 199 67
68 248 78 248
38 151 43 152
18 42 21 44
98 110 99 114
139 237 142 239
173 203 175 205
34 140 37 141
187 178 192 179
66 175 68 177
74 98 74 108
153 166 163 166
109 102 114 103
89 148 89 157
136 41 137 45
124 54 126 56
191 20 193 22
93 212 94 216
138 27 139 32
90 93 91 98
76 107 77 110
19 121 20 125
121 88 121 95
191 92 198 92
178 178 183 179
24 159 24 169
31 204 34 206
71 236 74 238
72 180 72 189
2 1 4 4
45 164 46 167
136 69 137 72
34 101 44 101
18 76 18 85
54 3 54 12
5 80 5 91
68 2 77 2
46 0 48 3
153 1 160 1
13 190 24 190
137 22 137 32
15 212 25 212
72 210 73 214
179 246 183 247
76 163 77 166
98 63 98 71
40 182 41 185
1 141 1 151
141 148 152 148
17 218 18 221
110 191 111 196
196 64 196 74
95 235 96 239
172 66 173 70
25 144 25 153
6 97 9 99
166 36 170 37
6 116 8 119
48 217 50 220
184 45 186 47
103 56 103 65
55 4 57 6
82 170 84 173
94 123 94 133
109 65 112 66
161 5 161 15
7 31 14 31
33 193 35 195
12 38 14 41
86 133 89 135
102 248 105 249
122 19 126 20
0 22 0 32
114 48 114 56
89 217 89 224
33 143 41 143
180 28 182 31
128 100 128 107
96 178 104 178
130 248 133 249
156 117 164 117
18 18 18 25
110 139 111 143
2 110 2 119
82 10 85 12
120 4 121 9
160 227 170 227
79 177 87 177
39 211 39 222
98 74 98 83
99 117 100 121
146 172 149 174
14 113 14 120
15 10 15 18
127 214 127 223
5 2 5 12
154 176 159 177
4 46 4 56
181 92 186 93
10 93 13 95
103 207 110 207
154 138 156 141
191 109 194 111
190 189 195 190
148 181 149 186
101 70 111 70
44 183 45 186
140 136 143 137
26 58 26 66
42 240 44 243
153 192 153 199
28 238 29 243
7 51 7 61
196 125 198 128
6 79 6 90
56 26 59 28
143 31 151 31
52 201 55 202
171 239 182 239
195 148 196 152
195 62 195 70
110 130 115 131
138 87 142 88
95 157 98 159
85 53 94 53
127 207 130 208
199 210 199 220
43 119 51 119
1 209 3 211
134 76 134 84
28 72 37 72
94 88 98 89
160 102 161 106
166 123 167 127
101 77 101 86
95 104 95 112
146 102 154 102
175 15 184 15
121 59 122 63
47 14 48 19
48 224 49 229
30 106 37 106
70 176 79 176
44 68 47 69
151 168 155 169
129 100 138 100
164 169 164 178
122 88 123 93
129 47 130 51
0 137 5 138
70 102 70 111
121 185 121 196
145 108 153 108
136 151 137 156
166 162 170 163
62 201 63 204
30 156 33 157
180 248 187 248
160 119 169 119
131 98 142 98
32 112 34 114
97 24 99 27
157 181 158 184
60 41 60 52
78 122 82 123
4 213 14 213
173 9 173 19
45 20 50 21
113 220 113 230
94 181 102 181
123 15 128 16
15 124 18 126
1 200 2 205
197 69 198 73
10 126 13 127
5 188 7 190
166 167 174 167
13 164 18 165
89 240 90 244
86 75 94 75
157 125 161 126
150 8 153 10
67 92 71 93
99 123 108 123
191 4 191 15
142 175 143 180
5 247 12 247
33 174 33 184
81 138 82 142
145 53 145 62
12 10 14 13
19 137 20 140
162 245 173 245
51 216 52 220
186 79 196 79
183 181 194 181
138 210 143 211
33 223 36 225
102 135 102 145
52 228 53 231
5 200 13 200
66 43 68 46
97 125 97 135
3 179 10 179
126 120 128 122
5 204 8 205
46 220 46 230
96 172 99 174
16 105 19 107
79 116 89 116
32 28 33 31
172 45 180 45
80 26 84 27
77 227 78 232
164 223 168 224
164 180 169 181
107 198 108 202
120 169 120 179
0 47 1 51
27 141 30 143
146 44 151 45
104 113 106 115
131 110 131 120
122 11 129 11
101 243 102 246
182 214 185 215
89 169 89 176
83 0 84 4
133 35 137 36
153 205 155 208
13 103 13 111
80 65 81 69
21 205 22 209
2 173 6 174
65 48 68 49
92 176 93 179
61 195 62 199
111 100 119 100
55 61 56 66
87 2 89 5
32 59 33 63
132 173 134 176
63 34 65 36
34 74 34 84
87 82 95 82
6 69 11 70
26 199 28 202
56 210 56 220
180 185 188 185
90 156 91 159
131 47 133 50
2 140 4 142
17 88 18 92
77 90 86 90
182 41 185 43
135 166 145 166
148 78 148 85
179 10 183 11
92 248 100 248
132 170 134 172
172 212 177 213
71 147 74 149
0 199 11 199
166 146 169 148
30 208 31 212
191 94 193 96
142 92 143 95
198 97 199 101
148 234 149 237
187 82 187 92
168 95 176 95
4 217 4 226
152 115 160 115
114 172 118 173
127 78 132 79
20 147 22 150
99 200 100 205
55 209 55 220
128 205 136 205
102 40 110 40
12 30 21 30
73 190 76 191
76 171 78 174
117 53 118 56
140 218 141 221
152 170 154 173
38 43 38 52
10 0 18 0
64 244 66 246
54 99 54 109
35 93 37 96
4 59 4 70
46 199 55 199
158 122 169 122
148 116 150 118
29 168 38 168
158 127 165 127
66 60 69 61
111 185 118 185
114 230 117 232
163 93 163 104
35 124 46 124
86 162 89 163
95 146 97 148
62 26 66 27
24 230 25 233
67 119 68 123
30 88 40 88
115 40 126 40
87 237 87 246
43 132 48 133
89 105 93 106
95 41 96 46
46 53 48 55
129 117 130 121
137 90 145 90
43 74 46 75
91 241 93 244
3 184 13 184
115 3 115 10
197 225 199 227
143 201 143 209
184 31 185 34
199 68 199 77
121 127 124 129
38 153 41 154
63 166 65 169
46 50 48 52
50 22 51 27
50 167 50 177
46 83 47 88
102 167 107 168
141 21 141 28
36 165 44 165
39 5 39 14
3 166 7 167
24 197 24 208
136 49 138 51
39 49 41 51
73 122 74 127
138 33 141 35
84 193 88 194
3 121 6 123
45 108 47 110
110 189 113 190
40 82 41 87
75 215 78 217
98 146 100 149
40 2 42 4
174 216 177 217
113 134 113 144
193 248 198 249
149 159 150 162
63 0 64 5
94 175 99 176
150 63 157 63
181 56 182 59
161 217 165 218
123 144 134 144
13 76 13 86
41 42 44 43
6 209 11 210
28 160 28 168
140 0 142 2
126 170 129 171
78 208 88 208
146 222 147 227
156 110 157 113
173 208 178 209
20 161 20 168
60 133 61 136
2 63 3 68
112 166 121 166
152 229 160 229
10 162 10 170
116 21 120 22
154 133 155 137
182 189 182 196
16 144 16 152
60 146 68 146
53 29 54 34
144 124 147 126
42 78 42 88
7 158 7 165
114 112 118 113
124 133 133 133
156 26 158 29
116 23 120 24
62 32 73 32
128 147 132 148
58 206 59 210
93 169 95 172
100 236 102 238
42 232 43 235
189 0 192 2
108 139 109 143
115 238 122 238
188 208 195 208
70 116 70 127
57 151 57 162
79 222 83 223
143 196 145 199
54 144 54 152
152 22 159 22
147 136 150 137
4 76 4 87
164 114 174 114
105 208 107 211
119 159 129 159
117 0 127 0
21 194 22 199
79 2 81 4
179 128 189 128
187 43 188 46
72 19 75 20
150 194 150 202
157 87 160 89
137 53 140 55
189 232 189 239
92 98 94 101
102 30 104 32
28 108 37 108
149 36 150 39
1 9 2 12
119 154 123 155
172 48 183 48
72 86 72 95
103 0 105 3
193 184 196 185
129 182 136 182
141 18 143 20
82 194 83 199
88 28 98 28
30 37 30 44
73 56 76 57
145 16 146 21
41 207 42 210
122 76 126 77
191 62 191 71
171 72 172 75
6 100 10 101
196 18 196 25
63 30 66 31
75 227 75 234
175 184 179 185
149 125 150 130
162 12 170 12
6 109 11 110
25 48 25 56
119 135 122 136
98 213 98 222
181 51 182 55
67 13 68 16
181 168 183 171
25 12 30 13
142 6 151 6
167 83 177 83
108 103 108 114
199 232 199 241
91 120 94 122
172 49 174 51
168 48 171 50
173 124 178 125
182 0 186 1
36 134 39 136
170 216 173 217
146 89 156 89
12 150 15 152
111 236 114 237
49 152 49 160
167 67 169 69
160 249 171 249
80 50 91 50
40 145 42 148
11 6 15 7
144 70 146 72
148 18 150 21
145 151 153 151
180 130 181 133
9 228 16 228
127 168 130 169
80 136 89 136
45 73 54 73
76 159 81 160
10 234 12 237
102 17 104 20
178 26 187 26
31 193 32 197
6 143 9 145
93 94 97 95
17 71 17 80
74 26 75 30
93 5 97 6
18 108 21 109
195 167 196 170
185 224 192 224
63 148 67 149
159 235 167 235
139 91 141 94
176 101 176 109
17 171 18 174
28 149 31 151
130 28 131 32
185 119 189 120
154 118 155 121
116 217 125 217
3 195 11 195
41 121 45 122
16 10 18 12
180 148 182 150
85 201 87 203
47 239 52 240
77 97 82 98
48 212 49 216
103 226 104 229
11 139 12 143
87 130 89 132
49 9 53 10
184 133 186 136
145 129 147 131
199 127 199 138
196 157 199 159
82 31 82 40
19 239 19 249
42 13 42 24
1 74 1 84
89 203 90 208
155 36 157 38
33 20 34 24
4 72 8 73
84 142 93 142
43 7 44 11
58 76 63 77
132 85 135 86
128 194 130 196
181 218 182 221
21 225 24 227
7 175 11 176
37 113 39 116
186 60 187 64
65 101 65 110
93 86 97 87
97 36 97 46
49 206 56 206
140 156 141 160
52 165 54 168
0 218 0 228
86 117 91 118
108 208 109 212
71 181 71 191
197 3 198 7
28 51 31 53
108 12 111 13
85 181 86 186
187 225 190 227
32 158 33 163
7 121 10 123
55 178 65 178
188 37 193 38
96 56 98 59
54 231 62 231
172 191 173 194
115 120 117 122
33 212 36 213
102 4 105 6
95 195 96 198
79 80 81 83
112 33 112 41
46 184 48 186
32 236 37 237
193 164 196 166
46 59 49 61
124 165 128 166
142 4 151 4
147 170 151 171
142 142 143 146
3 129 6 131
139 78 142 79
77 156 79 158
122 221 126 222
54 15 65 15
190 81 198 81
190 235 190 242
47 75 49 78
171 119 182 119
43 16 43 27
115 88 116 91
168 94 178 94
146 175 146 185
128 76 132 77
78 100 78 110
76 210 81 211
106 131 108 133
166 241 177 241
83 93 84 98
58 249 68 249
185 146 188 148
198 182 199 186
17 40 21 41
76 111 77 116
38 177 47 177
118 228 126 228
172 52 174 55
112 194 115 196
121 101 123 103
5 51 5 60
117 82 119 85
60 182 65 183
21 119 21 129
19 55 24 56
88 186 89 190
17 18 17 26
160 176 161 181
31 240 34 242
86 237 86 246
139 104 148 104
132 93 136 94
137 17 140 18
6 34 6 45
29 137 33 138
11 62 14 63
154 94 155 97
126 2 130 3
102 78 103 82
20 245 21 249
103 27 111 27
187 180 196 180
131 57 132 61
12 2 15 4
91 57 92 60
194 135 196 137
77 73 87 73
20 225 20 232
60 232 61 235
87 18 87 26
50 6 53 8
9 220 11 222
34 226 36 228
127 184 129 186
162 155 165 157
104 98 106 101
41 196 43 199
40 159 42 161
157 221 167 221
92 245 97 246
140 244 141 247
199 12 199 20
101 183 103 185
122 168 122 177
32 150 33 155
32 119 37 120
115 103 116 108
137 217 137 224
162 185 163 190
137 227 138 231
170 25 171 29
114 111 125 111
111 208 113 211
90 37 92 39
81 165 81 174
49 128 50 133
24 3 33 3
11 33 20 33
107 76 109 79
124 105 125 110
18 188 29 188
128 32 129 36
175 221 176 225
165 62 175 62
116 47 117 50
148 33 150 35
104 171 105 176
152 121 153 124
94 18 96 20
161 238 171 238
117 204 126 204
193 238 194 243
63 226 66 227
175 33 175 42
88 10 91 12
119 163 130 163
166 209 169 211
165 243 173 243
0 0 9 0
84 215 84 223
88 79 91 80
93 157 94 161
167 187 169 190
15 224 16 227
90 168 101 168
83 180 83 188
95 70 97 72
175 65 182 65
21 240 22 244
117 116 126 116
129 16 131 18
49 85 49 93
135 193 135 202
10 19 12 21
143 161 145 164
48 141 57 141
129 214 132 216
97 235 98 239
20 220 28 220
104 155 106 157
138 121 138 128
59 192 59 203
51 224 54 226
41 91 41 99
158 239 159 242
56 17 58 19
118 71 119 75
90 4 92 6
42 223 45 225
64 88 65 92
55 41 59 42
164 68 164 75
145 173 145 183
198 34 198 43
138 222 140 224
3 228 5 231
72 23 83 23
173 22 173 31
177 140 178 144
23 157 23 164
170 109 171 113
17 67 19 69
156 120 157 124
109 186 118 186
31 16 36 17
39 40 39 47
59 79 60 83
47 172 48 176
184 234 184 242
66 188 67 192
105 217 105 227
98 124 108 124
55 107 56 110
126 8 129 10
84 234 84 245
183 28 186 30
15 235 15 246
6 17 6 26
0 168 0 176
139 227 140 232
197 114 197 123
50 159 54 160
49 49 51 52
181 167 192 167
0 60 0 69
156 68 158 70
189 47 197 47
161 168 163 171
28 114 29 119
80 176 87 176
111 242 113 245
63 158 66 159
107 190 109 193
42 171 44 174
46 29 48 31
79 212 81 214
65 140 66 145
83 36 84 41
170 121 179 121
75 25 83 25
45 156 46 161
134 137 137 138
94 165 103 165
59 240 60 243
29 89 30 93
6 149 15 149
83 227 94 227
150 174 157 174
197 167 199 170
16 67 16 74
38 34 45 34
101 119 104 121
29 45 31 48
153 235 153 243
171 221 174 222
45 113 48 115
53 43 53 54
81 102 85 103
117 94 119 96
177 160 188 160
2 206 5 207
8 223 11 224
63 121 63 128
59 96 66 96
171 150 173 152
121 130 130 130
180 232 188 232
89 232 92 233
181 94 181 103
14 42 14 50
23 40 23 50
175 127 176 131
193 151 194 155
46 101 48 103
16 246 17 249
153 12 155 15
83 85 87 86
161 193 163 195
35 81 36 86
191 93 198 93
160 44 160 55
124 101 127 102
117 126 119 128
171 184 173 187
162 4 164 6
149 189 153 190
160 20 163 22
69 140 78 140
165 51 166 56
160 77 164 78
57 239 58 244
166 116 175 116
15 65 25 65
34 229 37 230
159 204 167 204
136 162 141 163
76 43 84 43
190 118 193 120
25 206 26 209
67 83 70 85
72 51 82 51
106 180 110 181
131 162 132 166
193 211 194 215
139 139 144 140
40 28 43 29
73 102 73 109
70 201 71 205
73 60 75 63
35 160 37 163
25 37 25 46
44 86 44 94
179 140 183 141
8 7 9 11
156 60 165 60
30 19 32 22
188 161 196 161
2 94 7 95
137 158 139 160
107 58 108 62
146 40 150 41
132 226 140 226
181 156 189 156
104 203 106 205
94 199 98 200
46 90 46 97
151 109 158 109
131 186 138 186
0 40 3 42
20 141 21 146
44 187 47 188
176 189 181 190
113 66 117 67
17 198 19 200
196 172 197 175
71 243 74 244
74 38 76 41
145 153 146 158
106 21 113 21
153 210 154 213
179 17 181 19
138 56 140 58
127 209 130 210
68 154 70 156
80 133 82 135
0 249 9 249
157 230 167 230
164 182 167 183
91 140 100 140
50 185 60 185
110 154 118 154
145 46 147 48
161 26 163 29
81 181 81 190
64 205 67 207
50 210 51 213
144 167 147 168
136 77 136 84
139 80 142 82
108 0 109 5
66 108 66 119
112 106 112 113
178 7 182 8
119 97 126 97
125 174 128 175
73 182 74 187
194 199 199 200
8 104 10 106
74 225 81 225
165 8 167 11
50 148 50 156
192 106 194 108
129 96 136 96
39 228 40 231
2 241 12 241
167 215 168 220
46 117 56 117
151 2 162 2
61 153 71 153
164 101 165 106
110 6 111 10
139 51 147 51
77 144 79 146
138 107 143 108
167 155 169 157
158 247 161 248
144 232 145 237
163 67 163 75
180 233 182 235
115 241 115 249
112 167 114 170
121 219 125 220
51 154 56 155
147 72 147 83
179 50 180 53
15 139 18 140
191 227 192 230
90 131 91 134
132 125 133 128
186 221 191 222
198 242 199 247
25 14 36 14
99 156 100 159
45 244 47 246
41 229 41 236
81 239 82 243
143 21 143 30
133 245 135 247
191 56 193 58
64 171 68 172
108 86 108 94
170 105 172 107
172 85 173 89
129 242 130 247
170 67 171 70
17 211 28 211
91 195 92 199
99 220 99 228
66 100 70 101
160 93 162 95
182 32 182 40
82 63 83 67
109 215 114 216
185 239 186 243
177 29 178 34
33 124 33 132
149 176 153 177
96 115 98 118
33 201 38 202
151 225 153 227
166 165 175 165
140 149 142 151
127 103 127 111
24 170 24 181
19 59 24 60
102 223 104 225
194 223 199 224
103 96 114 96
178 69 180 71
162 44 164 46
1 181 1 190
6 150 7 153
45 234 55 234
149 103 151 106
157 243 159 245
92 223 94 226
173 77 176 78
138 132 141 133
111 99 118 99
30 54 32 56
168 22 171 24
111 150 115 151
187 133 189 135
51 33 52 36
40 78 41 81
91 14 92 18
104 142 105 145
117 107 119 109
6 132 6 139
21 191 24 192
174 133 175 136
189 240 189 248
67 17 67 27
132 140 135 142
120 239 123 241
149 58 151 61
172 236 180 236
168 98 172 99
66 236 69 238
138 191 140 193
158 218 160 220
0 213 1 217
53 87 55 89
61 24 65 25
87 216 88 221
153 222 157 223
61 142 63 144
125 49 126 53
156 12 157 15
155 231 158 232
196 60 198 62
60 176 65 177
112 23 113 26
135 16 135 25
8 42 9 46
104 184 105 187
178 2 181 4
75 123 76 127
107 17 108 20
85 54 85 61
122 45 123 50
154 195 157 196
128 155 131 156
57 215 57 223
3 7 4 11
11 91 15 92
62 101 64 104
157 130 162 131
118 200 126 200
77 38 78 41
169 234 177 234
58 156 59 161
160 198 161 201
56 33 59 34
24 24 27 26
184 56 184 63
0 108 0 116
124 70 129 71
79 5 81 7
14 208 19 209
111 92 113 94
103 102 105 104
30 64 30 71
138 22 139 26
84 153 87 155
33 36 33 45
166 17 169 19
125 12 129 13
171 169 173 171
48 79 52 80
93 0 96 2
71 179 78 179
172 92 179 92
100 37 101 42
93 19 93 27
3 163 5 165
75 194 76 198
119 14 121 16
152 31 159 31
149 78 151 80
28 147 39 147
121 21 123 24
108 248 113 249
177 111 178 114
134 241 142 241
46 203 55 203
128 233 131 234
25 163 25 171
88 125 90 127
17 213 24 213
34 244 36 246
61 112 62 115
159 123 162 124
107 98 107 107
137 68 144 68
36 122 40 123
101 66 104 68
171 2 174 3
43 76 44 79
105 29 106 33
123 194 125 196
101 162 106 163
13 159 18 160
89 34 92 36
72 194 73 197
158 34 159 38
150 185 153 186
10 34 11 37
84 160 84 169
42 40 49 40
15 48 17 50
170 205 171 209
144 143 145 146
15 116 17 118
126 245 127 249
174 174 176 176
24 126 26 128
110 197 114 198
21 14 22 17
92 10 94 12
189 45 197 45
148 124 148 132
70 76 72 78
132 27 134 29
163 135 170 135
127 188 128 191
76 67 78 70
184 10 185 14
92 111 93 114
90 143 93 144
86 38 87 42
113 38 117 39
111 50 111 59
109 15 112 16
177 151 178 156
18 110 21 111
58 129 59 134
36 18 37 22
42 143 47 144
108 235 109 238
80 209 87 209
129 180 133 181
45 14 46 19
181 90 185 91
12 185 19 185
109 161 116 161
39 245 40 249
62 188 65 189
77 233 78 236
188 162 195 162
123 33 125 36
78 124 83 125
136 112 137 117
185 96 187 98
191 97 196 98
103 11 105 13
197 0 199 2
88 74 97 74
176 203 178 205
93 210 96 211
86 138 88 140
100 233 104 234
42 38 49 38
62 62 69 62
153 245 156 246
118 209 118 216
15 155 18 156
57 79 57 86
169 230 177 230
164 1 166 3
94 243 98 244
118 68 120 70
157 95 157 103
160 152 164 153
5 76 7 78
23 66 25 68
95 229 96 232
92 70 94 72
98 183 100 185
119 243 126 243
76 91 85 91
100 111 101 115
170 226 178 226
132 238 133 242
31 110 31 117
193 28 194 33
118 25 119 29
65 0 66 3
168 199 172 200
66 234 74 234
112 70 116 71
50 193 58 193
51 179 54 180
21 221 22 224
75 181 78 182
32 115 34 117
54 59 57 60
151 152 153 154
69 192 69 199
162 213 163 216
1 97 1 105
151 212 152 216
174 13 177 14
193 143 196 144
20 100 23 101
114 183 118 184
7 17 7 25
6 146 10 147
138 196 140 198
102 51 103 54
195 75 198 77
58 211 58 218
34 59 36 61
44 237 55 237
163 34 171 34
106 80 110 81
100 241 105 242
150 64 153 65
180 155 191 155
128 52 131 53
175 98 177 100
2 213 2 223
23 82 25 84
75 143 76 146
27 171 30 172
28 60 28 71
62 211 64 213
73 3 77 4
89 99 91 101
168 44 171 45
120 82 122 84
157 17 159 19
57 148 59 150
110 122 111 125
186 77 193 77
