3679
51 0 51 7
85 59 88 61
60 183 64 184
155 7 159 8
40 72 40 82
117 237 117 247
30 57 35 58
115 160 122 160
144 99 154 99
135 184 146 184
22 173 22 181
111 108 111 119
137 146 141 147
79 201 89 201
71 145 73 147
176 176 185 176
50 103 52 106
184 223 184 234
94 142 99 143
123 233 124 237
37 212 48 212
175 105 184 105
159 99 168 99
44 33 53 33
105 123 115 123
43 196 44 201
149 172 152 174
83 91 83 102
36 72 37 77
66 155 66 164
95 104 97 107
15 21 15 32
86 109 91 110
69 90 80 90
86 156 88 159
39 158 39 165
160 9 164 10
124 179 132 179
3 143 8 144
93 21 94 26
171 118 181 118
169 234 178 234
45 184 54 184
54 222 65 222
79 19 79 30
136 26 146 26
53 155 55 158
148 233 150 236
179 226 180 231
19 190 19 199
194 76 194 87
72 227 75 229
12 216 16 217
73 181 75 184
22 92 30 92
174 162 176 164
94 95 105 95
18 110 22 111
150 199 153 201
115 32 120 33
54 216 56 218
91 209 102 209
55 227 62 227
108 96 108 104
57 77 57 86
141 198 143 201
51 195 51 203
99 42 99 51
154 66 155 71
15 230 15 241
29 54 32 56
133 28 134 32
124 8 135 8
73 68 84 68
29 33 37 33
58 57 58 67
36 11 39 13
16 197 18 200
41 141 52 141
156 141 158 144
45 232 46 237
2 10 3 15
193 59 195 62
77 72 88 72
59 31 64 32
17 66 18 69
0 74 1 77
146 146 148 149
54 22 64 22
76 50 87 50
124 33 124 44
154 94 155 98
50 45 51 48
121 82 123 85
180 127 190 127
99 206 109 206
151 230 152 234
155 126 159 127
41 19 45 20
79 216 79 227
72 246 74 248
158 156 158 165
83 193 85 196
189 161 190 166
45 117 46 121
17 232 17 240
176 204 181 205
133 53 133 60
182 196 192 196
152 139 161 139
112 149 114 151
88 185 97 185
73 42 77 43
180 165 183 166
94 40 94 51
169 33 172 35
100 248 105 249
166 42 168 45
4 55 4 66
67 8 75 8
188 11 199 11
95 25 99 26
120 12 123 14
100 168 105 169
58 195 58 205
159 110 160 115
25 175 26 180
140 245 145 246
150 46 152 48
17 14 18 18
52 44 61 44
139 8 148 8
41 178 41 186
71 197 73 199
151 0 153 3
136 187 138 190
173 111 176 113
8 40 10 43
35 130 35 139
171 97 182 97
4 231 11 231
133 181 134 186
39 138 46 138
185 29 185 39
42 29 47 30
83 4 85 7
177 217 178 220
153 16 153 25
48 218 51 220
132 153 132 164
69 218 77 218
188 172 188 181
119 98 129 98
76 64 85 64
33 18 38 19
154 122 164 122
189 215 192 217
19 167 19 178
53 11 53 19
124 120 131 120
8 175 18 175
31 84 32 88
137 234 141 235
144 158 144 169
92 111 93 115
171 14 176 15
70 55 81 55
2 37 2 48
185 147 190 148
6 46 17 46
54 16 65 16
73 122 78 123
81 238 86 239
68 214 72 215
138 133 143 134
157 82 157 91
27 156 29 159
175 91 176 96
19 215 22 216
67 247 69 249
16 120 16 130
81 107 92 107
186 215 187 218
21 244 22 248
84 181 89 182
2 49 3 54
3 120 3 129
78 213 83 214
85 21 87 24
56 108 57 113
169 138 179 138
28 9 28 19
171 132 175 133
76 153 80 154
88 240 98 240
155 206 163 206
27 238 29 240
22 145 25 147
34 94 45 94
138 156 138 166
24 43 26 46
47 170 56 170
62 99 63 103
129 149 133 150
138 113 139 116
98 210 103 211
44 42 44 52
0 212 10 212
112 104 112 115
100 71 109 71
181 183 183 185
127 106 128 110
17 113 27 113
101 19 101 27
79 207 90 207
14 93 18 94
88 134 88 141
36 238 38 241
72 209 75 210
30 34 30 42
124 204 134 204
177 223 182 224
43 193 52 193
64 201 64 209
125 100 136 100
41 62 48 62
60 41 64 42
122 73 126 74
149 85 150 90
98 1 100 3
152 153 157 154
37 0 38 4
116 130 121 131
26 211 27 216
9 91 11 94
79 103 79 110
3 130 3 140
47 65 48 70
136 138 136 149
144 198 145 203
11 53 12 58
196 101 199 103
177 130 185 130
48 150 49 155
77 201 78 205
117 189 118 193
121 101 121 109
170 39 181 39
176 189 186 189
184 150 189 151
126 139 126 148
64 218 66 221
86 99 87 104
104 45 104 52
179 246 184 247
170 166 172 168
7 215 8 220
46 213 46 223
127 207 137 207
125 197 130 198
162 126 167 127
77 93 79 96
34 140 43 140
198 228 198 239
187 174 187 183
183 73 187 74
103 179 104 184
77 142 79 145
152 229 159 229
155 216 155 224
133 214 133 224
84 165 87 166
77 131 82 132
39 111 42 113
103 75 106 77
102 33 104 36
143 44 151 44
114 162 114 170
161 97 170 97
59 18 68 18
102 215 110 215
92 8 100 8
100 64 101 68
165 139 168 141
128 125 130 128
109 218 111 221
86 38 89 40
115 22 123 22
167 176 168 180
78 176 87 176
27 118 27 125
58 14 68 14
8 149 13 150
189 181 192 183
71 130 72 135
17 159 17 167
16 138 18 140
139 124 150 124
17 7 22 8
118 244 127 244
70 65 73 67
158 190 158 200
141 229 150 229
111 22 111 30
122 3 129 3
50 226 52 229
95 66 95 77
80 116 82 118
142 101 151 101
60 163 60 174
137 192 140 194
75 100 76 104
60 200 60 210
154 147 163 147
12 221 23 221
179 4 180 9
137 4 137 14
115 171 125 171
142 81 145 83
22 69 23 72
107 157 115 157
179 15 189 15
198 72 198 82
140 248 149 248
54 239 56 242
53 230 53 240
38 8 49 8
67 128 67 135
1 31 10 31
161 94 163 96
52 88 56 89
184 214 194 214
11 243 14 245
26 77 26 86
35 0 35 11
65 203 68 205
100 87 109 87
67 99 72 100
14 204 24 204
108 113 110 115
16 150 27 150
60 45 61 48
152 80 153 85
124 164 126 166
131 30 131 38
39 152 40 157
140 169 140 176
188 142 191 144
18 183 23 184
8 16 12 17
169 8 177 8
23 237 33 237
52 48 54 51
149 154 151 157
192 151 193 155
65 110 74 110
119 195 123 196
131 136 132 140
159 175 159 182
195 112 195 119
0 140 0 151
104 234 108 235
82 89 86 90
156 223 158 226
163 204 167 205
84 247 89 248
107 93 109 95
117 233 119 236
157 183 167 183
159 11 164 12
24 79 25 83
98 193 106 193
159 162 170 162
152 203 152 212
174 191 174 200
184 48 189 49
54 137 56 139
150 213 150 221
78 161 79 165
131 87 131 98
6 131 6 140
29 123 40 123
79 204 88 204
104 228 111 228
169 60 180 60
33 88 33 97
54 131 64 131
76 185 85 185
98 14 109 14
60 132 60 141
3 116 4 119
8 156 8 166
47 220 47 228
136 225 140 226
190 103 195 104
168 101 173 102
80 12 82 14
29 48 31 51
31 73 31 82
0 102 7 102
48 91 50 93
72 71 76 72
96 112 106 112
72 12 72 21
32 185 35 187
34 48 38 49
140 105 150 105
115 135 125 135
51 207 52 211
96 60 105 60
149 72 158 72
17 189 28 189
163 75 174 75
97 163 97 173
183 83 185 86
174 151 175 155
121 63 126 64
17 145 18 149
175 181 184 181
177 53 178 58
114 97 114 106
25 158 25 167
136 62 147 62
12 160 16 161
61 95 61 106
11 20 11 28
55 74 64 74
35 177 37 179
116 223 118 226
91 121 93 123
56 91 67 91
2 229 7 230
194 137 199 138
179 41 190 41
175 25 179 26
147 93 152 94
115 63 116 68
155 36 157 38
176 122 176 131
23 21 23 32
70 74 73 76
0 88 11 88
9 106 12 108
86 130 97 130
153 182 155 184
177 198 178 203
33 125 35 127
167 58 167 69
162 140 163 143
197 93 199 96
1 47 1 56
1 115 2 119
36 119 38 121
98 74 101 76
144 136 147 138
139 38 141 41
39 101 40 105
172 47 172 57
29 206 40 206
104 176 113 176
103 158 111 158
102 151 102 159
75 186 76 191
113 6 114 9
156 201 167 201
112 52 113 56
176 84 179 86
159 207 159 217
106 184 113 184
110 19 121 19
14 15 15 19
123 89 127 90
97 65 97 76
38 248 42 249
138 143 142 144
10 73 12 76
29 102 29 113
95 118 97 121
39 135 47 135
85 65 87 67
143 112 146 114
169 10 179 10
170 171 172 174
141 10 151 10
61 107 61 118
19 22 21 24
144 71 144 78
1 244 4 245
110 133 119 133
156 27 158 29
159 164 159 174
191 76 191 86
157 203 162 204
34 28 44 28
24 246 26 249
138 35 140 37
166 48 166 58
190 46 192 49
193 185 193 196
183 21 184 25
3 38 4 43
189 117 191 120
46 108 54 108
92 0 95 2
100 47 101 52
20 229 24 230
198 204 198 215
128 69 128 79
108 74 111 75
85 28 85 36
144 11 153 11
18 101 23 102
13 100 24 100
124 154 124 161
123 147 124 151
91 60 94 62
44 146 46 148
12 2 17 3
176 18 187 18
193 40 193 51
181 43 185 44
99 245 101 247
71 57 81 57
107 2 118 2
74 9 74 18
177 108 182 109
24 195 35 195
116 93 127 93
66 210 67 213
14 37 15 42
154 5 154 16
8 117 11 119
36 226 46 226
3 218 6 220
82 205 87 206
173 115 181 115
155 157 155 166
146 238 147 242
190 206 192 208
194 228 195 233
141 164 141 173
58 24 60 27
98 104 98 111
96 16 100 17
122 130 124 133
104 137 105 142
71 49 81 49
81 157 82 162
47 126 50 128
160 134 170 134
4 147 4 158
7 110 17 110
199 211 199 218
31 83 40 83
116 71 118 74
74 107 77 109
141 111 152 111
42 49 43 53
118 27 127 27
168 127 170 130
77 127 82 128
2 159 6 160
40 194 40 204
53 201 53 211
46 207 48 210
112 132 120 132
170 222 170 233
167 15 167 25
90 78 90 86
182 93 185 95
95 135 97 137
33 63 36 65
166 209 176 209
142 90 144 93
101 116 103 119
60 189 71 189
108 52 111 54
34 72 34 82
165 95 174 95
55 185 59 186
106 4 116 4
58 178 62 179
66 113 70 114
106 26 106 33
174 210 174 218
106 39 115 39
21 68 32 68
183 159 188 160
108 140 108 149
13 112 15 115
174 33 177 35
137 19 139 21
92 222 95 223
136 195 136 206
160 34 162 37
82 97 82 104
105 189 108 190
132 165 134 167
31 224 33 226
166 10 167 14
142 2 147 3
25 24 30 25
89 89 99 89
21 234 22 237
164 69 165 74
37 146 37 155
38 51 38 62
41 55 45 56
140 89 141 93
32 173 36 174
156 47 157 52
100 177 103 178
0 223 10 223
111 15 114 17
182 11 183 14
72 167 83 167
132 76 142 76
42 193 42 203
27 47 28 52
102 45 103 50
106 151 109 152
43 101 54 101
0 117 0 127
61 139 62 143
134 86 136 88
122 245 125 246
75 16 79 17
85 229 94 229
82 154 93 154
121 205 125 206
162 189 166 190
129 188 130 192
181 85 182 89
161 85 172 85
193 107 194 112
61 232 66 233
171 114 182 114
123 183 128 184
14 143 14 153
191 228 191 235
9 135 9 145
93 32 93 40
32 140 32 147
29 148 32 150
22 15 22 25
65 28 69 29
166 145 169 147
100 30 100 39
35 234 42 234
8 204 9 208
89 29 97 29
191 199 192 203
0 96 8 96
8 61 8 72
115 231 122 231
130 47 132 50
69 69 80 69
110 59 118 59
164 232 164 243
107 21 108 25
132 64 133 68
41 222 45 223
127 58 129 61
21 75 26 76
21 53 32 53
67 62 67 72
93 245 95 248
105 194 107 197
18 83 19 87
68 177 68 188
179 100 183 101
9 164 9 173
74 29 74 36
169 104 177 104
187 61 188 65
54 72 54 82
14 59 16 62
170 141 171 146
111 130 114 131
169 220 169 231
161 2 171 2
155 247 160 248
189 239 190 244
60 88 65 89
181 66 182 70
120 70 121 74
3 44 5 47
98 127 98 136
133 176 134 180
35 97 35 108
1 209 6 210
72 225 77 226
195 8 197 10
58 146 59 150
136 172 137 177
0 156 0 167
150 137 157 137
175 70 175 81
93 138 98 139
129 84 140 84
151 63 151 71
62 203 62 213
166 175 175 175
93 197 93 208
51 241 52 246
72 170 74 173
109 197 110 202
172 193 172 200
25 209 35 209
137 29 141 30
126 248 136 248
33 102 34 106
147 70 147 80
149 103 160 103
61 4 62 8
92 172 96 173
119 45 129 45
32 35 42 35
184 50 184 58
189 154 191 157
150 26 155 27
11 101 13 104
38 231 47 231
34 34 44 34
114 203 114 211
142 145 142 155
136 210 144 210
196 40 199 42
73 53 83 53
99 223 110 223
20 49 20 57
21 36 21 46
107 212 116 212
150 183 152 185
34 224 34 234
5 193 5 203
44 10 48 11
152 165 153 170
66 167 70 168
11 204 12 208
14 49 15 53
98 56 101 58
18 206 21 208
10 125 13 127
28 119 30 122
61 241 62 245
7 202 18 202
30 164 30 175
114 80 118 81
122 128 127 129
189 221 199 221
146 84 146 94
47 115 58 115
52 157 52 168
130 42 141 42
147 188 147 197
129 26 131 29
117 50 119 53
174 45 179 46
32 41 37 42
31 16 42 16
20 4 27 4
95 10 103 10
152 59 152 67
88 147 98 147
138 68 140 70
90 236 97 236
60 60 64 61
121 221 124 223
85 170 86 175
107 74 107 83
7 126 9 129
17 128 18 133
149 14 153 15
131 195 131 203
160 52 165 53
60 75 64 76
167 114 168 119
164 0 175 0
48 180 58 180
102 100 105 102
164 120 169 121
65 202 74 202
49 195 49 203
118 123 120 126
33 148 33 157
5 181 10 182
25 243 29 244
91 231 96 232
69 42 69 53
99 189 101 192
186 176 186 185
155 43 155 52
28 85 30 88
180 137 181 141
9 35 20 35
110 60 111 65
10 237 10 244
170 186 173 187
142 232 143 237
161 4 166 5
76 44 87 44
189 201 189 210
169 156 172 157
9 156 11 158
0 21 1 24
69 225 69 234
94 178 98 179
54 71 62 71
57 93 66 93
49 191 53 192
172 148 175 150
60 19 64 20
105 207 106 212
145 150 148 152
31 126 31 137
33 112 34 115
12 120 15 122
76 207 77 211
190 5 191 10
114 213 124 213
186 136 191 137
137 127 139 130
134 111 139 112
6 186 14 186
51 54 55 55
175 102 185 102
63 96 66 98
23 103 25 106
169 194 170 197
108 41 109 46
124 94 126 96
62 165 65 167
149 126 152 128
53 62 53 70
165 212 165 219
1 147 1 155
192 136 192 147
165 22 166 26
102 170 111 170
54 193 54 204
18 41 18 51
37 25 48 25
155 133 166 133
169 31 178 31
97 230 101 231
105 120 114 120
191 20 192 25
127 145 135 145
38 125 39 129
24 227 29 228
197 0 198 5
117 61 122 62
93 45 93 54
147 157 148 162
1 174 4 176
86 132 86 143
160 160 164 161
172 88 176 89
153 112 155 114
43 180 43 190
69 129 70 134
126 103 135 103
194 54 195 58
143 4 150 4
199 157 199 166
83 210 94 210
34 171 38 172
20 205 31 205
48 77 52 78
162 21 163 26
56 0 58 3
132 214 132 224
64 6 66 9
53 118 53 128
147 118 148 123
35 242 37 244
108 179 110 181
23 139 24 143
147 246 150 247
178 78 179 83
38 97 43 98
167 234 167 243
74 179 79 180
171 81 174 82
2 0 6 1
16 116 25 116
29 127 29 138
74 5 76 7
62 78 71 78
155 30 156 34
118 117 126 117
36 201 38 204
91 83 92 87
195 240 195 249
50 21 50 30
12 164 12 174
75 129 85 129
145 52 147 54
24 121 24 130
194 96 196 98
17 104 21 105
190 168 192 171
197 60 197 68
117 210 120 212
115 36 118 38
158 148 159 153
132 88 132 99
78 110 78 121
134 217 135 222
46 242 47 246
170 16 170 26
119 184 119 192
193 156 194 160
169 182 176 182
133 228 136 230
69 193 69 201
186 70 191 71
143 175 143 182
127 162 130 164
20 170 21 175
80 59 81 63
104 108 105 111
115 142 117 144
113 85 116 87
168 150 169 154
102 72 110 72
128 19 128 28
111 199 119 199
170 184 178 184
110 98 112 101
142 185 144 188
137 46 142 47
153 100 162 100
78 98 80 101
89 138 92 139
65 121 66 126
22 85 23 90
120 49 120 60
125 158 126 162
159 219 160 224
114 126 117 127
135 235 136 239
112 158 123 158
32 37 36 38
190 247 193 249
149 52 150 56
19 99 30 99
168 8 168 18
85 216 86 219
158 228 168 228
169 176 171 179
5 234 6 238
44 15 46 17
174 16 174 25
100 174 105 175
185 161 187 164
99 137 102 139
62 120 71 120
8 47 9 51
179 28 182 29
76 134 77 139
193 18 197 19
116 7 116 15
47 143 48 148
7 232 9 234
88 189 95 189
30 0 30 11
170 242 181 242
65 137 75 137
26 70 28 72
69 22 71 25
55 143 55 154
118 174 129 174
16 96 20 97
155 40 165 40
115 161 119 162
132 4 134 7
186 198 197 198
104 11 107 12
100 141 100 152
24 181 35 181
180 190 191 190
174 116 178 117
83 10 84 15
124 11 127 12
33 116 34 121
58 155 58 164
112 186 114 189
23 94 32 94
21 77 23 80
110 245 111 248
134 106 144 106
68 3 71 5
183 31 184 35
185 139 185 146
80 83 82 86
184 134 187 135
130 57 130 66
51 37 59 37
19 27 21 30
20 9 23 11
80 218 84 219
86 91 95 91
128 13 129 18
141 87 144 88
183 220 193 220
35 85 39 86
19 129 21 131
183 112 184 117
42 130 46 131
141 118 142 121
70 81 70 88
155 14 165 14
108 193 108 201
1 240 6 241
119 139 119 149
24 168 27 170
151 195 154 197
177 147 178 152
118 84 119 88
158 19 159 22
190 92 191 96
160 233 162 236
112 61 113 66
80 81 89 81
144 102 153 102
144 143 144 151
13 165 14 170
87 239 87 246
196 75 196 86
190 184 192 187
149 241 151 244
2 32 6 33
159 86 161 88
181 3 184 4
180 143 182 146
157 42 159 45
38 88 48 88
29 17 30 22
161 54 162 59
2 161 7 162
50 132 50 140
135 240 136 244
187 32 191 33
24 110 27 112
101 85 104 86
38 180 40 183
76 230 81 231
166 107 171 108
18 141 21 143
94 151 94 158
25 58 26 63
163 170 165 173
3 28 6 30
154 0 158 1
117 68 120 69
56 38 57 42
148 167 148 176
35 211 36 215
70 37 70 46
100 15 107 15
48 224 49 227
162 165 164 168
113 232 124 232
101 7 111 7
1 25 6 26
157 160 157 168
102 55 103 59
120 112 125 113
196 32 196 39
92 11 103 11
21 159 21 167
115 182 118 184
41 155 41 165
62 237 67 238
141 208 146 209
22 33 25 35
36 152 36 163
6 167 6 178
170 71 172 74
135 96 137 98
195 212 196 215
127 9 136 9
42 63 47 64
59 82 60 87
11 134 14 135
179 121 188 121
53 159 53 169
182 153 186 154
55 58 56 62
123 225 134 225
10 67 12 69
78 190 89 190
9 187 11 190
63 38 65 40
170 51 171 55
6 79 7 83
4 104 4 115
116 214 126 214
141 211 141 219
54 236 59 237
25 127 27 130
176 3 178 5
132 235 133 240
35 188 39 189
196 161 197 166
3 66 3 77
13 20 21 20
52 31 57 32
85 10 90 11
170 67 172 69
10 8 12 10
72 111 76 112
179 177 181 180
163 196 168 197
116 41 121 42
27 183 35 183
179 47 181 50
35 124 46 124
133 231 142 231
165 61 165 68
46 76 46 84
196 113 196 121
136 131 144 131
81 139 84 141
153 125 164 125
23 198 25 201
65 170 68 172
36 228 39 230
61 216 70 216
96 39 96 49
19 155 21 158
179 20 189 20
183 201 186 203
127 65 127 76
97 187 105 187
114 21 123 21
65 32 70 33
56 6 60 7
99 218 100 222
129 210 129 219
151 141 154 143
46 47 49 49
149 132 151 134
137 1 139 3
121 0 121 8
111 159 112 163
30 246 38 246
115 95 120 96
124 195 129 196
98 41 107 41
61 192 61 202
40 86 47 86
62 194 67 195
138 51 149 51
38 244 43 245
195 38 195 47
141 225 143 228
176 151 176 159
100 135 109 135
89 169 92 170
86 226 91 227
185 99 193 99
187 204 187 211
84 52 88 53
143 21 148 22
166 83 170 84
170 109 170 118
115 40 115 50
116 165 119 167
90 0 91 5
193 116 194 120
167 90 172 91
107 63 109 65
95 19 99 20
165 232 165 242
18 225 19 230
62 150 66 151
125 38 127 41
150 112 152 115
187 237 188 240
137 201 138 205
186 101 190 102
45 199 46 203
23 171 27 172
173 128 175 130
114 76 123 76
25 10 25 21
131 191 134 193
92 27 100 27
101 0 105 1
105 239 107 242
40 109 44 110
105 217 108 219
9 69 9 79
125 226 130 227
85 71 94 71
119 153 121 156
15 103 16 107
103 245 107 246
153 216 153 227
80 91 82 94
176 218 176 227
107 107 110 109
44 35 46 38
156 55 158 57
54 83 56 86
175 136 184 136
44 159 44 169
189 53 190 58
140 108 143 110
170 151 171 155
67 48 67 57
6 14 10 15
177 163 178 168
49 10 49 19
92 213 93 217
172 159 175 160
94 93 105 93
145 140 156 140
80 37 82 40
12 25 13 29
28 176 32 177
8 192 10 195
75 73 78 74
188 106 192 107
128 238 129 243
156 184 156 192
81 244 83 246
80 144 82 146
135 16 135 24
71 39 71 48
20 217 21 220
107 244 115 244
113 163 113 170
121 176 124 178
135 156 137 159
158 108 158 118
195 69 195 78
57 166 57 174
86 184 87 189
161 41 164 42
74 143 74 154
117 118 124 118
134 61 135 64
128 31 128 41
106 0 115 0
165 109 168 110
71 163 74 165
124 46 125 51
86 27 88 30
100 40 111 40
23 175 24 180
198 180 198 189
76 177 86 177
116 17 121 18
65 95 75 95
57 138 58 142
45 171 45 178
10 131 12 133
20 98 27 98
157 131 162 132
70 1 75 2
62 146 65 148
141 66 144 68
149 239 152 240
34 155 35 158
139 71 140 75
140 213 140 224
41 193 41 203
184 171 185 174
23 158 23 169
142 163 142 170
105 177 114 177
51 231 52 236
97 241 99 244
195 178 195 186
26 153 26 163
153 78 164 78
127 133 127 144
175 214 178 215
113 114 118 115
79 233 79 244
116 47 116 58
54 18 57 20
4 123 4 133
137 80 139 83
61 150 61 161
181 237 182 241
13 58 21 58
34 205 45 205
46 149 53 149
20 95 28 95
78 78 78 86
174 239 178 240
25 100 28 102
12 210 14 212
186 106 187 110
9 36 19 36
175 222 175 232
37 55 37 66
10 48 13 50
193 137 193 144
165 150 165 160
164 216 164 225
76 1 85 1
91 18 91 25
135 119 135 127
17 38 20 40
109 156 116 156
193 29 193 38
23 41 23 51
50 150 50 161
43 40 46 41
7 33 8 38
41 76 44 77
80 21 81 25
16 222 18 224
82 42 91 42
122 123 124 126
51 107 58 107
178 185 180 188
180 84 180 95
69 138 74 139
151 145 152 150
155 135 166 135
125 172 129 173
164 137 173 137
107 52 107 59
145 178 146 182
71 126 82 126
94 227 99 228
28 214 29 219
7 163 7 171
116 206 119 208
195 187 196 192
64 240 66 242
65 245 73 245
77 168 87 168
192 172 193 176
54 10 56 12
91 93 92 98
194 1 194 8
22 39 22 48
49 55 49 65
119 103 119 114
56 33 60 34
126 112 130 113
174 106 184 106
2 146 13 146
39 131 41 133
191 109 192 113
88 15 88 23
45 248 55 248
199 223 199 232
194 167 196 170
5 10 7 13
173 167 175 169
144 33 148 34
135 53 139 54
132 69 137 70
125 57 126 62
149 192 149 200
107 125 107 134
115 120 119 121
35 142 46 142
136 216 137 220
64 102 74 102
164 246 173 246
192 74 193 79
50 239 50 247
152 188 153 193
98 79 98 88
67 144 69 147
77 37 78 40
49 144 52 145
74 41 84 41
94 124 96 127
124 215 126 217
105 50 114 50
93 84 95 86
166 166 166 174
6 60 13 60
160 72 161 75
158 230 166 230
70 221 72 223
74 73 74 81
144 37 153 37
89 93 90 97
113 222 113 230
175 61 175 69
109 91 113 92
99 158 100 162
153 243 155 246
109 32 114 33
164 15 166 18
96 212 97 217
168 53 168 63
181 53 183 55
28 197 31 199
28 35 28 43
46 50 48 52
79 133 80 137
142 213 143 218
100 224 105 225
118 247 123 248
81 121 83 123
42 165 42 174
133 247 142 247
65 176 66 181
159 59 160 63
101 120 103 123
94 107 94 118
37 107 44 107
195 80 195 91
146 213 146 220
66 58 69 60
151 51 151 61
109 159 109 166
3 183 12 183
61 149 71 149
41 128 46 129
105 220 108 222
98 154 100 157
54 249 65 249
176 171 181 172
196 245 198 247
159 237 162 239
22 191 29 191
80 224 91 224
78 216 78 227
48 116 56 116
89 165 92 167
33 45 33 56
61 246 71 246
189 177 199 177
93 160 93 171
11 38 13 41
96 113 101 114
124 14 127 16
140 96 143 98
149 96 152 98
158 107 165 107
51 82 52 87
89 46 92 47
115 189 116 194
146 41 149 43
167 3 170 4
188 122 191 123
7 200 11 201
62 190 66 191
110 172 121 172
132 23 134 25
67 221 67 232
182 191 184 193
133 135 135 138
162 111 164 114
199 47 199 58
115 138 126 138
172 1 174 3
113 245 114 248
154 42 154 50
47 174 51 175
137 191 146 191
117 194 128 194
15 179 20 180
198 27 198 34
187 230 188 235
139 168 139 176
70 211 75 212
157 128 165 128
113 196 117 197
6 63 6 74
127 220 131 221
137 63 139 65
60 237 60 246
140 141 150 141
0 2 11 2
101 43 105 44
185 112 190 113
26 220 36 220
166 39 169 41
180 212 181 215
27 29 28 33
60 81 69 81
145 56 148 58
111 35 113 38
165 114 166 118
87 218 92 219
119 99 122 100
35 197 35 204
3 103 3 114
173 64 173 71
114 10 115 14
57 192 57 203
68 155 71 157
157 5 160 6
161 80 166 81
53 103 56 105
141 45 150 45
17 79 20 81
108 137 113 138
91 30 91 38
63 223 65 226
195 21 195 29
130 2 135 3
51 20 51 31
163 27 164 32
58 10 60 13
183 70 185 72
73 238 74 243
110 234 112 236
62 104 63 109
71 193 75 194
11 198 15 199
154 212 157 213
127 114 132 115
129 122 131 124
22 56 23 60
114 219 125 219
133 209 140 209
150 223 152 226
151 75 151 86
32 23 37 24
56 94 66 94
94 191 96 193
143 11 143 20
151 130 162 130
15 74 17 77
156 66 158 68
1 222 11 222
118 119 129 119
0 78 3 80
151 177 156 178
86 112 91 113
147 65 148 69
125 207 126 212
53 173 54 178
105 89 106 92
65 104 70 105
47 167 49 169
16 22 17 27
103 235 103 244
122 238 123 241
154 57 154 65
88 172 90 174
144 60 148 61
148 28 155 28
90 156 92 159
90 186 98 186
0 180 1 183
185 219 194 219
172 142 177 143
66 152 69 154
139 24 142 25
31 247 39 247
133 107 135 110
142 54 143 59
59 224 62 226
173 36 177 37
126 168 130 169
60 185 63 187
111 145 115 146
183 141 183 152
56 219 63 219
0 60 2 62
22 222 24 224
66 85 67 88
47 42 49 45
43 165 43 176
101 79 103 82
128 139 129 144
108 82 119 82
29 202 31 204
46 90 47 94
65 184 67 186
10 82 11 86
152 119 153 123
148 187 149 191
55 182 65 182
92 32 92 41
41 58 43 61
57 117 57 127
22 192 33 192
130 235 131 240
32 17 42 17
43 90 45 92
105 23 105 34
78 198 85 198
46 0 48 3
36 133 37 137
169 206 178 206
109 23 110 27
109 145 110 150
46 172 55 172
130 184 132 187
51 90 53 93
20 82 20 89
137 197 140 199
152 17 152 25
24 6 27 8
187 37 191 38
155 188 155 198
76 248 81 249
161 178 162 182
137 249 148 249
157 188 161 189
95 202 104 202
15 6 16 11
146 195 146 205
171 41 171 50
85 212 89 213
119 151 122 152
33 67 38 68
85 162 90 163
136 48 147 48
29 0 29 11
17 119 19 122
180 206 184 207
101 8 109 8
182 122 187 123
132 15 133 20
15 169 16 172
110 77 117 77
126 185 129 187
112 20 120 20
40 214 40 221
125 232 125 242
114 31 124 31
168 186 168 195
162 105 165 106
51 10 51 19
165 164 169 165
38 227 46 227
64 63 65 67
47 72 49 74
119 24 122 26
169 12 169 23
62 123 64 125
9 18 9 27
12 79 13 82
75 10 77 12
135 211 140 212
131 64 131 75
192 121 194 124
130 241 133 242
60 151 60 159
20 62 22 65
197 168 198 172
186 131 189 133
139 156 142 158
75 19 76 23
23 234 28 235
196 225 196 236
53 220 57 221
78 238 78 246
3 193 4 196
69 166 77 166
143 143 143 153
176 70 176 79
70 58 80 58
176 193 176 202
17 5 28 5
3 99 11 99
166 28 174 28
86 118 93 118
54 215 63 215
125 181 130 182
46 176 49 178
161 215 162 219
39 235 40 238
0 91 8 91
126 0 129 2
45 156 48 158
49 222 53 223
41 66 45 67
1 123 2 126
161 115 162 118
183 89 191 89
99 125 99 134
39 176 42 177
118 200 121 201
88 231 90 233
102 230 112 230
44 26 49 27
128 50 129 54
125 130 129 131
112 22 113 27
168 122 173 123
135 58 139 59
96 247 98 249
65 142 68 143
156 79 165 79
31 166 34 168
139 204 143 205
94 211 95 216
69 192 80 192
21 118 26 119
133 196 133 203
10 170 11 174
74 25 77 27
176 63 177 67
63 1 66 2
10 196 14 197
174 121 175 126
157 231 158 235
19 149 28 149
190 130 192 133
139 206 144 207
163 38 172 38
130 89 130 98
72 81 72 89
9 33 14 34
30 153 30 163
145 18 148 20
25 190 35 190
2 224 3 228
110 206 112 209
134 104 139 105
79 88 87 88
40 87 48 87
93 56 95 58
46 110 54 110
51 134 53 137
94 159 95 162
138 180 140 183
32 128 32 138
120 180 121 185
175 244 176 249
38 144 41 145
73 232 76 234
80 119 91 119
199 60 199 67
57 130 66 130
159 47 159 58
4 3 9 4
126 43 135 43
126 228 128 231
145 12 146 17
80 105 85 106
38 30 41 32
57 56 57 63
58 79 58 89
10 247 13 249
199 105 199 112
7 54 8 58
120 233 120 242
93 78 95 81
132 55 132 62
90 143 92 145
68 54 76 54
59 49 66 49
88 235 98 235
84 111 85 116
150 238 158 238
156 244 167 244
88 54 89 58
144 174 144 182
150 104 161 104
29 210 39 210
172 145 176 146
168 238 173 239
15 187 19 188
68 217 68 224
148 31 153 32
15 243 20 244
103 217 104 220
131 44 134 46
14 82 15 87
146 82 149 83
6 149 7 154
147 204 147 215
177 71 177 80
91 128 95 129
197 180 197 190
174 103 185 103
90 238 94 239
40 47 40 58
190 15 193 17
103 167 112 167
128 134 130 136
157 109 157 118
49 36 60 36
88 149 91 151
156 77 164 77
159 23 161 25
196 139 197 142
100 115 100 125
147 35 151 36
196 47 196 57
120 203 128 203
42 179 52 179
117 10 122 11
8 89 19 89
29 34 29 44
100 53 105 54
5 75 7 77
142 125 143 130
27 59 28 64
145 46 149 47
127 157 130 159
6 184 9 185
103 189 104 192
53 247 61 247
41 4 45 5
156 80 160 81
55 15 65 15
72 59 73 63
181 227 181 234
45 183 55 183
78 2 88 2
98 119 99 123
78 46 82 47
118 140 118 151
102 232 102 242
82 209 90 209
90 176 90 184
160 30 162 33
48 198 48 206
177 11 181 12
116 102 116 112
61 134 63 136
135 189 135 196
38 211 49 211
126 10 134 10
83 70 94 70
84 156 85 161
148 5 153 6
167 210 168 215
41 146 42 151
75 33 79 34
96 152 96 162
82 51 92 51
177 193 180 195
9 64 17 64
108 213 113 214
193 235 195 237
125 30 126 34
160 207 162 210
194 147 196 150
55 1 55 8
172 219 175 221
182 118 187 119
135 34 137 37
14 70 18 71
32 1 33 6
104 68 107 69
162 187 167 188
132 119 133 124
106 202 108 205
181 80 189 80
98 165 99 170
188 203 188 210
13 72 14 77
130 11 130 19
56 72 63 72
51 98 56 99
27 80 27 88
44 188 55 188
193 130 197 131
179 75 187 75
14 223 14 230
64 0 75 0
99 145 99 153
54 28 64 28
130 78 131 82
101 100 101 111
32 25 32 32
106 34 117 34
11 203 21 203
149 204 150 207
63 243 71 243
83 83 85 86
134 150 138 151
105 143 107 146
149 73 152 74
9 216 11 218
103 171 113 171
125 201 129 202
99 233 101 236
174 11 176 13
19 64 19 72
94 207 104 207
82 79 86 80
1 16 4 18
50 213 52 216
173 46 173 54
2 87 11 87
152 88 154 90
113 70 115 72
35 114 37 117
8 176 13 177
156 93 167 93
29 63 32 65
129 118 140 118
122 28 126 29
158 89 166 89
78 21 78 30
138 117 147 117
196 66 196 74
122 197 123 200
101 5 111 5
115 230 125 230
181 156 181 164
108 79 111 80
110 45 113 47
61 50 62 55
17 107 25 107
154 202 161 202
70 140 72 143
184 125 193 125
12 182 23 182
47 53 58 53
83 8 90 8
172 42 175 44
97 189 97 199
80 26 87 26
3 21 5 24
114 173 115 176
0 198 0 208
186 27 186 35
3 97 7 98
70 175 80 175
192 13 195 14
166 157 167 160
151 162 154 163
74 46 77 48
53 21 53 29
155 81 155 92
193 82 193 92
69 16 71 19
59 53 60 58
40 161 40 171
34 44 43 44
136 132 146 132
54 67 56 69
147 106 154 106
71 124 79 124
18 185 28 185
109 154 118 154
8 98 17 98
10 109 18 109
29 69 40 69
107 111 107 119
91 176 95 177
81 76 92 76
121 188 123 191
63 12 70 12
184 66 193 66
151 219 152 222
0 10 1 15
136 93 139 94
53 30 60 30
165 111 167 113
119 220 120 224
59 107 59 114
78 138 80 141
71 231 71 242
88 241 92 242
101 17 110 17
112 180 115 181
35 30 37 32
10 143 13 145
181 5 183 8
1 160 1 169
131 227 140 227
180 129 190 129
184 12 188 13
171 226 172 231
186 212 191 213
191 224 194 226
80 240 82 242
187 191 191 192
81 173 83 175
168 30 179 30
175 235 182 235
16 153 25 153
102 20 106 21
30 71 30 82
5 163 6 166
75 141 75 150
181 31 182 35
82 9 91 9
175 236 177 238
198 121 199 126
146 109 156 109
46 6 50 7
177 96 185 96
71 92 79 92
89 132 91 134
177 122 178 127
71 105 76 106
36 92 40 93
91 6 94 7
85 46 88 48
35 90 39 91
21 138 28 138
144 0 148 1
57 101 59 104
77 148 82 149
1 247 8 247
184 156 188 157
133 12 135 14
143 157 143 164
17 28 18 32
89 64 94 65
181 188 192 188
13 206 15 209
109 102 111 105
104 6 112 6
6 120 7 125
146 221 147 225
198 199 199 203
18 73 19 78
87 93 88 97
83 30 83 40
49 119 52 121
72 206 80 206
32 98 32 105
28 142 29 147
191 60 192 63
173 202 175 205
120 92 129 92
58 129 66 129
149 59 149 67
31 169 35 170
76 236 76 246
97 37 99 40
35 122 45 122
104 160 105 163
4 70 5 73
161 167 161 176
147 177 148 182
73 20 73 31
156 179 157 182
149 163 149 170
21 210 28 210
87 105 94 105
186 55 187 60
192 31 192 42
167 5 172 6
50 63 52 65
186 229 186 238
106 84 116 84
31 6 31 14
39 116 47 116
7 238 9 241
126 4 129 6
126 152 136 152
51 56 53 58
23 238 25 240
27 223 37 223
111 201 114 202
166 101 167 104
49 37 50 41
107 48 112 49
155 2 159 3
54 164 56 167
58 125 60 128
57 239 58 244
50 198 50 206
7 44 14 44
30 193 38 193
2 216 6 217
34 236 38 237
118 249 129 249
2 133 2 144
108 238 109 243
7 113 11 114
97 97 106 97
125 83 133 83
192 0 192 9
79 188 84 189
30 109 31 113
140 2 141 6
130 232 133 233
191 241 192 246
119 215 121 218
131 205 134 206
55 190 56 195
64 229 66 231
69 115 77 115
5 106 6 110
89 90 100 90
22 155 25 157
86 198 88 200
105 103 106 107
54 123 56 126
22 196 31 196
127 208 127 216
140 12 140 21
1 82 3 85
39 241 41 243
35 191 39 192
60 0 61 3
104 136 115 136
103 136 103 145
167 161 178 161
156 64 164 64
19 117 30 117
92 131 95 133
17 91 21 92
75 51 79 52
19 132 22 134
84 225 91 225
77 7 81 8
89 121 90 126
38 213 39 218
123 104 133 104
160 167 160 176
76 155 80 156
156 94 158 96
62 119 70 119
182 243 186 244
12 228 13 233
109 190 110 195
159 66 160 71
185 245 188 247
41 228 44 230
121 161 122 166
85 221 88 223
32 12 33 15
162 245 173 245
6 16 7 19
0 186 0 197
30 212 32 215
63 115 66 117
189 74 190 78
39 48 39 59
104 115 104 126
194 105 198 106
27 164 29 167
15 144 26 144
77 4 81 5
174 187 177 188
15 145 15 154
121 87 122 91
193 199 194 204
18 160 19 163
197 85 199 88
8 123 11 124
54 90 65 90
169 79 172 80
82 124 85 125
123 192 128 193
110 238 111 243
7 197 9 199
145 164 146 169
4 242 9 243
99 196 103 197
144 38 145 43
60 104 60 112
83 147 86 149
148 75 149 80
103 153 105 155
113 235 114 239
165 86 170 87
61 34 65 35
182 40 190 40
9 61 12 62
69 9 71 11
161 150 164 152
150 39 153 41
161 226 166 227
163 6 166 8
179 148 180 153
174 38 183 38
17 53 19 55
10 214 18 214
197 226 197 236
197 240 199 243
1 101 9 101
2 232 5 233
63 173 68 174
26 245 35 245
128 244 129 247
66 39 66 47
23 135 28 136
87 196 92 197
13 193 16 195
28 178 31 180
75 116 77 119
146 69 146 80
25 139 29 140
105 237 112 237
43 69 46 71
127 86 129 88
69 237 70 241
12 21 14 24
55 206 58 208
132 170 134 173
144 219 144 228
179 64 179 74
182 81 187 82
197 206 197 217
49 34 54 35
119 67 126 67
64 23 66 26
46 96 48 99
2 147 2 157
146 143 148 145
169 213 170 218
17 209 18 212
114 117 116 119
166 213 166 221
52 2 52 13
149 116 150 121
101 188 109 188
20 148 28 148
154 169 158 170
184 67 187 69
122 69 124 71
139 159 142 160
153 146 161 146
73 200 83 200
16 48 16 56
138 103 148 103
99 203 102 205
189 26 192 28
17 136 20 137
5 226 8 228
167 46 168 50
51 156 51 164
124 19 127 20
196 156 198 158
189 90 192 91
30 230 32 232
159 193 162 194
72 232 72 243
97 32 98 35
115 148 117 151
5 205 7 208
163 100 172 100
99 73 107 73
17 12 21 13
192 67 193 72
19 241 26 241
102 199 107 200
95 98 97 100
4 224 8 225
183 222 193 222
137 85 145 85
100 226 109 226
41 102 44 104
182 169 183 173
134 233 134 240
25 229 27 231
26 187 30 188
69 171 69 180
14 181 21 181
38 37 41 39
84 73 93 73
108 127 109 132
70 160 73 162
105 185 114 185
48 239 49 243
185 52 195 52
32 240 34 242
41 78 44 80
95 62 106 62
25 224 28 226
116 137 125 137
92 92 103 92
197 149 198 153
108 57 111 58
52 14 52 25
40 1 43 3
123 54 124 59
109 178 119 178
157 18 157 26
121 145 124 146
103 149 106 150
2 197 2 206
62 157 63 162
75 170 77 173
53 3 54 8
9 53 10 57
40 21 44 22
183 208 183 215
135 163 135 172
34 159 35 163
118 97 118 108
198 43 198 53
20 151 31 151
186 145 191 146
93 9 102 9
30 216 32 219
143 121 146 122
59 62 63 63
97 4 105 4
199 22 199 30
129 64 129 75
89 19 90 24
156 246 163 246
137 123 138 126
65 73 73 73
39 137 49 137
76 18 84 18
77 232 78 237
91 14 96 15
118 170 127 170
180 0 190 0
59 144 64 145
10 78 11 81
114 29 118 30
58 168 58 176
141 11 142 16
78 0 88 0
125 188 126 191
143 171 147 172
35 233 43 233
25 66 34 66
26 15 27 20
100 227 108 227
134 89 136 91
20 122 21 126
146 107 149 108
41 114 45 115
25 73 29 74
63 52 64 57
112 215 113 219
116 175 119 176
193 163 194 166
142 27 142 34
194 63 194 73
129 102 140 102
122 101 132 101
56 212 59 214
111 41 113 44
157 46 164 46
30 208 41 208
185 76 188 78
197 118 197 128
101 129 102 134
25 26 28 28
67 159 76 159
149 215 149 225
84 77 88 78
131 162 131 173
168 200 170 203
97 101 100 103
47 130 49 133
161 248 166 249
67 122 72 123
140 242 143 244
73 215 84 215
7 115 11 116
89 99 92 101
181 10 188 10
78 171 81 172
133 86 133 96
82 16 87 17
19 212 22 214
47 122 48 125
3 170 5 173
176 41 178 43
156 216 157 220
30 102 31 105
82 60 83 63
106 233 114 233
114 228 119 229
1 136 1 146
163 131 174 131
140 0 143 1
0 231 0 242
133 49 143 49
102 146 104 148
4 8 9 9
21 194 32 194
182 61 185 63
161 65 164 67
178 221 181 222
154 102 164 102
80 233 82 236
103 63 105 66
109 153 116 153
88 243 93 244
2 213 12 213
3 190 5 192
177 209 179 212
150 138 158 138
72 125 80 125
90 28 101 28
90 16 95 17
36 109 38 112
13 155 14 159
137 50 147 50
103 126 103 134
185 204 185 212
198 55 198 64
152 52 153 57
195 175 198 176
115 221 118 222
172 40 181 40
194 26 194 36
0 129 1 132
42 157 42 164
132 26 132 37
91 181 93 184
64 43 65 48
40 224 45 225
108 89 118 89
23 132 26 134
68 209 69 213
70 224 71 229
88 83 89 87
138 136 141 138
164 36 169 37
163 181 171 181
66 206 67 209
187 21 187 31
57 143 57 154
34 50 36 53
176 98 178 101
19 14 21 17
114 25 116 28
49 156 49 166
0 108 0 116
112 220 112 229
96 77 96 88
118 4 119 7
92 180 100 180
97 201 107 201
22 159 22 169
109 139 116 139
17 61 24 61
191 54 192 57
33 216 35 218
186 138 187 142
10 139 12 141
20 69 21 72
196 21 197 25
163 211 164 215
57 248 66 248
82 150 84 153
187 223 198 223
55 181 63 181
28 221 37 221
65 53 65 61
63 203 63 211
59 192 59 200
63 83 67 84
148 208 149 212
5 125 5 135
15 124 15 135
54 232 57 234
114 35 121 35
177 226 178 231
11 90 21 90
87 116 92 117
131 208 132 211
62 36 66 37
179 197 190 197
165 77 174 77
75 130 83 130
178 158 180 160
170 61 172 64
160 119 163 121
16 247 20 248
3 246 12 246
48 111 51 112
122 175 131 175
179 200 190 200
86 230 87 234
8 151 10 153
0 92 4 93
125 124 126 127
136 160 136 168
11 178 14 180
9 63 19 63
83 237 93 237
106 173 110 174
179 98 187 98
137 55 141 56
138 219 139 224
109 125 113 126
26 37 27 42
17 0 22 1
111 134 121 134
135 178 138 179
82 227 84 230
81 134 85 135
186 93 189 95
81 19 86 20
0 63 0 72
51 128 52 133
175 50 176 54
158 241 163 242
131 243 132 247
96 238 99 239
171 27 181 27
109 203 113 204
166 148 170 149
16 249 23 249
184 167 186 170
183 224 183 235
73 86 76 87
64 210 65 215
72 219 75 220
20 114 24 115
14 65 15 68
170 40 170 49
54 159 56 161
158 213 158 222
149 129 159 129
39 194 39 202
111 67 112 72
189 225 189 232
147 86 148 91
161 19 166 20
31 37 31 47
176 110 185 110
71 187 74 188
152 175 157 176
171 243 180 243
65 244 75 244
28 103 28 112
66 138 68 141
90 56 92 59
8 131 8 142
98 66 99 70
181 217 183 219
38 155 38 166
39 118 40 121
172 108 176 109
1 184 3 186
149 144 150 149
90 188 99 188
115 104 115 112
186 3 187 7
59 166 59 177
83 45 84 49
145 158 146 163
45 76 45 83
46 20 49 22
153 230 156 232
49 123 51 125
5 114 6 118
177 249 186 249
43 206 45 208
1 34 6 35
68 56 76 56
95 41 95 52
134 153 139 154
109 143 114 144
30 106 32 108
137 134 137 142
155 240 157 242
195 108 198 110
42 152 43 156
149 177 150 182
109 9 111 12
31 152 31 163
46 114 54 114
115 90 118 92
195 203 196 208
53 38 55 41
59 154 59 165
70 151 73 152
130 129 135 130
37 79 39 82
116 185 117 188
97 182 99 184
128 116 131 117
120 143 125 144
154 208 157 210
22 37 25 38
96 94 106 94
179 31 180 35
134 79 135 83
62 199 67 200
75 36 82 36
93 96 102 96
199 70 199 80
69 185 73 186
167 207 171 208
144 212 145 217
122 94 123 97
73 9 73 19
63 30 70 30
52 95 55 97
10 3 11 6
152 242 152 249
160 27 162 29
149 136 157 136
26 182 33 182
4 197 4 208
90 201 91 204
66 169 76 169
105 121 113 121
136 77 138 79
147 228 156 228
28 248 33 249
124 22 127 24
95 195 96 200
133 99 142 99
122 52 126 53
179 56 183 57
122 79 125 80
87 74 91 75
24 22 24 32
139 135 149 135
101 161 103 164
2 6 6 7
137 88 138 92
36 144 36 151
64 68 66 71
104 79 106 82
184 138 184 148
106 122 113 122
181 111 190 111
155 75 158 76
133 34 134 38
54 91 55 94
158 47 158 54
191 209 193 211
6 194 6 203
162 199 171 199
54 127 55 130
80 202 84 203
66 107 68 109
81 29 82 33
58 188 67 188
178 91 179 95
103 28 104 32
44 239 44 248
35 27 43 27
176 19 187 19
4 94 8 95
77 60 79 62
129 39 133 40
10 224 12 226
61 79 69 79
175 189 175 197
71 207 75 208
72 45 80 45
172 21 173 25
96 5 99 7
45 102 45 112
115 233 116 236
130 208 130 218
0 97 2 100
6 188 8 190
1 111 2 114
68 34 69 37
181 46 189 46
105 178 107 181
180 64 180 72
97 45 97 53
119 78 121 81
130 142 135 143
63 152 64 156
120 186 120 193
42 215 44 218
75 195 78 197
54 133 59 134
93 233 98 234
0 50 0 58
11 136 15 137
2 165 4 168
90 246 91 249
163 232 163 240
187 84 189 87
65 152 65 161
4 84 8 85
172 207 176 208
23 211 24 216
23 207 27 208
96 222 97 225
65 103 74 103
101 140 101 150
30 127 30 137
56 146 56 157
70 177 72 180
171 124 173 127
7 62 7 73
82 110 83 114
172 58 176 59
107 207 108 211
81 192 82 195
168 92 172 93
90 68 94 69
110 94 119 94
142 95 150 95
114 54 115 58
54 43 62 43
164 185 173 185
154 116 155 120
16 33 21 34
109 3 120 3
164 144 165 148
188 114 190 116
76 151 81 152
44 113 55 113
5 38 6 43
140 240 143 241
148 216 148 223
152 236 157 237
36 5 39 7
141 77 142 80
189 64 192 65
78 43 87 43
15 155 17 158
140 148 141 151
73 3 83 3
50 225 57 225
106 37 110 38
87 191 90 193
14 218 19 219
52 195 53 199
88 31 90 33
100 126 100 133
153 101 162 101
9 95 11 97
60 65 63 66
56 46 58 48
73 178 81 178
42 235 44 238
86 194 95 194
96 218 98 220
151 202 151 211
7 25 8 29
98 194 102 195
3 179 4 182
169 98 172 99
148 29 153 30
105 85 109 86
47 187 56 187
174 64 174 74
32 71 33 75
179 42 190 42
139 230 149 230
127 176 129 178
178 104 186 104
174 139 177 141
172 176 173 180
10 159 10 168
58 229 62 230
154 214 154 224
96 54 97 59
30 227 33 229
84 120 87 122
76 28 77 32
38 184 40 187
68 117 73 118
122 17 127 18
194 154 199 155
47 232 49 234
162 69 163 74
101 31 101 39
12 191 15 192
145 231 145 242
71 93 76 94
155 148 156 151
137 160 137 171
49 68 51 70
120 37 122 40
80 108 90 108
68 96 71 98
99 13 110 13
36 99 41 100
37 101 38 106
104 88 115 88
173 6 178 7
126 85 135 85
142 171 142 182
21 81 23 83
64 132 66 135
104 164 107 166
192 228 193 232
188 138 190 141
72 30 72 39
175 1 184 1
171 134 176 135
166 63 166 71
121 47 123 50
130 52 139 52
122 65 126 66
107 124 116 124
75 76 75 84
186 114 187 117
125 153 126 157
174 173 177 174
73 128 74 133
158 16 163 17
37 194 38 198
131 0 138 0
4 78 5 82
134 95 141 95
143 27 145 29
70 203 75 204
78 208 81 210
83 54 86 56
38 139 49 139
114 60 114 68
39 172 40 175
13 108 23 108
145 128 147 131
18 232 28 232
97 21 99 23
0 221 11 221
127 55 130 56
27 96 32 97
111 195 112 198
138 240 139 243
55 23 63 23
123 107 126 109
53 244 56 246
1 187 2 192
181 91 185 92
146 27 147 31
195 193 196 196
13 237 14 242
45 161 45 170
61 165 61 175
161 123 166 124
165 29 166 34
77 182 82 183
15 141 17 143
47 80 48 84
87 152 91 153
31 18 32 22
185 227 185 235
67 124 69 126
26 184 34 184
17 123 19 126
160 142 161 145
88 142 89 145
43 31 47 32
137 107 144 107
107 1 118 1
113 101 113 108
7 130 7 140
60 80 68 80
127 188 128 191
129 33 130 37
36 216 37 219
44 189 46 191
181 194 184 195
72 158 80 158
194 183 194 193
198 114 199 117
181 77 183 79
40 11 41 15
68 127 75 127
94 195 94 203
159 28 159 39
155 57 155 64
41 118 43 121
33 142 34 147
5 52 12 52
128 153 131 155
57 50 60 52
195 134 198 136
145 67 145 76
128 208 128 217
81 65 83 67
93 12 103 12
168 217 168 226
185 1 185 9
68 64 68 72
189 97 193 98
54 223 61 223
154 18 156 21
52 59 54 61
132 125 133 128
79 111 79 119
199 139 199 148
1 229 1 239
73 89 81 89
41 81 44 83
30 138 31 141
178 131 181 133
141 195 145 196
159 195 162 196
46 54 47 58
99 214 101 217
27 90 31 91
180 16 189 16
45 182 52 182
22 193 29 193
197 35 199 38
32 109 35 111
177 156 180 157
0 35 0 45
24 159 24 167
121 242 124 243
149 17 150 22
37 158 37 166
68 41 68 52
160 83 163 84
36 14 39 15
138 7 148 7
127 146 129 148
121 120 121 129
115 98 116 101
32 43 41 43
5 54 6 58
95 203 97 206
50 100 59 100
78 169 83 170
49 83 50 88
99 98 104 99
171 216 171 223
54 120 56 122
53 139 53 147
140 125 141 130
32 154 32 163
133 113 136 115
82 179 86 180
156 120 159 121
168 65 169 70
197 43 197 50
44 13 48 14
19 3 26 3
198 129 199 133
101 88 103 90
18 165 18 174
124 121 128 122
35 144 35 154
38 9 47 9
191 162 192 166
35 87 37 89
71 30 71 38
101 237 101 244
180 126 190 126
174 47 174 54
33 212 34 215
117 104 117 112
38 130 38 137
77 13 79 15
160 91 164 92
188 24 188 31
143 23 146 25
163 57 164 61
42 209 45 210
58 95 60 97
5 179 9 180
70 193 70 201
167 169 168 174
35 71 35 80
47 189 58 189
186 50 191 51
76 75 84 75
138 11 139 16
143 36 143 43
67 26 70 27
143 192 145 194
161 231 168 231
62 112 70 112
117 43 122 44
162 247 169 247
25 54 28 56
153 203 153 211
166 72 169 74
155 10 158 12
95 148 97 150
169 188 173 189
58 217 61 218
94 30 98 31
132 72 135 74
33 61 36 62
1 36 1 46
176 61 179 62
193 127 195 129
98 43 98 54
127 233 127 240
83 131 91 131
86 62 90 63
150 59 150 68
129 105 130 110
188 5 189 9
36 180 37 184
125 222 129 223
76 161 77 165
152 33 153 36
86 126 88 128
84 240 86 243
172 16 173 20
171 162 173 165
126 233 126 242
103 186 111 186
46 161 48 163
156 97 158 99
184 182 185 185
66 19 67 22
69 91 78 91
139 9 148 9
74 65 77 67
187 193 190 195
2 234 3 238
13 117 16 119
15 176 18 178
139 161 140 166
194 143 198 144
181 124 191 124
29 233 31 236
11 12 14 14
189 234 190 238
30 207 38 207
129 228 129 237
0 216 1 220
149 7 153 8
71 79 71 89
122 111 133 111
131 188 134 189
99 82 100 86
54 140 54 149
133 245 137 246
102 18 107 19
23 63 24 67
25 212 25 223
91 124 93 127
181 186 186 187
43 144 43 151
122 115 126 116
162 47 165 49
47 236 50 238
87 215 89 217
41 219 43 221
120 167 129 167
24 87 25 91
134 213 139 214
65 75 68 77
161 154 162 159
0 20 8 20
122 227 124 229
80 216 84 217
135 44 140 45
161 221 162 224
111 95 114 96
0 3 1 8
177 120 188 120
13 54 15 57
95 32 96 37
14 126 14 133
184 240 186 242
98 171 101 173
42 184 42 191
28 200 33 201
94 144 97 146
160 108 164 109
6 45 14 45
92 200 92 208
77 78 77 87
1 104 2 108
28 76 29 80
122 81 129 81
178 112 182 113
16 233 16 242
118 237 119 242
110 224 111 227
130 20 131 25
159 94 160 97
19 41 19 52
162 174 164 177
137 121 140 122
105 35 108 36
77 71 84 71
79 10 82 11
68 84 69 88
142 70 143 75
35 164 36 167
53 77 53 87
172 83 175 84
15 183 17 185
83 220 94 220
89 136 94 137
118 127 120 129
151 91 154 92
140 112 141 116
104 236 104 244
42 125 44 127
94 181 102 181
138 238 143 239
94 165 95 168
183 236 184 239
47 35 48 40
171 183 178 183
49 185 54 186
148 237 148 245
18 233 20 236
67 35 67 42
111 152 118 152
183 27 184 30
61 204 61 214
2 89 7 90
177 128 186 128
42 10 43 15
133 157 134 160
169 158 171 160
192 93 194 95
76 212 84 212
49 0 50 5
105 128 106 132
85 202 88 203
161 191 166 192
61 86 64 87
131 131 135 132
73 39 76 40
64 10 68 11
125 149 127 151
56 17 66 17
91 63 102 63
117 168 122 169
147 24 149 26
179 248 188 248
180 45 190 45
26 9 27 14
82 22 84 24
4 137 5 142
82 208 89 208
39 148 40 151
30 143 31 147
189 172 190 176
126 46 129 48
47 103 48 107
48 117 52 118
86 32 87 36
116 203 119 204
47 194 47 204
17 190 18 194
123 86 126 88
179 162 179 169
196 26 197 31
191 100 194 102
23 17 24 20
71 50 72 53
145 173 146 177
58 234 67 234
196 12 198 14
42 73 45 75
22 120 23 124
30 239 31 244
0 169 0 178
168 29 176 29
159 184 161 187
63 138 64 143
45 43 45 50
178 66 178 77
38 41 42 42
109 66 110 70
164 96 173 96
196 218 198 220
165 222 167 225
136 23 138 25
149 152 157 152
171 235 174 236
91 141 99 141
123 207 124 212
155 13 165 13
63 192 68 193
153 233 156 235
171 210 173 213
182 156 182 164
192 238 194 240
84 95 85 100
116 157 123 157
106 98 107 102
153 110 156 111
131 105 132 108
120 147 122 150
197 72 197 80
96 175 99 177
27 114 32 115
2 66 2 77
105 45 106 49
159 136 161 138
186 43 191 44
105 113 106 116
33 20 38 21
91 140 100 140
135 60 143 60
58 38 61 40
169 56 171 58
59 69 63 70
152 155 160 155
72 174 80 174
50 71 51 75
116 75 125 75
76 220 77 224
151 213 152 217
147 112 149 114
64 101 74 101
134 195 134 202
2 55 3 59
150 158 153 160
94 241 96 244
135 185 140 186
55 196 56 199
122 139 125 141
69 61 71 64
29 26 30 31
175 178 177 180
45 150 46 155
106 182 111 183
171 16 171 26
139 139 149 139
58 119 60 122
106 137 107 141
141 220 142 224
132 194 132 203
97 151 97 161
180 21 181 25
163 194 167 195
83 143 85 146
152 179 154 181
149 49 153 50
95 109 95 116
54 24 57 26
172 152 173 155
174 55 176 57
154 22 156 24
99 29 99 36
116 136 126 136
143 30 145 32
118 245 121 246
127 94 129 97
136 232 141 233
21 198 22 201
55 73 63 73
199 189 199 198
28 222 38 222
13 162 16 164
43 194 46 195
111 190 113 193
121 55 122 59
150 186 155 187
113 179 123 179
153 73 158 74
173 228 174 231
198 159 198 166
84 235 87 236
81 69 89 69
20 159 20 167
49 79 52 81
98 198 101 199
135 27 140 28
142 100 150 100
86 13 90 14
99 105 100 108
144 96 147 98
24 48 25 51
194 171 196 173
82 136 85 138
25 173 28 174
187 166 188 169
81 163 83 165
172 214 173 217
24 1 28 2
13 5 14 10
152 134 159 134
73 98 77 99
154 173 158 174
168 204 172 205
123 4 125 6
100 212 103 213
11 235 12 239
9 220 19 220
81 155 91 155
24 108 27 109
10 128 12 130
26 197 27 202
55 79 56 82
96 61 107 61
164 76 174 76
7 103 10 105
141 174 141 183
35 95 45 95
133 208 140 208
174 98 175 101
176 2 183 2
115 159 123 159
8 147 12 148
179 174 183 175
178 51 183 52
81 96 81 104
185 53 185 60
116 173 123 173
112 78 116 79
12 84 13 88
16 152 26 152
91 102 96 103
176 20 178 23
112 128 117 129
45 229 48 230
193 241 194 245
117 9 126 9
127 29 127 36
54 21 64 21
28 169 29 172
113 240 116 242
176 190 179 191
105 124 106 127
168 241 175 241
101 124 102 128
71 113 76 114
6 21 8 23
37 70 42 71
166 105 171 106
161 163 170 163
163 82 170 82
133 139 135 141
102 22 102 32
53 212 55 214
134 146 135 149
169 42 169 53
179 237 180 241
103 231 108 232
109 140 117 140
141 64 145 65
153 59 153 70
105 55 106 59
61 13 70 13
44 58 45 61
44 181 53 181
84 92 86 94
151 117 151 125
139 189 143 190
157 190 157 198
167 248 170 249
191 178 194 180
172 107 182 107
86 3 87 7
59 220 62 221
166 78 174 78
67 161 68 164
44 185 48 186
76 184 85 184
169 191 171 193
19 93 29 93
97 78 97 88
160 229 167 229
184 14 191 14
43 157 43 164
180 208 181 211
61 82 68 82
88 177 89 180
38 65 46 65
102 37 105 39
196 89 199 91
122 180 130 180
2 249 9 249
74 60 75 64
69 181 71 184
3 36 6 37
53 45 55 47
55 228 56 231
18 238 21 240
49 94 50 99
40 134 49 134
88 66 93 67
154 171 158 172
34 196 34 204
110 85 112 87
188 67 191 69
16 205 16 213
157 32 158 35
1 177 5 178
120 139 121 142
68 227 68 238
136 221 137 224
10 19 10 30
73 221 75 224
5 92 8 93
178 87 179 90
30 59 31 62
0 27 2 29
172 233 180 233
109 141 112 142
147 198 148 203
160 44 163 45
21 96 26 97
62 111 71 111
193 21 194 25
162 136 163 139
50 165 51 168
61 126 64 127
90 53 92 55
76 77 76 85
35 143 46 143
54 29 64 29
67 92 70 94
180 199 190 199
34 54 36 56
91 79 92 82
5 147 5 158
167 31 168 35
162 88 171 88
113 198 121 198
179 217 180 220
71 26 72 29
142 35 142 44
136 31 141 32
80 112 81 115
194 209 196 211
104 213 107 214
9 0 12 1
27 153 29 155
145 185 146 190
122 185 125 187
82 57 87 58
15 225 16 229
177 134 182 135
44 23 47 24
159 198 161 200
16 245 20 246
144 153 146 155
117 12 118 16
112 73 115 75
69 205 76 205
76 140 76 148
72 96 76 97
46 109 55 109
63 175 64 180
20 226 22 228
163 155 164 159
185 21 186 26
40 6 44 7
194 41 194 51
147 183 149 186
55 235 65 235
138 86 145 86
54 135 58 136
136 71 138 74
118 63 120 65
5 111 16 111
161 1 170 1
68 206 70 208
138 142 149 142
92 148 93 153
134 120 134 127
76 228 81 229
37 108 44 108
5 59 13 59
54 63 56 66
122 224 131 224
192 81 192 88
8 120 11 121
145 221 145 228
130 51 137 51
199 13 199 20
138 167 138 177
177 13 181 14
13 189 16 190
83 191 86 192
33 135 34 139
135 38 138 39
9 227 11 230
87 135 87 146
51 151 53 154
156 82 156 92
136 119 136 130
33 36 43 36
107 28 109 31
148 12 151 13
93 97 94 101
183 177 185 180
38 72 39 77
32 39 37 40
11 151 13 154
111 83 119 83
20 191 20 199
160 211 162 214
135 180 137 183
32 8 34 11
61 24 63 27
130 176 132 178
101 218 102 222
122 102 125 103
61 9 62 12
5 244 9 245
119 225 121 227
142 115 146 116
129 41 138 41
118 77 126 77
44 149 44 157
103 104 104 107
22 217 24 220
45 159 48 160
131 54 131 62
164 94 174 94
69 70 71 72
7 209 11 210
47 214 49 217
101 2 106 3
79 82 89 82
31 117 32 121
50 59 51 62
33 25 36 26
127 160 131 161
40 18 48 18
96 91 104 91
13 95 15 97
155 106 157 108
104 127 104 134
77 238 77 247
61 56 62 59
152 131 156 132
88 34 90 37
141 104 149 104
69 217 77 217
36 168 39 170
11 160 11 169
146 232 147 237
52 73 53 76
33 128 37 129
94 182 96 184
151 105 161 105
39 89 50 89
178 36 182 37
37 45 42 46
14 173 17 174
70 170 71 174
58 231 60 233
78 186 83 187
20 187 24 188
155 123 160 124
127 199 130 200
157 58 158 62
166 150 167 155
49 171 56 171
32 79 33 82
156 156 157 159
123 34 123 44
0 214 4 215
72 157 80 157
133 161 134 164
44 170 44 178
195 199 197 202
181 147 182 152
190 224 190 233
163 129 167 130
114 217 118 218
134 55 136 57
41 90 42 93
170 120 173 121
193 145 196 146
181 90 188 90
89 221 98 221
117 54 118 58
144 118 146 120
151 107 154 108
163 207 165 210
141 17 142 22
27 45 30 46
197 193 198 197
22 128 23 131
16 41 17 45
41 213 45 214
107 168 112 169
62 44 63 47
3 197 3 208
56 209 59 211
179 116 182 117
51 224 58 224
120 102 120 111
56 175 57 179
156 112 156 119
45 238 46 241
10 184 13 185
77 102 78 105
148 125 148 134
62 168 65 169
82 221 84 223
80 73 83 74
180 167 183 168
164 142 168 143
88 230 96 230
189 159 192 160
99 77 100 81
92 224 94 226
94 208 104 208
80 27 80 34
187 185 189 187
33 141 40 141
163 202 167 203
0 94 3 95
94 169 96 171
7 32 14 32
123 105 126 106
0 248 9 248
175 216 185 216
120 82 120 91
35 224 35 231
63 3 67 4
35 175 38 176
17 59 21 60
170 11 173 12
100 165 102 167
172 86 175 87
97 122 97 129
169 166 169 173
177 88 177 95
179 58 183 59
26 21 28 23
67 121 77 121
106 160 108 163
154 53 155 56
159 98 167 98
4 184 5 188
106 153 108 156
49 146 52 148
171 247 174 249
108 110 110 112
70 176 77 176
102 172 109 172
83 126 85 128
86 114 91 115
150 166 151 171
46 164 48 166
17 242 28 242
9 215 18 215
12 200 15 201
55 75 59 76
187 152 191 153
3 147 3 158
69 6 73 7
17 9 19 11
106 224 109 225
151 16 151 25
185 192 186 195
11 30 14 31
15 186 25 186
155 205 162 205
92 18 94 20
73 134 75 136
177 244 178 248
40 192 47 192
122 7 131 7
8 167 8 174
114 23 117 24
73 235 75 237
59 239 59 246
12 91 16 92
80 225 83 226
14 78 16 81
198 6 199 10
1 170 2 173
91 190 93 193
122 0 125 2
179 139 179 147
102 16 110 16
70 213 77 213
163 217 163 225
153 249 160 249
27 160 29 162
195 92 196 95
42 132 46 133
32 59 36 60
33 29 34 32
57 155 57 165
100 70 108 70
189 21 190 25
56 4 60 5
24 39 25 42
41 105 44 106
25 141 27 143
48 54 48 61
153 148 154 151
175 16 178 17
66 148 73 148
99 185 102 186
154 199 157 200
59 67 63 68
135 4 136 7
13 138 14 142
49 50 51 52
10 47 17 47
196 178 196 186
9 65 13 66
32 178 34 180
196 248 199 249
199 167 199 176
142 5 147 6
61 163 65 164
88 102 90 104
88 164 88 171
