3679
10 0 10 7
178 91 189 91
23 202 23 209
164 216 164 226
49 67 51 69
49 228 52 230
132 66 135 68
47 186 47 194
183 136 188 137
75 49 75 59
182 150 192 150
139 198 140 202
161 15 172 15
59 37 67 37
91 219 92 223
79 191 89 191
156 47 165 47
109 224 110 229
27 113 27 120
18 187 20 190
1 109 1 117
42 30 52 30
152 94 154 97
105 23 106 28
58 102 59 107
4 22 14 22
30 85 40 85
163 179 164 183
194 92 194 103
93 22 94 27
70 133 72 135
71 120 71 128
55 241 58 243
18 101 20 104
32 215 35 217
98 21 98 31
148 52 148 59
177 204 178 209
173 32 174 36
77 6 81 7
32 218 37 219
4 45 13 45
148 182 159 182
143 104 143 114
80 108 81 113
143 175 145 178
3 142 11 142
113 114 113 124
69 166 70 170
113 105 114 110
2 33 3 37
127 95 130 97
185 232 195 232
35 99 44 99
160 30 165 31
43 12 53 12
12 186 19 186
115 151 124 151
186 189 196 189
149 89 160 89
135 57 146 57
189 51 192 53
26 226 27 230
81 35 92 35
170 115 180 115
86 144 88 147
154 1 154 9
62 229 64 231
185 157 185 167
141 84 144 86
31 214 38 214
42 51 43 55
86 58 88 61
63 248 67 249
131 108 133 110
106 15 107 19
114 236 114 246
2 73 2 84
70 115 70 124
60 153 70 153
149 31 158 31
148 34 158 34
99 241 101 243
6 65 11 66
131 94 133 97
91 241 92 245
184 242 189 243
73 209 74 212
126 96 126 105
125 196 125 206
172 90 181 90
105 144 106 147
142 89 142 100
177 57 177 66
169 133 169 144
9 165 20 165
66 8 77 8
192 22 199 22
103 53 103 64
161 147 162 152
183 27 184 31
138 61 148 61
111 218 115 219
140 205 141 209
60 22 63 24
167 133 167 142
147 107 154 107
83 139 86 141
167 31 172 32
28 139 33 140
30 232 41 232
183 104 184 108
135 173 137 176
137 45 141 46
157 58 167 58
108 158 108 168
82 2 87 3
51 164 51 174
161 232 163 235
126 197 136 197
92 89 103 89
44 236 44 246
172 234 182 234
10 12 14 13
27 55 37 55
142 39 150 39
115 105 115 113
8 68 8 75
137 101 137 109
47 50 48 53
142 128 142 136
199 121 199 130
176 215 180 216
179 99 188 99
106 0 114 0
179 64 179 75
8 113 11 115
184 215 194 215
123 49 124 52
21 71 31 71
109 104 119 104
73 104 74 108
55 117 57 120
135 217 135 226
76 234 76 243
102 40 107 41
58 60 67 60
25 73 25 82
21 43 23 46
198 3 198 14
61 57 66 58
18 204 18 214
91 98 91 109
13 109 24 109
143 142 154 142
127 16 132 17
86 118 96 118
80 41 81 45
152 205 153 209
95 217 99 218
28 37 30 40
169 87 180 87
14 238 23 238
104 95 108 96
54 32 57 33
128 68 129 73
7 43 12 44
28 27 28 35
199 87 199 95
156 107 156 117
24 233 24 244
126 180 129 182
34 14 35 18
161 44 170 44
26 126 26 137
24 52 31 52
86 28 91 29
5 223 10 224
51 7 61 7
80 193 84 194
187 161 187 170
68 228 70 230
42 101 53 101
159 77 163 78
54 19 55 23
12 94 12 103
176 2 186 2
99 174 107 174
102 43 107 44
12 24 22 24
106 173 115 173
63 189 63 198
183 167 184 172
157 37 161 38
123 143 125 146
23 150 26 152
34 67 37 69
122 167 122 176
17 38 21 39
173 92 174 96
95 152 95 163
132 111 135 113
185 151 188 153
88 15 88 26
79 50 80 55
34 72 42 72
141 26 142 31
11 241 13 243
133 224 134 229
116 10 116 18
172 5 172 13
116 94 126 94
149 150 150 155
148 226 148 237
27 121 27 132
197 73 198 77
7 157 10 158
127 20 129 22
155 43 157 46
114 154 119 155
4 217 4 226
72 196 72 207
58 182 59 187
166 64 170 65
30 186 30 197
130 26 135 27
90 152 90 160
18 74 18 85
8 248 19 248
104 68 113 68
145 209 145 216
63 3 64 7
189 123 190 128
33 91 34 94
52 196 53 201
3 24 4 29
80 181 81 186
96 227 96 235
154 75 164 75
19 48 21 51
161 114 161 124
56 16 56 23
44 4 54 4
132 131 133 136
104 209 104 220
142 33 144 35
72 219 82 219
62 140 63 144
115 137 116 141
76 92 86 92
37 47 39 50
93 68 98 69
26 187 28 190
55 112 58 114
62 236 62 247
25 160 25 169
135 123 138 125
71 101 71 110
183 225 184 229
47 120 47 128
123 10 123 21
151 164 151 174
27 176 35 176
20 78 20 89
153 160 162 160
108 53 110 55
133 233 137 234
92 82 102 82
37 92 41 93
22 171 31 171
51 202 53 205
8 180 9 184
159 23 168 23
30 208 31 211
197 143 197 153
21 80 22 85
73 20 84 20
194 86 195 90
5 209 6 214
131 46 134 48
53 160 53 171
60 47 62 49
176 78 179 80
79 9 82 11
116 62 119 64
166 198 167 201
146 77 146 84
192 6 192 15
167 189 168 193
85 63 86 67
17 66 17 75
78 95 78 104
165 223 166 226
153 180 161 180
58 228 59 232
115 78 118 80
87 42 87 53
74 60 74 70
79 208 90 208
171 98 175 99
144 218 147 220
138 155 138 165
129 228 129 235
96 102 98 105
174 60 174 70
176 137 177 141
80 230 81 233
49 151 54 152
28 11 33 12
129 143 133 144
155 203 155 212
100 49 110 49
104 190 105 194
124 148 128 149
57 149 57 157
9 48 10 52
40 160 49 160
34 34 35 39
32 102 33 106
130 214 134 215
60 197 60 207
139 165 141 167
171 132 175 133
85 10 88 12
71 148 72 152
65 210 67 213
166 74 168 77
136 200 137 204
18 123 23 124
93 209 103 209
118 163 128 163
117 32 120 34
132 9 136 10
102 115 105 116
48 200 49 203
105 243 107 246
75 16 84 16
152 11 152 22
103 197 112 197
184 32 195 32
19 183 23 184
126 241 134 241
140 112 140 121
191 205 199 205
69 16 74 17
78 224 82 225
169 187 180 187
186 172 187 177
159 32 161 35
190 41 190 48
51 51 62 51
9 129 10 134
176 25 181 26
60 223 68 223
180 56 182 59
18 223 18 234
16 8 26 8
42 221 42 229
5 155 10 156
87 178 87 187
10 26 10 35
110 205 111 210
128 156 136 156
108 198 118 198
187 225 198 225
44 75 47 77
56 71 61 72
29 82 29 93
75 227 86 227
40 6 44 7
140 94 141 98
153 104 162 104
189 181 194 182
172 196 177 197
49 3 60 3
181 217 192 217
65 116 69 117
140 1 142 4
123 1 132 1
157 139 160 141
3 177 3 187
37 147 45 147
133 179 134 183
40 167 49 167
60 107 68 107
101 180 103 182
1 98 5 99
12 150 17 151
170 103 179 103
182 117 184 120
63 14 63 21
58 89 58 99
176 49 177 52
190 211 194 212
82 49 82 60
195 169 198 171
47 240 49 242
59 157 70 157
23 148 27 149
28 157 29 162
187 12 187 22
142 22 151 22
68 201 71 203
49 85 50 88
69 174 72 176
109 155 109 163
91 237 93 240
195 196 199 197
7 114 7 125
85 209 89 210
72 34 82 34
12 217 20 217
4 114 5 117
33 112 33 122
180 237 182 239
143 13 144 18
137 139 137 150
81 151 82 154
120 231 120 242
168 0 171 1
107 24 116 24
32 96 42 96
123 245 126 246
166 68 168 71
181 35 184 37
164 231 164 242
65 194 76 194
129 242 130 247
2 200 13 200
85 166 88 167
88 219 88 229
187 104 188 109
20 197 21 201
75 124 84 124
47 46 56 46
26 239 37 239
123 211 128 212
117 118 119 121
128 44 139 44
90 92 90 102
4 93 8 94
77 159 78 162
147 23 148 27
54 159 59 160
169 157 177 157
86 153 87 158
152 70 160 70
120 197 120 207
74 144 74 154
1 226 2 231
46 39 56 39
122 217 124 219
37 44 48 44
125 12 127 15
23 75 24 80
107 50 115 50
175 125 183 125
179 237 179 247
177 227 179 230
32 196 37 197
36 124 37 129
169 27 172 29
14 226 16 229
4 166 11 166
79 201 90 201
60 155 69 155
47 38 55 38
140 169 140 176
54 208 54 217
104 131 106 134
144 76 145 81
76 149 76 159
66 143 66 151
37 73 40 74
123 56 123 67
183 7 183 16
94 206 105 206
1 203 5 204
149 23 149 30
109 144 109 152
42 210 44 213
76 110 79 112
116 142 117 145
47 97 51 98
145 63 146 68
193 72 194 75
57 174 59 177
73 136 74 141
31 1 39 1
98 150 99 154
106 13 111 14
50 192 50 202
161 109 162 113
34 114 35 119
38 159 39 163
172 146 172 155
30 24 41 24
75 67 75 77
65 0 74 0
7 135 16 135
122 153 127 154
122 43 123 48
39 155 41 158
156 18 167 18
140 69 140 78
14 32 19 33
43 105 52 105
18 52 22 53
107 238 108 242
6 245 16 245
197 184 198 188
22 58 29 58
174 4 182 4
90 84 90 91
194 40 194 51
30 45 32 47
190 64 191 69
112 100 121 100
39 214 39 222
96 71 99 73
75 220 86 220
166 2 168 5
36 36 36 46
191 127 191 137
50 163 50 174
151 120 151 129
137 26 137 37
143 4 144 9
69 205 71 207
166 27 166 35
71 187 74 189
146 69 150 70
155 108 155 117
100 170 102 172
98 2 109 2
65 195 68 197
195 223 199 224
36 240 41 241
6 149 10 150
41 15 50 15
128 161 135 161
31 19 35 20
182 13 182 24
41 84 52 84
74 196 78 197
124 63 124 72
155 168 155 177
90 44 90 52
115 5 115 13
93 1 95 3
29 116 31 119
73 223 81 223
72 52 72 60
158 56 169 56
39 205 41 207
144 110 146 113
73 175 84 175
40 210 40 218
6 174 8 176
56 53 58 55
127 120 127 130
103 80 103 88
121 197 123 199
68 12 76 12
155 184 157 186
12 176 17 177
173 47 183 47
166 207 169 209
152 139 156 140
197 105 197 114
196 59 197 62
121 23 121 30
99 35 99 45
101 33 103 36
192 121 193 125
21 29 22 33
178 84 182 85
104 51 106 54
77 203 77 212
42 107 47 108
71 131 79 131
158 239 160 242
185 5 187 8
84 95 86 98
164 4 164 14
23 192 24 197
8 197 11 199
120 138 127 138
47 60 47 71
165 178 167 181
34 56 34 66
10 106 12 109
14 199 17 201
101 22 101 32
10 193 21 193
69 15 80 15
85 8 90 9
95 59 98 61
186 158 190 159
114 52 122 52
44 54 51 54
110 133 111 136
2 235 4 238
76 63 81 64
166 6 168 9
175 215 175 225
10 68 11 73
66 183 66 193
146 102 154 102
189 103 192 104
95 137 98 139
169 102 180 102
178 164 178 175
124 76 129 77
89 141 91 143
129 127 130 132
72 14 83 14
111 245 112 249
11 35 15 36
61 61 63 63
40 94 50 94
130 57 131 61
92 174 93 178
93 130 101 130
63 118 65 121
105 104 107 107
120 213 120 224
48 66 48 77
130 76 130 86
11 126 13 129
24 89 28 90
106 154 106 164
134 205 138 206
163 193 165 195
92 146 95 148
16 63 24 63
134 85 139 86
185 120 188 122
125 118 136 118
154 143 159 144
161 51 162 55
158 76 158 86
97 187 97 197
175 38 180 39
36 62 37 66
83 24 84 27
39 184 41 187
18 4 29 4
60 111 68 111
85 242 86 247
55 199 58 201
0 180 0 189
13 27 22 27
42 132 43 136
4 63 9 64
188 206 189 209
105 195 109 196
82 75 91 75
117 226 127 226
129 171 138 171
136 223 138 225
183 147 187 148
111 22 119 22
162 36 163 40
120 145 122 148
0 52 1 57
150 245 154 246
4 77 7 79
40 165 45 166
102 146 104 149
113 187 121 187
64 135 64 144
112 184 112 195
113 72 115 74
123 236 126 238
18 161 20 164
84 125 85 130
96 142 98 145
30 28 41 28
0 133 0 144
179 176 180 180
187 35 195 35
82 213 83 216
168 197 170 199
37 112 41 113
47 109 47 119
108 82 112 83
170 237 171 242
154 191 161 191
40 14 40 22
158 201 161 203
61 75 72 75
8 123 9 127
152 195 159 195
80 126 81 131
129 221 132 223
148 90 159 90
66 87 76 87
187 67 188 72
127 52 129 55
155 123 155 134
36 134 36 144
129 7 137 7
186 64 189 66
169 70 171 73
163 157 163 168
147 192 149 195
8 83 11 85
60 162 60 171
22 135 25 137
124 42 129 43
100 110 103 112
189 220 192 222
43 192 44 195
96 182 98 184
185 222 185 231
130 184 135 185
26 45 28 48
105 102 114 102
167 235 171 236
159 79 159 87
137 182 138 187
38 242 39 247
45 192 45 202
81 102 82 105
156 83 157 88
7 146 12 147
33 75 42 75
63 207 64 212
151 72 151 80
172 162 180 162
60 70 70 70
57 12 60 13
131 98 139 98
125 23 125 32
56 95 56 102
97 202 100 204
181 203 184 205
56 145 59 146
193 150 195 153
101 106 104 108
11 2 12 6
104 74 107 76
147 126 149 128
104 201 108 202
41 149 43 152
106 127 108 130
107 175 107 185
44 123 45 127
138 230 139 235
174 114 184 114
14 15 24 15
174 188 176 190
151 208 151 218
28 150 29 155
59 132 62 134
105 141 108 143
70 111 74 112
196 48 196 55
129 185 129 196
33 64 33 74
44 32 44 43
79 98 79 107
100 186 100 193
118 0 126 0
171 218 172 221
139 140 144 141
47 22 51 23
108 207 109 210
119 36 128 36
12 203 13 206
7 36 10 37
160 173 161 176
133 189 143 189
47 145 51 146
168 46 172 47
130 193 141 193
94 75 103 75
25 215 28 217
93 50 96 51
10 225 11 229
120 140 121 144
142 196 150 196
51 72 51 82
129 121 138 121
59 225 68 225
174 182 181 182
76 68 78 71
134 0 136 3
157 219 159 221
16 59 21 60
93 184 95 186
182 95 184 97
17 155 17 163
4 18 13 18
11 50 12 55
136 50 137 55
118 134 119 139
185 102 185 111
43 179 48 180
52 78 56 79
55 61 56 66
162 99 165 101
158 223 158 233
27 173 29 175
81 68 83 70
36 88 47 88
14 127 24 127
1 14 12 14
33 211 37 212
164 80 166 83
105 7 108 9
55 185 55 196
76 29 79 31
17 178 24 178
51 31 62 31
57 133 57 141
75 229 75 236
167 21 172 22
48 181 48 192
34 194 39 195
119 246 122 247
152 119 155 121
22 157 22 165
59 98 70 98
27 26 36 26
7 218 11 219
7 95 7 106
107 62 110 64
57 28 65 28
169 147 169 155
129 209 139 209
139 186 143 187
182 190 182 199
89 231 89 240
77 135 81 136
110 30 112 33
103 15 104 20
15 99 16 103
3 190 4 193
167 122 167 132
167 37 176 37
120 74 130 74
14 223 17 225
97 228 106 228
116 65 116 76
3 15 11 15
6 51 6 62
173 72 173 81
188 124 188 133
60 76 68 76
163 103 165 106
155 243 166 243
56 161 66 161
2 90 4 92
61 226 64 228
144 159 145 162
63 79 67 80
42 58 50 58
66 112 68 115
89 154 89 162
46 25 56 25
89 130 92 132
93 77 104 77
66 162 66 169
140 50 145 51
42 141 44 143
35 111 43 111
8 212 15 212
25 203 25 213
66 86 76 86
60 135 62 137
149 157 154 158
45 238 52 238
56 224 56 235
182 43 185 45
5 238 6 243
176 95 180 96
59 131 67 131
101 158 101 169
18 18 26 18
141 68 143 71
78 23 80 26
141 147 151 147
4 125 4 134
93 32 98 33
5 230 6 234
146 206 146 215
58 181 68 181
125 80 126 85
149 45 152 47
197 89 197 100
104 27 104 34
117 190 118 194
25 42 33 42
166 107 173 107
28 95 31 97
164 227 167 229
43 68 44 72
182 220 182 228
157 52 160 54
186 229 188 231
22 229 22 237
2 167 9 167
136 79 137 83
80 77 80 87
52 124 52 134
140 232 142 234
161 204 162 208
167 88 176 88
53 144 61 144
94 91 101 91
24 23 32 23
26 111 31 112
11 136 16 137
111 45 120 45
47 215 49 218
171 57 172 61
6 160 10 161
75 37 84 37
25 183 35 183
44 128 44 138
191 168 191 178
96 221 99 222
191 198 194 199
168 160 169 164
97 5 105 5
87 199 94 199
54 86 54 96
65 135 65 145
57 14 59 17
105 10 105 20
96 15 100 16
40 138 41 142
129 137 140 137
71 242 72 246
53 212 53 221
164 204 166 206
80 140 81 143
45 47 46 51
190 117 195 118
145 133 153 133
172 119 172 128
85 56 95 56
141 101 141 110
98 46 98 56
113 14 115 17
128 168 128 178
184 126 187 128
83 230 86 231
159 108 159 119
162 185 169 185
102 136 103 141
32 120 32 129
193 81 198 82
182 161 182 169
25 125 25 134
66 96 77 96
97 245 101 246
191 138 198 138
91 65 94 67
38 61 38 71
162 192 162 200
75 177 75 185
60 104 68 104
46 138 50 139
9 88 19 88
5 138 16 138
113 40 122 40
134 95 137 97
49 246 51 249
165 53 173 53
41 64 43 67
110 71 112 73
5 88 8 89
57 73 60 75
101 51 102 56
124 185 124 195
173 137 173 146
80 89 85 90
45 33 45 42
84 235 85 239
0 201 0 212
73 142 73 153
43 222 45 225
176 172 177 176
77 240 78 245
188 7 188 18
82 40 87 41
94 80 97 81
179 189 179 200
118 107 119 110
190 34 199 34
99 180 99 190
83 62 93 62
26 108 29 110
198 116 199 120
7 23 7 30
153 214 153 224
12 141 21 141
62 40 72 40
20 222 20 230
101 235 102 239
25 220 26 225
185 190 187 192
111 53 114 54
181 63 191 63
179 210 188 210
66 130 73 130
118 212 119 216
90 179 90 188
146 178 147 182
28 133 38 133
79 157 84 158
113 132 115 134
132 20 142 20
32 247 34 249
178 224 180 226
82 173 87 174
157 59 157 68
173 8 173 19
168 247 170 249
113 145 114 150
88 173 90 176
84 76 85 79
79 140 79 148
91 134 102 134
174 42 184 42
114 127 117 129
7 177 7 184
116 235 117 238
117 221 119 224
111 221 111 232
50 203 50 211
66 129 76 129
51 118 51 129
96 115 101 116
158 188 169 188
121 1 122 5
149 241 154 242
180 241 183 243
191 161 193 163
8 232 15 232
115 224 115 235
167 92 167 102
62 68 72 68
150 234 151 239
72 122 75 123
59 129 63 130
104 223 108 224
82 195 85 197
11 91 21 91
165 107 165 116
123 152 132 152
37 248 46 248
56 172 61 173
17 35 27 35
18 215 22 216
29 72 29 80
20 207 21 212
192 145 193 148
170 92 171 96
78 203 78 211
0 45 2 48
89 218 89 229
196 157 199 159
109 242 113 243
76 215 79 217
145 199 146 204
189 191 192 193
20 172 22 175
115 164 117 167
186 0 191 1
39 191 41 193
73 169 76 171
192 17 195 18
51 175 51 184
187 199 188 204
170 223 173 225
134 163 135 167
35 226 39 227
22 112 22 119
169 50 172 52
22 128 23 133
120 177 127 177
58 56 65 56
3 43 3 52
95 169 97 171
143 92 144 97
170 54 172 56
175 89 186 89
162 63 169 63
124 37 134 37
169 182 172 184
143 121 143 129
81 162 81 171
170 146 170 155
71 24 74 26
151 198 161 198
137 243 141 244
151 98 156 99
147 223 152 224
134 102 136 104
37 34 37 43
198 161 199 166
112 212 116 213
74 133 84 133
13 51 13 60
173 249 182 249
4 246 11 246
117 243 125 243
84 33 87 34
147 173 149 176
186 47 188 49
183 77 185 80
21 220 22 225
194 237 196 239
76 164 78 166
188 92 190 95
71 36 82 36
173 244 176 246
120 54 125 55
88 150 92 151
74 115 81 115
155 20 159 21
56 123 58 126
5 30 6 35
44 21 53 21
36 2 36 12
93 40 95 43
40 82 49 82
172 232 177 233
41 34 42 39
143 222 145 225
174 20 175 25
60 210 60 220
70 47 78 47
70 82 74 83
4 112 14 112
97 235 99 238
46 123 46 132
65 49 67 52
109 167 113 168
14 29 18 30
108 34 110 36
164 211 168 212
15 42 18 44
24 26 25 31
174 214 184 214
143 32 152 32
118 131 126 131
129 5 137 5
13 145 18 146
55 152 56 156
125 34 136 34
70 88 71 91
157 13 159 15
46 181 46 191
121 69 123 72
123 95 123 106
111 77 122 77
113 58 115 61
93 94 98 95
34 155 35 160
163 0 163 7
192 168 192 179
169 166 169 173
147 42 152 43
114 162 114 172
172 116 177 117
24 59 29 60
85 70 94 70
121 125 122 129
170 131 181 131
100 57 100 65
133 72 134 77
151 50 151 60
194 6 195 9
2 137 3 141
63 247 74 247
60 123 61 126
183 236 184 240
89 76 97 76
72 41 77 42
112 135 116 136
62 2 71 2
87 77 90 79
9 174 17 174
154 22 162 22
130 166 131 170
38 117 38 127
130 206 133 207
0 128 3 130
69 135 69 144
91 93 102 93
140 217 140 225
109 107 111 110
95 228 95 238
8 98 11 99
16 206 17 211
40 76 43 78
34 165 36 167
22 140 23 143
60 46 68 46
38 17 39 20
157 172 167 172
6 1 6 8
189 223 192 224
50 32 52 35
120 10 120 19
44 169 47 171
66 13 71 14
116 146 118 149
19 204 19 214
56 82 56 90
108 177 110 180
16 181 18 184
28 99 30 102
188 142 199 142
68 238 73 239
32 59 33 62
170 204 172 206
173 171 174 174
54 103 54 114
177 113 186 113
101 189 102 194
1 220 3 222
102 240 102 249
4 152 7 153
147 3 152 4
27 196 27 204
128 239 133 240
193 233 193 242
149 248 158 248
194 0 195 5
159 226 159 237
63 205 66 206
53 134 55 137
192 37 193 42
131 92 135 93
84 102 87 103
111 183 122 183
62 123 63 128
92 4 100 4
16 131 18 134
153 163 154 168
174 138 175 143
147 48 148 51
8 205 10 207
100 94 110 94
109 123 109 132
7 48 7 59
130 68 131 71
19 65 19 76
64 178 71 178
148 100 157 100
2 3 4 6
104 154 104 164
8 55 9 60
45 210 46 214
124 210 135 210
17 50 17 57
113 175 113 182
55 236 60 237
118 38 123 39
193 174 194 179
157 164 162 165
178 154 179 158
54 142 59 143
112 233 113 237
2 62 3 66
154 39 159 40
33 156 33 167
94 153 94 163
195 110 196 113
73 4 76 6
19 10 21 12
196 6 196 17
116 0 117 3
169 118 170 122
89 107 90 111
26 159 26 168
40 162 42 164
197 12 197 19
189 237 191 240
165 93 166 97
69 114 77 114
13 38 15 41
68 159 73 160
118 92 125 92
159 131 162 133
172 111 175 113
131 52 132 55
67 25 68 28
179 30 180 33
182 72 185 74
95 175 103 175
173 228 174 231
191 226 192 231
176 23 181 24
126 18 126 29
114 157 115 160
57 180 67 180
12 168 13 172
1 94 2 97
167 243 169 246
65 42 68 44
35 40 35 47
98 146 99 149
61 94 71 94
43 220 46 221
186 16 186 27
159 135 160 138
139 151 141 153
153 108 153 118
149 49 160 49
39 115 43 116
102 117 104 120
53 65 53 73
71 140 72 145
19 129 19 137
128 105 133 106
157 207 160 208
183 143 187 144
88 112 92 113
47 154 49 157
95 14 102 14
0 21 8 21
105 157 105 167
62 199 70 199
169 178 172 179
42 193 42 203
151 249 161 249
153 154 157 155
199 55 199 64
57 189 60 191
110 118 112 121
120 7 128 7
181 219 189 219
34 242 35 246
0 5 0 16
53 172 55 174
127 140 130 142
105 113 114 113
69 28 78 28
169 159 179 159
37 89 44 89
158 16 161 17
107 154 107 165
181 61 186 62
64 173 65 177
89 214 93 215
88 245 89 249
41 13 52 13
38 4 38 13
127 157 132 158
24 175 26 177
13 90 21 90
99 123 104 124
138 228 147 228
28 179 37 179
170 163 170 170
70 136 70 145
154 28 157 30
38 197 38 207
46 42 57 42
138 21 139 26
109 96 116 96
150 36 153 38
186 79 188 82
113 82 113 91
64 24 66 27
105 81 105 92
98 118 98 125
70 218 78 218
72 162 73 167
194 146 196 149
115 89 118 91
198 97 199 102
142 111 142 122
116 215 116 223
48 126 48 137
65 9 74 9
84 4 84 15
154 189 162 189
87 127 87 138
88 133 89 138
175 11 178 13
10 178 11 182
137 212 137 222
16 25 27 25
0 97 0 108
143 148 147 149
153 56 154 61
137 135 140 136
152 185 153 190
192 63 193 67
140 247 151 247
165 127 165 136
37 172 46 172
140 48 145 49
193 23 194 27
163 84 168 85
62 78 62 88
121 228 125 229
123 112 130 112
98 191 98 200
55 9 62 9
137 241 141 242
15 117 16 122
183 178 186 180
145 3 146 8
161 143 165 144
117 113 127 113
55 98 55 109
147 206 147 217
160 145 160 153
23 67 27 68
197 236 199 239
81 30 91 30
152 78 153 82
29 228 39 228
124 79 124 90
89 92 89 99
168 30 177 30
1 160 4 161
179 185 182 186
22 98 23 103
74 205 76 208
90 225 100 225
131 245 132 249
140 122 140 132
82 31 93 31
25 114 26 119
0 150 0 159
129 11 137 11
182 182 185 184
122 240 125 241
16 6 25 6
123 150 131 150
62 203 66 204
122 118 124 120
123 183 123 194
52 179 54 182
44 28 53 28
77 188 88 188
108 244 110 247
18 22 26 22
22 105 26 106
56 127 60 128
19 147 28 147
92 207 102 207
0 40 2 42
140 178 140 185
69 192 79 192
6 226 8 229
181 170 182 174
82 84 83 87
85 82 89 83
171 40 178 40
91 122 93 125
156 5 159 7
146 101 155 101
181 86 186 87
188 33 198 33
21 246 23 248
49 90 52 92
42 231 45 233
154 126 154 137
175 108 179 109
72 155 74 158
125 188 126 193
84 177 85 180
113 25 116 26
126 198 134 198
173 97 181 97
194 66 197 68
128 116 137 116
11 0 16 1
115 31 115 39
5 194 16 194
35 202 36 206
96 24 97 28
63 162 63 173
52 40 61 40
27 18 29 21
97 8 99 10
74 229 74 240
61 195 62 198
46 6 53 6
119 67 119 75
30 147 30 158
29 202 29 209
34 97 43 97
132 38 143 38
4 50 4 60
42 217 45 219
29 168 38 168
179 134 179 142
51 191 51 199
8 16 18 16
173 118 175 120
192 139 197 140
28 233 37 233
55 178 56 182
61 105 70 105
98 96 100 98
83 47 83 58
120 57 122 60
114 156 124 156
23 224 23 234
172 175 175 177
107 101 115 101
135 74 135 83
38 57 41 59
82 172 93 172
118 127 120 129
11 92 22 92
143 118 152 118
105 36 107 39
125 184 127 187
59 117 59 126
157 177 160 179
106 115 106 126
32 143 34 146
32 32 37 33
75 198 84 198
53 91 53 100
158 93 160 96
189 70 191 73
97 66 107 66
16 93 19 94
195 177 197 180
99 80 102 81
82 232 83 237
38 149 40 152
139 160 142 162
46 229 47 233
146 186 149 188
49 26 58 26
149 112 151 115
184 197 189 198
33 135 35 138
38 25 41 27
178 218 179 222
113 248 124 248
95 104 95 112
107 79 114 79
8 187 9 191
50 154 54 155
103 233 103 241
45 109 45 120
128 100 132 101
49 219 51 221
142 172 144 174
174 101 181 101
162 173 162 181
47 1 57 1
0 122 3 123
126 30 129 32
118 168 118 176
12 63 15 64
43 8 45 11
184 21 185 26
176 82 185 82
197 47 198 52
24 186 25 190
135 168 145 168
94 192 95 197
106 58 111 59
39 201 40 204
14 178 15 183
126 57 129 59
199 105 199 112
112 4 112 13
113 161 121 161
153 233 156 234
181 51 182 55
1 244 3 247
121 206 121 216
68 100 70 102
45 240 46 245
20 167 21 170
167 153 167 162
62 207 62 215
193 57 194 62
80 246 84 247
0 69 0 80
127 227 127 237
119 166 128 166
22 49 31 49
83 168 86 170
37 164 39 167
83 119 91 119
96 106 100 107
85 36 95 36
125 120 125 130
1 11 6 12
141 199 144 201
94 238 94 245
170 212 175 213
66 133 66 141
161 215 163 218
118 2 120 5
28 184 36 184
10 90 10 97
31 34 32 37
54 125 55 130
191 109 193 112
108 211 111 212
98 109 99 114
39 126 39 135
180 66 181 71
24 13 34 13
189 154 198 154
168 228 169 231
49 158 59 158
133 149 136 151
80 95 80 106
190 96 192 99
132 62 140 62
197 126 198 130
100 229 100 239
152 199 154 202
76 138 81 139
12 149 20 149
136 12 139 14
37 103 44 103
122 21 122 28
47 161 48 165
36 145 36 156
173 100 181 100
99 102 101 105
195 126 195 137
132 56 134 59
116 114 116 125
6 83 7 87
31 100 38 100
21 93 21 102
35 177 39 178
82 202 84 205
36 31 46 31
126 213 129 215
26 143 29 145
36 77 39 79
27 205 28 209
23 37 24 42
65 83 65 91
63 48 73 48
117 72 118 75
160 226 161 230
176 32 177 36
121 83 122 87
17 135 18 140
34 170 36 172
5 171 5 182
169 75 171 78
50 186 53 188
197 209 198 214
49 122 49 130
111 188 111 196
51 232 53 235
100 200 111 200
14 45 14 55
0 82 1 87
75 102 76 107
193 248 198 249
177 120 178 124
56 205 56 216
124 44 127 46
7 214 16 214
189 5 189 13
60 89 61 93
1 106 4 108
191 244 192 248
108 232 110 235
62 179 72 179
94 7 94 18
78 228 78 237
43 237 43 247
166 143 167 147
24 200 24 211
72 172 76 173
189 76 190 81
159 211 159 218
187 37 191 38
110 41 115 42
18 197 19 202
189 18 191 21
77 72 79 74
29 190 29 201
76 123 84 123
26 92 27 96
196 25 196 32
98 18 101 20
59 11 68 11
6 114 6 124
120 75 131 75
148 83 153 84
163 115 163 125
22 188 22 196
26 73 26 83
172 191 173 195
17 167 18 172
140 60 147 60
125 48 129 49
110 16 110 23
102 70 111 70
164 118 168 119
63 97 72 97
103 97 105 100
126 219 127 224
76 189 81 190
183 199 186 201
144 129 144 138
85 6 89 7
180 75 189 75
42 102 52 102
6 125 6 135
141 178 142 182
124 199 124 208
14 203 17 205
42 234 42 241
43 173 46 175
185 33 185 41
122 29 123 34
8 31 9 34
100 46 104 47
155 62 156 67
33 82 35 84
32 150 33 155
10 111 20 111
0 164 0 174
1 171 2 176
174 1 182 1
8 210 13 211
67 215 70 216
145 28 147 30
31 63 32 68
69 184 69 191
111 144 111 155
22 1 26 2
13 96 16 98
150 91 155 92
156 200 157 205
175 148 176 151
1 210 4 212
170 140 171 143
26 107 34 107
159 65 160 69
120 63 120 70
159 186 170 186
73 32 77 33
101 177 105 178
84 42 85 47
100 30 100 40
6 244 16 244
93 110 94 114
147 11 147 20
98 157 100 160
120 162 128 162
83 171 94 171
63 73 74 73
142 73 142 83
65 242 67 245
197 216 198 221
145 197 150 198
24 219 24 227
45 26 48 27
195 40 195 49
40 194 41 199
142 210 142 221
153 146 156 147
180 189 180 198
44 196 44 205
139 70 139 78
137 0 138 3
94 45 95 49
163 199 163 207
169 33 171 36
1 143 10 143
87 88 87 95
186 221 188 224
92 38 92 47
11 152 16 153
88 232 88 242
154 77 155 81
132 192 142 192
88 178 89 182
175 50 175 60
92 127 102 127
79 18 86 18
15 49 15 58
31 72 31 81
196 210 196 218
126 108 128 111
10 61 17 61
156 126 161 127
141 212 141 222
39 119 41 122
108 81 118 81
100 8 102 11
155 56 156 61
131 18 131 25
54 34 59 35
79 117 90 117
17 113 19 115
1 118 3 120
151 7 153 10
77 79 79 81
7 19 11 20
164 36 165 41
3 151 11 151
168 130 176 130
181 133 181 143
2 144 9 144
20 154 21 159
29 221 33 222
164 123 164 132
19 241 20 244
182 131 182 141
111 64 112 67
181 221 181 230
139 108 139 118
74 159 74 168
111 130 121 130
8 117 10 120
75 61 80 62
24 115 24 123
193 105 195 107
68 52 71 53
147 0 150 2
175 76 183 76
73 200 74 204
95 121 96 126
168 110 171 112
86 108 88 111
10 76 12 79
43 119 43 129
57 164 58 169
162 66 169 66
40 91 48 91
40 125 40 134
123 40 128 41
189 55 192 57
161 67 164 69
84 212 95 212
118 16 119 21
165 26 172 26
94 188 96 191
137 68 137 78
134 16 141 16
47 176 50 178
76 53 77 58
106 177 106 186
197 199 199 202
103 166 104 170
30 126 31 131
14 187 16 190
117 8 117 19
168 106 178 106
105 203 107 205
150 24 152 27
106 80 106 87
127 25 129 28
50 113 50 124
149 86 152 88
131 172 131 181
46 56 51 57
38 249 47 249
112 208 117 209
130 49 134 50
132 13 135 15
109 138 110 143
13 62 24 62
192 77 194 80
141 118 141 126
9 236 13 237
107 114 107 121
175 8 182 8
67 56 69 59
108 91 111 93
33 236 36 238
184 51 187 53
47 48 52 49
176 92 186 92
98 162 99 165
132 78 132 87
90 38 91 41
168 137 168 147
43 5 54 5
155 6 155 14
38 52 41 54
138 70 138 80
142 152 144 155
52 146 53 150
148 165 148 172
183 234 188 235
174 83 176 85
168 58 170 61
91 52 93 55
169 226 174 227
174 51 174 59
188 26 191 28
67 16 68 21
10 87 18 87
16 50 16 57
102 223 103 226
150 9 150 18
105 3 110 4
9 80 12 81
13 219 13 229
27 74 28 79
85 20 86 24
30 202 32 204
20 65 24 66
188 172 188 182
68 241 75 241
54 67 65 67
175 199 178 201
92 83 93 87
143 232 143 240
80 121 88 121
147 85 147 93
90 248 101 248
176 64 176 74
161 91 172 91
38 181 41 183
141 145 151 145
83 144 84 147
12 82 17 83
152 162 161 162
97 166 100 167
144 98 147 99
53 29 63 29
135 39 137 42
51 139 53 141
123 122 123 130
24 17 31 17
43 182 44 186
15 68 15 78
87 237 87 247
90 15 93 16
59 89 59 96
36 107 41 108
155 244 166 244
120 84 120 91
160 0 162 3
61 15 62 18
58 221 66 221
148 205 148 215
108 46 111 48
2 71 6 72
60 85 61 88
13 5 14 10
81 217 92 217
84 114 89 115
91 71 95 72
96 146 97 151
101 141 101 149
115 116 115 124
26 85 28 87
146 143 151 144
199 171 199 179
178 29 178 36
65 234 70 235
181 116 190 116
84 86 89 87
174 27 182 27
147 157 148 160
148 216 149 220
3 78 3 87
5 202 15 202
13 85 17 86
133 124 134 128
185 83 196 83
151 188 151 195
123 114 126 116
77 177 82 178
134 246 137 247
50 160 52 162
89 57 99 57
1 124 3 126
178 146 186 146
174 43 176 45
150 54 150 62
83 148 88 149
143 191 144 195
7 110 17 110
103 186 105 189
147 183 157 183
47 172 48 175
72 220 72 229
56 186 56 196
127 2 130 4
60 186 65 187
78 248 82 249
160 169 163 171
97 176 98 179
112 150 112 159
94 86 102 86
117 26 118 31
29 30 39 30
188 85 197 85
95 18 95 26
16 157 16 164
192 183 193 188
28 234 35 234
195 227 196 231
109 181 110 186
102 78 105 79
152 169 152 176
83 159 84 163
170 23 173 25
179 43 180 46
39 8 42 10
118 132 122 133
79 1 80 5
63 234 63 244
164 161 166 164
8 162 15 162
13 125 24 125
145 235 145 244
141 53 145 54
100 1 111 1
193 206 194 210
51 59 58 59
20 185 29 185
72 91 75 92
136 160 137 164
57 76 59 79
54 190 54 199
126 61 128 64
118 117 127 117
6 163 15 163
114 174 117 176
24 228 25 232
76 0 86 0
43 227 53 227
69 22 70 27
101 230 102 234
141 40 143 42
193 28 195 30
51 14 55 15
191 2 191 11
69 18 74 19
43 234 46 235
7 9 11 10
93 96 93 106
12 239 21 239
26 28 27 32
115 205 117 207
49 191 49 199
57 82 57 93
75 22 84 22
184 67 185 70
176 5 180 6
135 105 136 109
176 177 178 179
172 202 177 203
96 154 96 162
83 190 93 190
127 102 129 104
132 211 135 212
86 232 86 240
149 159 149 166
9 233 17 233
64 31 65 36
35 120 37 122
18 3 29 3
194 130 194 137
157 50 166 50
28 56 32 57
129 63 131 65
0 25 1 29
145 151 148 153
178 59 179 63
62 158 64 160
137 8 140 10
117 227 118 232
138 36 148 36
152 123 153 127
148 12 148 21
145 41 156 41
2 215 6 216
50 244 61 244
14 128 16 130
1 156 3 159
105 219 106 222
1 62 1 73
149 177 150 181
176 17 177 22
34 126 35 131
64 214 72 214
104 233 104 242
80 163 80 174
121 159 126 160
100 195 101 199
94 205 104 205
76 140 77 144
126 200 130 201
57 217 59 220
77 184 79 187
76 65 80 66
4 208 13 208
87 0 98 0
36 208 45 208
73 226 84 226
37 140 39 143
71 115 73 118
97 211 99 213
1 177 1 188
87 206 90 207
114 28 114 39
65 232 69 233
126 9 131 10
127 216 132 217
13 20 22 20
46 203 47 206
195 163 196 168
174 129 184 129
59 99 62 100
166 148 166 157
36 242 37 247
184 58 189 59
70 77 72 79
105 230 108 231
178 117 181 118
183 186 186 188
165 217 166 221
33 46 34 51
76 93 85 93
85 151 85 162
154 150 156 152
146 138 149 140
116 48 119 50
184 216 195 216
164 165 165 168
91 22 92 26
181 12 181 21
37 106 46 106
29 224 33 225
130 41 133 43
95 135 105 135
186 102 186 111
186 115 196 115
30 120 31 124
175 192 178 193
114 82 114 90
152 210 154 213
190 167 190 177
40 225 41 229
199 67 199 74
14 221 19 222
171 211 181 211
41 48 44 50
31 241 32 245
155 223 155 232
110 169 112 172
88 168 93 169
57 108 61 109
163 148 163 156
8 46 13 47
43 83 52 83
113 2 113 13
115 182 125 182
149 93 150 96
168 168 168 178
55 245 57 248
173 154 177 155
18 95 19 100
82 106 89 106
193 10 194 14
132 154 137 155
46 79 49 81
161 93 162 97
145 130 147 132
137 177 139 180
81 73 84 74
45 0 53 0
72 21 80 21
185 118 189 119
175 204 176 209
75 138 75 147
129 119 136 119
8 168 10 171
31 156 31 167
144 62 144 71
32 78 34 80
195 245 198 247
143 24 146 26
4 38 9 39
25 241 26 246
149 230 149 239
64 62 69 63
28 194 28 202
93 210 103 210
158 148 158 156
93 153 93 162
50 8 61 8
70 29 70 36
162 248 166 249
57 210 59 212
134 60 137 61
180 112 190 112
153 19 153 28
108 190 110 193
121 164 129 164
185 214 194 214
123 220 125 223
152 159 161 159
35 90 38 91
149 204 149 214
86 5 95 5
5 26 6 29
155 72 162 72
27 244 30 246
34 110 43 110
89 44 89 52
148 63 149 68
82 228 85 229
94 141 95 145
116 188 116 196
80 116 91 116
189 136 190 140
195 241 198 243
100 211 101 214
164 42 171 42
167 113 171 114
134 17 138 18
22 181 26 182
102 151 103 154
91 202 96 203
2 145 2 154
171 185 175 186
69 180 70 183
68 161 70 164
142 43 144 45
171 188 171 198
194 219 196 221
182 100 184 102
118 157 120 159
21 113 21 121
21 249 31 249
125 50 129 51
80 240 83 242
156 8 156 17
48 16 53 17
154 53 156 55
12 240 23 240
197 172 198 176
91 154 92 159
87 63 96 63
110 98 115 99
46 145 46 152
35 188 38 190
102 216 103 220
182 156 183 160
59 238 60 243
105 236 106 240
110 25 112 28
135 229 137 232
115 184 119 185
166 108 173 108
19 228 19 236
4 154 15 154
152 63 153 67
134 195 142 195
66 170 67 175
192 129 193 133
178 132 178 142
57 193 59 196
50 215 52 218
164 198 165 201
46 16 47 20
65 240 73 240
112 228 114 230
18 107 23 108
128 146 132 147
94 97 94 108
73 222 81 222
30 142 31 146
188 195 192 196
82 135 82 146
61 149 63 151
25 138 27 140
29 213 37 213
160 210 169 210
141 62 142 67
32 173 40 173
2 0 5 1
4 100 6 103
105 210 106 213
159 26 161 29
118 42 121 44
96 108 97 113
76 39 86 39
68 193 78 193
196 132 198 135
6 179 6 187
158 61 163 62
88 93 88 101
138 88 141 90
193 53 195 55
60 25 63 27
26 191 26 202
94 175 94 183
93 135 93 143
62 106 69 106
147 72 150 74
99 67 102 69
48 231 49 235
167 217 168 221
50 72 50 80
97 35 98 40
173 7 182 7
152 193 156 194
66 108 69 109
199 23 199 32
183 19 183 26
146 136 151 137
48 108 49 112
174 247 177 248
42 179 42 189
163 20 166 22
75 125 78 126
119 227 119 235
14 166 16 169
143 181 145 184
46 112 46 122
131 78 131 85
65 1 76 1
86 124 86 135
131 190 142 190
70 248 77 248
169 212 169 222
171 160 171 170
112 51 121 51
170 3 170 12
70 59 71 62
131 186 136 187
158 42 160 45
68 85 78 85
117 98 121 99
34 162 37 163
20 54 31 54
179 206 186 206
128 183 128 193
109 56 120 56
124 91 132 91
13 74 14 77
188 165 189 170
4 195 14 195
175 235 177 238
46 63 46 74
124 167 125 172
13 114 13 123
44 148 45 152
186 30 191 31
166 213 168 216
109 114 111 117
12 155 13 160
81 96 83 99
26 153 27 158
188 245 190 248
140 230 144 231
119 23 119 31
55 197 59 198
176 93 186 93
33 230 41 230
58 81 60 84
156 132 157 137
121 107 122 112
117 93 128 93
110 213 111 216
118 209 120 211
8 247 17 247
168 124 171 126
88 38 88 49
61 174 62 178
57 203 58 207
98 100 102 101
52 241 54 243
21 129 21 140
172 73 172 84
153 170 154 175
163 16 168 17
2 182 2 193
71 184 74 186
174 126 177 128
190 90 193 91
69 3 72 5
71 220 71 229
175 231 184 231
55 166 56 171
64 77 68 78
64 71 74 71
82 181 85 183
148 77 150 80
91 74 101 74
152 72 154 74
31 101 39 101
196 36 198 38
98 6 109 6
136 141 136 148
52 44 57 45
30 61 30 69
126 87 131 88
146 230 146 241
18 61 26 61
43 144 51 144
99 117 101 119
185 233 192 233
126 145 135 145
176 217 176 225
128 123 128 134
4 168 6 170
193 164 194 169
125 247 128 249
109 84 110 89
174 164 176 167
58 152 66 152
191 155 193 158
123 231 124 235
69 118 69 127
52 76 56 77
58 0 61 2
31 186 34 188
164 174 165 177
14 19 22 19
63 39 71 39
181 158 181 166
175 65 175 74
104 83 104 92
135 129 138 131
89 120 89 129
51 110 53 113
190 199 190 207
163 48 173 48
175 144 176 147
52 222 54 225
105 118 105 129
169 2 169 10
20 179 25 180
49 43 59 43
44 60 45 64
167 115 169 117
143 87 146 89
151 105 162 105
127 202 132 203
131 29 135 30
147 229 147 238
13 101 14 105
166 104 173 104
139 58 147 58
1 30 1 39
135 235 136 239
123 107 132 107
46 85 48 87
27 0 37 0
76 200 86 200
183 190 183 197
91 181 92 184
47 10 52 11
32 156 32 166
56 222 59 223
67 182 67 193
8 192 18 192
12 68 13 73
145 124 146 129
3 228 4 232
160 82 161 86
160 107 160 115
174 135 177 136
41 1 46 2
25 236 30 237
101 215 101 224
147 106 157 106
30 216 31 220
186 226 190 227
153 12 154 16
2 23 2 31
150 203 150 213
146 155 146 164
119 189 122 191
4 140 15 140
162 45 172 45
110 161 112 163
25 9 34 9
185 244 186 249
30 88 32 91
107 218 109 221
73 49 73 60
7 4 9 7
1 164 5 165
151 161 159 161
61 199 61 210
55 216 55 225
183 54 185 56
118 8 119 13
188 100 193 101
22 200 22 210
161 7 162 10
124 136 128 137
3 249 10 249
36 98 46 98
59 64 68 64
87 213 96 213
67 217 69 220
17 241 18 245
152 48 162 48
132 174 134 177
132 65 139 65
65 132 73 132
36 115 37 119
157 173 159 176
68 84 77 84
23 215 23 223
42 19 43 24
64 124 68 125
179 164 180 169
128 218 128 229
188 160 190 163
153 227 154 232
91 128 96 129
102 156 102 166
138 246 149 246
39 68 42 70
118 237 119 241
146 42 146 51
23 158 24 161
22 166 24 168
163 127 163 137
166 38 169 40
0 145 1 148
16 2 17 5
79 159 79 169
53 80 54 84
11 37 22 37
183 88 193 88
41 60 43 62
34 149 35 154
119 179 127 179
194 191 196 194
77 221 87 221
19 116 20 121
153 42 154 47
186 39 187 43
0 226 0 234
65 226 69 227
79 149 80 154
76 75 76 83
38 215 38 225
8 231 16 231
121 12 122 17
142 237 142 245
157 111 157 121
168 149 168 157
142 8 142 18
1 132 1 141
23 85 23 92
75 9 78 10
127 81 128 86
144 120 149 121
138 214 138 222
44 24 55 24
164 146 165 151
163 87 165 89
136 22 136 33
0 58 0 68
5 41 10 42
41 90 48 90
115 85 119 86
66 177 73 177
97 41 97 49
170 216 174 217
199 144 199 155
156 225 157 229
17 97 17 108
185 138 186 141
187 186 190 188
95 208 106 208
131 138 136 139
17 218 20 219
3 145 4 150
154 215 154 225
114 199 116 202
79 237 79 245
11 38 12 42
160 5 160 13
5 189 6 193
199 211 199 222
43 156 46 158
169 18 171 20
199 4 199 13
149 5 149 15
34 95 44 95
176 181 186 181
159 25 169 25
79 209 81 212
135 132 136 136
181 123 188 123
173 149 174 153
154 190 165 190
90 233 93 235
140 249 148 249
145 33 147 35
53 36 57 37
69 208 70 211
121 35 129 35
81 77 81 87
186 160 186 171
151 103 159 103
21 56 26 57
78 50 78 57
59 112 64 113
97 227 105 227
58 147 59 150
157 145 157 152
131 218 133 220
106 60 109 61
35 81 45 81
49 179 49 189
132 224 132 231
85 204 90 205
25 41 33 41
192 203 197 204
66 32 68 35
52 163 52 170
32 3 35 5
103 243 104 246
66 88 68 91
17 194 19 196
78 38 87 38
153 236 154 240
60 95 68 95
111 103 122 103
12 23 21 23
21 242 23 245
164 155 165 159
90 121 90 129
184 151 184 160
82 76 83 81
36 87 44 87
88 34 99 34
123 5 127 6
93 227 94 232
69 43 71 45
46 193 46 202
179 232 183 233
11 221 12 224
190 2 190 10
179 13 180 18
61 216 63 218
5 124 5 131
94 92 103 92
38 145 43 146
146 108 151 109
49 27 58 27
94 215 98 216
122 204 123 209
165 233 170 234
47 207 48 211
80 28 84 29
91 161 92 165
26 231 27 235
156 187 165 187
159 57 170 57
110 38 113 39
196 120 196 131
185 193 187 196
67 146 69 149
107 85 108 90
73 74 74 79
76 132 85 132
26 103 30 104
46 7 49 8
177 69 178 74
137 227 147 227
178 49 179 53
196 39 199 40
153 71 163 71
120 155 131 155
51 41 62 41
5 148 16 148
139 32 140 35
45 239 53 239
9 17 20 17
12 113 12 121
103 7 104 11
139 100 139 107
171 3 171 11
120 193 122 195
63 88 64 91
129 122 134 123
160 221 162 224
111 20 115 21
57 69 66 69
122 200 123 203
178 212 187 212
110 74 112 76
151 64 151 71
146 166 146 177
102 37 104 39
177 144 182 145
120 8 128 8
181 50 192 50
167 105 176 105
122 213 124 216
37 7 37 18
59 19 62 21
159 24 169 24
133 188 142 188
109 25 109 33
118 123 120 125
156 92 164 92
125 89 136 89
169 82 171 84
71 163 71 173
11 183 13 185
32 109 40 109
30 172 31 175
137 110 138 115
47 219 48 222
42 104 51 104
70 64 72 67
132 63 135 64
133 157 135 159
153 196 161 196
97 78 100 79
143 116 148 117
89 19 92 21
87 225 87 236
21 72 24 74
6 107 9 109
70 54 71 58
138 144 140 147
171 66 173 69
7 139 15 139
50 212 52 214
123 165 133 165
186 96 189 98
51 207 53 210
57 96 57 107
95 6 96 11
84 49 85 53
99 136 101 138
24 44 25 47
143 10 146 11
53 119 53 127
118 201 119 206
25 170 33 170
30 134 31 138
108 111 113 112
137 91 141 92
108 146 108 155
139 158 142 159
198 58 198 69
108 41 109 45
156 167 158 170
41 79 45 80
139 47 139 56
195 20 198 21
179 149 181 152
143 203 143 212
23 27 23 34
145 191 146 195
182 109 184 111
198 231 199 235
104 57 115 57
62 53 65 55
132 199 135 201
124 101 125 106
106 214 109 216
168 200 173 201
98 168 99 172
82 107 85 108
12 28 13 33
129 39 134 40
11 144 22 144
91 6 93 9
51 115 60 115
95 198 97 201
133 69 136 71
55 204 55 215
100 145 100 153
198 104 198 114
59 66 69 66
94 166 96 168
31 193 33 195
24 92 24 102
39 33 39 43
137 210 140 211
128 153 136 153
87 73 95 73
142 165 144 167
92 195 93 198
41 45 51 45
126 204 127 208
21 7 30 7
3 171 4 174
9 23 9 30
10 191 20 191
76 24 77 27
161 11 162 14
34 52 36 54
11 131 15 132
140 101 140 110
167 237 168 241
112 224 114 227
134 99 138 100
111 139 112 142
195 56 195 65
73 13 82 13
6 204 7 207
67 137 68 140
131 227 131 235
190 23 192 25
168 97 170 100
102 23 103 28
120 21 120 31
33 86 35 89
112 203 117 204
51 60 54 61
110 97 121 97
37 135 38 139
162 138 163 142
178 238 178 248
89 1 91 3
121 235 122 239
161 236 162 239
139 213 139 224
57 129 58 132
19 64 29 64
26 43 29 44
197 193 199 195
64 146 65 149
119 78 120 81
54 162 58 163
121 139 128 139
184 15 185 19
142 102 145 103
196 99 196 107
9 67 9 78
36 209 46 209
75 108 79 109
29 32 30 36
100 183 105 184
11 26 11 34
198 88 198 95
30 180 39 180
83 100 86 101
7 238 9 241
65 126 68 127
27 15 31 16
41 216 41 224
79 202 80 207
22 70 32 70
190 59 192 62
23 53 32 53
97 154 97 165
103 71 107 72
45 140 50 141
65 74 72 74
96 239 96 247
27 223 37 223
172 3 183 3
57 47 59 49
144 72 145 75
181 38 183 40
181 5 184 6
65 207 68 208
106 188 110 189
18 151 19 155
96 131 101 132
106 11 111 12
62 182 65 183
118 244 127 244
55 4 59 5
66 93 74 93
6 173 16 173
74 213 78 214
195 94 196 97
39 233 40 237
26 204 26 214
131 191 140 191
33 124 33 132
106 217 115 217
64 13 64 23
77 59 80 60
5 53 5 60
157 98 165 98
87 192 92 193
77 86 78 91
54 227 55 230
186 238 188 240
54 52 63 52
158 128 158 138
11 89 18 89
119 53 126 53
53 175 56 177
76 17 78 19
104 171 109 172
150 138 151 141
158 100 161 102
77 230 77 237
89 80 93 81
0 240 0 248
68 80 72 81
156 209 157 213
152 134 153 138
132 21 135 23
195 76 196 80
54 69 55 73
130 102 133 104
44 114 44 122
179 213 190 213
103 247 106 249
79 88 86 88
60 33 62 35
29 226 34 227
82 71 85 72
26 10 35 10
74 94 83 94
126 67 127 71
132 168 134 170
115 142 115 150
25 50 28 51
27 165 28 168
17 117 18 121
63 72 74 72
72 180 74 183
81 55 81 62
113 27 113 35
115 82 120 83
37 169 40 171
109 239 113 240
15 11 18 12
16 76 17 81
86 42 86 52
37 29 44 29
102 142 104 144
69 195 78 195
82 110 83 115
164 86 175 86
94 52 96 54
136 211 136 219
157 10 159 12
41 168 43 171
114 186 122 186
43 161 45 163
71 35 80 35
131 35 136 36
74 176 83 176
51 62 52 66
13 26 21 26
155 73 164 73
2 205 5 207
64 165 65 169
164 78 168 79
16 40 20 41
101 125 104 126
197 206 199 208
20 232 21 237
42 204 43 207
165 123 166 126
174 14 175 19
170 180 178 180
173 54 173 62
57 65 66 65
95 87 99 88
86 194 87 198
179 119 180 124
156 246 165 246
111 94 115 95
73 127 78 128
46 224 48 226
54 10 64 10
75 118 79 119
119 173 120 176
106 135 107 138
162 59 165 60
136 59 146 59
152 50 156 51
137 19 145 19
7 220 9 222
30 43 34 44
140 37 149 37
89 60 94 61
116 58 118 61
111 84 112 89
124 11 124 22
38 174 40 176
5 235 15 235
1 234 1 242
18 36 28 36
14 196 16 198
7 128 8 133
2 196 5 198
59 156 68 156
109 202 111 204
139 5 141 7
20 146 29 146
61 162 62 166
176 183 178 186
192 69 194 71
5 136 10 137
72 100 74 103
149 51 149 60
16 65 16 74
188 40 189 45
1 9 4 10
91 78 95 79
73 44 78 45
87 18 87 26
53 30 61 30
84 134 85 138
143 0 144 3
114 180 125 180
136 248 146 248
34 199 34 210
191 119 191 126
63 99 70 99
152 110 152 117
14 113 14 120
46 35 49 37
10 121 11 124
91 90 93 92
130 236 134 237
193 226 194 229
104 179 105 182
192 1 193 5
86 176 86 187
144 189 149 190
130 208 139 208
174 71 174 81
73 227 73 236
48 18 52 19
125 90 135 90
74 98 77 99
53 131 56 133
127 114 132 115
49 142 53 143
114 152 117 153
132 242 136 243
180 244 182 246
176 239 177 243
0 214 1 219
90 135 91 139
31 191 36 192
160 182 162 184
48 236 51 237
36 19 37 23
187 155 190 157
35 220 37 222
148 33 155 33
0 111 0 121
60 227 60 235
194 186 196 188
68 249 76 249
26 6 33 6
166 128 166 135
183 84 193 84
191 207 192 210
48 148 51 150
12 34 19 34
132 140 135 142
12 215 16 216
55 89 55 97
29 25 37 25
116 106 117 110
68 167 68 176
4 120 5 123
37 148 37 158
29 121 29 131
50 222 51 226
165 1 165 12
143 185 151 185
108 73 109 76
149 199 151 201
19 42 20 46
121 135 130 135
151 227 152 232
15 9 23 9
173 240 174 243
94 249 101 249
139 124 139 133
196 181 199 183
152 145 152 155
196 42 197 46
18 5 28 5
158 107 158 116
25 97 25 104
52 56 54 58
150 122 150 132
104 109 107 110
172 207 174 210
48 47 56 47
140 55 144 56
143 221 151 221
60 224 70 224
32 229 39 229
192 143 196 144
184 11 186 13
110 150 110 160
142 169 144 171
95 239 95 246
57 110 68 110
105 69 115 69
197 227 198 230
117 178 127 178
27 240 30 242
12 142 17 143
57 214 59 216
165 137 166 142
182 175 185 177
57 61 60 63
96 42 96 49
73 243 75 246
0 18 3 20
181 28 182 32
118 141 119 145
65 38 74 38
177 130 185 130
86 163 89 165
136 93 139 94
26 218 29 219
74 50 74 58
115 188 115 196
180 94 187 94
2 49 2 59
152 68 155 69
176 81 185 81
180 126 183 128
87 64 90 66
79 46 82 47
73 134 83 134
179 207 182 209
171 135 172 139
138 39 140 42
30 177 34 178
22 10 25 11
6 164 14 164
82 206 86 207
166 194 170 195
3 74 5 76
140 21 140 29
29 231 39 231
68 243 70 246
49 135 52 136
24 141 29 142
95 83 100 84
125 232 126 235
50 50 59 50
196 0 197 3
77 167 78 171
139 163 142 164
164 107 164 115
116 87 119 88
194 121 194 129
170 228 171 232
121 61 122 66
182 151 183 155
47 32 49 34
69 11 78 11
82 209 84 211
64 29 69 30
170 214 173 215
2 110 6 111
115 46 119 47
191 92 193 95
123 168 123 175
177 217 177 225
36 198 37 201
86 202 90 203
149 225 150 228
65 228 67 231
78 122 88 122
98 128 103 129
144 106 145 109
187 145 191 146
106 97 108 100
108 115 108 125
137 238 139 240
144 202 144 213
165 13 170 14
59 101 67 101
91 120 94 121
111 178 112 182
102 212 103 215
35 59 37 61
57 57 60 58
97 230 99 233
159 192 161 194
157 157 162 158
123 132 126 134
45 129 45 138
187 184 191 185
63 114 64 117
195 70 196 74
57 208 60 209
140 236 141 240
8 100 9 105
134 216 134 223
90 226 91 230
188 86 193 87
14 126 23 126
96 219 100 220
3 53 3 61
4 183 5 187
156 122 158 125
156 245 165 245
45 55 55 55
177 147 178 151
126 168 127 173
61 184 65 185
129 173 130 178
58 138 61 140
75 156 75 166
37 235 38 238
65 216 66 220
86 13 90 14
35 139 35 148
170 171 171 176
90 209 92 211
147 122 149 124
146 134 151 135
107 225 108 229
133 51 134 55
129 117 138 117
19 77 19 85
151 130 153 132
189 106 192 107
181 103 181 111
45 181 45 191
81 65 84 67
121 220 122 225
12 249 20 249
116 28 116 39
193 243 194 247
62 42 64 44
106 30 107 34
138 143 145 143
61 102 66 103
170 244 172 246
107 51 111 52
156 235 157 240
61 232 61 242
162 79 163 83
96 96 97 101
52 183 54 185
190 113 194 114
165 72 168 73
18 55 20 58
155 93 157 96
39 153 50 153
94 29 97 31
112 220 115 222
128 120 139 120
163 224 163 231
171 146 171 154
192 201 196 202
1 16 4 17
91 186 92 189
114 115 114 124
169 79 171 81
194 233 196 235
53 245 54 249
191 46 193 48
144 104 148 105
29 181 34 182
105 148 106 153
89 144 91 147
13 65 15 67
41 173 42 176
141 73 141 80
143 130 143 139
107 20 109 23
66 81 67 85
155 1 157 4
117 114 122 115
4 46 5 49
157 74 165 74
135 178 136 181
129 204 133 205
68 49 71 51
95 172 97 174
115 53 117 55
80 244 84 245
104 139 108 140
1 13 9 13
95 64 99 65
2 162 5 163
5 217 6 222
147 199 148 204
19 166 19 177
110 122 111 125
174 9 179 10
92 95 92 105
88 152 88 161
53 116 62 116
151 178 156 179
117 210 117 217
100 45 107 45
104 59 105 64
181 190 181 200
77 179 81 180
112 43 117 44
109 164 113 165
4 82 11 82
179 147 182 148
158 209 158 217
84 109 85 113
159 247 167 247
163 32 165 35
0 0 1 4
58 22 59 25
63 201 67 202
15 47 23 47
168 158 176 158
67 119 68 122
2 131 3 135
183 161 184 166
97 239 98 242
80 145 81 148
61 189 62 194
59 162 59 170
58 45 67 45
68 184 68 192
10 188 13 189
140 11 141 15
148 81 151 82
36 185 38 187
22 154 24 156
95 177 96 180
168 202 169 205
64 188 64 197
178 98 185 98
101 201 103 203
184 241 192 241
99 48 106 48
114 181 124 181
37 3 44 3
189 129 190 134
41 16 43 18
93 217 93 224
123 140 126 142
30 113 32 115
102 103 110 103
83 184 85 187
0 190 1 194
163 26 164 29
126 78 129 79
97 140 100 141
137 63 140 64
165 236 166 241
72 113 79 113
178 20 180 22
43 159 51 159
30 72 30 80
73 2 77 3
93 164 96 165
132 196 140 196
163 54 167 55
129 108 130 111
46 95 51 96
23 19 26 20
36 104 41 105
89 196 91 198
59 245 60 248
79 67 80 71
147 111 148 114
41 124 41 135
22 93 23 97
99 50 100 54
103 156 103 163
160 211 162 213
159 166 162 168
145 12 146 16
117 66 118 71
85 104 90 105
114 62 115 67
32 76 35 77
49 204 49 214
43 14 50 14
2 100 3 103
69 212 72 213
110 131 117 131
14 157 15 161
132 31 135 33
91 42 91 51
162 117 162 128
99 21 100 26
148 85 155 85
42 121 42 131
143 27 144 31
167 163 167 170
184 3 189 4
197 26 198 31
116 245 118 247
113 249 124 249
189 15 191 17
111 15 112 19
49 99 52 100
155 213 155 222
152 52 152 60
183 208 187 209
85 37 94 37
73 40 80 40
156 77 157 82
95 12 99 13
83 4 83 13
46 9 54 9
183 131 187 132
78 141 78 152
131 4 138 4
152 197 161 197
9 21 19 21
157 19 166 19
1 201 11 201
31 147 33 149
60 145 62 147
41 244 42 247
97 117 97 124
160 116 160 125
170 41 180 41
70 190 75 191
79 155 84 156
132 194 142 194
102 199 113 199
106 190 107 194
4 247 7 248
38 33 38 41
176 54 180 55
49 70 52 71
117 95 121 96
181 218 192 218
67 7 76 7
47 2 57 2
166 109 167 112
110 6 111 10
120 118 121 121
92 135 92 145
135 47 135 55
154 23 157 25
121 157 125 158
42 93 51 93
27 210 29 212
192 119 195 120
167 223 169 225
67 236 71 237
101 58 102 63
107 145 107 153
166 89 174 89
88 124 88 132
124 24 124 34
141 128 141 138
145 94 148 96
160 219 163 220
4 157 6 159
147 44 148 47
121 79 123 81
106 166 107 170
51 106 53 108
63 83 64 87
138 203 142 204
124 58 125 62
143 214 144 217
19 28 20 31
123 2 125 4
125 174 127 176
108 174 111 175
183 139 184 142
188 147 191 149
90 10 93 12
189 151 191 153
173 218 174 222
49 168 49 175
161 134 161 141
42 25 43 28
0 223 3 225
10 175 18 175
66 15 66 23
76 181 79 183
106 78 114 78
173 121 173 129
129 162 132 163
133 84 140 84
141 169 141 177
5 3 5 10
111 126 113 129
194 155 195 159
15 113 16 116
184 134 187 135
127 159 131 160
185 29 192 29
9 215 11 217
197 53 198 57
26 97 27 101
22 212 24 214
30 198 31 201
185 236 188 237
169 16 172 17
79 228 79 236
87 139 88 143
12 178 13 182
14 206 15 211
168 127 171 129
168 92 169 96
164 49 175 49
86 54 90 55
105 232 107 235
50 130 51 134
32 174 37 175
4 65 5 70
67 158 67 169
74 116 77 117
144 234 144 245
26 247 31 248
95 90 102 90
19 0 21 2
181 121 184 122
172 0 180 0
117 101 122 102
20 202 21 206
54 138 56 141
76 246 79 247
170 156 177 156
42 154 46 155
147 161 147 172
197 4 197 11
154 108 154 118
57 233 59 235
54 164 54 171
29 164 30 167
149 167 150 171
91 200 94 201
23 162 24 165
138 102 138 109
189 171 189 179
74 120 79 121
82 125 83 128
66 3 68 6
134 87 137 88
69 196 71 198
195 172 196 175
54 147 56 150
104 55 107 56
85 84 89 85
138 66 140 68
163 196 167 197
174 194 177 195
92 116 95 117
183 244 184 249
26 62 29 63
182 64 183 68
113 138 114 143
180 48 184 49
143 74 143 83
187 23 189 25
138 172 139 176
145 134 145 141
3 95 6 96
193 217 193 224
112 210 116 211
24 84 25 88
120 105 120 112
57 181 57 188
143 20 146 21
100 113 104 114
39 188 41 190
112 205 114 207
113 188 114 193
41 85 45 86
124 121 124 130
121 88 123 90
72 88 75 90
151 203 154 204
54 238 57 240
158 204 160 206
16 235 18 237
22 14 32 14
25 65 29 66
190 164 192 166
181 46 189 46
76 48 80 49
40 46 44 47
43 59 50 59
180 9 182 11
12 133 15 134
2 113 3 116
20 75 22 77
111 23 118 23
124 38 128 39
150 28 152 30
147 5 148 9
79 17 87 17
138 148 142 149
199 42 199 53
165 230 167 232
165 182 168 184
114 1 114 11
66 54 69 55
184 124 187 125
14 170 16 172
112 214 115 216
88 183 89 187
166 173 167 177
111 60 112 63
16 179 19 180
117 218 119 220
140 52 147 52
9 89 9 97
154 36 161 36
75 201 76 204
89 22 90 27
147 240 148 245
98 155 101 156
166 11 169 12
183 220 184 224
43 228 45 230
13 79 15 81
132 69 132 76
15 13 23 13
164 51 168 52
29 50 32 51
193 170 194 173
116 168 117 173
163 191 166 192
162 64 165 65
13 106 16 107
170 38 174 39
138 27 139 31
107 236 111 237
82 165 84 167
46 40 50 41
120 136 123 137
47 195 48 199
1 168 3 170
32 15 33 18
40 32 43 33
174 121 176 124
79 218 88 218
75 209 76 212
189 234 192 236
189 228 190 231
164 133 164 142
159 128 161 130
187 60 189 62
163 93 164 97
127 188 127 195
108 105 112 106
39 11 42 12
72 215 75 217
6 196 13 196
89 32 92 33
172 164 173 169
67 221 70 222
180 77 182 80
148 35 158 35
54 68 61 68
147 184 154 184
52 74 56 75
186 76 188 78
153 148 156 149
143 157 143 164
63 132 63 139
89 58 94 59
107 80 114 80
42 214 44 216
172 160 177 161
2 240 4 243
155 163 162 163
102 29 103 32
101 185 102 188
57 178 60 179
100 73 107 73
102 15 102 22
22 198 25 199
