3680
82 0 82 7
28 176 38 176
60 47 60 57
0 61 5 62
38 213 38 224
132 14 133 19
10 67 15 68
108 218 108 228
152 170 163 170
97 86 107 86
140 218 141 222
64 228 65 231
23 32 23 43
190 30 194 31
154 156 155 160
154 244 162 244
179 179 189 179
175 122 176 126
49 205 53 206
57 181 60 183
149 199 150 203
14 168 24 168
87 180 89 183
199 158 199 168
132 28 136 29
167 3 167 14
15 242 16 246
176 214 176 222
99 135 99 144
72 216 79 216
158 93 161 95
66 232 70 233
103 15 106 17
25 15 29 16
52 125 62 125
75 179 75 187
114 54 114 64
16 74 16 84
97 13 97 24
88 113 93 114
48 84 48 93
91 161 99 161
96 182 98 184
183 205 183 216
150 65 153 66
165 113 170 114
62 92 63 96
81 55 81 64
176 107 176 116
2 174 6 175
154 55 155 60
15 199 18 201
4 88 13 88
163 239 163 249
114 132 114 143
56 71 56 82
52 132 57 133
162 142 162 151
112 35 113 39
44 56 44 64
156 229 158 232
83 176 93 176
35 201 45 201
156 36 161 37
96 144 96 154
180 19 180 30
60 155 61 159
164 214 172 214
91 164 100 164
154 204 155 208
110 15 121 15
176 98 187 98
95 226 98 228
160 143 161 148
153 238 153 248
50 10 55 11
12 49 13 53
20 30 22 33
22 111 33 111
8 91 8 99
71 48 79 48
101 240 111 240
45 207 46 211
80 49 80 59
138 52 141 54
46 7 49 9
131 151 132 156
55 180 65 180
53 33 53 44
44 73 44 84
86 210 97 210
151 217 153 220
33 54 33 65
73 152 74 157
70 37 72 39
87 13 88 16
165 240 176 240
28 44 28 55
104 219 104 228
196 225 196 233
117 82 120 84
120 153 125 154
128 57 129 62
172 128 172 139
128 243 131 245
43 85 43 94
18 87 27 87
152 191 154 194
106 68 108 71
90 42 99 42
63 140 72 140
147 147 149 150
122 171 123 176
92 84 93 89
107 223 107 230
181 87 182 92
7 50 7 60
14 214 19 215
82 226 93 226
139 120 142 122
146 143 157 143
116 164 118 166
9 173 11 175
170 107 173 109
121 81 123 84
54 117 57 118
158 217 158 224
127 168 128 171
87 34 88 39
66 146 67 151
128 119 129 124
94 126 95 131
160 1 161 6
190 88 195 89
144 111 146 114
40 32 42 35
142 153 143 157
52 85 52 96
188 202 189 206
99 100 101 102
85 135 87 138
47 172 56 172
2 164 7 165
38 228 38 236
27 150 27 160
169 81 177 81
27 202 37 202
25 40 25 49
28 189 33 190
106 163 115 163
67 7 67 18
54 190 56 192
139 69 140 73
13 123 14 128
102 56 102 66
134 154 139 155
194 77 195 81
140 68 149 68
193 42 196 44
132 180 135 182
138 178 139 182
26 214 30 215
119 223 127 223
66 121 67 124
59 44 64 45
62 181 64 184
118 225 129 225
137 62 147 62
142 24 142 35
147 28 157 28
182 80 184 83
58 221 61 222
131 68 133 71
139 1 142 3
5 176 16 176
34 45 34 53
58 194 59 198
8 146 8 157
40 53 45 54
37 151 38 155
189 5 191 8
53 56 53 64
106 80 111 81
58 23 68 23
134 188 134 195
168 140 170 143
185 70 185 79
107 91 108 95
183 84 193 84
27 76 35 76
5 132 6 136
40 11 45 12
166 0 171 1
157 39 157 49
29 83 33 84
160 21 163 23
100 128 104 129
155 97 155 106
81 23 84 25
53 13 53 22
68 61 78 61
190 131 190 138
48 187 49 191
87 171 92 172
149 168 149 178
115 55 118 57
140 93 148 93
159 104 168 104
36 35 36 45
81 173 86 174
146 17 146 28
21 135 23 138
60 98 63 100
60 142 69 142
2 198 5 199
19 18 23 19
49 50 59 50
179 141 180 146
55 18 56 22
94 67 94 77
30 30 30 40
91 19 91 29
148 81 149 86
71 160 81 160
5 215 5 222
19 190 20 194
107 34 110 36
44 28 48 29
36 118 36 126
47 192 48 196
128 185 129 189
26 241 31 242
161 198 161 208
109 30 118 30
65 25 66 30
98 177 101 179
78 132 83 133
23 172 23 183
137 90 146 90
192 226 192 234
72 67 72 75
56 55 56 65
173 15 180 15
195 219 195 227
136 34 138 37
94 204 105 204
129 246 139 246
43 235 43 245
161 16 171 16
121 145 122 150
116 228 120 229
193 126 193 137
46 129 47 133
185 50 186 54
151 193 151 204
48 31 49 36
179 86 179 94
196 212 196 219
154 86 156 88
172 48 172 59
142 170 142 180
184 33 189 34
17 189 17 198
134 78 136 81
125 148 136 148
166 217 166 227
89 135 90 140
160 183 165 184
110 90 110 99
187 231 187 241
120 155 123 157
81 43 92 43
145 184 149 185
20 226 20 233
153 233 154 237
40 133 41 138
29 138 32 140
39 111 39 121
138 134 138 144
62 196 71 196
192 49 192 58
77 190 80 191
32 7 33 11
114 183 115 188
88 244 96 244
87 190 96 190
26 68 36 68
71 189 82 189
193 236 193 244
34 157 35 161
56 66 67 66
165 30 173 30
109 223 110 227
91 45 96 46
49 39 51 42
84 115 93 115
104 245 109 246
147 135 151 136
175 170 179 171
16 13 19 15
87 66 87 75
106 232 111 233
80 239 90 239
160 87 161 91
179 228 179 239
37 173 47 173
15 94 17 96
26 31 28 34
164 115 175 115
106 109 108 112
50 200 51 204
64 158 69 159
195 107 199 108
89 116 91 119
149 232 150 237
14 32 15 36
75 97 75 107
119 21 128 21
193 46 198 47
143 242 147 243
24 63 29 64
8 26 12 27
42 102 53 102
117 235 118 238
87 197 92 198
1 96 1 105
32 50 32 61
36 98 47 98
110 55 112 58
145 147 145 158
159 61 159 71
11 228 13 231
154 96 154 107
147 27 158 27
8 134 8 143
163 60 173 60
165 62 168 64
141 197 141 206
4 205 4 215
77 10 79 13
65 50 69 51
93 199 93 207
32 104 42 104
35 179 40 180
133 224 133 232
135 188 144 188
173 100 177 101
148 167 159 167
50 151 52 154
67 19 75 19
176 180 184 180
167 149 167 160
137 210 147 210
70 83 81 83
122 11 124 13
182 57 182 66
85 141 95 141
106 182 111 183
107 128 107 135
42 136 46 137
179 217 190 217
81 9 81 19
71 191 73 194
48 145 53 146
159 166 170 166
102 223 102 233
6 19 6 30
144 246 146 248
80 159 91 159
163 188 168 189
160 82 161 86
78 139 80 142
72 249 81 249
107 3 109 6
157 59 168 59
164 168 168 169
135 129 140 130
5 183 8 185
57 130 61 131
54 219 61 219
81 154 89 154
114 152 116 155
143 175 148 176
120 173 120 181
86 123 95 123
34 182 38 183
119 91 127 91
166 43 170 44
182 186 192 186
167 225 167 233
84 155 89 156
98 120 98 131
130 217 130 228
80 201 82 203
93 82 98 83
151 73 151 80
138 55 140 58
152 180 152 188
16 232 16 241
78 162 79 166
108 121 116 121
183 193 188 194
157 116 168 116
93 40 98 41
30 123 33 125
53 84 54 88
28 165 31 167
119 95 120 99
70 161 72 164
16 49 16 59
124 158 129 159
29 223 29 232
63 213 65 216
128 87 129 91
120 233 120 240
172 182 174 185
148 214 150 217
146 178 148 181
166 204 167 209
116 143 117 146
32 213 33 217
168 19 178 19
156 11 165 11
50 157 51 162
198 138 199 143
161 26 161 35
91 98 94 100
189 103 190 108
60 37 67 37
126 38 126 49
57 86 67 86
157 189 162 190
133 51 142 51
148 24 152 25
139 34 139 45
181 192 190 192
58 227 58 235
128 131 128 141
149 239 149 248
56 119 57 124
102 35 102 46
175 0 175 11
175 183 175 191
9 143 18 143
181 195 186 196
80 45 83 47
34 233 34 241
195 163 195 172
168 72 169 76
35 47 36 51
198 217 199 222
40 142 40 152
65 0 66 3
15 0 16 5
25 18 25 25
106 29 106 37
31 228 34 230
23 17 32 17
175 132 178 134
119 28 129 28
41 108 41 119
52 184 56 185
0 187 1 192
121 232 130 232
102 182 103 187
6 243 9 245
112 25 121 25
71 242 72 245
62 110 72 110
188 155 188 164
83 129 92 129
162 181 166 182
85 142 93 142
189 19 197 19
131 33 131 44
187 144 189 147
126 18 129 20
193 201 197 202
156 95 156 102
86 117 87 122
49 30 59 30
86 61 95 61
188 18 188 27
11 89 12 93
106 0 106 11
97 196 106 196
40 213 41 217
17 71 17 81
6 227 6 237
149 116 149 126
112 146 112 155
180 62 180 73
10 61 11 66
149 9 153 10
111 216 112 221
117 121 119 124
96 125 96 134
77 236 77 245
143 107 147 108
114 247 117 249
66 221 67 226
61 210 69 210
75 167 79 168
124 128 125 133
25 0 25 7
131 104 134 106
13 98 13 106
37 86 38 90
92 177 93 182
7 219 14 219
75 175 86 175
140 117 143 119
98 46 100 48
75 140 76 145
32 108 37 109
79 126 87 126
170 151 170 159
36 26 39 28
27 170 28 175
39 175 42 177
150 70 150 80
89 201 90 205
53 161 54 166
145 193 145 203
152 40 152 49
165 144 170 145
142 85 143 88
31 206 32 211
83 116 83 125
198 73 199 77
178 108 188 108
163 69 164 72
16 62 16 73
61 19 65 20
184 240 184 248
159 112 167 112
169 232 173 233
169 217 169 227
76 86 87 86
41 93 42 97
168 21 175 21
99 49 103 50
11 6 16 7
75 76 78 78
24 147 35 147
196 175 198 177
95 23 95 31
21 163 22 167
182 73 184 76
67 198 78 198
150 54 151 59
42 74 43 78
152 197 153 201
165 80 173 80
73 169 74 174
5 41 12 41
42 171 52 171
99 111 103 112
116 100 117 105
70 23 73 25
154 112 155 115
105 87 105 94
142 193 142 200
116 43 117 48
46 238 48 240
193 216 194 221
116 185 124 185
71 246 74 247
18 206 21 207
22 194 23 199
151 38 151 45
116 67 117 70
109 110 120 110
172 69 172 79
171 189 171 199
142 162 147 163
13 202 16 204
198 82 198 93
123 74 132 74
29 177 31 179
27 246 30 248
15 248 25 248
124 165 124 173
180 235 181 238
112 94 113 97
45 187 46 191
131 200 139 200
108 151 110 153
189 44 189 52
17 158 21 159
188 235 189 240
43 232 52 232
103 53 103 61
125 204 125 213
174 40 174 49
58 67 60 70
32 171 34 174
8 61 9 65
103 36 105 39
155 108 157 111
135 12 146 12
88 74 89 79
186 112 195 112
174 231 177 233
145 94 146 99
53 211 53 219
26 125 28 128
118 231 127 231
89 5 91 8
113 234 114 238
37 165 42 166
166 65 166 75
109 162 117 162
193 185 194 190
102 205 110 205
59 178 70 178
149 45 149 54
5 10 8 12
170 130 170 138
194 118 195 122
176 211 179 213
76 203 79 205
20 139 22 141
8 123 9 128
105 137 107 140
63 62 66 64
126 139 127 142
192 120 192 131
145 46 145 57
51 4 55 5
156 174 157 179
80 103 80 112
190 160 191 164
134 0 138 1
155 185 155 193
195 230 195 240
22 149 26 150
26 41 26 52
7 209 7 218
184 61 192 61
197 64 199 67
159 122 161 125
116 1 119 3
177 46 179 48
107 184 109 187
27 41 27 51
199 174 199 185
81 65 82 70
61 41 64 42
103 62 108 63
175 60 179 61
46 155 55 155
185 125 185 133
114 115 125 115
109 211 110 214
152 69 152 78
178 220 180 223
154 65 155 70
161 236 165 237
10 102 10 112
99 78 103 79
16 183 16 191
133 210 134 214
64 204 74 204
32 177 33 180
93 106 104 106
0 123 1 127
20 113 21 116
163 81 165 84
9 189 9 197
112 228 112 238
174 28 174 38
174 188 174 199
179 186 180 191
150 174 150 184
114 84 116 86
138 213 149 213
123 49 125 52
196 148 199 149
0 39 8 39
80 99 83 101
177 119 179 121
5 95 5 105
93 62 101 62
32 112 37 113
85 56 85 67
39 64 39 72
51 178 56 179
93 214 93 221
171 204 172 208
156 234 158 237
53 103 55 105
10 29 12 31
187 243 191 244
70 206 71 211
184 154 184 165
28 94 28 105
195 57 197 59
102 119 104 122
164 92 164 101
162 39 162 50
97 85 105 85
113 167 113 178
50 170 58 170
143 205 152 205
182 77 184 79
24 145 34 145
29 106 31 109
186 139 196 139
154 120 154 130
79 81 90 81
89 212 100 212
195 244 197 247
184 199 184 208
1 5 1 14
115 93 124 93
86 50 91 51
22 48 22 55
57 16 57 26
84 245 89 246
38 127 43 128
196 188 198 191
194 36 195 40
108 141 108 149
39 184 50 184
39 4 39 13
39 240 39 249
125 233 125 243
67 107 74 107
53 147 64 147
35 220 36 225
189 163 189 174
19 122 27 122
3 2 14 2
161 177 170 177
114 69 115 73
10 144 15 145
32 248 35 249
18 4 20 7
92 69 92 77
82 93 84 96
173 211 173 219
174 16 184 16
167 22 177 22
76 6 80 7
5 108 5 118
191 85 196 86
159 223 162 225
193 0 197 1
71 165 71 175
98 49 98 60
190 218 190 229
171 2 174 3
17 92 21 93
72 53 74 56
186 113 186 124
140 244 141 249
57 248 61 249
89 1 94 2
22 142 25 143
93 159 103 159
18 182 19 186
95 195 105 195
181 12 190 12
53 101 61 101
196 161 198 163
86 8 86 17
186 99 188 101
67 241 76 241
184 44 185 49
100 194 109 194
127 125 129 127
150 163 161 163
32 150 32 157
15 8 15 18
0 237 0 247
151 31 153 33
4 187 6 190
173 118 173 129
122 218 127 219
3 139 4 144
172 96 172 103
44 85 44 92
68 27 68 36
72 223 80 223
3 15 4 19
85 110 87 113
112 104 114 107
175 135 180 136
18 223 23 224
159 227 161 230
159 19 166 19
131 233 135 234
88 167 90 170
176 40 180 41
157 121 168 121
146 30 147 35
172 141 172 149
63 162 63 171
17 60 24 60
38 42 39 47
36 232 36 243
134 225 144 225
48 162 49 167
175 30 177 33
52 194 54 197
178 137 189 137
40 114 40 123
173 165 176 167
170 47 170 57
72 126 74 129
52 227 54 229
54 134 56 137
1 152 3 155
119 200 127 200
18 126 20 129
30 115 31 120
96 52 96 59
106 22 108 24
174 159 181 159
40 9 43 10
163 87 163 97
100 248 108 248
155 161 159 162
99 8 102 10
155 131 165 131
50 81 52 84
143 40 144 45
72 30 74 33
28 178 28 188
64 72 69 73
119 41 119 52
117 227 125 227
23 26 28 27
68 212 69 217
183 85 184 89
36 14 46 14
186 37 190 38
9 129 9 138
80 113 83 115
63 51 63 58
191 123 191 133
75 25 76 30
88 247 90 249
7 161 12 162
21 58 30 58
60 171 61 175
105 79 115 79
118 187 127 187
100 180 103 181
59 33 61 36
40 168 45 169
9 247 18 247
24 12 33 12
13 191 13 201
106 74 117 74
127 172 128 176
85 195 86 199
184 234 185 239
99 23 100 27
97 198 99 200
149 188 150 193
79 228 80 233
63 248 68 249
17 33 18 38
129 139 130 144
44 223 45 227
139 164 139 175
37 116 37 126
98 241 107 241
183 24 183 35
61 74 63 77
103 127 110 127
129 11 139 11
89 227 89 237
47 57 52 58
186 83 194 83
45 24 47 27
60 165 61 169
68 167 68 177
61 134 65 135
155 82 157 85
16 107 18 110
101 130 102 134
199 38 199 45
126 150 127 154
111 140 111 151
70 41 71 45
190 69 193 71
151 165 161 165
61 2 61 12
24 228 25 233
109 69 113 70
84 150 86 153
65 220 73 220
38 1 41 3
189 15 194 16
173 50 173 57
49 128 49 138
125 161 134 161
84 26 89 27
123 55 123 64
118 215 120 218
44 206 44 213
19 33 19 42
26 1 30 2
108 244 117 244
80 212 80 220
51 8 59 8
31 19 42 19
20 169 20 178
166 164 176 164
100 53 100 60
113 161 122 161
38 52 38 59
5 5 12 5
66 162 66 170
110 21 117 21
157 192 165 192
57 204 57 215
42 59 42 70
117 204 117 215
173 243 174 248
18 55 21 57
141 69 142 74
19 107 27 107
176 3 185 3
32 73 37 74
69 34 78 34
73 101 74 106
116 220 118 223
144 36 152 36
183 99 185 102
23 156 25 159
89 125 91 128
95 145 95 155
153 97 153 105
35 209 36 213
127 100 137 100
17 153 20 155
75 42 76 45
46 65 49 67
104 24 104 34
76 178 77 182
171 226 172 230
114 167 119 168
81 50 83 52
47 73 49 75
66 132 71 133
102 102 105 104
41 20 41 30
77 106 78 111
61 114 65 115
135 136 135 146
106 201 109 202
100 148 100 156
26 90 26 98
181 127 183 130
104 146 105 150
19 48 20 52
55 143 60 144
170 10 173 12
0 179 5 180
69 2 69 10
174 215 175 220
92 173 94 175
2 82 4 84
56 223 57 227
14 229 19 230
117 194 124 194
123 112 127 113
28 207 30 209
4 70 4 81
174 138 174 148
8 72 13 73
104 74 105 78
83 82 91 82
122 183 133 183
59 126 62 127
79 237 88 237
68 137 71 138
142 216 143 221
51 106 54 108
146 224 147 229
190 109 195 110
47 53 50 55
181 76 181 85
70 116 72 119
83 164 84 169
174 119 174 129
59 87 68 87
163 225 163 235
154 172 159 173
153 155 164 155
18 77 22 78
154 212 156 215
50 77 52 80
94 3 94 13
144 69 144 78
37 193 45 193
96 176 106 176
13 110 14 115
97 217 97 224
67 103 72 104
99 4 101 6
136 133 147 133
187 123 190 125
138 192 147 192
22 128 24 130
74 133 74 142
122 59 122 69
3 200 5 203
138 191 147 191
28 0 38 0
13 75 13 86
189 63 190 68
119 247 130 247
129 108 130 112
21 170 22 175
20 22 21 25
97 145 99 147
4 239 4 249
24 29 25 33
168 35 170 38
140 166 142 168
76 149 85 149
158 128 163 129
36 245 38 248
81 116 81 125
173 156 177 157
169 179 169 189
121 198 130 198
194 130 194 138
120 29 123 31
116 126 116 134
148 102 150 105
7 74 10 75
174 64 174 74
123 180 127 181
98 214 98 225
156 189 156 196
5 68 5 76
67 96 72 97
114 213 114 224
78 153 79 157
127 51 129 54
20 214 22 217
83 27 83 38
30 221 32 224
73 222 82 222
128 50 136 50
85 75 86 80
58 156 58 166
129 117 139 117
177 150 188 150
126 24 137 24
80 225 91 225
132 84 141 84
101 140 102 144
47 110 47 120
175 48 175 56
146 150 146 159
87 216 88 221
9 224 11 227
101 12 101 23
23 44 24 48
79 57 79 68
26 6 34 6
135 175 137 178
29 4 34 5
54 188 58 189
72 0 74 2
54 115 59 116
66 74 68 77
82 26 82 37
153 118 161 118
13 152 13 159
183 113 185 115
142 144 145 145
118 100 122 101
21 81 25 82
67 88 78 88
32 80 35 81
5 169 15 169
36 52 36 61
46 32 46 39
51 31 56 32
65 32 67 34
189 142 196 142
19 196 20 201
177 86 177 97
130 95 131 99
114 158 119 159
6 143 7 147
62 31 63 36
70 13 73 15
20 11 27 11
30 149 31 152
160 167 169 167
152 79 154 82
123 97 123 108
185 93 190 94
167 67 168 71
56 103 61 104
165 247 168 249
175 147 184 147
185 87 196 87
151 151 151 161
164 105 175 105
58 152 59 155
1 158 12 158
112 92 123 92
112 210 116 211
50 1 59 1
106 220 106 229
78 89 83 90
155 181 159 182
125 165 130 166
61 52 62 56
132 31 133 35
85 177 85 187
11 17 12 22
173 77 178 78
3 44 3 53
115 18 120 19
100 209 110 209
136 215 137 220
61 68 62 73
195 28 198 30
171 18 180 18
172 116 172 126
43 144 45 147
57 148 59 151
77 92 79 94
181 109 185 110
22 192 30 192
66 99 71 100
61 161 62 164
20 148 31 148
96 192 104 192
43 18 44 23
181 199 181 209
119 243 124 244
94 111 95 114
44 148 47 150
160 134 169 134
157 107 165 107
53 237 62 237
117 186 117 193
83 68 83 79
117 60 120 62
148 129 151 130
111 118 122 118
71 6 73 9
4 186 13 186
117 27 125 27
181 96 186 97
133 47 136 49
30 144 39 144
161 102 171 102
110 87 121 87
79 193 89 193
70 79 72 81
176 176 180 177
103 115 104 118
126 68 129 69
1 209 3 211
21 68 24 70
165 243 170 244
190 47 190 56
50 233 50 241
91 96 96 97
67 244 70 246
11 132 12 137
29 18 40 18
46 221 57 221
133 134 133 143
125 168 126 173
45 116 46 121
114 40 114 50
127 96 129 99
90 88 90 99
132 75 135 77
77 24 80 26
186 168 186 177
48 47 51 49
91 241 96 242
158 206 158 216
62 148 62 158
42 224 43 228
102 72 110 72
86 143 96 143
140 7 142 10
77 40 88 40
155 76 160 77
120 6 124 7
186 249 195 249
1 30 2 35
48 223 48 230
125 120 127 122
154 2 155 7
69 125 70 129
77 131 86 131
37 38 45 38
102 151 103 154
42 105 42 115
90 72 90 79
131 0 131 9
186 184 189 185
159 193 160 198
31 94 40 94
60 185 64 186
83 232 85 235
47 51 55 51
178 184 182 185
85 211 85 220
135 104 135 112
181 223 183 225
71 50 71 57
137 247 139 249
199 21 199 31
30 198 31 201
134 171 136 174
90 193 93 195
107 96 108 101
20 108 25 109
103 157 106 158
38 170 48 170
155 128 157 130
164 242 175 242
163 30 163 38
144 236 146 238
77 116 79 119
196 3 199 5
50 167 54 168
51 116 52 121
187 66 187 77
24 79 29 80
13 172 15 175
196 78 197 82
69 224 73 225
159 41 159 52
92 20 93 24
132 128 143 128
138 110 141 111
64 234 69 235
145 137 148 139
96 172 99 174
76 95 76 103
178 193 179 197
14 75 14 86
136 238 138 241
89 130 92 132
192 175 192 184
148 22 153 23
1 115 2 119
72 210 75 212
55 38 55 49
134 91 134 99
17 132 17 142
172 82 180 82
20 14 22 17
104 41 106 44
47 169 55 169
24 9 28 10
89 217 90 222
18 188 18 197
65 94 65 105
9 180 10 185
160 50 161 55
15 220 20 221
115 170 116 175
68 180 70 182
95 69 100 70
135 58 135 65
68 101 71 102
101 243 103 246
90 185 92 188
6 193 7 197
97 31 99 34
40 51 45 52
94 160 105 160
38 103 49 103
81 180 82 185
137 158 140 160
99 124 102 126
128 7 128 16
165 88 173 88
18 146 19 151
176 56 183 56
50 245 55 246
4 86 9 87
0 91 0 101
37 101 41 102
199 51 199 58
71 147 71 155
0 128 2 131
34 192 35 196
141 134 141 144
184 56 186 58
9 207 9 216
142 57 144 60
178 199 178 210
37 141 48 141
150 141 161 141
41 154 42 158
183 37 184 42
121 40 121 50
45 61 52 61
151 223 156 224
182 27 182 38
186 152 186 160
21 228 23 231
156 159 163 159
110 53 118 53
113 108 121 108
150 90 155 91
105 119 112 119
114 36 125 36
148 229 148 238
177 4 188 4
1 54 6 55
153 226 157 227
66 186 69 188
197 230 198 235
121 205 121 216
0 160 0 171
5 24 5 33
136 93 137 97
83 44 90 44
167 201 176 201
117 111 121 112
151 114 152 119
62 205 71 205
49 68 51 71
116 71 119 72
34 139 45 139
198 119 198 130
45 180 54 180
135 187 145 187
102 210 104 213
13 27 20 27
23 73 26 75
118 191 126 191
136 126 147 126
142 38 142 47
43 122 48 123
114 225 115 230
55 95 58 97
130 207 134 208
166 153 166 163
117 175 118 180
40 83 40 93
139 94 141 96
118 138 118 146
133 162 140 162
143 193 144 197
15 19 16 23
122 164 133 164
191 64 195 65
58 51 58 62
99 165 107 165
109 40 110 45
55 160 56 164
5 124 7 127
188 129 189 134
66 54 67 57
62 0 62 11
75 14 77 17
136 64 147 64
47 176 52 177
160 211 160 220
4 64 6 67
105 235 106 239
6 198 6 206
67 79 69 81
21 34 21 41
178 103 182 104
160 73 163 75
122 160 131 160
154 238 162 238
11 164 12 168
185 142 188 143
173 96 175 99
19 85 28 85
22 187 23 191
17 236 18 240
132 109 134 112
59 138 61 141
43 1 47 2
162 162 165 164
143 15 143 22
190 193 191 198
133 198 137 199
50 109 51 114
112 43 112 51
114 240 116 243
147 164 156 164
193 175 194 180
191 222 194 224
165 100 169 101
148 4 151 6
60 238 60 247
22 234 25 235
171 31 171 38
63 172 64 177
144 146 144 156
92 233 97 234
165 106 176 106
120 136 125 137
17 20 22 21
47 78 48 81
135 207 138 209
7 129 8 132
171 151 172 155
160 156 165 157
27 117 28 121
53 112 55 114
176 66 176 74
100 35 101 39
110 131 111 135
127 213 129 216
178 105 182 106
145 70 147 73
132 25 141 25
167 91 176 91
192 205 196 206
183 141 194 141
152 145 153 149
105 95 106 100
27 90 31 91
112 114 123 114
54 34 54 42
141 26 141 34
45 43 48 45
96 2 100 3
43 40 46 42
32 71 37 72
112 59 112 67
100 167 104 168
26 193 31 194
188 118 190 121
128 76 131 77
34 169 37 170
74 192 84 192
169 40 173 41
29 244 37 244
20 105 25 106
112 128 114 130
99 217 99 226
179 155 182 157
4 109 4 120
111 197 111 207
3 220 4 225
44 247 47 248
94 208 99 209
17 8 26 8
15 213 25 213
158 83 159 86
33 20 33 31
58 109 68 109
53 199 56 200
91 228 94 230
152 207 153 210
193 155 193 164
104 53 105 58
147 94 157 94
11 209 14 211
156 201 158 203
96 185 100 186
83 211 83 221
48 129 48 140
0 82 0 90
65 59 73 59
7 78 8 82
36 187 37 190
25 131 30 132
73 62 75 65
51 99 58 99
150 8 160 8
67 111 67 120
187 51 188 56
8 104 8 115
150 122 151 125
85 30 85 39
0 63 0 73
34 9 38 10
32 38 32 48
146 16 153 16
81 134 92 134
136 101 137 105
6 16 14 16
169 122 170 126
41 129 43 131
190 92 197 92
159 179 162 180
117 182 121 183
196 152 199 154
123 189 127 190
109 18 109 27
21 200 24 202
79 137 84 138
153 45 154 48
34 134 35 138
121 102 122 106
41 55 41 64
103 140 103 150
89 38 91 41
191 245 193 247
151 1 158 1
60 212 62 215
154 145 157 146
24 205 26 208
137 227 140 228
56 105 59 107
142 109 152 109
142 65 146 66
63 201 66 203
1 230 1 240
7 21 9 24
104 242 107 244
142 37 151 37
33 234 33 243
75 51 75 58
192 72 193 77
132 55 134 58
84 105 94 105
99 87 101 90
50 21 51 25
93 245 97 246
63 141 71 141
195 123 195 134
94 22 94 30
187 96 195 96
30 170 31 174
62 46 63 50
188 29 189 32
148 151 148 158
199 203 199 212
1 25 4 26
117 10 125 10
72 3 76 4
159 209 159 219
93 129 93 137
113 3 113 11
93 12 93 19
5 42 9 43
65 82 75 82
26 136 27 141
136 16 141 17
14 100 15 104
40 161 42 164
3 228 4 233
21 118 26 119
109 166 112 168
146 195 150 196
3 132 4 136
113 76 118 77
190 10 194 11
163 213 163 221
71 178 73 181
178 14 187 14
177 187 177 197
107 167 108 170
142 81 144 84
157 13 158 18
154 174 154 184
9 9 10 14
68 228 75 228
65 5 65 13
98 242 100 245
66 189 67 193
185 207 192 207
122 116 131 116
15 81 15 89
110 75 112 78
40 59 40 70
134 31 135 36
103 247 113 247
95 9 95 19
193 58 194 62
6 92 6 102
73 233 74 237
85 200 85 210
139 102 144 103
184 28 186 31
184 116 185 120
83 140 84 144
146 217 147 222
85 224 96 224
48 213 49 218
11 216 16 217
166 2 166 12
157 60 157 70
18 132 19 136
49 194 51 197
38 129 38 138
97 152 98 157
15 121 25 121
158 187 167 187
120 125 123 127
111 111 116 112
155 79 158 80
38 187 42 188
99 118 101 121
161 98 163 101
82 56 83 61
67 236 71 237
125 100 125 111
38 76 40 79
190 143 193 144
61 25 63 28
177 0 179 2
37 43 37 53
183 161 183 172
158 241 161 243
34 28 34 39
170 162 181 162
53 129 55 131
37 22 39 24
42 24 43 29
137 73 137 82
81 102 83 105
127 105 128 110
33 86 35 89
126 195 129 196
6 6 8 8
165 138 166 142
144 28 145 33
0 48 0 58
31 127 33 129
159 114 162 115
79 74 82 76
36 205 44 205
70 87 79 87
148 132 157 132
44 15 47 17
189 90 192 91
48 2 59 2
106 52 107 55
24 62 31 62
62 224 63 228
101 161 111 161
64 125 66 128
70 92 73 94
88 109 93 110
177 25 179 28
17 44 18 49
188 63 188 72
160 67 162 69
195 101 196 106
171 215 171 225
85 240 89 241
129 171 129 180
169 62 169 71
0 137 0 147
126 1 128 4
60 229 62 232
93 64 93 74
50 207 50 218
109 99 109 109
196 120 196 131
117 196 119 198
107 11 107 21
128 205 136 205
41 237 41 244
112 26 115 28
10 121 13 122
125 202 134 202
72 40 74 42
170 6 172 9
19 161 23 162
194 6 196 8
109 9 112 11
2 204 3 207
49 242 52 244
25 178 26 182
177 240 180 242
78 234 81 236
95 115 97 117
69 23 69 31
97 7 98 12
152 236 152 247
162 28 162 38
162 197 163 202
148 110 149 114
63 129 65 131
173 131 174 135
68 143 68 153
35 203 39 204
118 128 118 135
173 67 173 76
58 88 63 89
17 204 17 212
96 28 99 30
196 178 198 181
68 65 69 68
75 68 76 72
137 92 148 92
18 84 27 84
66 230 69 231
149 137 159 137
43 229 47 230
95 34 96 39
25 187 27 190
25 53 27 56
0 10 0 20
122 214 125 216
65 194 69 195
163 46 168 47
137 89 147 89
143 29 143 36
129 132 137 132
191 116 199 116
165 203 165 213
182 229 184 232
187 210 188 213
175 195 176 199
185 244 186 248
98 84 107 84
195 157 198 159
111 60 111 67
161 120 170 120
90 57 93 59
68 11 69 14
44 162 45 167
105 129 106 133
96 87 97 91
176 6 187 6
101 190 112 190
79 161 90 161
194 145 195 150
87 92 87 100
58 74 60 76
41 42 42 47
111 0 120 0
42 216 43 221
48 96 49 99
169 82 171 84
140 14 149 14
155 44 155 53
18 245 29 245
86 214 90 215
60 190 61 194
33 92 38 93
154 10 163 10
163 146 171 146
113 219 113 227
156 55 158 57
113 22 116 23
173 170 173 177
70 183 71 188
182 159 182 169
25 216 28 218
63 233 63 243
88 45 90 47
142 230 145 232
54 64 54 73
11 138 13 141
79 241 81 243
187 189 190 191
2 163 12 163
69 90 72 91
117 170 118 173
39 230 42 231
54 152 56 154
159 22 159 32
165 170 172 170
138 100 138 109
163 24 164 29
47 38 48 42
186 95 196 95
30 219 33 220
167 135 167 142
115 2 115 10
114 33 122 33
191 33 191 44
6 118 14 118
21 125 21 132
170 73 171 77
13 133 15 136
154 32 155 37
37 145 39 148
29 45 31 47
192 210 194 212
102 23 102 33
115 135 115 144
73 158 81 158
119 143 124 144
102 13 105 14
81 30 81 39
31 96 36 97
170 179 173 181
115 34 125 34
191 25 193 28
115 59 115 67
69 112 78 112
129 152 130 156
14 48 15 53
190 174 190 182
125 5 126 8
85 16 85 23
92 145 92 155
122 177 125 179
53 241 57 242
151 229 152 234
123 79 131 79
43 55 43 64
83 238 94 238
40 219 41 222
24 237 32 237
94 109 104 109
12 8 12 15
53 91 54 96
112 132 113 136
116 187 116 195
82 11 84 14
103 214 103 222
60 80 61 85
88 213 99 213
1 167 9 167
71 200 81 200
100 29 101 33
54 78 55 83
129 10 138 10
67 154 70 156
175 36 178 38
185 218 185 228
73 207 84 207
13 61 14 65
65 47 74 47
89 104 99 104
182 17 192 17
0 182 3 184
90 35 94 36
81 209 82 214
75 133 77 136
75 231 76 236
100 169 101 174
21 239 22 244
57 39 58 44
55 36 58 37
146 48 146 58
107 156 110 158
134 69 137 71
86 21 90 22
112 174 112 184
95 79 98 81
81 84 89 84
2 11 2 22
120 72 131 72
129 63 131 65
75 124 80 125
142 159 145 161
101 1 104 3
14 149 15 154
25 91 25 102
61 240 62 245
50 12 51 17
0 76 2 78
13 119 17 120
41 179 50 179
191 231 191 240
18 160 26 160
51 230 56 231
34 121 35 126
176 83 176 90
76 170 84 170
105 141 107 144
157 100 159 103
139 214 139 221
31 158 33 160
132 170 133 174
53 181 56 183
13 161 15 164
26 28 29 30
3 91 4 96
183 90 184 95
29 31 29 42
186 230 186 239
0 27 4 28
126 238 129 239
65 165 65 174
2 192 4 195
182 116 183 121
86 180 86 188
131 52 134 54
45 91 47 94
110 14 121 14
175 204 175 213
2 170 9 170
98 229 98 237
192 162 192 172
175 140 176 144
134 226 136 229
176 234 177 237
36 80 41 81
162 214 162 222
92 50 96 51
73 195 80 195
24 173 26 176
109 88 120 88
192 2 193 5
159 175 170 175
162 78 166 79
99 105 106 105
7 91 7 99
98 64 100 66
174 249 183 249
165 89 175 89
28 69 38 69
115 224 125 224
57 10 58 15
184 18 184 27
48 247 51 248
33 163 36 165
76 0 80 1
180 7 185 8
35 5 38 6
139 202 140 205
184 0 188 1
29 92 29 102
129 113 139 113
144 167 145 171
2 3 3 7
52 202 61 202
144 220 145 224
138 80 149 80
142 101 150 101
193 198 198 199
134 19 139 20
38 115 38 126
73 197 84 197
112 196 114 198
171 112 174 113
74 49 79 50
155 133 158 134
189 218 189 227
89 102 94 103
127 30 127 39
6 212 6 223
18 172 18 179
147 42 148 46
8 249 16 249
130 241 135 242
100 237 104 238
10 45 10 55
75 224 77 227
64 53 65 56
171 61 174 63
126 206 126 214
39 234 40 238
165 225 165 235
130 209 132 212
167 179 167 186
177 201 177 210
64 93 64 104
192 153 192 161
177 214 181 215
105 211 108 213
8 29 8 37
2 98 2 108
132 121 136 122
184 169 184 176
132 188 133 193
8 190 8 200
69 148 70 152
50 186 52 188
79 128 81 130
76 151 77 156
6 109 7 114
140 106 149 106
133 6 142 6
159 12 162 14
123 202 124 206
2 218 2 229
119 162 120 165
33 38 33 47
73 243 75 245
131 140 132 144
131 114 142 114
136 59 141 60
179 69 179 80
100 222 100 230
97 96 101 97
171 92 173 94
61 106 63 108
97 139 98 143
46 127 56 127
133 2 136 3
77 208 80 209
16 156 16 167
108 235 110 237
87 199 88 204
188 39 188 47
69 85 73 86
158 147 159 152
137 147 140 149
77 41 82 42
98 107 106 107
185 9 193 9
9 230 9 240
42 0 42 8
193 99 194 104
22 37 22 45
63 150 65 153
165 36 167 39
23 89 31 89
38 206 43 207
0 111 0 120
4 85 12 85
49 122 51 125
121 172 121 180
101 64 101 75
29 183 31 185
148 49 148 60
88 56 95 56
51 213 52 216
197 225 199 227
122 162 127 163
166 190 168 192
119 192 124 193
45 71 46 76
120 220 122 222
99 98 103 99
120 63 120 71
44 142 54 142
197 194 198 197
126 128 127 133
184 214 189 215
145 116 146 119
117 241 124 241
28 152 28 163
155 245 157 248
155 126 165 126
164 200 164 211
61 40 71 40
17 64 18 69
108 46 109 51
79 176 80 180
181 67 184 68
154 152 157 153
98 72 100 75
174 151 182 151
163 110 171 110
141 115 144 116
167 122 167 132
159 199 160 204
180 229 181 232
97 188 108 188
8 44 9 49
34 99 38 100
58 208 58 217
185 199 188 201
125 67 135 67
162 56 165 58
147 0 147 8
10 197 10 207
125 157 133 157
102 197 104 200
34 187 35 190
191 165 191 176
76 246 79 247
119 245 124 246
111 13 120 13
42 101 51 101
52 65 53 69
104 83 115 83
10 220 13 222
102 87 102 95
54 207 54 216
140 237 142 240
183 237 183 245
0 40 1 45
105 113 109 114
148 227 152 228
164 216 165 221
118 226 127 226
23 215 24 219
137 28 138 31
172 39 182 39
6 148 7 153
113 142 113 152
83 247 87 248
40 124 47 124
53 29 62 29
117 75 127 75
151 171 160 171
155 197 158 199
5 225 5 236
136 242 139 244
194 53 198 54
42 48 46 49
20 100 23 101
136 150 139 152
150 19 157 19
173 154 183 154
10 129 10 138
57 172 58 177
108 116 113 117
82 108 87 109
193 192 198 193
2 0 11 0
100 175 108 175
66 95 75 95
101 210 101 221
5 40 15 40
83 0 92 0
49 111 49 120
27 196 30 197
109 120 119 120
156 239 160 240
23 238 26 240
66 214 67 218
99 191 106 191
116 9 124 9
66 48 70 49
60 17 63 18
134 230 139 231
187 246 189 248
175 243 178 245
131 149 135 150
50 224 51 229
127 6 127 15
54 52 55 57
113 109 124 109
180 115 181 120
15 106 15 115
69 202 79 202
103 19 103 29
11 188 12 192
83 178 84 183
56 112 65 112
72 175 74 177
170 24 175 25
84 48 85 52
44 108 44 117
54 15 54 24
133 215 134 220
181 188 184 189
12 234 14 237
160 26 160 34
10 148 13 150
196 13 199 15
141 63 150 63
136 183 144 183
179 126 180 131
23 220 26 222
63 117 63 126
196 133 199 135
37 55 37 66
110 52 118 52
157 208 157 217
85 1 88 3
122 14 126 15
10 96 11 100
110 17 111 20
160 176 169 176
104 134 104 145
50 131 50 141
181 47 181 55
44 195 45 200
194 225 194 235
130 169 137 169
101 51 101 58
70 143 72 146
10 240 14 241
181 10 188 10
180 182 188 182
30 98 32 101
77 148 88 148
167 217 168 222
116 148 117 151
8 177 13 178
178 84 178 93
108 89 118 89
16 102 19 103
105 197 107 199
179 167 181 169
20 65 31 65
132 88 132 99
106 124 116 124
136 131 147 131
140 169 141 174
168 224 168 231
16 61 24 61
46 59 50 60
91 95 101 95
147 114 147 125
24 13 34 13
81 91 86 92
69 167 69 177
177 70 178 73
103 124 105 126
24 161 27 163
178 32 181 34
171 23 178 23
129 133 131 135
91 202 92 207
91 31 93 33
115 233 116 238
2 159 7 160
26 225 27 230
85 93 86 98
135 4 140 5
176 5 184 5
7 232 7 239
57 71 60 73
132 247 135 249
173 136 173 147
177 43 186 43
123 16 124 19
98 113 101 115
122 88 124 90
46 222 47 225
131 196 139 196
162 86 173 86
125 145 128 147
114 24 124 24
44 241 46 243
122 235 124 237
77 217 79 220
103 172 110 172
115 214 115 223
93 168 95 170
43 157 47 158
190 97 191 101
1 89 6 90
127 201 138 201
170 163 178 163
194 237 194 248
128 43 130 46
48 3 59 3
38 105 41 107
161 210 161 220
166 236 174 236
88 163 96 163
77 44 79 47
37 195 38 200
43 181 52 181
136 138 137 141
153 38 154 42
168 238 171 239
48 201 48 208
54 6 59 7
140 127 151 127
27 75 38 75
32 197 33 201
197 98 198 103
55 66 55 76
71 130 75 131
180 139 185 140
74 66 78 67
95 108 104 108
30 15 34 16
89 28 90 33
20 236 20 244
124 99 124 108
184 209 185 213
176 178 186 178
59 53 59 63
178 218 182 219
115 39 115 49
158 39 158 49
127 203 127 211
136 125 145 125
195 207 198 209
79 16 80 20
21 71 22 74
124 59 125 63
148 29 158 29
3 58 6 60
73 206 80 206
159 247 162 249
6 119 11 120
2 146 4 148
149 211 153 212
68 122 68 131
179 110 180 114
177 183 188 183
73 116 76 118
165 172 168 174
16 104 26 104
129 32 130 36
194 74 197 76
78 146 88 146
126 86 134 86
61 143 63 146
70 72 71 75
190 145 192 147
73 147 75 150
63 188 64 191
81 228 86 229
11 49 11 60
132 39 132 47
145 0 145 11
171 158 172 161
126 234 128 237
92 7 93 10
74 8 74 18
18 210 29 210
40 40 40 50
88 162 97 162
35 30 40 31
148 20 156 20
84 214 84 223
166 147 171 148
0 185 3 186
40 239 40 247
5 145 5 155
57 90 61 91
107 7 111 8
151 142 161 142
193 21 198 22
49 78 49 89
19 64 19 74
133 38 134 43
158 117 169 117
150 244 151 249
121 57 121 68
29 117 29 125
94 88 95 93
19 43 21 46
117 106 120 107
65 88 66 92
21 4 24 6
8 233 8 241
88 92 88 101
99 231 100 235
17 174 17 185
94 63 96 66
103 123 113 123
63 160 70 160
120 124 127 124
182 19 183 23
117 78 128 78
58 238 58 246
169 152 169 160
73 182 74 187
156 4 158 7
110 245 118 245
51 128 61 128
128 128 130 130
189 80 192 82
132 236 135 238
15 122 16 126
189 113 194 114
27 78 34 78
2 42 2 53
53 234 56 235
25 70 30 71
154 217 156 220
91 62 91 72
121 229 132 229
70 213 75 214
141 186 149 186
141 19 142 23
150 38 150 48
107 40 108 44
130 186 134 187
88 106 92 107
12 205 16 206
131 165 134 167
94 231 97 232
12 194 12 202
189 76 191 78
160 153 164 154
11 181 12 185
127 55 130 56
4 1 14 1
178 148 189 148
58 137 67 137
31 186 39 186
133 44 137 45
18 79 20 81
94 147 94 158
103 227 103 236
195 177 195 186
19 97 22 99
107 145 107 154
170 67 171 70
108 53 109 57
38 157 39 160
0 122 9 122
35 149 36 154
16 32 16 42
86 62 88 65
127 193 130 194
199 193 199 202
146 75 148 78
9 51 9 58
119 53 120 58
44 69 48 70
51 27 54 28
79 105 79 115
17 225 19 227
0 196 0 205
86 53 94 53
147 97 150 98
113 56 113 64
14 185 14 192
110 103 111 108
125 92 126 95
9 103 9 111
18 88 29 88
145 81 146 84
131 219 132 223
74 36 79 37
48 156 49 161
119 249 127 249
117 133 117 142
41 86 42 90
113 184 113 191
8 66 9 71
111 98 112 102
137 48 142 49
169 95 171 98
120 1 121 4
68 239 73 240
140 61 150 61
176 181 186 181
112 80 116 81
110 194 110 203
36 194 45 194
46 100 57 100
1 218 1 227
96 12 96 19
1 136 2 141
176 172 178 175
114 171 114 180
162 6 164 8
119 26 129 26
98 207 107 207
152 62 156 63
70 28 71 32
75 21 84 21
84 72 84 79
187 166 188 171
149 208 151 210
152 92 161 92
28 225 28 236
41 71 41 79
151 85 153 88
102 173 111 173
4 42 4 53
95 132 95 140
80 166 82 169
81 54 92 54
68 112 68 120
113 16 118 17
63 219 74 219
166 237 174 237
123 207 124 212
34 208 34 218
48 149 51 150
140 136 140 146
21 144 23 146
196 165 196 174
186 102 187 106
148 218 150 221
151 96 151 105
150 30 157 30
160 119 168 119
165 48 166 52
135 189 146 189
51 207 53 209
160 108 169 108
47 220 58 220
19 86 27 86
153 135 164 135
39 153 40 156
47 204 47 214
141 147 141 157
97 166 107 166
109 137 109 148
155 127 166 127
96 206 106 206
24 93 24 103
19 59 28 59
97 118 97 127
37 225 40 227
53 120 55 122
105 18 105 26
180 124 184 125
43 185 47 186
65 236 65 246
0 227 0 234
64 69 69 70
194 156 194 165
144 134 144 142
119 129 120 133
15 179 15 186
32 166 34 168
98 203 106 203
171 137 171 145
66 43 69 45
39 214 39 223
58 119 62 120
88 157 93 158
37 228 37 239
88 186 89 189
100 80 102 83
111 39 111 47
83 5 85 7
147 12 151 13
165 27 175 27
22 133 31 133
185 90 188 92
149 17 153 18
116 37 126 37
31 24 32 29
165 66 165 74
12 101 12 110
179 244 182 246
97 202 104 202
178 99 179 102
37 34 39 37
49 19 49 28
177 217 177 226
137 211 147 211
190 203 194 204
135 185 138 186
199 87 199 97
33 142 37 143
2 56 6 57
95 177 97 179
27 113 30 114
23 166 27 167
140 208 143 209
187 172 188 177
22 184 27 185
84 230 87 231
165 196 166 201
143 0 143 9
86 5 88 7
95 198 96 201
58 64 62 65
120 80 129 80
44 127 45 130
63 207 67 208
109 1 112 2
56 194 57 198
46 195 46 206
145 166 156 166
13 224 16 226
188 151 191 153
152 121 153 124
86 4 93 4
188 73 188 82
123 118 134 118
115 38 124 38
21 151 24 153
5 239 5 246
77 62 78 65
163 148 164 152
126 197 137 197
156 45 156 54
45 63 49 64
71 122 75 123
185 21 186 24
43 109 43 120
21 177 21 188
24 110 32 110
197 136 197 146
66 98 74 98
94 193 94 202
40 189 42 192
67 134 72 135
55 88 56 92
41 146 41 153
26 82 35 82
99 148 99 156
58 179 68 179
13 19 14 23
48 147 52 148
95 248 99 249
52 12 52 20
98 76 101 77
93 144 93 154
176 11 184 11
39 197 42 199
35 32 35 43
131 215 132 218
69 120 80 120
128 32 128 40
148 0 156 0
85 191 90 192
42 126 53 126
16 115 19 116
35 227 35 236
160 132 164 133
63 136 73 136
57 77 59 80
89 62 89 72
42 145 42 153
171 42 171 53
106 58 108 61
179 199 179 209
99 193 106 193
115 95 118 97
66 183 69 185
105 0 105 10
116 119 124 119
79 183 80 187
23 243 32 243
171 127 171 135
71 115 78 115
44 174 49 175
24 113 26 115
12 58 15 60
164 31 166 34
127 92 128 95
33 221 34 226
195 48 197 50
185 80 187 82
29 134 33 135
156 156 158 158
61 198 64 199
105 122 113 122
19 90 22 91
79 88 89 88
173 5 174 9
90 211 100 211
110 164 115 165
131 25 131 32
47 104 51 105
5 207 6 211
37 209 40 211
130 22 138 22
107 179 111 180
176 149 184 149
101 208 112 208
122 128 123 131
66 172 67 177
63 5 64 9
134 14 138 15
196 111 197 115
73 80 77 81
118 205 119 210
122 199 129 199
48 17 48 27
80 27 80 38
97 43 97 51
165 96 167 99
140 26 140 35
0 212 2 215
10 42 14 43
107 103 108 107
192 99 192 108
162 0 163 5
139 97 144 98
179 134 186 134
70 217 75 218
192 32 192 42
123 42 125 45
104 178 105 181
140 212 148 212
150 150 150 161
26 77 36 77
29 157 29 164
132 62 133 66
166 54 168 57
45 105 45 114
79 147 89 147
19 246 23 247
191 217 192 221
2 37 6 38
36 1 37 4
155 71 157 74
100 11 100 20
167 212 170 213
6 75 6 83
62 78 72 78
82 162 87 163
18 22 19 25
9 151 11 153
109 241 113 242
150 83 154 84
12 46 16 47
82 204 84 206
107 193 115 193
77 22 84 22
46 0 55 0
19 203 22 205
94 214 95 219
94 47 96 49
17 83 27 83
77 95 80 97
165 23 168 24
102 47 106 48
11 24 14 25
162 178 173 178
21 211 25 212
113 98 118 99
154 138 159 139
166 210 174 210
176 182 176 193
64 108 74 108
123 2 125 4
129 102 130 107
54 110 57 111
134 223 138 224
130 89 131 94
169 203 170 208
189 20 196 20
153 52 153 60
4 172 11 172
0 172 1 177
120 205 120 212
136 52 137 56
68 84 75 84
23 53 24 56
85 166 93 166
9 146 17 146
19 112 30 112
44 4 49 5
43 65 44 68
50 72 53 74
179 122 183 123
167 198 170 200
96 92 99 94
186 62 186 71
154 14 156 16
82 117 82 125
32 114 37 115
103 82 111 82
151 173 152 177
131 85 139 85
59 132 60 136
131 125 134 127
17 2 22 3
135 192 137 194
42 134 46 135
57 152 57 160
34 58 35 61
61 247 70 247
81 139 82 143
27 67 38 67
98 19 99 22
141 214 146 215
50 85 50 95
176 7 178 10
54 102 62 102
112 200 114 203
59 93 60 97
40 13 48 13
6 17 10 18
2 235 2 245
180 173 183 175
155 21 156 26
113 101 115 103
165 245 169 246
104 49 107 50
35 62 36 66
63 220 64 223
59 11 59 18
150 34 153 35
91 217 92 221
164 85 174 85
100 137 102 139
198 239 199 244
197 68 199 71
28 191 37 191
98 189 105 189
118 230 127 230
77 27 78 31
178 109 178 117
74 69 74 76
67 20 78 20
85 223 93 223
127 83 138 83
32 245 34 247
37 172 45 172
168 152 168 162
82 145 89 145
135 163 138 165
110 22 111 25
137 67 145 67
155 168 158 169
102 171 111 171
15 69 15 77
95 98 97 100
136 233 147 233
156 104 158 106
195 32 199 33
19 123 27 123
51 98 58 98
166 193 169 195
139 107 141 109
123 65 124 70
85 243 94 243
160 43 161 47
57 200 65 200
182 197 186 198
118 148 118 156
34 17 43 17
35 128 36 133
31 30 32 34
123 220 126 222
27 22 29 25
95 101 98 103
120 195 124 196
11 76 12 81
91 120 94 121
185 158 185 169
69 16 72 17
59 163 59 172
78 171 85 171
163 41 167 42
112 137 112 144
125 82 133 82
128 218 129 223
29 204 34 205
54 157 56 159
111 32 118 32
7 221 7 229
191 49 191 56
163 111 174 111
65 181 65 189
9 77 10 81
26 146 36 146
42 30 46 31
181 17 181 28
9 3 14 4
161 15 172 15
38 237 38 244
43 151 44 155
45 78 46 82
45 19 47 22
54 138 56 141
7 133 7 142
164 226 164 234
77 71 82 72
172 216 172 224
86 165 95 165
103 89 104 94
131 102 134 103
130 119 139 119
73 79 80 79
111 239 119 239
138 38 138 46
69 113 78 113
17 156 22 157
97 128 97 138
140 38 140 47
95 239 99 240
49 10 49 17
142 104 147 105
66 105 71 106
112 20 120 20
26 203 34 203
152 136 162 136
67 90 68 94
13 91 14 95
120 138 121 141
125 87 127 89
135 86 138 88
65 41 69 42
38 161 39 164
29 141 36 141
7 61 7 69
186 202 187 206
63 211 66 212
136 235 147 235
70 35 79 35
17 232 19 235
16 169 18 171
171 116 171 124
76 188 85 188
199 118 199 129
60 21 65 22
37 214 37 223
185 208 194 208
171 168 176 169
168 126 168 133
157 97 159 99
148 115 148 125
182 143 184 146
148 144 159 144
86 29 88 31
68 199 76 199
175 138 178 139
152 12 156 13
187 226 188 230
111 125 113 127
3 100 3 108
90 149 91 153
18 163 19 167
174 13 184 13
111 156 116 157
129 21 139 21
146 11 155 11
156 113 163 113
117 117 126 117
29 181 40 181
92 90 93 93
103 174 111 174
126 54 126 63
87 177 91 178
33 116 35 119
81 216 82 221
75 162 77 164
131 224 132 228
108 31 116 31
130 206 140 206
17 40 18 43
187 22 187 31
156 183 158 186
176 63 179 64
123 134 127 135
3 33 4 36
16 147 17 151
96 73 97 78
74 165 77 166
179 49 180 54
191 13 195 14
101 228 101 235
14 26 22 26
33 106 37 107
27 238 30 240
9 36 11 39
160 149 161 152
143 172 146 174
35 84 39 85
82 8 85 10
31 231 32 235
197 211 197 222
105 115 112 115
57 47 59 49
153 106 153 117
21 189 21 199
107 160 118 160
55 206 55 217
35 215 36 219
148 64 156 64
87 174 91 175
121 248 131 248
163 222 165 224
135 156 136 160
33 148 34 152
3 234 3 244
108 12 109 16
158 109 167 109
52 25 56 26
134 8 139 9
149 70 149 79
138 132 146 132
78 51 78 59
13 129 16 131
103 7 104 12
139 134 139 141
91 83 91 93
78 150 81 152
162 122 166 123
119 76 123 77
87 23 90 25
151 179 151 188
131 176 133 178
170 234 174 235
172 187 172 197
34 7 38 8
25 35 27 38
143 239 146 240
86 124 96 124
156 147 157 151
176 49 177 53
174 57 179 58
68 161 69 166
49 198 52 199
129 12 134 13
42 234 42 241
194 25 197 27
185 35 185 42
160 64 164 65
9 33 11 35
139 74 140 77
44 6 45 10
96 167 99 169
65 227 73 227
57 52 57 62
145 85 147 87
166 26 176 26
89 90 89 98
123 148 124 151
30 154 30 163
187 156 187 165
145 38 146 43
138 123 143 124
53 247 56 249
43 46 54 46
56 207 56 218
174 171 174 181
128 207 129 212
5 14 8 15
59 121 62 123
196 36 198 38
136 202 138 204
77 127 87 127
128 23 137 23
161 137 164 139
62 80 66 81
130 57 131 61
30 187 33 188
69 63 72 64
186 44 187 48
50 62 52 64
86 56 87 60
189 23 190 28
13 8 14 13
24 137 25 140
115 201 126 201
30 102 31 105
46 143 47 147
186 72 186 79
180 0 183 1
94 132 94 139
18 9 22 10
59 225 61 228
98 35 99 39
74 22 74 29
0 150 0 158
84 97 84 104
121 238 124 240
51 193 59 193
114 207 116 209
22 66 33 66
24 223 28 224
115 203 122 203
33 206 37 207
16 28 19 30
45 84 47 87
58 204 61 206
84 89 88 90
143 179 144 182
48 143 52 144
120 40 120 48
120 120 122 123
44 233 45 238
2 111 3 114
144 0 144 8
46 160 47 165
60 148 61 153
64 83 67 85
93 184 95 187
197 167 197 174
116 184 125 184
29 51 31 54
88 10 91 12
83 189 86 190
154 147 155 150
186 128 187 132
37 129 37 138
143 227 145 229
68 56 70 58
162 52 164 55
17 62 22 63
51 173 55 174
175 44 179 45
155 122 157 125
89 15 92 17
197 183 198 186
167 92 168 95
68 1 68 8
103 68 105 70
25 168 29 169
11 111 12 116
135 115 139 116
5 171 12 171
17 160 17 167
20 66 20 74
82 155 83 158
20 179 20 188
182 201 182 212
169 172 172 174
185 188 192 188
141 164 146 165
64 38 67 39
56 84 59 85
141 35 141 46
117 39 124 39
119 85 123 86
161 193 163 195
77 172 80 174
175 64 175 73
186 218 187 221
75 89 77 91
56 39 56 48
120 188 127 188
177 164 180 166
163 204 163 212
58 24 67 24
118 40 118 51
43 159 43 166
178 229 178 239
142 137 143 141
148 30 149 34
138 166 138 177
39 51 39 62
19 170 19 178
113 204 116 206
104 177 111 177
50 163 51 166
194 23 198 24
170 184 170 192
118 4 119 8
196 239 197 243
193 168 194 173
106 192 115 192
146 1 146 9
35 178 43 178
78 176 78 187
160 62 164 63
144 16 144 27
126 101 128 103
116 63 119 65
197 39 198 44
106 146 106 156
70 5 80 5
152 51 152 61
71 229 73 231
68 189 70 192
180 85 180 95
43 32 45 35
66 10 66 21
181 187 190 187
121 0 130 0
164 241 174 241
30 85 32 88
156 33 159 35
55 12 56 16
142 147 143 151
27 72 30 74
113 231 117 232
144 120 146 123
126 240 129 241
70 65 71 68
4 129 6 131
90 63 90 71
34 23 35 27
50 33 52 35
8 204 8 212
125 73 136 73
103 73 111 73
146 140 149 142
165 90 174 90
131 123 136 124
62 193 64 195
15 137 16 142
1 81 1 88
10 230 10 239
77 98 78 102
59 38 60 42
52 224 54 226
173 204 174 207
26 232 27 236
159 17 169 17
63 71 71 71
60 217 64 218
27 219 29 222
114 35 124 35
130 239 134 240
7 27 7 35
87 151 89 153
2 187 3 191
18 249 26 249
53 243 57 244
74 92 76 94
75 73 78 75
191 66 194 68
196 61 198 63
77 51 77 59
11 125 12 128
122 41 122 52
26 130 33 130
168 2 169 6
195 10 199 11
83 198 84 203
9 89 10 94
149 222 157 222
77 144 81 145
197 122 197 132
52 156 52 164
135 40 137 43
0 102 0 109
180 99 182 101
45 212 45 222
187 115 194 115
175 128 177 130
22 92 23 96
1 161 5 162
27 198 29 201
90 236 97 236
3 67 3 78
91 73 91 80
70 248 77 248
14 155 15 160
46 151 48 154
60 197 71 197
11 193 11 204
146 198 148 201
129 184 140 184
155 9 163 9
91 135 92 140
26 60 31 61
26 152 26 159
62 14 64 16
160 231 162 234
175 223 176 227
153 180 153 190
139 190 148 190
11 154 12 157
2 156 7 157
177 141 178 146
81 87 90 87
86 207 89 209
149 153 149 163
82 106 87 107
56 33 58 35
173 42 173 49
159 38 161 40
192 93 197 94
70 166 70 174
130 1 130 8
182 190 185 191
181 111 185 112
27 211 30 213
172 31 173 35
39 182 50 182
85 133 92 133
15 117 19 118
189 200 197 200
52 201 62 201
91 247 101 247
82 240 84 243
103 65 106 66
51 86 51 95
46 10 48 12
157 21 158 24
126 70 130 71
193 194 196 195
188 57 190 59
199 229 199 236
18 124 28 124
67 242 70 243
78 3 81 4
153 67 153 75
53 148 55 151
115 94 124 94
76 210 77 215
132 59 134 61
0 0 0 9
168 150 176 150
164 87 172 87
78 237 78 244
41 125 48 125
105 217 105 227
67 46 76 46
8 218 15 218
190 165 190 172
39 140 46 140
35 174 38 175
144 15 152 15
182 234 182 243
186 109 189 111
49 222 53 223
124 155 127 156
95 180 99 181
62 166 62 177
162 160 165 161
147 145 151 146
135 211 135 222
29 9 31 11
79 244 87 244
31 2 34 3
137 234 147 234
58 25 59 28
133 88 133 99
119 148 119 156
4 3 4 11
159 205 160 208
140 100 148 100
189 154 190 158
74 229 78 230
44 95 46 97
20 0 23 1
160 103 168 103
171 202 176 203
184 135 189 136
14 193 15 198
110 3 112 5
0 181 8 181
40 248 43 249
95 67 100 68
198 111 199 115
51 129 51 136
75 8 78 9
2 123 3 127
53 175 56 177
113 113 122 113
145 182 149 183
127 114 130 115
150 238 151 241
12 56 15 57
164 1 165 5
123 138 125 141
131 145 133 147
141 76 142 79
82 15 83 19
196 248 199 249
101 155 105 156
67 200 68 203
135 99 143 99
181 69 184 71
155 40 156 43
63 10 64 13
107 75 109 78
121 165 123 168
140 179 141 182
26 20 31 21
99 43 101 45
51 9 59 9
38 15 43 16
177 104 177 115
59 209 69 209
173 102 175 104
86 233 88 235
183 103 184 107
24 195 33 195
3 177 7 178
108 229 111 230
54 145 58 146
23 164 26 165
153 229 155 231
3 168 10 168
50 75 54 76
55 203 62 203
181 152 185 153
166 81 168 84
139 241 148 241
89 111 93 112
130 188 131 192
92 191 95 192
163 45 170 45
193 55 196 56
114 147 115 151
148 89 156 89
62 139 71 139
148 242 148 249
192 236 192 244
40 202 43 203
60 4 60 15
42 208 43 212
107 214 107 221
56 113 59 114
124 54 125 58
12 54 15 55
60 59 61 63
95 220 96 223
153 140 164 140
102 214 102 221
92 116 94 118
191 213 194 215
143 46 143 56
146 202 148 204
24 14 35 14
49 233 49 241
63 67 67 68
152 157 153 162
138 214 138 222
175 247 178 248
111 194 115 195
17 50 17 59
69 121 80 121
190 234 190 242
63 0 64 4
95 4 98 6
184 218 184 227
189 0 191 3
86 48 91 49
130 170 131 174
193 51 197 52
85 101 87 104
132 26 136 27
49 43 52 45
97 148 98 151
10 209 10 217
63 155 66 157
57 139 58 142
90 179 91 184
121 228 129 228
11 238 14 239
193 145 193 153
40 36 44 37
12 34 13 39
2 166 10 166
73 71 73 78
24 35 24 43
132 243 135 245
167 32 170 34
106 125 109 126
162 171 172 171
22 225 24 227
187 140 196 140
168 8 169 13
23 20 24 25
179 36 181 38
80 245 82 247
11 244 14 246
102 4 104 6
187 195 188 198
50 189 52 192
180 202 180 212
129 203 134 204
26 142 29 144
87 52 95 52
127 41 130 42
6 242 13 242
118 102 120 105
51 139 53 141
148 1 150 3
98 162 107 162
167 77 169 79
132 0 132 8
30 95 39 95
83 62 84 66
156 204 157 207
7 100 7 108
56 67 57 70
194 152 195 155
19 137 19 144
197 104 199 106
194 70 196 73
196 236 198 238
17 218 22 219
178 226 183 227
1 63 1 74
96 20 96 27
41 183 52 183
84 45 86 47
136 65 141 66
104 184 105 187
69 114 78 114
94 176 94 183
186 85 190 86
5 3 8 4
64 116 65 121
145 207 148 209
69 52 70 55
113 65 114 68
145 16 145 27
142 94 144 96
127 47 130 49
129 162 132 163
158 110 162 111
175 107 175 114
97 52 97 61
32 102 36 103
91 248 94 249
16 89 18 91
34 197 36 200
149 225 157 225
123 120 124 123
129 136 131 138
45 244 48 246
193 17 197 18
157 191 165 191
8 50 8 60
152 125 153 129
28 136 32 137
168 48 169 52
126 104 126 111
70 1 71 4
11 207 14 208
191 189 192 192
147 95 155 95
70 159 79 159
150 168 154 169
115 125 115 134
149 133 154 134
160 61 170 61
59 187 62 189
193 118 193 125
64 161 64 170
11 69 14 71
59 233 62 235
124 84 129 85
25 197 25 204
111 185 112 189
57 228 57 236
183 62 184 65
145 128 147 130
193 226 193 235
194 90 197 91
24 170 26 172
103 131 103 139
154 71 154 78
58 223 61 224
155 119 158 120
66 238 76 238
6 116 10 117
159 168 162 169
193 105 194 108
95 119 96 122
162 185 166 186
185 18 187 20
17 241 19 243
59 111 66 111
171 243 172 247
59 239 59 247
75 32 79 33
70 10 72 12
46 215 47 219
35 20 40 21
124 31 126 33
106 26 108 28
15 207 16 212
39 86 39 93
108 84 113 85
56 167 58 169
111 224 112 227
83 83 90 83
197 7 199 9
39 129 40 132
109 215 110 220
31 35 31 43
75 137 78 138
150 106 152 108
143 198 144 203
79 135 84 136
7 187 10 188
84 68 85 71
195 66 196 69
27 92 27 102
147 169 148 174
162 165 171 165
173 187 173 198
35 11 38 13
14 97 16 99
74 38 79 39
110 137 110 147
135 13 146 13
76 84 80 85
193 33 193 41
109 63 110 68
1 106 1 114
0 216 3 217
18 94 18 101
72 208 75 209
162 204 162 213
166 28 169 29
112 90 117 91
142 244 143 248
102 51 105 52
147 151 147 160
20 12 23 13
16 113 19 114
88 60 95 60
11 232 14 233
85 139 88 140
7 83 12 84
170 64 172 66
17 16 18 19
73 137 73 145
172 83 175 84
175 42 182 42
54 238 57 240
189 209 191 212
157 87 159 90
51 233 52 238
152 195 155 196
114 11 121 11
92 78 94 80
110 246 118 246
28 35 28 42
30 225 32 227
91 167 92 170
166 215 170 216
160 70 162 72
94 205 101 205
174 75 178 76
15 222 22 222
62 59 64 61
165 148 165 155
181 15 188 15
76 104 76 111
44 215 44 222
180 74 180 81
32 185 42 185
13 179 14 183
46 6 53 6
68 221 71 223
179 247 182 248
72 165 72 173
115 196 116 200
173 228 176 230
101 146 102 149
53 186 58 187
98 132 100 134
120 158 123 159
159 78 161 81
0 21 1 24
184 216 192 216
1 246 3 249
3 20 4 24
150 110 152 113
107 37 110 39
67 89 74 89
17 122 17 131
154 240 155 243
177 122 178 126
103 45 107 46
119 134 119 142
138 197 140 199
138 68 138 79
50 36 52 38
18 76 26 76
152 3 153 7
26 3 28 5
190 45 197 45
163 12 165 14
108 128 111 130
139 26 139 33
125 64 127 66
129 235 131 237
13 29 15 31
158 130 166 130
5 77 5 84
111 212 113 215
12 44 15 45
177 65 179 68
164 20 166 22
139 223 143 224
149 138 153 139
109 169 112 170
74 194 85 194
66 113 66 120
43 188 44 192
64 143 67 145
52 47 54 49
151 46 151 53
69 76 72 77
126 242 127 246
90 189 97 189
114 169 123 169
195 203 198 204
89 199 92 200
108 195 109 200
98 13 99 18
78 227 88 227
15 232 15 241
109 90 109 98
135 166 137 168
11 212 13 215
132 158 134 160
64 35 67 36
102 15 102 22
7 201 9 203
88 120 90 122
5 45 7 48
29 48 31 50
39 99 47 99
163 141 164 145
139 86 141 88
22 113 23 116
36 32 39 33
41 120 42 123
179 138 189 138
2 63 2 74
57 31 61 32
156 2 159 3
142 206 153 206
164 238 167 239
95 193 98 194
196 223 199 224
90 237 97 237
81 110 84 112
157 50 158 54
109 248 113 249
11 8 11 15
76 183 77 187
