3696
6 1 6 8
136 101 147 101
37 106 37 117
82 201 82 210
67 148 69 151
92 236 100 236
113 112 115 114
194 127 196 130
150 81 150 91
51 215 55 216
68 0 68 8
117 6 117 17
66 102 71 103
143 183 151 183
122 155 125 157
65 31 68 32
121 59 121 67
109 138 109 149
138 14 140 17
12 94 17 95
162 243 164 245
10 229 11 232
11 97 16 98
10 131 13 133
26 34 27 38
59 111 59 120
18 138 20 140
95 14 97 17
95 73 99 74
59 73 61 76
87 232 98 232
12 10 12 18
113 182 113 191
156 110 157 114
131 160 141 160
32 218 39 218
175 91 175 101
39 135 46 135
180 186 189 186
23 77 26 79
26 217 26 224
145 16 147 18
44 61 55 61
110 202 110 211
88 142 88 152
60 109 62 111
169 34 172 35
67 115 67 125
165 142 174 142
41 106 52 106
149 153 151 155
196 31 196 42
54 136 62 136
92 214 93 219
48 89 48 100
166 211 166 220
132 95 137 96
12 75 14 78
106 244 109 246
70 188 74 189
114 81 115 86
79 57 81 60
77 49 81 50
11 151 20 151
141 48 149 48
51 157 51 168
5 43 10 44
72 58 72 69
128 126 130 128
181 114 188 114
110 54 114 55
51 122 61 122
144 216 153 216
91 62 91 70
15 103 15 113
186 153 186 162
7 150 10 152
156 18 156 28
173 119 184 119
40 245 45 246
142 109 142 119
163 196 163 207
139 34 141 37
144 12 144 22
123 179 123 189
50 130 50 141
125 136 127 138
171 85 171 95
46 148 46 159
5 246 8 248
158 74 158 85
158 9 158 18
41 126 51 126
32 121 37 122
132 68 143 68
193 7 193 17
113 137 115 140
10 113 10 121
160 135 163 137
81 4 91 4
159 155 169 155
97 50 99 53
53 177 63 177
181 162 181 172
177 50 177 61
121 27 124 29
25 49 30 50
83 207 87 208
157 61 162 62
41 110 42 114
146 239 146 248
9 9 10 13
88 126 93 127
199 46 199 57
4 136 7 138
123 150 126 152
131 90 134 92
180 198 184 199
138 44 149 44
0 101 0 108
9 170 10 175
89 32 93 33
93 45 96 46
156 186 157 190
74 73 84 73
86 100 87 104
166 225 169 227
52 225 54 228
79 208 79 216
86 122 97 122
62 193 67 194
148 28 153 29
53 203 63 203
114 205 124 205
150 163 161 163
68 52 70 55
54 7 54 18
178 215 178 224
101 141 102 146
133 69 135 72
134 228 135 233
44 113 49 114
168 22 169 27
37 34 41 35
29 31 39 31
78 96 78 107
105 240 114 240
164 160 164 167
60 88 61 92
1 31 12 31
152 70 160 70
190 162 195 163
156 149 161 150
184 27 185 30
60 164 60 173
114 60 114 71
189 152 190 157
182 152 183 157
155 63 156 67
74 130 79 131
37 164 48 164
62 12 66 13
154 115 163 115
20 111 21 115
184 165 184 175
156 108 165 108
173 180 178 181
8 198 10 200
56 173 59 175
139 98 144 99
106 28 107 32
1 105 11 105
18 33 28 33
63 130 63 139
113 208 114 212
118 112 128 112
194 153 194 160
0 24 3 26
170 122 171 126
93 30 100 30
151 93 153 96
179 90 186 90
160 128 168 128
75 76 80 77
191 231 192 236
186 57 196 57
79 121 87 121
53 124 54 128
189 228 189 237
193 63 194 68
72 16 83 16
32 173 36 174
124 60 128 61
138 3 138 12
72 223 75 225
173 37 174 42
169 126 169 137
99 168 99 177
86 138 86 147
160 227 161 230
164 239 173 239
47 118 55 118
163 193 168 194
8 129 9 132
124 211 125 216
91 57 102 57
64 57 74 57
146 189 147 193
32 118 34 120
138 219 140 222
9 229 9 238
41 154 41 162
11 205 11 215
137 53 137 64
63 30 74 30
153 100 154 105
50 147 51 151
105 56 105 67
134 48 136 50
117 234 127 234
132 1 135 3
165 4 174 4
14 0 14 9
5 63 15 63
190 76 190 85
31 97 39 97
28 167 28 177
108 229 116 229
80 0 85 1
59 221 67 221
121 167 130 167
154 50 158 51
153 200 161 200
42 185 51 185
89 109 94 110
195 186 198 188
142 156 142 166
105 208 105 217
123 218 126 219
87 241 98 241
146 235 150 236
99 244 101 246
88 233 90 236
5 146 5 156
160 26 165 27
104 33 105 37
157 39 157 49
33 158 33 168
103 81 103 88
91 187 93 189
67 216 78 216
29 200 30 205
169 73 174 74
85 173 85 182
192 177 194 179
70 68 70 79
147 141 150 142
181 75 192 75
84 239 89 240
17 163 21 164
47 1 55 1
144 226 145 230
110 4 113 6
72 191 82 191
187 80 187 88
135 151 145 151
35 226 36 230
156 170 156 179
107 101 107 112
68 147 76 147
93 71 98 72
17 222 25 222
25 62 30 63
187 97 188 101
38 221 47 221
171 10 175 11
100 13 102 16
72 112 77 113
36 36 40 37
142 210 147 211
186 2 186 13
163 58 164 63
106 164 109 166
168 75 168 82
34 41 34 49
116 197 119 199
88 116 97 116
155 234 163 234
60 23 61 28
12 154 17 155
155 123 165 123
24 142 26 145
134 19 143 19
156 93 164 93
53 151 55 154
145 67 145 75
80 169 80 177
158 132 168 132
127 94 128 98
155 238 163 238
51 88 53 91
54 169 55 173
141 167 152 167
25 191 26 196
176 61 176 72
37 178 42 179
15 79 17 82
193 137 195 140
95 86 98 88
181 98 185 99
145 38 155 38
87 93 92 94
183 27 183 36
152 181 152 189
112 84 112 92
18 195 18 205
141 131 142 135
19 205 19 214
90 242 94 243
168 29 171 31
142 238 143 241
47 171 47 182
172 238 181 238
0 232 1 236
44 232 44 243
57 211 68 211
163 87 164 92
60 196 62 198
114 117 116 119
175 15 175 26
169 173 174 174
155 143 157 146
79 185 80 190
146 65 146 75
16 52 16 61
42 125 52 125
126 66 127 71
88 208 98 208
34 140 45 140
115 121 116 125
128 4 137 4
187 168 189 171
12 25 14 28
127 173 130 175
75 137 76 142
182 80 184 82
97 197 105 197
114 164 114 175
97 187 101 188
168 202 169 205
41 93 41 103
157 241 168 241
46 231 49 233
123 93 124 97
144 221 145 225
109 172 109 180
60 8 60 16
153 185 155 187
123 238 125 241
141 152 152 152
87 22 88 27
54 229 65 229
11 54 11 61
137 8 137 18
83 210 83 217
69 143 78 143
35 206 46 206
54 155 55 159
83 96 83 104
39 210 40 215
185 64 192 64
22 126 22 136
167 159 170 160
41 115 41 123
52 246 57 247
53 179 63 179
157 195 158 198
72 98 73 103
71 120 72 124
9 5 11 8
188 173 188 181
56 63 58 66
116 235 125 235
166 5 166 16
86 25 86 35
142 83 145 85
181 129 185 130
117 41 117 51
136 83 137 87
134 163 135 167
3 157 4 161
187 103 191 104
92 19 101 19
33 27 38 28
173 159 174 163
94 1 105 1
42 144 42 155
21 88 24 89
186 200 189 201
79 155 79 166
170 194 175 195
115 162 122 162
173 28 178 29
111 18 111 28
152 79 153 84
80 18 83 20
29 97 29 105
16 247 21 248
164 168 164 178
113 18 123 18
178 17 180 19
39 121 39 132
57 154 57 163
26 20 31 21
168 243 178 243
13 228 17 229
134 182 143 182
22 185 26 186
83 59 83 68
18 172 20 175
99 45 110 45
143 146 153 146
139 191 142 193
7 216 18 216
84 163 95 163
134 186 136 188
92 112 101 112
12 190 12 200
55 226 64 226
103 157 106 159
196 164 197 168
33 220 34 225
56 182 58 185
73 22 84 22
26 74 31 75
180 21 180 30
143 172 147 173
173 97 174 102
46 75 50 76
118 140 118 151
106 177 106 184
2 75 2 86
82 36 84 39
7 22 16 22
46 82 47 85
147 73 154 73
141 211 141 222
171 112 171 121
74 149 82 149
111 204 113 207
56 164 57 168
38 249 45 249
23 188 33 188
52 4 52 12
179 64 184 65
30 141 32 144
145 201 145 209
181 14 185 15
168 163 168 170
81 85 83 87
77 30 82 31
180 225 180 235
198 159 198 166
145 163 147 165
103 40 111 40
78 198 87 198
89 181 98 181
11 67 11 77
103 132 104 136
120 82 123 84
71 125 71 135
119 203 124 204
170 48 170 56
77 75 88 75
21 7 31 7
191 37 191 45
129 183 132 185
113 29 114 33
135 102 137 104
161 210 161 219
76 78 85 78
181 48 181 59
83 199 90 199
0 150 0 157
32 216 39 216
37 56 37 67
40 18 48 18
125 119 125 129
112 157 112 166
31 227 33 230
62 56 62 65
169 143 170 147
144 7 146 9
173 130 174 134
62 145 67 146
79 225 79 234
71 114 74 116
146 134 157 134
76 57 76 68
167 108 167 119
109 106 111 109
41 13 48 13
169 138 179 138
86 175 91 176
57 94 60 95
194 169 196 172
151 139 155 140
123 115 126 117
42 165 42 174
61 99 71 99
77 35 81 36
108 90 108 98
99 94 99 105
32 99 35 101
124 179 126 182
42 184 50 184
99 204 109 204
139 53 150 53
120 54 125 55
97 139 99 142
42 12 49 12
29 231 29 242
54 180 54 191
28 99 28 109
131 146 142 146
181 16 181 25
23 149 34 149
195 10 195 21
177 196 179 199
39 29 42 30
64 48 67 50
139 226 139 237
69 176 76 176
36 128 37 133
167 69 168 73
189 115 190 119
183 17 188 18
97 39 100 41
98 150 98 158
71 32 76 33
185 100 185 110
131 10 134 11
115 193 116 196
21 24 22 29
28 76 29 80
21 79 22 82
162 177 163 182
122 49 123 52
91 138 94 139
126 57 136 57
118 77 123 78
80 219 88 219
84 190 85 194
17 54 19 57
48 66 50 68
0 143 3 145
77 178 77 189
7 185 9 187
166 245 168 247
127 143 132 144
181 96 186 97
20 201 23 203
173 245 175 248
120 132 123 134
181 245 192 245
66 248 71 249
74 158 75 161
9 75 9 82
55 220 56 225
162 94 163 99
183 203 194 203
4 111 4 118
107 62 111 63
179 217 180 220
41 86 50 86
42 33 44 36
62 183 63 187
23 69 28 70
71 150 81 150
59 78 67 78
64 207 69 208
45 162 50 163
13 231 13 241
95 194 96 198
125 170 126 173
64 89 65 93
73 204 75 207
45 81 53 81
137 82 145 82
76 134 81 135
112 40 122 40
130 201 133 203
179 210 184 211
158 57 160 60
126 54 130 55
2 87 3 91
11 147 16 148
116 148 117 151
112 176 112 186
160 50 169 50
179 128 180 133
98 115 108 115
126 95 126 102
123 163 127 164
68 117 68 126
102 205 103 209
6 189 6 200
23 52 23 59
30 92 38 92
59 162 63 163
147 126 156 126
107 74 109 77
196 131 197 136
133 189 142 189
96 154 96 165
91 55 99 55
55 236 59 237
141 121 142 126
131 39 135 40
0 116 2 119
104 201 114 201
87 183 92 184
26 42 28 45
158 127 159 130
30 103 31 108
21 159 26 160
120 86 120 94
158 135 159 139
23 133 31 133
191 116 198 116
10 77 10 86
172 210 174 213
100 173 100 180
53 54 63 54
27 84 37 84
193 228 193 237
68 221 68 231
74 44 78 45
65 165 67 167
50 186 50 196
4 169 8 170
59 17 70 17
162 15 162 24
78 88 79 92
50 234 54 235
27 184 30 186
80 128 84 129
78 219 78 228
186 65 186 73
106 80 110 81
64 180 68 181
134 210 139 211
72 164 72 174
129 61 131 63
81 44 82 48
186 105 191 106
1 126 2 130
73 117 73 124
186 166 186 175
57 57 60 59
171 51 172 56
16 66 17 70
172 153 172 163
49 111 54 112
15 67 15 77
52 74 55 76
104 219 104 230
46 36 46 47
32 124 32 132
173 151 174 155
178 195 189 195
129 237 129 248
150 114 153 115
16 26 18 28
99 119 99 130
146 13 149 15
85 243 87 245
33 38 43 38
167 86 170 88
124 42 129 43
129 158 139 158
116 127 116 135
198 57 198 68
15 23 15 34
65 82 75 82
11 180 12 185
19 187 27 187
183 135 191 135
21 66 32 66
121 229 122 232
20 49 20 57
5 124 5 133
55 7 64 7
40 71 48 71
142 168 142 176
38 99 38 107
149 131 158 131
87 221 87 231
15 189 18 191
15 150 24 150
54 33 54 42
155 193 156 196
194 118 196 121
199 233 199 244
177 120 178 125
128 31 133 32
32 197 43 197
154 169 154 176
177 159 185 159
166 19 167 23
78 245 79 248
99 160 99 167
12 229 12 237
2 15 2 23
91 173 96 174
131 222 134 224
139 169 140 172
46 120 57 120
162 185 165 187
40 134 49 134
149 220 149 231
93 233 98 234
127 113 130 114
81 71 91 71
11 162 11 170
24 205 27 207
174 43 185 43
26 89 37 89
52 198 54 200
94 167 97 169
101 122 102 127
99 135 101 138
176 183 185 183
158 52 167 52
154 55 157 56
91 79 92 83
185 21 193 21
89 58 90 61
167 96 174 96
118 174 119 179
102 147 103 151
139 46 143 47
185 229 185 240
175 223 175 231
123 225 127 226
32 13 32 22
94 91 97 93
189 205 190 209
177 217 177 225
158 19 159 23
130 84 132 87
144 43 155 43
68 144 78 144
144 171 152 171
133 41 143 41
148 107 159 107
11 93 20 93
71 48 75 49
118 38 129 38
62 26 67 27
101 103 101 111
32 209 33 213
112 223 123 223
20 239 25 240
188 86 195 86
68 166 68 177
66 109 66 118
24 25 29 26
21 225 21 235
7 192 11 193
58 210 69 210
41 211 49 211
107 136 108 141
95 108 98 110
1 109 6 110
28 209 28 218
17 119 21 120
183 226 183 235
104 152 113 152
113 75 116 77
155 204 155 212
131 48 133 51
109 214 120 214
120 41 130 41
104 103 104 114
92 237 95 239
195 153 196 158
30 214 30 225
3 180 4 184
89 164 91 166
69 199 74 200
66 60 67 64
27 59 30 61
100 27 110 27
95 210 95 217
186 140 188 143
62 212 71 212
144 159 145 162
91 221 102 221
149 32 159 32
56 32 56 41
12 141 17 142
62 233 63 238
47 24 48 29
13 106 13 117
18 36 18 43
23 138 23 148
46 87 56 87
119 48 120 53
158 178 158 189
140 207 143 209
134 191 134 199
108 3 109 8
129 85 129 96
161 84 163 86
134 118 134 126
128 181 139 181
36 241 43 241
189 91 191 94
72 126 75 128
80 157 89 157
21 169 21 179
68 190 68 200
70 20 75 21
130 176 132 179
107 182 108 187
52 217 53 220
54 4 59 5
24 129 29 130
154 228 156 231
145 148 150 149
125 202 127 205
175 142 178 144
14 99 19 100
9 176 11 178
55 198 58 200
23 91 25 93
82 173 82 181
143 86 147 87
1 122 5 123
127 23 128 28
190 143 192 145
78 249 87 249
186 31 191 32
8 67 8 75
51 53 59 53
36 32 40 33
77 90 77 100
188 210 196 210
39 228 40 232
11 109 11 120
180 87 185 88
93 197 94 202
51 29 51 39
74 8 76 11
197 26 199 29
7 54 8 58
47 51 47 60
165 38 165 47
65 215 76 215
90 75 92 78
196 47 197 52
145 23 146 27
119 145 124 146
107 33 109 36
110 120 111 123
135 139 140 140
7 163 8 168
132 76 143 76
174 113 184 113
187 241 196 241
174 56 174 63
106 219 106 228
73 15 84 15
55 11 58 12
131 226 131 236
160 11 162 13
172 203 174 206
21 101 23 104
191 3 192 8
110 242 112 245
5 72 5 83
64 157 71 157
170 230 171 233
175 182 175 192
136 42 147 42
92 49 94 52
144 51 149 52
12 106 12 115
5 202 9 203
150 242 152 245
121 199 123 201
51 236 51 245
109 66 113 67
26 153 27 158
28 152 29 157
80 89 85 90
107 233 111 234
191 56 198 56
93 5 95 8
19 118 28 118
166 44 168 47
7 209 9 212
38 74 39 79
149 71 153 72
118 218 119 222
35 247 40 248
128 137 139 137
21 38 21 45
57 99 59 101
63 33 65 35
75 54 85 54
174 235 177 237
169 234 171 237
151 116 153 119
63 173 66 175
118 106 126 106
144 47 152 47
43 73 44 77
4 240 4 249
162 120 165 122
73 182 74 187
117 206 120 208
44 202 46 205
137 195 145 195
121 181 122 185
143 2 144 6
163 68 165 71
32 68 33 73
85 209 90 210
80 106 80 117
73 125 82 125
30 233 33 235
116 30 117 34
126 47 127 51
127 206 127 217
18 243 22 244
12 52 13 57
151 161 160 161
63 178 71 178
66 21 69 23
18 143 20 146
160 178 161 183
88 131 99 131
114 186 121 186
189 174 192 176
57 129 64 129
150 54 151 58
42 78 44 80
123 147 132 147
144 175 146 177
70 129 70 138
58 186 58 197
197 13 197 22
133 243 134 248
194 193 198 194
103 186 106 188
101 68 110 68
143 112 144 116
142 108 153 108
106 121 106 131
101 174 101 184
49 41 52 43
52 194 55 195
138 162 138 172
177 104 181 105
143 124 144 129
152 191 153 195
59 152 70 152
92 198 92 207
194 141 196 144
162 202 162 211
122 117 122 128
194 102 195 106
34 142 39 143
18 7 19 12
47 190 47 197
23 198 25 200
5 35 14 35
119 96 120 101
52 30 57 31
21 127 21 137
151 195 151 205
163 229 174 229
89 144 89 153
160 5 165 6
166 198 167 201
125 81 128 83
103 53 110 53
39 21 40 25
156 153 159 154
57 61 61 62
41 186 48 186
18 81 19 86
72 218 83 218
88 158 90 161
75 244 77 246
12 172 13 177
177 203 179 206
109 0 120 0
33 20 43 20
67 155 72 156
86 77 86 88
36 11 41 12
55 3 66 3
50 46 50 56
79 136 81 139
105 82 106 86
181 140 185 141
66 184 71 185
119 244 122 246
129 204 133 205
14 156 16 158
72 5 74 7
20 207 23 209
113 224 118 225
169 171 173 172
190 130 193 132
177 84 180 86
129 15 130 19
117 107 126 107
87 37 87 46
149 166 157 166
60 159 69 159
93 65 95 67
173 108 184 108
19 162 30 162
192 88 194 90
35 175 40 176
24 181 29 182
130 190 138 190
116 5 116 14
158 25 166 25
163 73 164 78
100 214 101 219
6 231 6 242
128 9 128 17
192 29 192 40
103 171 106 173
151 106 158 106
170 36 171 40
48 174 51 176
59 187 59 195
98 92 106 92
165 28 166 33
43 62 46 64
184 221 192 221
25 34 25 44
78 69 88 69
137 69 138 72
68 38 78 38
141 56 142 60
73 40 81 40
14 45 14 54
44 191 44 201
43 22 47 23
105 7 106 12
172 146 180 146
54 135 62 135
156 85 157 89
102 93 102 104
41 104 46 105
107 13 111 14
170 213 171 216
0 36 2 39
93 77 98 78
102 175 106 176
40 136 45 137
143 88 143 97
114 154 118 155
124 131 129 132
103 215 103 226
86 5 88 8
199 221 199 232
130 142 139 142
88 135 92 136
166 95 166 106
25 135 29 136
104 77 106 79
63 86 65 88
62 40 64 43
184 225 184 235
155 76 156 80
188 2 188 12
54 50 56 52
23 245 27 246
13 189 13 197
24 49 24 57
79 6 80 10
66 237 71 238
177 65 178 70
1 188 3 191
162 147 167 148
191 246 194 248
98 194 107 194
140 1 149 1
156 155 158 157
39 234 40 239
137 25 141 26
161 65 162 68
8 64 16 64
23 226 24 231
186 243 191 244
24 138 28 139
106 230 116 230
103 236 110 236
29 164 30 168
172 123 172 132
179 116 188 116
5 6 5 16
123 60 123 70
2 56 2 64
151 246 160 246
52 101 54 104
191 23 194 25
188 158 188 166
63 198 67 199
133 6 135 8
103 69 107 70
170 202 179 202
125 26 125 37
96 132 96 143
54 107 64 107
184 187 186 189
17 101 18 104
6 219 8 222
99 196 107 196
131 104 134 105
70 92 75 93
37 21 38 26
68 58 69 63
140 5 141 9
176 1 178 4
160 224 165 225
142 33 143 36
171 179 172 184
122 208 123 213
1 148 1 158
40 227 51 227
31 54 33 57
63 9 70 9
147 237 148 242
22 12 22 23
153 33 161 33
81 151 85 152
58 141 61 143
3 62 3 73
74 238 74 249
18 65 19 70
188 219 199 219
30 207 31 211
128 106 133 107
184 93 188 94
170 127 170 137
159 172 161 174
127 145 138 145
108 131 110 133
19 64 28 64
65 111 65 120
97 47 100 49
15 238 16 241
138 129 142 130
45 49 46 54
43 54 43 61
137 188 145 188
182 5 183 10
154 29 156 31
165 53 165 60
134 23 137 24
87 88 90 90
129 213 132 215
7 0 12 1
70 165 70 174
117 196 125 196
13 206 15 209
49 20 49 30
98 211 99 215
192 48 194 51
45 151 45 161
55 102 59 103
179 150 190 150
90 28 100 28
147 122 149 125
19 102 20 106
33 85 40 85
26 113 30 114
147 133 156 133
100 228 102 231
46 9 50 10
9 26 11 29
85 55 90 56
83 233 84 237
9 45 12 47
176 191 178 194
179 79 187 79
101 237 102 242
168 16 173 17
70 37 81 37
137 230 138 233
196 66 196 76
160 208 160 219
197 178 198 182
7 39 14 39
51 27 59 27
71 65 71 73
113 228 123 228
22 211 22 220
130 161 141 161
168 116 169 121
115 92 115 102
176 173 177 177
115 103 120 104
179 122 181 124
189 151 198 151
126 1 128 3
133 135 138 136
161 105 165 106
162 39 164 42
18 21 21 23
186 227 196 227
6 144 9 146
58 88 59 92
49 57 52 58
98 64 102 65
123 79 128 80
183 124 184 128
147 39 154 39
127 218 138 218
93 35 103 35
120 227 127 227
49 177 51 180
1 178 1 185
70 205 72 208
8 161 15 161
107 157 108 161
155 221 158 223
45 218 48 220
63 61 65 63
129 65 129 75
71 218 71 229
129 5 136 5
160 187 161 190
104 42 113 42
32 104 32 115
95 226 96 230
141 142 143 144
153 180 155 182
149 64 151 66
44 47 44 56
113 35 117 36
89 36 93 37
77 192 77 202
49 98 54 99
32 1 32 8
47 94 47 105
133 239 135 241
6 201 16 201
157 116 165 116
1 11 1 22
40 63 41 68
23 217 24 221
29 42 31 45
126 183 127 187
176 75 179 76
103 137 106 139
98 36 103 37
42 88 42 98
78 203 79 207
118 54 118 62
87 111 88 115
187 0 187 11
196 91 199 93
17 168 17 177
71 87 72 91
5 235 5 244
148 79 148 88
114 188 121 188
113 80 113 89
92 247 97 248
142 179 145 181
18 61 25 61
56 147 56 155
148 4 156 4
160 73 160 84
20 180 22 183
130 80 141 80
52 209 62 209
22 115 30 115
192 223 195 224
135 124 139 125
21 67 22 70
33 180 43 180
80 227 85 228
181 222 185 223
177 89 188 89
68 106 69 111
153 45 154 49
112 37 116 38
63 222 66 223
195 5 198 7
131 220 136 221
115 20 124 20
15 47 25 47
179 45 182 47
97 133 98 138
5 193 5 200
82 79 85 81
145 127 147 129
139 242 141 245
156 34 156 42
43 168 43 179
8 171 8 180
198 232 198 241
62 247 65 249
47 41 48 44
4 84 8 85
188 232 188 240
146 232 151 233
196 106 197 111
1 72 1 83
68 241 69 244
46 73 49 74
114 157 116 160
126 134 134 134
37 9 44 9
152 6 153 11
162 240 173 240
75 118 85 118
194 236 197 237
114 5 114 14
59 230 64 231
17 73 19 75
12 203 12 213
159 81 159 90
176 246 178 248
154 10 155 13
24 27 32 27
146 98 157 98
144 135 144 145
198 100 199 105
95 32 104 32
49 145 57 145
29 171 39 171
10 235 10 245
188 60 189 63
120 139 129 139
98 4 98 15
175 201 185 201
5 177 7 179
6 112 6 121
0 93 5 94
189 180 192 182
167 180 170 182
181 214 191 214
90 128 93 130
108 190 108 200
154 162 162 162
65 25 76 25
104 150 115 150
199 152 199 163
25 170 26 174
84 49 85 53
5 206 5 217
26 227 26 235
3 163 5 166
57 239 65 239
181 3 185 4
120 242 124 243
6 93 8 95
91 43 92 47
154 58 155 62
66 233 77 233
118 21 118 32
193 193 193 202
192 102 192 113
5 27 7 30
108 223 110 225
137 163 137 174
157 100 164 100
104 177 104 184
37 14 40 16
168 56 169 61
52 244 63 244
107 226 118 226
152 221 154 224
7 135 17 135
54 219 62 219
0 204 2 207
23 210 26 212
63 46 73 46
64 153 68 154
44 144 45 149
192 215 196 216
119 87 119 94
47 206 56 206
32 152 41 152
38 86 39 91
84 94 84 105
191 166 192 170
30 242 35 243
46 165 46 174
70 193 72 196
120 45 124 46
186 58 197 58
111 70 111 79
35 235 37 238
24 108 26 111
128 222 128 233
140 77 151 77
48 203 51 205
145 214 155 214
34 188 38 189
93 222 94 226
147 136 149 139
2 43 4 45
165 170 167 173
128 206 138 206
104 247 107 249
182 161 182 172
148 187 148 198
165 34 167 37
93 175 94 179
64 112 64 120
15 234 18 235
135 79 146 79
37 80 38 83
118 115 118 123
35 50 37 52
161 29 163 32
43 107 43 114
76 229 78 232
169 67 172 69
18 249 29 249
113 22 115 24
63 123 65 125
16 111 16 118
87 171 91 172
42 119 43 124
161 151 172 151
173 49 176 50
177 147 186 147
81 94 81 105
109 90 109 101
49 181 51 183
162 101 165 103
26 10 36 10
30 238 33 240
19 226 19 237
153 125 164 125
143 20 143 29
51 70 62 70
49 79 54 80
102 155 107 156
107 123 107 132
56 108 56 119
138 111 140 113
123 119 124 122
152 22 154 24
138 237 138 247
173 84 173 94
176 9 177 13
183 53 185 56
86 212 90 213
9 136 14 137
96 213 97 218
178 73 182 74
185 131 187 133
71 6 71 16
86 45 86 53
72 79 74 81
32 80 36 81
135 66 143 66
149 33 150 36
13 185 21 185
129 194 130 198
71 1 73 4
77 85 80 86
17 4 22 5
161 221 165 222
73 61 74 66
36 17 45 17
27 13 30 15
187 125 196 125
1 56 1 67
77 82 79 84
12 85 13 89
24 166 27 168
106 142 108 144
20 17 21 20
138 185 141 187
42 15 49 15
12 245 20 245
5 95 5 103
61 217 69 217
144 240 144 248
19 121 20 126
41 49 41 59
72 53 81 53
34 200 35 204
63 150 66 151
105 153 114 153
27 95 35 95
115 105 122 105
57 148 59 150
14 213 17 215
53 238 54 243
32 194 36 195
11 217 12 222
0 226 11 226
50 202 61 202
123 148 130 148
131 148 139 148
36 204 40 205
139 0 149 0
59 36 61 38
108 207 108 214
189 6 189 15
10 156 13 158
38 222 40 224
155 116 156 121
53 138 60 138
88 185 88 194
83 179 84 183
81 162 81 171
14 113 14 124
78 171 78 181
78 124 85 124
110 136 111 141
197 210 198 213
190 53 193 55
42 222 52 222
36 118 38 120
146 202 148 204
186 40 187 44
51 46 56 47
5 92 15 92
110 169 110 176
19 223 24 224
133 88 142 88
150 19 154 20
102 2 112 2
93 114 96 115
122 141 125 143
113 98 114 102
120 2 123 4
14 192 17 194
44 88 44 98
81 126 84 127
90 102 94 103
50 18 52 20
129 225 129 234
139 197 141 200
171 218 173 221
129 44 130 48
55 2 63 2
137 248 141 249
147 28 147 36
42 43 44 45
137 175 140 177
133 173 134 177
189 97 190 101
39 198 41 201
45 30 47 32
115 165 117 168
42 214 44 217
120 71 121 74
67 126 67 137
53 65 54 69
40 41 45 42
54 93 55 97
23 163 23 172
127 20 132 21
129 100 137 100
166 74 167 79
83 136 83 146
142 222 142 230
180 204 183 206
140 147 143 149
130 138 132 141
76 207 77 212
2 209 2 217
19 154 20 159
81 240 81 247
85 13 85 23
131 170 135 171
112 110 123 110
152 160 160 160
65 134 66 137
124 188 125 192
163 210 163 218
16 18 19 20
145 104 147 106
5 36 7 38
26 11 26 18
114 131 115 136
35 74 36 79
29 226 30 230
104 39 113 39
61 93 63 96
2 137 3 140
74 107 77 108
56 74 56 82
59 153 61 156
136 93 141 94
167 92 169 95
91 152 94 154
187 246 190 247
133 108 134 112
28 52 29 56
34 165 35 170
73 235 73 246
115 237 120 238
108 116 108 127
179 120 187 120
11 186 18 186
103 142 104 146
159 201 159 209
27 32 35 32
130 28 139 28
94 189 102 189
88 41 93 42
67 11 68 15
168 206 168 215
18 98 26 98
55 88 57 90
52 60 61 60
142 217 151 217
161 195 169 195
110 195 113 196
194 189 196 192
124 229 126 232
5 42 12 42
138 46 138 53
188 66 189 71
173 148 183 148
84 131 84 138
167 101 171 102
89 106 92 108
85 125 86 129
186 230 186 239
21 96 29 96
189 146 198 146
122 168 123 172
60 45 61 49
95 177 97 179
193 31 193 40
130 162 131 166
171 139 178 139
115 57 117 60
57 68 62 69
145 57 147 60
190 184 191 189
81 176 81 185
161 34 162 38
178 91 178 99
181 224 181 235
86 227 86 235
75 0 78 2
64 71 67 73
131 154 133 157
2 223 4 225
135 117 140 118
175 208 177 211
149 209 153 210
63 204 66 206
68 84 71 86
174 214 175 219
199 16 199 24
16 107 21 108
116 171 117 175
189 137 190 141
3 233 4 237
69 127 69 136
87 246 90 248
115 41 116 46
192 205 196 206
193 43 194 47
33 153 35 155
95 61 97 64
94 209 94 217
123 193 132 193
26 198 28 201
178 6 179 11
37 230 38 233
78 42 82 43
4 50 4 61
120 6 120 16
31 231 34 232
130 207 135 208
29 172 30 177
63 241 66 243
115 61 117 63
38 72 42 73
25 88 34 88
179 173 181 175
192 186 193 191
69 73 69 81
129 27 139 27
166 62 166 73
45 128 47 131
153 109 162 109
191 238 193 240
71 240 72 245
23 81 26 83
98 21 100 24
15 45 20 46
182 236 184 239
117 69 119 72
97 200 98 204
36 138 41 139
95 123 98 125
30 120 31 124
97 205 100 207
157 20 157 30
115 65 116 70
110 160 110 168
30 135 37 135
64 162 64 170
136 45 145 45
161 246 163 248
81 222 84 224
150 5 151 9
167 206 167 215
169 212 169 223
15 0 15 8
6 125 6 133
121 218 122 221
16 34 21 35
36 207 37 212
59 66 67 66
110 30 111 35
67 90 68 95
61 19 70 19
79 13 83 14
127 150 127 158
72 211 74 213
45 188 45 197
176 145 183 145
20 0 23 2
126 14 126 23
17 115 19 117
142 37 151 37
90 141 91 145
0 2 1 6
172 31 176 32
143 61 147 62
10 48 10 55
187 249 196 249
156 208 158 211
83 108 86 110
199 137 199 146
184 122 188 123
129 150 140 150
143 103 144 106
143 117 148 118
157 191 160 193
118 75 128 75
104 21 107 23
62 100 63 104
101 69 101 77
7 189 10 191
53 129 55 132
175 61 175 69
190 192 190 202
131 68 131 76
73 153 84 153
36 182 37 187
119 59 120 62
150 99 151 104
194 112 199 113
160 46 164 47
177 33 178 36
75 177 75 185
161 7 162 10
102 71 104 74
73 167 74 172
181 190 183 193
79 24 82 26
197 32 199 35
64 140 69 141
177 39 185 39
56 67 63 67
112 108 121 108
131 45 133 47
14 88 19 89
108 215 111 217
168 98 171 100
55 14 58 15
47 2 48 7
199 204 199 213
194 3 194 13
139 201 140 205
184 204 195 204
2 149 4 152
157 237 164 237
133 138 143 138
86 182 96 182
51 5 51 15
54 22 63 22
122 88 124 91
153 57 153 67
158 169 158 176
142 120 153 120
41 209 45 210
26 137 35 137
169 104 171 107
88 98 98 98
184 95 195 95
30 37 32 40
26 125 31 126
126 29 127 34
82 170 92 170
75 195 75 203
171 136 178 136
154 7 159 8
22 119 30 119
110 58 112 61
100 9 101 12
120 114 120 123
186 179 187 184
28 192 31 193
110 83 111 88
136 194 146 194
150 156 154 157
68 40 72 41
176 79 176 87
41 237 43 240
17 49 19 52
41 191 43 194
65 182 65 190
141 105 141 115
102 47 106 48
139 10 143 11
183 69 185 72
75 166 78 167
184 60 186 63
87 49 88 53
71 56 79 56
136 197 136 204
12 59 14 62
152 92 161 92
157 175 157 185
115 10 115 17
135 107 137 110
85 61 86 65
193 69 193 78
49 165 50 170
92 61 94 63
153 147 158 148
42 230 52 230
83 186 83 195
161 152 166 153
135 31 136 36
61 124 62 128
24 13 24 23
127 100 127 110
47 158 49 161
142 184 147 185
54 44 65 44
81 109 82 114
1 40 12 40
170 57 171 62
145 234 145 244
152 249 163 249
150 2 155 3
70 221 70 230
81 106 88 106
55 238 56 243
87 118 97 118
152 56 152 65
43 66 47 67
95 25 98 27
91 185 101 185
13 180 15 183
59 214 62 215
0 81 0 92
136 39 146 39
139 103 140 107
41 127 42 131
107 241 115 241
71 166 71 175
187 36 190 38
47 72 56 72
44 116 54 116
91 148 98 148
100 159 100 168
191 79 199 79
110 103 114 104
171 47 176 48
19 62 23 63
140 154 141 159
110 218 112 220
89 79 90 84
79 96 80 100
106 168 108 170
94 9 96 11
37 226 47 226
38 50 38 60
7 111 8 114
196 230 197 234
63 142 68 143
153 220 163 220
125 91 125 98
1 163 2 168
73 164 76 165
103 140 106 141
82 163 83 168
189 40 190 45
135 120 139 121
89 244 97 244
40 116 40 126
175 132 178 134
108 156 116 156
86 12 89 14
189 147 199 147
101 128 104 129
191 27 196 28
33 2 43 2
61 184 61 193
154 94 156 97
147 67 149 70
4 17 4 28
112 233 113 238
112 72 112 83
180 53 180 63
41 70 50 70
186 46 188 49
164 207 164 217
36 157 38 160
12 160 20 160
105 102 105 113
132 121 132 130
109 16 113 17
91 1 93 3
116 246 118 249
32 63 35 65
192 59 194 62
172 115 182 115
1 214 1 224
36 68 37 73
88 15 91 17
4 0 4 9
80 206 80 217
58 72 58 80
115 239 120 240
41 229 41 236
129 116 130 119
94 104 96 107
179 177 183 178
187 20 194 20
88 230 93 231
107 83 109 86
0 238 0 248
176 150 177 155
68 42 70 45
149 99 149 106
163 111 166 113
62 240 70 240
113 123 114 128
65 213 69 214
118 229 119 232
76 194 76 202
101 160 102 165
150 172 151 176
151 225 159 225
4 206 4 215
94 191 101 191
90 193 101 193
3 51 3 61
0 212 0 222
10 204 10 213
159 35 159 44
1 242 2 246
116 190 119 192
52 0 62 0
76 234 78 237
116 112 117 115
29 190 39 190
99 3 102 5
100 211 103 212
53 84 57 85
178 226 178 236
7 120 7 128
18 161 27 161
23 236 28 237
150 15 153 17
43 99 46 101
77 62 77 70
178 77 188 77
81 11 85 12
24 178 34 178
163 11 163 18
87 177 91 178
176 100 183 100
110 144 115 145
100 78 101 83
6 78 7 81
92 146 97 147
25 117 35 117
44 141 47 142
35 3 46 3
6 171 7 176
1 113 3 115
13 210 16 212
38 43 40 46
132 42 135 44
83 200 85 203
38 65 39 70
165 18 173 18
114 217 115 222
64 94 66 96
142 78 153 78
179 27 179 37
122 98 124 101
33 11 34 15
8 153 17 153
99 85 102 87
199 173 199 181
151 159 161 159
80 140 80 147
44 171 45 175
48 245 50 248
18 128 19 133
127 219 129 221
60 147 65 148
7 17 9 20
83 112 85 115
174 86 175 90
47 201 58 201
103 95 107 96
163 164 163 174
104 8 104 16
27 103 27 112
10 66 10 74
89 226 91 229
120 190 123 192
45 241 48 242
116 88 116 98
60 30 61 35
91 89 98 89
15 184 22 184
36 155 39 156
15 195 17 197
57 39 68 39
109 181 109 191
119 125 119 132
49 234 49 243
68 96 72 97
133 14 134 18
2 218 5 220
75 98 76 103
166 249 177 249
13 224 17 225
103 46 113 46
195 80 196 85
110 97 112 99
165 82 167 85
93 96 96 97
122 59 122 68
16 109 23 109
110 184 110 194
174 118 184 118
15 119 15 129
141 170 141 180
53 164 55 166
20 226 20 236
138 54 138 62
43 129 44 133
24 148 33 148
91 38 95 39
173 137 182 137
170 77 174 78
165 234 168 236
188 189 189 193
91 235 99 235
27 239 28 244
126 239 127 244
0 129 0 137
60 80 65 81
7 143 17 143
113 25 116 27
32 42 33 46
7 106 9 108
68 65 68 73
148 144 153 145
167 242 177 242
179 160 180 165
188 0 192 1
77 155 77 163
79 63 81 66
87 167 90 168
7 195 10 197
22 225 22 236
18 225 18 233
149 189 150 193
130 187 133 188
183 136 188 137
25 99 27 101
100 118 102 121
190 149 199 149
153 167 161 167
135 214 139 215
44 4 45 8
124 135 132 135
130 93 131 98
112 19 122 19
52 24 56 25
195 174 195 185
197 69 198 73
55 42 59 43
13 162 15 165
52 161 52 169
48 105 58 105
21 72 23 75
24 48 32 48
179 179 182 180
169 0 180 0
119 26 120 31
161 54 164 56
103 242 103 249
34 144 37 146
34 52 34 61
99 146 100 151
45 238 47 240
108 1 116 1
171 188 172 191
24 30 31 30
83 45 85 48
30 90 35 91
55 182 55 193
80 83 84 84
25 2 26 6
164 138 164 146
148 132 155 132
19 90 22 92
0 165 0 176
146 150 151 151
147 179 150 181
186 22 188 25
13 41 13 51
6 13 8 16
56 232 65 232
174 52 176 55
62 113 63 116
17 10 17 17
38 147 41 149
145 109 147 112
58 130 60 133
2 95 4 98
16 124 17 128
75 169 76 173
127 6 127 16
62 84 62 92
178 187 181 189
185 160 185 171
95 102 98 103
22 35 22 44
195 34 195 42
174 111 185 111
127 159 129 162
111 176 111 186
133 115 137 116
121 5 121 15
199 61 199 70
1 46 1 55
147 49 151 50
39 225 48 225
117 133 118 137
16 6 16 16
117 76 117 86
61 160 68 160
135 225 138 226
89 216 90 219
48 190 49 195
155 124 163 124
196 97 196 105
48 145 48 154
157 141 162 142
195 196 197 198
73 138 74 141
7 229 7 240
81 156 89 156
122 12 124 14
28 179 35 179
20 73 20 82
173 12 174 15
159 175 159 186
27 211 27 219
18 217 20 220
14 174 15 178
5 54 5 62
0 62 0 69
188 78 189 83
85 137 93 137
20 189 22 191
127 168 129 171
32 198 36 199
151 185 151 194
145 178 154 178
73 51 77 52
89 180 99 180
9 139 13 140
25 147 34 147
140 95 142 97
69 180 74 181
79 104 79 113
150 127 152 129
134 127 135 131
92 69 95 70
167 11 168 15
40 94 40 103
175 164 176 168
126 197 128 199
167 137 168 141
58 29 67 29
159 1 170 1
104 237 109 238
149 238 151 240
188 127 192 128
56 20 61 21
22 164 22 174
7 153 7 162
118 79 118 86
194 199 195 202
33 196 40 196
12 125 14 128
182 66 185 68
177 16 177 26
166 159 166 169
57 242 62 243
50 210 51 214
105 126 105 135
85 155 94 155
94 60 104 60
58 154 58 161
104 160 104 170
9 33 14 34
26 122 29 123
99 153 100 157
143 63 150 63
38 192 39 195
195 65 195 74
150 121 151 125
36 202 40 203
43 145 43 155
170 70 175 71
28 16 30 18
98 166 98 177
165 157 165 168
131 52 134 54
150 41 155 42
36 242 38 244
183 246 185 249
140 229 140 239
178 55 179 58
3 204 3 215
81 2 89 2
182 216 183 220
141 201 143 203
134 58 136 60
92 22 93 26
172 106 172 114
133 227 133 238
11 152 22 152
40 74 41 78
147 219 157 219
162 2 173 2
52 137 59 137
71 34 75 35
85 166 86 169
121 178 129 178
157 117 166 117
104 189 105 193
1 171 4 173
30 24 32 26
30 247 32 249
89 18 96 18
153 110 155 113
29 212 29 222
169 65 174 66
171 5 172 9
113 164 113 171
46 122 49 124
192 122 195 123
85 30 85 37
170 22 172 24
128 62 128 71
95 126 97 129
86 36 86 43
177 42 184 42
140 69 141 74
31 201 33 204
134 30 134 37
78 158 78 165
116 140 116 147
85 229 85 238
111 202 122 202
87 124 87 134
185 196 187 199
112 132 113 136
187 124 196 124
112 115 113 120
31 160 31 170
6 53 6 60
28 28 32 29
168 183 168 192
186 50 191 51
129 33 131 36
111 125 111 132
80 202 81 205
33 82 36 83
51 134 51 144
67 28 74 28
108 221 111 222
148 92 150 95
88 200 91 202
62 72 63 77
48 140 49 144
154 235 158 236
20 71 30 71
58 98 67 98
3 127 3 136
24 102 26 104
61 224 66 225
10 101 13 103
157 126 164 126
135 174 136 178
115 3 119 4
13 15 14 20
83 26 84 30
67 168 67 176
87 96 90 97
98 225 99 229
17 60 24 60
189 212 192 213
0 16 0 23
69 223 69 231
147 24 149 27
187 109 191 110
70 109 70 118
197 138 198 143
40 60 42 62
82 243 83 248
91 123 94 124
126 124 130 125
103 202 108 203
73 71 77 72
155 240 156 245
169 148 172 150
22 50 22 59
121 86 124 87
132 163 133 168
158 226 159 231
57 111 58 116
69 201 70 204
45 229 53 229
178 185 188 185
125 5 125 14
174 240 178 241
39 6 42 8
169 188 170 192
81 225 86 226
93 192 103 192
148 172 149 176
8 116 9 121
31 177 41 177
148 221 148 229
195 246 198 247
48 196 49 200
93 170 95 172
156 212 159 213
65 83 73 83
166 175 171 176
101 38 102 43
106 24 109 26
86 193 87 197
128 102 133 103
5 32 14 32
139 100 148 100
167 41 172 42
34 181 45 181
104 242 109 243
87 0 95 0
18 166 19 171
168 177 170 179
178 78 186 78
170 197 174 198
93 90 104 90
198 124 199 127
129 78 134 79
141 40 150 40
69 167 69 175
64 104 67 105
110 213 120 213
180 240 180 247
100 95 100 105
85 183 86 188
22 142 22 149
118 165 129 165
95 132 95 142
47 108 50 110
84 215 85 218
169 207 174 208
142 21 142 32
23 153 25 156
170 79 173 81
4 193 4 204
191 133 194 134
143 130 148 131
112 106 115 107
152 68 160 68
38 166 41 168
119 76 130 76
115 174 115 183
173 121 176 123
130 235 130 245
53 57 55 59
120 170 120 181
134 153 135 157
136 132 140 133
28 36 29 40
107 56 116 56
18 76 19 80
49 216 50 221
74 133 83 133
16 161 16 169
121 34 124 36
174 116 178 117
73 227 75 230
4 86 9 87
198 195 198 203
86 91 86 99
103 7 103 17
136 236 136 244
43 26 45 28
23 67 28 68
8 123 9 127
165 203 167 205
173 188 174 191
100 54 103 56
197 80 198 85
34 1 42 1
24 8 25 11
116 39 124 39
187 228 187 236
46 89 46 97
89 204 91 207
35 163 44 163
15 49 15 58
6 100 8 103
91 159 93 161
166 244 176 244
193 242 196 244
153 127 155 129
32 245 37 246
21 87 28 87
151 25 153 27
5 88 8 89
44 0 46 2
129 216 139 216
60 52 63 53
16 181 19 183
66 186 67 191
195 2 198 4
199 190 199 197
73 12 76 14
112 111 121 111
114 176 114 184
168 5 170 8
128 234 128 244
72 74 73 78
157 63 161 64
100 125 100 134
182 112 191 112
62 36 67 37
169 103 178 103
91 245 96 246
119 8 119 16
190 215 191 218
66 119 66 129
93 117 101 117
82 220 93 220
149 156 149 165
35 21 36 25
149 248 156 248
67 107 67 114
19 196 23 197
10 145 17 145
91 7 91 14
108 52 118 52
64 139 72 139
90 31 100 31
155 136 157 138
3 99 4 104
52 170 53 173
187 53 189 56
86 120 96 120
35 111 36 116
164 12 164 20
151 226 156 227
89 21 89 31
8 235 8 244
122 71 125 72
38 183 39 187
44 166 45 170
182 19 182 30
112 93 114 96
117 160 121 161
173 124 176 126
33 126 34 129
77 126 80 127
148 199 150 201
174 232 176 234
111 247 114 249
121 120 121 131
152 232 156 233
34 68 34 78
6 99 13 99
182 207 187 208
142 13 143 17
158 118 160 121
77 32 79 34
85 95 85 105
47 144 47 153
5 104 13 104
48 36 50 38
173 127 176 129
177 166 179 168
155 170 155 178
69 186 69 197
140 210 140 218
56 187 56 195
106 55 106 66
137 89 141 90
5 183 6 187
191 9 192 14
102 51 106 52
159 73 159 80
196 94 199 96
50 71 59 71
125 249 136 249
3 76 4 81
8 227 11 228
9 50 9 60
80 123 89 123
179 91 184 92
113 243 115 246
52 32 53 37
30 151 31 154
59 82 63 83
193 96 193 107
186 215 188 217
0 141 10 141
129 199 133 200
62 201 67 202
25 227 25 234
173 156 177 157
129 81 131 83
165 206 165 216
106 145 108 147
178 207 180 209
163 228 173 228
163 22 165 24
109 112 110 117
28 111 31 112
66 161 68 164
42 224 53 224
159 96 161 99
142 80 147 81
123 102 124 105
13 66 14 71
91 86 94 88
15 40 17 42
30 150 37 150
95 151 97 153
41 141 43 143
69 1 70 6
136 152 139 154
110 147 112 149
85 143 85 150
82 72 91 72
173 200 184 200
105 231 116 231
146 158 147 161
110 9 113 11
100 66 100 76
42 157 43 161
46 16 51 17
176 14 176 24
75 3 78 4
45 34 49 35
3 1 3 12
190 67 192 69
105 49 109 50
93 79 96 81
145 28 145 36
176 212 176 222
147 74 157 74
16 217 17 221
73 84 76 86
118 43 121 44
20 86 30 86
194 70 194 77
167 58 167 65
125 58 130 59
17 208 18 212
131 194 132 198
167 218 168 221
177 44 178 49
13 4 13 14
58 220 69 220
110 47 113 49
181 27 181 37
143 155 143 165
154 78 154 89
111 162 111 173
155 104 165 104
53 213 64 213
183 19 191 19
53 230 55 233
152 198 156 199
139 56 140 60
21 210 21 220
96 144 99 145
38 111 39 116
107 172 108 176
85 132 86 136
13 202 17 203
156 201 158 204
198 8 198 17
62 10 66 11
92 9 93 14
9 90 18 90
52 28 57 29
123 245 124 249
26 52 27 57
20 85 29 85
45 65 52 65
177 169 179 171
180 106 183 107
40 87 41 92
5 112 5 121
172 44 176 45
84 159 87 161
30 180 32 183
164 3 173 3
69 114 69 125
173 184 174 187
132 65 142 65
34 205 34 213
121 151 122 154
52 139 54 142
15 9 15 20
44 152 44 159
155 81 155 91
46 243 47 248
117 125 118 130
64 53 66 55
117 210 119 212
119 247 121 249
148 169 153 170
31 59 33 62
142 199 146 200
196 59 197 64
57 144 67 144
197 153 198 158
104 116 104 127
80 192 82 194
137 196 146 196
129 154 130 157
105 154 113 154
126 129 130 130
126 133 134 133
89 186 90 191
79 235 79 244
58 234 61 235
89 111 91 113
76 26 78 29
100 44 108 44
149 204 150 207
185 126 195 126
188 222 189 225
44 208 54 208
88 197 91 198
144 93 145 97
196 224 198 226
114 109 124 109
93 82 96 84
77 220 77 228
132 61 136 62
57 73 57 81
130 22 133 24
103 18 105 20
179 101 184 102
31 216 31 223
80 230 81 234
119 149 119 159
122 194 127 195
56 123 59 124
194 220 196 222
52 150 52 159
98 58 102 59
160 232 165 233
136 29 141 30
55 227 62 227
6 159 6 166
35 219 44 219
171 222 172 227
31 185 34 186
129 49 130 53
32 159 32 170
184 151 185 155
175 73 175 81
171 156 171 166
28 9 36 9
173 55 173 63
119 136 119 144
70 59 71 64
192 93 195 94
12 188 21 188
195 211 196 214
59 245 60 249
180 4 180 12
107 71 110 73
145 138 145 145
9 93 10 98
39 106 40 109
87 60 87 68
121 21 123 24
48 172 51 173
35 4 36 8
0 50 0 60
29 195 30 198
162 129 165 131
121 207 121 216
83 40 84 44
142 69 143 73
91 132 94 134
39 48 40 53
45 78 53 78
14 166 15 171
102 89 111 89
129 8 130 12
9 247 13 248
137 223 140 224
169 167 171 170
66 88 70 89
128 115 128 123
135 37 138 38
162 156 163 160
194 164 195 167
17 1 19 3
88 44 89 48
87 85 89 87
102 199 105 200
8 2 12 3
170 141 179 141
21 94 28 94
5 21 16 21
184 144 189 145
190 2 190 11
49 91 50 95
136 183 139 184
103 232 106 233
72 151 80 151
97 67 99 69
148 135 157 135
175 169 175 177
117 89 118 93
102 21 103 26
164 181 166 184
33 16 35 19
180 117 188 117
30 156 34 157
26 93 34 93
90 23 91 27
28 141 29 146
187 26 188 30
179 225 179 236
146 91 147 96
53 212 61 212
4 68 7 69
139 64 147 64
145 11 149 12
25 15 25 22
44 121 53 121
79 169 79 180
75 18 79 19
12 79 14 81
94 2 98 3
141 54 145 55
146 226 147 231
74 74 85 74
126 84 126 94
173 149 184 149
146 143 153 143
90 43 90 52
19 192 24 193
92 149 95 150
99 6 107 6
0 180 0 187
164 188 167 190
68 47 70 50
21 105 25 106
42 117 51 117
24 127 29 128
150 211 152 213
132 74 135 75
40 153 40 162
21 49 21 56
61 158 70 158
158 2 159 6
164 133 166 135
44 115 52 115
0 230 5 231
159 11 159 18
146 218 154 218
93 140 94 145
159 168 161 170
6 72 7 77
170 19 173 21
5 48 8 50
86 162 93 162
183 162 183 173
51 48 52 52
162 80 166 81
40 189 44 190
27 1 28 5
30 76 31 81
153 238 154 243
24 0 34 0
39 81 42 83
110 198 115 199
170 112 170 120
82 98 82 105
29 139 32 140
153 151 160 151
183 21 184 26
30 67 31 70
179 80 180 83
36 56 36 66
51 186 51 195
129 209 139 209
83 174 84 178
6 134 16 134
192 118 193 121
86 54 94 54
7 223 10 225
50 83 52 85
181 0 184 2
22 176 27 177
109 43 114 44
72 154 83 154
77 140 79 142
81 9 86 10
27 221 27 232
64 0 66 2
58 51 69 51
106 17 107 20
186 34 191 35
72 162 76 163
91 29 102 29
52 181 53 186
88 33 88 40
97 195 105 195
41 23 42 28
97 155 97 165
169 43 170 47
195 228 195 235
59 180 61 183
88 119 98 119
102 180 103 184
182 103 184 105
42 48 42 57
51 94 53 97
191 137 192 141
103 160 103 168
65 24 72 24
23 120 24 123
1 227 6 228
108 19 110 22
152 165 160 165
144 25 144 32
70 209 73 210
34 123 36 125
86 73 90 74
74 219 76 222
23 16 23 24
191 195 192 199
155 72 165 72
9 163 10 167
29 94 36 94
130 149 139 149
127 84 128 88
35 40 38 42
95 50 96 54
11 240 12 243
51 107 53 109
42 223 53 223
70 160 71 163
120 136 123 137
55 106 65 106
117 182 120 183
57 23 59 25
151 158 161 158
24 72 29 73
45 87 45 97
195 45 195 53
158 36 158 44
14 235 14 244
148 21 151 23
82 91 85 93
112 123 112 131
21 139 21 147
134 81 135 86
28 191 38 191
93 20 97 21
72 130 73 133
133 141 143 141
48 46 49 50
29 134 38 134
127 188 128 192
88 62 89 67
151 87 153 90
163 65 165 67
123 56 132 56
11 9 11 20
48 63 53 64
21 238 28 238
98 91 106 91
122 8 124 10
6 249 16 249
47 155 49 157
103 104 103 114
24 163 28 164
172 135 179 135
198 40 198 51
167 230 169 233
141 227 141 237
180 121 188 121
179 134 188 134
121 170 121 177
52 134 62 134
32 76 33 79
31 136 39 136
143 221 143 232
22 116 33 116
155 100 156 103
195 87 198 89
129 109 132 110
165 237 168 238
190 225 194 226
4 125 4 135
104 206 104 217
20 25 20 32
62 153 63 157
63 108 65 110
140 20 141 24
129 1 131 3
125 159 126 162
106 210 107 215
159 194 160 198
148 110 149 114
128 29 135 29
34 239 38 240
51 86 61 86
53 178 62 178
99 232 102 234
46 189 46 197
179 212 186 212
160 19 161 24
67 246 72 247
56 94 56 101
135 9 136 13
77 238 78 243
25 189 28 190
121 93 121 104
25 23 34 23
132 225 132 232
68 34 69 37
53 196 57 197
8 181 10 184
147 215 157 215
166 156 169 157
70 104 71 108
185 191 187 194
102 131 102 139
178 153 180 156
173 34 175 36
112 20 112 28
159 143 163 144
96 222 97 225
16 24 19 25
8 155 9 159
30 127 31 132
118 6 118 17
11 81 11 89
196 77 199 78
108 104 108 112
137 200 138 205
196 173 196 184
129 212 138 212
191 207 193 209
104 99 107 100
95 200 96 205
168 110 169 114
8 36 16 36
181 242 184 244
12 163 12 170
156 9 157 13
124 207 126 209
96 42 98 44
107 227 112 228
142 186 149 186
148 168 155 168
53 11 53 22
24 247 27 248
121 236 122 241
129 152 132 153
192 156 193 161
181 240 184 241
189 120 191 123
10 122 12 124
129 25 134 26
2 177 4 179
56 176 64 176
158 215 159 219
33 151 41 151
46 212 48 215
72 55 82 55
74 46 78 47
57 125 60 126
93 34 103 34
152 202 153 207
21 8 23 11
91 249 102 249
129 191 132 192
176 88 176 99
50 26 59 26
165 90 170 91
150 1 158 1
20 65 29 65
135 191 138 193
184 138 188 139
82 230 82 239
99 200 101 203
146 2 147 5
72 17 82 17
88 99 92 100
0 28 2 30
33 103 34 108
53 55 63 55
148 30 153 31
150 247 158 247
59 205 62 206
62 245 66 246
44 108 46 111
61 166 62 170
7 204 9 206
109 118 109 128
82 5 84 8
24 34 24 43
124 183 125 187
65 74 68 76
138 84 140 87
71 152 78 152
160 202 161 207
17 236 18 240
138 21 139 24
75 109 78 111
53 56 60 56
194 114 199 115
84 58 88 59
139 2 141 4
20 8 20 16
137 126 140 128
158 48 162 49
100 235 110 235
5 64 7 67
42 11 49 11
193 181 194 185
11 246 20 246
166 122 167 126
104 87 109 88
62 18 71 18
35 161 39 162
35 86 37 88
142 242 143 246
18 111 19 114
129 217 136 217
76 119 86 119
72 145 76 146
182 57 185 59
45 198 46 201
124 64 125 69
94 22 97 24
187 159 187 166
14 138 17 140
105 151 112 151
121 0 131 0
176 161 178 163
175 110 184 110
86 214 91 215
192 80 193 85
118 34 120 36
167 152 169 154
7 2 7 12
66 100 70 101
166 53 167 56
153 52 156 54
50 27 50 35
133 119 133 127
130 64 131 67
35 207 35 215
14 101 14 111
116 169 119 170
120 140 121 144
55 218 66 218
39 144 41 146
82 58 82 67
124 222 127 224
189 23 190 28
20 204 22 206
106 189 107 192
58 222 62 223
43 89 43 98
151 75 154 76
131 180 139 180
0 190 0 199
164 96 165 99
157 101 161 102
73 42 77 43
33 29 38 30
196 8 197 12
2 153 2 162
99 61 103 62
92 190 102 190
66 4 67 8
174 6 175 9
193 108 195 111
97 237 100 239
143 212 147 213
13 199 17 200
98 17 102 18
76 79 80 80
176 33 176 42
30 98 37 98
122 174 124 177
194 0 199 1
189 148 198 148
107 58 109 61
0 200 2 203
148 45 152 46
61 172 62 175
86 189 87 192
122 73 127 74
42 207 51 207
38 125 38 133
148 60 151 62
3 238 3 249
81 140 82 145
52 147 55 149
103 239 114 239
117 94 118 99
55 140 63 140
157 242 160 244
69 39 80 39
51 248 56 249
4 91 14 91
158 111 161 113
179 48 180 52
25 120 29 121
162 165 162 176
80 158 82 160
77 6 78 11
169 76 169 84
177 90 177 97
119 57 122 58
91 209 92 212
178 22 179 26
118 215 120 217
145 19 147 22
153 121 154 124
63 164 63 172
54 160 56 163
45 138 49 139
13 149 21 149
92 164 94 166
152 141 156 142
117 139 117 146
57 8 59 10
23 242 26 244
118 163 122 164
76 148 83 148
49 44 52 45
199 2 199 13
57 40 61 41
198 170 198 177
161 107 168 107
74 94 74 104
135 97 137 99
75 114 78 115
187 151 188 154
13 219 15 222
101 93 101 101
55 17 57 19
116 215 116 222
120 147 121 150
3 15 3 22
64 234 75 234
2 232 2 241
30 35 34 36
142 233 144 235
166 38 169 40
22 46 31 46
189 46 191 49
101 168 102 173
45 69 52 69
184 178 185 181
146 208 153 208
196 16 196 26
144 153 148 154
23 134 24 137
118 233 127 233
74 121 77 123
183 83 186 85
65 130 66 133
110 200 118 200
123 123 124 128
179 66 180 69
152 69 161 69
16 170 16 180
92 58 96 59
17 241 26 241
185 5 185 12
81 213 82 216
25 131 29 132
114 73 119 74
55 207 59 208
198 117 199 121
132 67 140 67
99 75 99 84
97 80 98 85
93 99 97 100
120 197 124 198
1 174 5 175
135 143 140 144
82 117 91 117
91 240 99 240
188 130 189 133
124 200 128 201
4 41 12 41
169 161 170 166
71 23 82 23
158 26 159 30
72 105 73 109
165 86 166 89
9 218 10 222
93 75 97 76
138 114 140 116
168 197 169 201
6 206 6 217
104 41 113 41
135 91 139 92
171 82 175 83
128 210 133 211
170 203 171 206
132 63 135 64
55 32 55 41
131 244 132 247
136 73 138 75
11 96 19 96
63 68 66 70
1 84 1 91
87 95 97 95
82 171 86 172
23 214 26 215
64 195 67 197
105 205 109 206
2 106 4 108
103 29 105 31
199 37 199 45
29 11 32 12
189 159 191 161
86 200 87 204
126 6 126 13
146 220 147 225
42 198 43 203
2 46 5 47
126 119 127 123
84 140 84 149
64 130 64 138
60 100 61 105
66 40 67 45
6 23 11 24
157 239 161 240
113 215 113 222
142 218 145 220
37 4 41 5
97 113 102 114
16 204 17 207
146 28 146 36
15 136 20 137
169 185 172 187
28 226 28 235
161 43 164 45
182 11 184 13
2 142 10 142
53 204 61 204
42 102 45 103
78 51 83 52
142 249 150 249
172 230 172 237
107 9 109 12
131 237 132 242
163 149 168 150
119 21 120 25
57 35 58 38
122 158 123 161
117 64 118 68
198 130 199 135
106 101 106 109
197 204 198 209
177 213 186 213
49 146 49 154
197 117 197 128
179 40 183 41
150 111 152 113
35 105 36 109
184 31 185 34
164 196 164 206
141 49 143 51
197 215 199 217
174 164 174 172
25 51 25 58
49 3 50 6
179 241 179 249
77 57 78 61
172 175 174 178
178 38 185 38
17 29 19 32
160 34 160 43
132 113 137 114
131 112 131 123
109 64 113 65
55 141 56 144
98 198 101 199
144 67 144 76
35 47 38 48
139 61 141 63
57 169 59 172
61 14 65 15
153 0 163 0
92 194 94 196
75 186 76 190
184 44 185 49
116 184 119 185
36 220 44 220
143 168 146 170
150 221 150 231
139 163 141 165
178 176 185 176
35 53 35 60
0 71 0 79
30 33 35 34
197 36 197 46
92 186 99 186
48 129 49 133
159 235 163 236
3 33 4 37
27 194 28 197
29 1 30 6
90 5 90 14
72 134 75 136
81 107 88 107
62 188 64 190
36 165 37 168
41 14 49 14
14 130 17 132
177 227 177 234
174 16 174 27
20 99 24 100
111 188 112 191
179 70 182 72
58 30 59 33
177 127 178 130
158 53 160 56
118 113 125 113
115 206 116 210
86 237 90 238
172 164 173 169
91 157 95 158
98 182 100 184
116 80 116 87
115 152 118 153
190 15 192 18
128 150 128 158
164 48 169 49
161 191 162 194
82 57 90 57
139 102 148 102
0 111 3 112
7 213 9 215
113 172 113 181
37 93 39 95
165 137 166 141
189 172 193 173
18 13 19 17
142 197 147 198
63 84 66 85
32 192 36 193
68 26 75 26
0 159 1 162
79 27 82 29
124 62 127 63
123 30 124 33
21 31 26 32
119 79 122 81
163 7 164 10
184 218 186 220
142 2 142 9
25 150 27 152
94 33 103 33
70 120 70 128
4 188 5 192
194 238 197 239
86 15 86 24
164 30 164 38
150 136 153 138
181 60 183 63
126 140 129 142
58 145 61 146
190 87 191 90
176 5 177 8
22 112 25 114
107 177 108 181
40 170 41 174
105 177 105 185
24 140 27 141
143 121 146 122
99 106 100 110
2 194 3 198
63 58 65 60
167 24 167 32
111 110 111 118
171 143 174 145
50 152 50 161
70 214 78 214
57 45 59 48
102 75 102 83
118 166 129 166
33 110 34 115
44 119 53 119
177 14 180 15
107 216 107 225
21 154 22 158
179 94 180 98
166 129 168 131
55 127 59 128
181 5 181 13
151 35 154 36
90 63 90 70
52 174 55 175
73 193 74 198
197 183 199 185
186 14 188 16
50 22 51 25
69 12 70 16
42 232 43 236
84 205 88 206
146 54 149 56
154 202 154 213
143 189 145 192
46 19 48 21
136 0 138 2
94 40 95 44
91 56 98 56
191 152 198 152
5 25 8 26
154 216 157 217
34 39 45 39
6 147 6 157
106 37 110 38
150 164 160 164
119 193 121 195
76 87 76 97
126 245 128 248
97 209 101 210
2 146 4 148
44 57 46 59
40 242 43 244
158 65 160 67
82 241 86 242
10 125 11 130
80 130 83 131
144 201 144 209
152 172 153 177
75 58 75 69
119 224 121 226
179 142 181 144
144 89 148 90
188 72 191 74
125 39 130 40
9 37 14 38
124 111 132 111
62 20 69 20
158 133 162 134
131 159 139 159
125 44 128 45
165 143 167 146
28 158 30 161
87 138 89 140
26 47 33 47
144 147 152 147
45 77 54 77
151 234 153 237
149 194 150 198
160 87 162 89
100 224 102 227
71 202 74 203
19 40 20 44
150 130 157 130
0 32 2 35
125 176 129 177
161 73 162 78
150 10 151 14
75 235 75 242
136 162 136 173
95 242 100 243
155 15 155 26
89 104 92 105
80 239 80 248
1 99 2 104
69 94 73 95
41 228 50 228
81 187 82 190
66 229 67 232
170 152 171 155
98 217 99 220
73 87 74 90
177 79 178 83
93 183 97 184
194 54 198 55
116 21 117 24
84 246 86 248
26 91 29 92
124 1 125 4
35 126 35 133
175 56 176 59
17 58 21 59
105 13 106 16
193 211 194 214
178 59 179 62
104 93 107 94
57 186 57 194
158 114 165 114
14 43 17 44
103 63 104 67
3 153 4 156
124 16 125 19
191 96 192 101
156 205 158 207
58 84 61 85
131 12 134 13
42 212 45 213
37 198 38 201
50 236 50 244
50 231 52 233
110 93 111 96
111 142 115 143
152 153 155 155
154 71 162 71
168 63 172 64
48 62 56 62
16 48 23 48
135 52 136 56
132 33 133 38
94 159 95 162
20 165 21 168
180 202 189 202
77 168 77 177
172 214 173 217
0 41 1 45
74 105 77 106
136 227 138 229
134 234 135 238
135 245 137 247
181 246 182 249
60 149 62 151
14 85 17 87
113 146 115 149
88 91 92 92
17 178 19 180
65 226 67 228
159 51 169 51
40 187 48 187
87 19 91 20
173 104 176 106
111 208 112 212
180 196 184 197
163 191 166 192
157 94 160 95
137 178 140 179
78 200 81 201
133 20 137 21
41 247 45 248
179 190 180 194
50 197 51 200
110 100 112 102
93 203 94 207
130 219 130 229
106 134 111 135
67 218 70 219
87 76 89 78
21 121 22 124
94 12 97 13
78 183 78 190
120 63 120 70
49 100 50 104
185 209 187 211
170 75 173 76
192 217 195 218
111 192 114 194
70 140 72 142
64 179 74 179
161 138 163 140
2 3 2 14
120 155 121 159
198 106 199 111
18 95 26 95
36 213 38 215
140 136 143 137
58 97 67 97
170 199 172 201
72 8 73 11
148 5 149 10
111 203 118 203
47 165 48 170
41 31 44 32
19 198 22 200
45 234 47 237
149 79 149 90
123 236 127 237
18 97 28 97
112 167 112 174
114 48 116 51
31 214 34 215
76 20 79 21
103 97 107 98
40 182 41 185
39 98 39 105
135 194 135 205
80 3 90 3
26 58 33 58
100 50 101 53
186 107 191 108
57 214 58 217
75 116 79 117
121 47 125 48
114 232 116 234
29 244 31 246
43 46 43 53
53 2 53 10
65 168 66 172
57 108 59 110
185 118 188 119
194 29 195 33
51 128 52 133
179 221 180 224
144 182 151 182
171 127 171 134
117 241 118 245
35 231 36 234
115 53 117 55
33 141 40 141
79 45 80 48
155 44 156 49
87 9 89 11
72 219 73 222
170 12 172 15
63 126 65 128
23 34 23 45
54 91 57 92
48 51 48 60
47 39 50 40
191 153 193 155
88 132 90 134
92 15 94 17
138 102 138 110
23 3 24 6
189 164 193 165
114 87 115 91
146 97 153 97
10 146 17 146
7 147 10 149
0 124 3 125
